#
# There is insufficient memory for the Java Runtime Environment to continue.
# Native memory allocation (malloc) failed to allocate 62914560 bytes for committing reserved memory.
# Possible reasons:
#   The system is out of physical RAM or swap space
#   In 32 bit mode, the process size limit was hit
# Possible solutions:
#   Reduce memory load on the system
#   Increase physical memory or swap space
#   Check if swap backing store is full
#   Use 64 bit Java on a 64 bit OS
#   Decrease Java heap size (-Xmx/-Xms)
#   Decrease number of Java threads
#   Decrease Java thread stack sizes (-Xss)
#   Set larger code cache with -XX:ReservedCodeCacheSize=
# This output file may be truncated or incomplete.
#
#  Out of Memory Error (os_linux.cpp:2827), pid=74559, tid=139864199653120
#
# JRE version: OpenJDK Runtime Environment (7.0_91-b02) (build 1.7.0_91-b02)
# Java VM: OpenJDK 64-Bit Server VM (24.91-b01 mixed mode linux-amd64 compressed oops)
# Derivative: IcedTea 2.6.3
# Distribution: Ubuntu 14.04 LTS, package 7u91-2.6.3-0ubuntu0.14.04.1
# Failed to write core dump. Core dumps have been disabled. To enable core dumping, try "ulimit -c unlimited" before starting Java again
#

---------------  T H R E A D  ---------------

Current thread (0x00007f34b4075800):  VMThread [stack: 0x00007f34abdfe000,0x00007f34abeff000] [id=74568]

Stack: [0x00007f34abdfe000,0x00007f34abeff000],  sp=0x00007f34abefd490,  free space=1021k
Native frames: (J=compiled Java code, j=interpreted, Vv=VM code, C=native code)
V  [libjvm.so+0x953e15]  VMError::report_and_die()+0x175
V  [libjvm.so+0x48fd94]  report_vm_out_of_memory(char const*, int, unsigned long, char const*)+0x74
V  [libjvm.so+0x7cf87b]  os::pd_commit_memory(char*, unsigned long, unsigned long, bool)+0xeb
V  [libjvm.so+0x7ca33f]  os::commit_memory(char*, unsigned long, unsigned long, bool)+0x1f
V  [libjvm.so+0x83dacb]  PSVirtualSpace::expand_by(unsigned long)+0x5b
V  [libjvm.so+0x83e930]  PSYoungGen::resize_generation(unsigned long, unsigned long)+0xb0
V  [libjvm.so+0x83f01b]  PSYoungGen::resize(unsigned long, unsigned long)+0x1b
V  [libjvm.so+0x83b258]  PSScavenge::invoke_no_policy()+0xd68
V  [libjvm.so+0x83bac8]  PSScavenge::invoke()+0x38
V  [libjvm.so+0x7f2083]  ParallelScavengeHeap::failed_mem_allocate(unsigned long)+0x63
V  [libjvm.so+0x955814]  VM_ParallelGCFailedAllocation::doit()+0x84
V  [libjvm.so+0x959917]  VM_Operation::evaluate()+0x47
V  [libjvm.so+0x9583d8]  VMThread::evaluate_operation(VM_Operation*)+0x318
V  [libjvm.so+0x958839]  VMThread::loop()+0x219
V  [libjvm.so+0x958c82]  VMThread::run()+0x72
V  [libjvm.so+0x7cc742]  java_start(Thread*)+0xf2

VM_Operation (0x00007f349761f260): ParallelGCFailedAllocation, mode: safepoint, requested by thread 0x00007f3468049000


---------------  P R O C E S S  ---------------

Java Threads: ( => current thread )
  0x00007f348001d800 JavaThread "pool-46-thread-1" [_thread_blocked, id=74820, stack(0x00007f342fe8d000,0x00007f342ff8e000)]
  0x00007f3474042800 JavaThread "pool-52-thread-1" [_thread_blocked, id=74819, stack(0x00007f3496a15000,0x00007f3496b16000)]
  0x00007f3468045800 JavaThread "pool-56-thread-4" [_thread_blocked, id=74815, stack(0x00007f342fd8c000,0x00007f342fe8d000)]
  0x00007f3468044800 JavaThread "pool-56-thread-3" [_thread_blocked, id=74814, stack(0x00007f3496e19000,0x00007f3496f1a000)]
  0x00007f3468044000 JavaThread "pool-56-thread-2" [_thread_blocked, id=74813, stack(0x00007f3496813000,0x00007f3496914000)]
  0x00007f3468049800 JavaThread "pool-57-thread-1" [_thread_blocked, id=74812, stack(0x00007f34978ce000,0x00007f34979cf000)]
  0x00007f3468049000 JavaThread "pool-56-thread-1" [_thread_blocked, id=74811, stack(0x00007f3497520000,0x00007f3497621000)]
  0x00007f347c027000 JavaThread "pool-6-thread-1" [_thread_blocked, id=74771, stack(0x00007f349620d000,0x00007f349630e000)]
  0x00007f3438001800 JavaThread "pool-3-thread-4" [_thread_blocked, id=74711, stack(0x00007f3494cf9000,0x00007f3494dfa000)]
  0x00007f3440001800 JavaThread "pool-3-thread-3" [_thread_blocked, id=74710, stack(0x00007f34977cd000,0x00007f34978ce000)]
  0x00007f3444007000 JavaThread "pool-3-thread-1" [_thread_blocked, id=74709, stack(0x00007f3494ffc000,0x00007f34950fd000)]
  0x00007f344c003800 JavaThread "pool-3-thread-2" [_thread_blocked, id=74708, stack(0x00007f3496b16000,0x00007f3496c17000)]
  0x00007f347c008000 JavaThread "process reaper" daemon [_thread_blocked, id=74688, stack(0x00007f342ff8e000,0x00007f342ffc7000)]
  0x00007f3484671000 JavaThread "process reaper" daemon [_thread_blocked, id=74687, stack(0x00007f342ffc7000,0x00007f3430000000)]
  0x00007f347832f000 JavaThread "process reaper" daemon [_thread_blocked, id=74684, stack(0x00007f349420b000,0x00007f3494244000)]
  0x00007f348c009800 JavaThread "process reaper" daemon [_thread_blocked, id=74681, stack(0x00007f3494446000,0x00007f349447f000)]
  0x00007f3480007000 JavaThread "process reaper" daemon [_thread_blocked, id=74678, stack(0x00007f3494681000,0x00007f34946ba000)]
  0x00007f348c003800 JavaThread "process reaper" daemon [_thread_blocked, id=74673, stack(0x00007f34948bc000,0x00007f34948f5000)]
  0x00007f3480001800 JavaThread "process reaper" daemon [_thread_blocked, id=74660, stack(0x00007f34951fe000,0x00007f3495237000)]
  0x00007f346c00b800 JavaThread "process reaper" daemon [_thread_blocked, id=74657, stack(0x00007f3495439000,0x00007f3495472000)]
  0x00007f3474010000 JavaThread "process reaper" daemon [_thread_blocked, id=74654, stack(0x00007f3495674000,0x00007f34956ad000)]
  0x00007f346000c800 JavaThread "process reaper" daemon [_thread_blocked, id=74651, stack(0x00007f34958af000,0x00007f34958e8000)]
  0x00007f3470001800 JavaThread "process reaper" daemon [_thread_blocked, id=74648, stack(0x00007f3495aea000,0x00007f3495b23000)]
  0x00007f347c001800 JavaThread "process reaper" daemon [_thread_blocked, id=74645, stack(0x00007f3495d25000,0x00007f3495d5e000)]
  0x00007f34785da000 JavaThread "process reaper" daemon [_thread_blocked, id=74644, stack(0x00007f3495d5e000,0x00007f3495d97000)]
  0x00007f34843d5000 JavaThread "process reaper" daemon [_thread_blocked, id=74639, stack(0x00007f3495f99000,0x00007f3495fd2000)]
  0x00007f3468001800 JavaThread "process reaper" daemon [_thread_blocked, id=74636, stack(0x00007f34961d4000,0x00007f349620d000)]
  0x00007f3428001800 JavaThread "process reaper" daemon [_thread_blocked, id=74607, stack(0x00007f3497621000,0x00007f349765a000)]
  0x00007f3430001000 JavaThread "process reaper" daemon [_thread_blocked, id=74606, stack(0x00007f349765a000,0x00007f3497693000)]
  0x00007f343c002000 JavaThread "process reaper" daemon [_thread_blocked, id=74605, stack(0x00007f3497693000,0x00007f34976cc000)]
  0x00007f3434001000 JavaThread "process reaper" daemon [_thread_blocked, id=74604, stack(0x00007f34a8019000,0x00007f34a8052000)]
  0x00007f3458a3e000 JavaThread "pool-2-thread-4" [_thread_blocked, id=74593, stack(0x00007f34a8153000,0x00007f34a8254000)]
  0x00007f3458bcb000 JavaThread "pool-2-thread-3" [_thread_blocked, id=74592, stack(0x00007f34a8254000,0x00007f34a8355000)]
  0x00007f3458bca800 JavaThread "pool-2-thread-2" [_thread_blocked, id=74591, stack(0x00007f34a8355000,0x00007f34a8456000)]
  0x00007f3458b2c000 JavaThread "pool-2-thread-1" [_thread_blocked, id=74590, stack(0x00007f34a8456000,0x00007f34a8557000)]
  0x00007f3458539800 JavaThread "File lock request listener" [_thread_in_native, id=74589, stack(0x00007f34a86aa000,0x00007f34a87ab000)]
  0x00007f3458464800 JavaThread "process reaper" daemon [_thread_blocked, id=74588, stack(0x00007f34a923c000,0x00007f34a9275000)]
  0x00007f3458011000 JavaThread "Stdin handler" [_thread_blocked, id=74586, stack(0x00007f34a8816000,0x00007f34a8917000)]
  0x00007f345800a800 JavaThread "Asynchronous log dispatcher for org.gradle.launcher.daemon.server.DefaultDaemonConnection@2830e58e" [_thread_blocked, id=74585, stack(0x00007f34a8917000,0x00007f34a8a18000)]
  0x00007f346c008800 JavaThread "Daemon worker" [_thread_blocked, id=74582, stack(0x00007f34a8a18000,0x00007f34a8b19000)]
  0x00007f346c008000 JavaThread "Cancel handler" [_thread_blocked, id=74581, stack(0x00007f34a8b19000,0x00007f34a8c1a000)]
  0x00007f346c001800 JavaThread "Handler for socket connection from /127.0.0.1:52200 to /127.0.0.1:41259" [_thread_in_native, id=74580, stack(0x00007f34a8c1a000,0x00007f34a8d1b000)]
  0x00007f3474013800 JavaThread "Daemon" [_thread_blocked, id=74579, stack(0x00007f34a8d1b000,0x00007f34a8e1c000)]
  0x00007f34b4bb5000 JavaThread "pool-1-thread-1" [_thread_blocked, id=74578, stack(0x00007f34a8e1c000,0x00007f34a8f1d000)]
  0x00007f34b4b78800 JavaThread "Incoming local TCP Connector on port 52200" [_thread_in_native, id=74577, stack(0x00007f34a8f1d000,0x00007f34a901e000)]
  0x00007f34b40ae800 JavaThread "Service Thread" daemon [_thread_blocked, id=74574, stack(0x00007f34ab116000,0x00007f34ab217000)]
  0x00007f34b40ac800 JavaThread "C2 CompilerThread1" daemon [_thread_in_native, id=74573, stack(0x00007f34ab217000,0x00007f34ab318000)]
  0x00007f34b40a9800 JavaThread "C2 CompilerThread0" daemon [_thread_in_native, id=74572, stack(0x00007f34ab318000,0x00007f34ab419000)]
  0x00007f34b40a7000 JavaThread "Signal Dispatcher" daemon [_thread_blocked, id=74571, stack(0x00007f34ab419000,0x00007f34ab51a000)]
  0x00007f34b407c000 JavaThread "Finalizer" daemon [_thread_blocked, id=74570, stack(0x00007f34abbfc000,0x00007f34abcfd000)]
  0x00007f34b407a000 JavaThread "Reference Handler" daemon [_thread_blocked, id=74569, stack(0x00007f34abcfd000,0x00007f34abdfe000)]
  0x00007f34b400a000 JavaThread "main" [_thread_blocked, id=74563, stack(0x00007f34bc56e000,0x00007f34bc66f000)]

Other Threads:
=>0x00007f34b4075800 VMThread [stack: 0x00007f34abdfe000,0x00007f34abeff000] [id=74568]
  0x00007f34b40b9000 WatcherThread [stack: 0x00007f34ab015000,0x00007f34ab116000] [id=74575]

VM state:at safepoint (normal execution)

VM Mutex/Monitor currently owned by a thread:  ([mutex/lock_event])
[0x00007f34b40066a0] Threads_lock - owner thread: 0x00007f34b4075800
[0x00007f34b4006ba0] Heap_lock - owner thread: 0x00007f3468049000

Heap
 PSYoungGen      total 558592K, used 65583K [0x00000007d5500000, 0x00000007fc400000, 0x0000000800000000)
  eden space 483840K, 0% used [0x00000007d5500000,0x00000007d5500000,0x00000007f2d80000)
  from space 74752K, 87% used [0x00000007f2d80000,0x00000007f6d8bf38,0x00000007f7680000)
  to   space 68608K, 0% used [0x00000007f7680000,0x00000007f7680000,0x00000007fb980000)
 ParOldGen       total 251904K, used 197662K [0x0000000780000000, 0x000000078f600000, 0x00000007d5500000)
  object space 251904K, 78% used [0x0000000780000000,0x000000078c1079b8,0x000000078f600000)
 PSPermGen       total 110592K, used 58219K [0x0000000775a00000, 0x000000077c600000, 0x0000000780000000)
  object space 110592K, 52% used [0x0000000775a00000,0x00000007792dad18,0x000000077c600000)

Card table byte_map: [0x00007f34b8d4c000,0x00007f34b91a0000] byte_map_base: 0x00007f34b519f000

Polling page: 0x00007f34bc689000

Code Cache  [0x00007f34b1000000, 0x00007f34b1bc0000, 0x00007f34b4000000)
 total_blobs=4112 nmethods=3440 adapters=623 free_code_cache=37324Kb largest_free_block=38069632

Compilation events (10 events):
Event: 36.867 Thread 0x00007f34b40a9800 nmethod 3895 0x00007f34b1b79f50 code [0x00007f34b1b7a100, 0x00007f34b1b7a578]
Event: 36.867 Thread 0x00007f34b40a9800 3900             com.android.dx.ssa.back.FirstFitLocalCombiningAllocator$1::<init> (10 bytes)
Event: 36.868 Thread 0x00007f34b40a9800 nmethod 3900 0x00007f34b197f910 code [0x00007f34b197fa40, 0x00007f34b197fab8]
Event: 36.868 Thread 0x00007f34b40a9800 3901             com.android.dx.ssa.back.RegisterAllocator::insertMoveBefore (240 bytes)
Event: 36.876 Thread 0x00007f34b40ac800 nmethod 3899 0x00007f34b1b7e750 code [0x00007f34b1b7e8c0, 0x00007f34b1b7eca8]
Event: 36.876 Thread 0x00007f34b40ac800 3902             com.android.dx.dex.code.DalvCode::finishProcessingIfNecessary (69 bytes)
Event: 36.913 Thread 0x00007f34b40a9800 nmethod 3901 0x00007f34b1b77e10 code [0x00007f34b1b78080, 0x00007f34b1b78e00]
Event: 36.913 Thread 0x00007f34b40a9800 3903             com.android.dx.dex.code.InsnFormat::makeByte (42 bytes)
Event: 36.914 Thread 0x00007f34b40a9800 nmethod 3903 0x00007f34b1b7acd0 code [0x00007f34b1b7ae00, 0x00007f34b1b7ae98]
Event: 36.914 Thread 0x00007f34b40a9800 3904             com.android.dx.dex.code.DalvCode::getInsns (9 bytes)

GC Heap History (10 events):
Event: 27.645 GC heap after
Heap after GC invocations=20 (full 3):
 PSYoungGen      total 373760K, used 7601K [0x00000007d5500000, 0x00000007f4c00000, 0x0000000800000000)
  eden space 342016K, 0% used [0x00000007d5500000,0x00000007d5500000,0x00000007ea300000)
  from space 31744K, 23% used [0x00000007ea300000,0x00000007eaa6c7e8,0x00000007ec200000)
  to   space 48128K, 0% used [0x00000007f1d00000,0x00000007f1d00000,0x00000007f4c00000)
 ParOldGen       total 165888K, used 104576K [0x0000000780000000, 0x000000078a200000, 0x00000007d5500000)
  object space 165888K, 63% used [0x0000000780000000,0x0000000786620338,0x000000078a200000)
 PSPermGen       total 113664K, used 57951K [0x0000000775a00000, 0x000000077c900000, 0x0000000780000000)
  object space 113664K, 50% used [0x0000000775a00000,0x0000000779297ef8,0x000000077c900000)
}
Event: 30.537 GC heap before
{Heap before GC invocations=21 (full 3):
 PSYoungGen      total 373760K, used 349617K [0x00000007d5500000, 0x00000007f4c00000, 0x0000000800000000)
  eden space 342016K, 100% used [0x00000007d5500000,0x00000007ea300000,0x00000007ea300000)
  from space 31744K, 23% used [0x00000007ea300000,0x00000007eaa6c7e8,0x00000007ec200000)
  to   space 48128K, 0% used [0x00000007f1d00000,0x00000007f1d00000,0x00000007f4c00000)
 ParOldGen       total 165888K, used 104576K [0x0000000780000000, 0x000000078a200000, 0x00000007d5500000)
  object space 165888K, 63% used [0x0000000780000000,0x0000000786620338,0x000000078a200000)
 PSPermGen       total 113664K, used 58027K [0x0000000775a00000, 0x000000077c900000, 0x0000000780000000)
  object space 113664K, 51% used [0x0000000775a00000,0x00000007792aad00,0x000000077c900000)
Event: 30.690 GC heap after
Heap after GC invocations=21 (full 3):
 PSYoungGen      total 448000K, used 48107K [0x00000007d5500000, 0x00000007f5080000, 0x0000000800000000)
  eden space 399872K, 0% used [0x00000007d5500000,0x00000007d5500000,0x00000007edb80000)
  from space 48128K, 99% used [0x00000007f1d00000,0x00000007f4bfad10,0x00000007f4c00000)
  to   space 59904K, 0% used [0x00000007edb80000,0x00000007edb80000,0x00000007f1600000)
 ParOldGen       total 165888K, used 113674K [0x0000000780000000, 0x000000078a200000, 0x00000007d5500000)
  object space 165888K, 68% used [0x0000000780000000,0x0000000786f02ac0,0x000000078a200000)
 PSPermGen       total 113664K, used 58027K [0x0000000775a00000, 0x000000077c900000, 0x0000000780000000)
  object space 113664K, 51% used [0x0000000775a00000,0x00000007792aad00,0x000000077c900000)
}
Event: 33.227 GC heap before
{Heap before GC invocations=22 (full 3):
 PSYoungGen      total 448000K, used 447979K [0x00000007d5500000, 0x00000007f5080000, 0x0000000800000000)
  eden space 399872K, 100% used [0x00000007d5500000,0x00000007edb80000,0x00000007edb80000)
  from space 48128K, 99% used [0x00000007f1d00000,0x00000007f4bfad10,0x00000007f4c00000)
  to   space 59904K, 0% used [0x00000007edb80000,0x00000007edb80000,0x00000007f1600000)
 ParOldGen       total 165888K, used 113674K [0x0000000780000000, 0x000000078a200000, 0x00000007d5500000)
  object space 165888K, 68% used [0x0000000780000000,0x0000000786f02ac0,0x000000078a200000)
 PSPermGen       total 113664K, used 58117K [0x0000000775a00000, 0x000000077c900000, 0x0000000780000000)
  object space 113664K, 51% used [0x0000000775a00000,0x00000007792c17c8,0x000000077c900000)
Event: 33.607 GC heap after
Heap after GC invocations=22 (full 3):
 PSYoungGen      total 459776K, used 54642K [0x00000007d5500000, 0x00000007fb980000, 0x0000000800000000)
  eden space 399872K, 0% used [0x00000007d5500000,0x00000007d5500000,0x00000007edb80000)
  from space 59904K, 91% used [0x00000007edb80000,0x00000007f10dcba0,0x00000007f1600000)
  to   space 68608K, 0% used [0x00000007f7680000,0x00000007f7680000,0x00000007fb980000)
 ParOldGen       total 165888K, used 158834K [0x0000000780000000, 0x000000078a200000, 0x00000007d5500000)
  object space 165888K, 95% used [0x0000000780000000,0x0000000789b1c8a0,0x000000078a200000)
 PSPermGen       total 113664K, used 58117K [0x0000000775a00000, 0x000000077c900000, 0x0000000780000000)
  object space 113664K, 51% used [0x0000000775a00000,0x00000007792c17c8,0x000000077c900000)
}
Event: 33.610 GC heap before
{Heap before GC invocations=23 (full 4):
 PSYoungGen      total 459776K, used 54642K [0x00000007d5500000, 0x00000007fb980000, 0x0000000800000000)
  eden space 399872K, 0% used [0x00000007d5500000,0x00000007d5500000,0x00000007edb80000)
  from space 59904K, 91% used [0x00000007edb80000,0x00000007f10dcba0,0x00000007f1600000)
  to   space 68608K, 0% used [0x00000007f7680000,0x00000007f7680000,0x00000007fb980000)
 ParOldGen       total 165888K, used 158834K [0x0000000780000000, 0x000000078a200000, 0x00000007d5500000)
  object space 165888K, 95% used [0x0000000780000000,0x0000000789b1c8a0,0x000000078a200000)
 PSPermGen       total 113664K, used 58117K [0x0000000775a00000, 0x000000077c900000, 0x0000000780000000)
  object space 113664K, 51% used [0x0000000775a00000,0x00000007792c17c8,0x000000077c900000)
Event: 34.283 GC heap after
Heap after GC invocations=23 (full 4):
 PSYoungGen      total 459776K, used 4795K [0x00000007d5500000, 0x00000007fb980000, 0x0000000800000000)
  eden space 399872K, 0% used [0x00000007d5500000,0x00000007d5500000,0x00000007edb80000)
  from space 59904K, 8% used [0x00000007edb80000,0x00000007ee02ec50,0x00000007f1600000)
  to   space 68608K, 0% used [0x00000007f7680000,0x00000007f7680000,0x00000007fb980000)
 ParOldGen       total 251904K, used 165449K [0x0000000780000000, 0x000000078f600000, 0x00000007d5500000)
  object space 251904K, 65% used [0x0000000780000000,0x000000078a192520,0x000000078f600000)
 PSPermGen       total 110592K, used 58115K [0x0000000775a00000, 0x000000077c600000, 0x0000000780000000)
  object space 110592K, 52% used [0x0000000775a00000,0x00000007792c0f28,0x000000077c600000)
}
Event: 36.371 GC heap before
{Heap before GC invocations=24 (full 4):
 PSYoungGen      total 459776K, used 404667K [0x00000007d5500000, 0x00000007fb980000, 0x0000000800000000)
  eden space 399872K, 100% used [0x00000007d5500000,0x00000007edb80000,0x00000007edb80000)
  from space 59904K, 8% used [0x00000007edb80000,0x00000007ee02ec50,0x00000007f1600000)
  to   space 68608K, 0% used [0x00000007f7680000,0x00000007f7680000,0x00000007fb980000)
 ParOldGen       total 251904K, used 165449K [0x0000000780000000, 0x000000078f600000, 0x00000007d5500000)
  object space 251904K, 65% used [0x0000000780000000,0x000000078a192520,0x000000078f600000)
 PSPermGen       total 110592K, used 58199K [0x0000000775a00000, 0x000000077c600000, 0x0000000780000000)
  object space 110592K, 52% used [0x0000000775a00000,0x00000007792d5f10,0x000000077c600000)
Event: 36.749 GC heap after
Heap after GC invocations=24 (full 4):
 PSYoungGen      total 552448K, used 54012K [0x00000007d5500000, 0x00000007fc400000, 0x0000000800000000)
  eden space 483840K, 0% used [0x00000007d5500000,0x00000007d5500000,0x00000007f2d80000)
  from space 68608K, 78% used [0x00000007f7680000,0x00000007fab3f1a0,0x00000007fb980000)
  to   space 74752K, 0% used [0x00000007f2d80000,0x00000007f2d80000,0x00000007f7680000)
 ParOldGen       total 251904K, used 168571K [0x0000000780000000, 0x000000078f600000, 0x00000007d5500000)
  object space 251904K, 66% used [0x0000000780000000,0x000000078a49ef98,0x000000078f600000)
 PSPermGen       total 110592K, used 58199K [0x0000000775a00000, 0x000000077c600000, 0x0000000780000000)
  object space 110592K, 52% used [0x0000000775a00000,0x00000007792d5f10,0x000000077c600000)
}
Event: 37.749 GC heap before
{Heap before GC invocations=25 (full 4):
 PSYoungGen      total 552448K, used 537852K [0x00000007d5500000, 0x00000007fc400000, 0x0000000800000000)
  eden space 483840K, 100% used [0x00000007d5500000,0x00000007f2d80000,0x00000007f2d80000)
  from space 68608K, 78% used [0x00000007f7680000,0x00000007fab3f1a0,0x00000007fb980000)
  to   space 74752K, 0% used [0x00000007f2d80000,0x00000007f2d80000,0x00000007f7680000)
 ParOldGen       total 251904K, used 168571K [0x0000000780000000, 0x000000078f600000, 0x00000007d5500000)
  object space 251904K, 66% used [0x0000000780000000,0x000000078a49ef98,0x000000078f600000)
 PSPermGen       total 110592K, used 58219K [0x0000000775a00000, 0x000000077c600000, 0x0000000780000000)
  object space 110592K, 52% used [0x0000000775a00000,0x00000007792dad18,0x000000077c600000)

Deoptimization events (10 events):
Event: 36.820 Thread 0x00007f348001d800 Uncommon trap: reason=predicate action=maybe_recompile pc=0x00007f34b193e1d8 method=com.android.dx.ssa.DomFront.run()[Lcom/android/dx/ssa/DomFront$DomInfo; @ 32
Event: 36.834 Thread 0x00007f348001d800 Uncommon trap: reason=class_check action=maybe_recompile pc=0x00007f34b1900610 method=com.android.dx.ssa.DomFront.calcDomFronts()V @ 101
Event: 36.875 Thread 0x00007f348001d800 Uncommon trap: reason=class_check action=maybe_recompile pc=0x00007f34b19e6324 method=com.android.dx.ssa.SsaConverter.placePhiFunctions(Lcom/android/dx/ssa/SsaMethod;Lcom/android/dx/ssa/LocalVariableInfo;I)V @ 257
Event: 36.914 Thread 0x00007f3480015800 Uncommon trap: reason=class_check action=maybe_recompile pc=0x00007f34b1900610 method=com.android.dx.ssa.DomFront.calcDomFronts()V @ 101
Event: 36.918 Thread 0x00007f3480015800 Uncommon trap: reason=class_check action=maybe_recompile pc=0x00007f34b19e6324 method=com.android.dx.ssa.SsaConverter.placePhiFunctions(Lcom/android/dx/ssa/SsaMethod;Lcom/android/dx/ssa/LocalVariableInfo;I)V @ 257
Event: 36.940 Thread 0x00007f348002d000 Uncommon trap: reason=bimorphic action=maybe_recompile pc=0x00007f34b1b3727c method=com.android.dx.cf.code.BytecodeArray.parseInstruction(ILcom/android/dx/cf/code/BytecodeArray$Visitor;)I @ 1327
Event: 36.940 Thread 0x00007f348002d000 Uncommon trap: reason=bimorphic action=maybe_recompile pc=0x00007f34b1b3727c method=com.android.dx.cf.code.BytecodeArray.parseInstruction(ILcom/android/dx/cf/code/BytecodeArray$Visitor;)I @ 1327
Event: 36.940 Thread 0x00007f348002d000 Uncommon trap: reason=bimorphic action=maybe_recompile pc=0x00007f34b1b3727c method=com.android.dx.cf.code.BytecodeArray.parseInstruction(ILcom/android/dx/cf/code/BytecodeArray$Visitor;)I @ 1327
Event: 36.940 Thread 0x00007f348002d000 Uncommon trap: reason=bimorphic action=maybe_recompile pc=0x00007f34b1b3727c method=com.android.dx.cf.code.BytecodeArray.parseInstruction(ILcom/android/dx/cf/code/BytecodeArray$Visitor;)I @ 1327
Event: 37.382 Thread 0x00007f3468045800 Uncommon trap: reason=unstable_if action=reinterpret pc=0x00007f34b1b29954 method=com.android.dx.ssa.InterferenceRegisterMapper.areAnyPinned(Lcom/android/dx/rop/code/RegisterSpecList;II)Z @ 68

Internal exceptions (10 events):
Event: 24.690 Thread 0x00007f3474042800 Threw 0x00000007dcaf8328 at /build/openjdk-7-zaTxYK/openjdk-7-7u91-2.6.3/build/openjdk/hotspot/src/share/vm/prims/jvm.cpp:1322
Event: 24.833 Thread 0x00007f3474042800 Threw 0x00000007dcb2b810 at /build/openjdk-7-zaTxYK/openjdk-7-7u91-2.6.3/build/openjdk/hotspot/src/share/vm/prims/jvm.cpp:1322
Event: 24.948 Thread 0x00007f3480020800 Implicit null exception at 0x00007f34b18abb2d to 0x00007f34b18afd85
Event: 28.048 Thread 0x00007f348001d800 Threw 0x00000007d8921f38 at /build/openjdk-7-zaTxYK/openjdk-7-7u91-2.6.3/build/openjdk/hotspot/src/share/vm/prims/jvm.cpp:1322
Event: 29.676 Thread 0x00007f3474042800 Threw 0x00000007e26fb030 at /build/openjdk-7-zaTxYK/openjdk-7-7u91-2.6.3/build/openjdk/hotspot/src/share/vm/prims/jvm.cpp:1322
Event: 32.128 Thread 0x00007f347c009800 Threw 0x00000007dd14ed10 at /build/openjdk-7-zaTxYK/openjdk-7-7u91-2.6.3/build/openjdk/hotspot/src/share/vm/prims/jvm.cpp:1322
Event: 32.287 Thread 0x00007f344c003800 Threw 0x00000007db26f828 at /build/openjdk-7-zaTxYK/openjdk-7-7u91-2.6.3/build/openjdk/hotspot/src/share/vm/prims/jvm.cpp:1322
Event: 32.289 Thread 0x00007f344c003800 Threw 0x00000007db276260 at /build/openjdk-7-zaTxYK/openjdk-7-7u91-2.6.3/build/openjdk/hotspot/src/share/vm/prims/jvm.cpp:1322
Event: 36.355 Thread 0x00007f348001f800 Threw 0x00000007ed9aed00 at /build/openjdk-7-zaTxYK/openjdk-7-7u91-2.6.3/build/openjdk/hotspot/src/share/vm/prims/jvm.cpp:1322
Event: 36.762 Thread 0x00007f348001f800 Threw 0x00000007d598fc20 at /build/openjdk-7-zaTxYK/openjdk-7-7u91-2.6.3/build/openjdk/hotspot/src/share/vm/prims/jvm.cpp:1322

Events (10 events):
Event: 37.677 Thread 0x00007f347403e000 Thread exited: 0x00007f347403e000
Event: 37.681 Thread 0x00007f347403e800 Thread exited: 0x00007f347403e800
Event: 37.686 Thread 0x00007f3474042800 Thread exited: 0x00007f3474042800
Event: 37.689 Thread 0x00007f3474040800 Thread exited: 0x00007f3474040800
Event: 37.701 Thread 0x00007f3474042800 Thread added: 0x00007f3474042800
Event: 37.702 Thread 0x00007f3474038000 Thread exited: 0x00007f3474038000
Event: 37.733 Thread 0x00007f348002d000 Thread exited: 0x00007f348002d000
Event: 37.733 Thread 0x00007f3480030800 Thread exited: 0x00007f3480030800
Event: 37.739 Thread 0x00007f348001d800 Thread added: 0x00007f348001d800
Event: 37.741 Executing VM operation: ParallelGCFailedAllocation


Dynamic libraries:
00400000-00401000 r-xp 00000000 08:01 4204455                            /usr/lib/jvm/java-7-openjdk-amd64/jre/bin/java
00600000-00601000 r--p 00000000 08:01 4204455                            /usr/lib/jvm/java-7-openjdk-amd64/jre/bin/java
00601000-00602000 rw-p 00001000 08:01 4204455                            /usr/lib/jvm/java-7-openjdk-amd64/jre/bin/java
00f67000-00f88000 rw-p 00000000 00:00 0                                  [heap]
775a00000-77c600000 rw-p 00000000 00:00 0 
77c600000-77c900000 ---p 00000000 00:00 0 
77c900000-780000000 rw-p 00000000 00:00 0 
780000000-78f600000 rw-p 00000000 00:00 0 
78f600000-7d5500000 rw-p 00000000 00:00 0 
7d5500000-7fc400000 rw-p 00000000 00:00 0 
7f3428000000-7f3428021000 rw-p 00000000 00:00 0 
7f3428021000-7f342c000000 ---p 00000000 00:00 0 
7f342fb8a000-7f342fb8d000 ---p 00000000 00:00 0 
7f342fb8d000-7f342fc8b000 rw-p 00000000 00:00 0 
7f342fc8b000-7f342fc8e000 ---p 00000000 00:00 0 
7f342fc8e000-7f342fd8c000 rw-p 00000000 00:00 0 
7f342fd8c000-7f342fd8f000 ---p 00000000 00:00 0 
7f342fd8f000-7f342fe8d000 rw-p 00000000 00:00 0                          [stack:74815]
7f342fe8d000-7f342fe90000 ---p 00000000 00:00 0 
7f342fe90000-7f342ff8e000 rw-p 00000000 00:00 0                          [stack:74820]
7f342ff8e000-7f342ff91000 ---p 00000000 00:00 0 
7f342ff91000-7f342ffc7000 rw-p 00000000 00:00 0                          [stack:74688]
7f342ffc7000-7f342ffca000 ---p 00000000 00:00 0 
7f342ffca000-7f3430000000 rw-p 00000000 00:00 0                          [stack:74687]
7f3430000000-7f3430021000 rw-p 00000000 00:00 0 
7f3430021000-7f3434000000 ---p 00000000 00:00 0 
7f3434000000-7f3434021000 rw-p 00000000 00:00 0 
7f3434021000-7f3438000000 ---p 00000000 00:00 0 
7f3438000000-7f3438028000 rw-p 00000000 00:00 0 
7f3438028000-7f343c000000 ---p 00000000 00:00 0 
7f343c000000-7f343c021000 rw-p 00000000 00:00 0 
7f343c021000-7f3440000000 ---p 00000000 00:00 0 
7f3440000000-7f3440021000 rw-p 00000000 00:00 0 
7f3440021000-7f3444000000 ---p 00000000 00:00 0 
7f3444000000-7f3444021000 rw-p 00000000 00:00 0 
7f3444021000-7f3448000000 ---p 00000000 00:00 0 
7f3448000000-7f3448021000 rw-p 00000000 00:00 0 
7f3448021000-7f344c000000 ---p 00000000 00:00 0 
7f344c000000-7f344c021000 rw-p 00000000 00:00 0 
7f344c021000-7f3450000000 ---p 00000000 00:00 0 
7f3450000000-7f3450021000 rw-p 00000000 00:00 0 
7f3450021000-7f3454000000 ---p 00000000 00:00 0 
7f3454000000-7f3454021000 rw-p 00000000 00:00 0 
7f3454021000-7f3458000000 ---p 00000000 00:00 0 
7f3458000000-7f345a271000 rw-p 00000000 00:00 0 
7f345a271000-7f345c000000 ---p 00000000 00:00 0 
7f345c000000-7f345c021000 rw-p 00000000 00:00 0 
7f345c021000-7f3460000000 ---p 00000000 00:00 0 
7f3460000000-7f3460021000 rw-p 00000000 00:00 0 
7f3460021000-7f3464000000 ---p 00000000 00:00 0 
7f3464000000-7f3464021000 rw-p 00000000 00:00 0 
7f3464021000-7f3468000000 ---p 00000000 00:00 0 
7f3468000000-7f34680f0000 rw-p 00000000 00:00 0 
7f34680f0000-7f346c000000 ---p 00000000 00:00 0 
7f346c000000-7f346c249000 rw-p 00000000 00:00 0 
7f346c249000-7f3470000000 ---p 00000000 00:00 0 
7f3470000000-7f3470021000 rw-p 00000000 00:00 0 
7f3470021000-7f3474000000 ---p 00000000 00:00 0 
7f3474000000-7f3474093000 rw-p 00000000 00:00 0 
7f3474093000-7f3478000000 ---p 00000000 00:00 0 
7f3478000000-7f3479e55000 rw-p 00000000 00:00 0 
7f3479e55000-7f347c000000 ---p 00000000 00:00 0 
7f347c000000-7f347c091000 rw-p 00000000 00:00 0 
7f347c091000-7f3480000000 ---p 00000000 00:00 0 
7f3480000000-7f3480086000 rw-p 00000000 00:00 0 
7f3480086000-7f3484000000 ---p 00000000 00:00 0 
7f3484000000-7f3485b4e000 rw-p 00000000 00:00 0 
7f3485b4e000-7f3488000000 ---p 00000000 00:00 0 
7f3488000000-7f3488021000 rw-p 00000000 00:00 0 
7f3488021000-7f348c000000 ---p 00000000 00:00 0 
7f348c000000-7f348c021000 rw-p 00000000 00:00 0 
7f348c021000-7f3490000000 ---p 00000000 00:00 0 
7f3490000000-7f3490264000 rw-p 00000000 00:00 0 
7f3490264000-7f3494000000 ---p 00000000 00:00 0 
7f3494009000-7f349400c000 ---p 00000000 00:00 0 
7f349400c000-7f349410a000 rw-p 00000000 00:00 0 
7f349410a000-7f349410d000 ---p 00000000 00:00 0 
7f349410d000-7f349420b000 rw-p 00000000 00:00 0 
7f349420b000-7f349420e000 ---p 00000000 00:00 0 
7f349420e000-7f3494244000 rw-p 00000000 00:00 0                          [stack:74684]
7f3494244000-7f3494247000 ---p 00000000 00:00 0 
7f3494247000-7f3494345000 rw-p 00000000 00:00 0 
7f3494446000-7f3494449000 ---p 00000000 00:00 0 
7f3494449000-7f349447f000 rw-p 00000000 00:00 0                          [stack:74681]
7f349447f000-7f3494482000 ---p 00000000 00:00 0 
7f3494482000-7f3494580000 rw-p 00000000 00:00 0 
7f3494580000-7f3494583000 ---p 00000000 00:00 0 
7f3494583000-7f3494681000 rw-p 00000000 00:00 0 
7f3494681000-7f3494684000 ---p 00000000 00:00 0 
7f3494684000-7f34946ba000 rw-p 00000000 00:00 0                          [stack:74678]
7f34946ba000-7f34946bd000 ---p 00000000 00:00 0 
7f34946bd000-7f34947bb000 rw-p 00000000 00:00 0 
7f34947bb000-7f34947be000 ---p 00000000 00:00 0 
7f34947be000-7f34948bc000 rw-p 00000000 00:00 0 
7f34948bc000-7f34948bf000 ---p 00000000 00:00 0 
7f34948bf000-7f34948f5000 rw-p 00000000 00:00 0                          [stack:74673]
7f34949f6000-7f34949f9000 ---p 00000000 00:00 0 
7f34949f9000-7f3494af7000 rw-p 00000000 00:00 0 
7f3494af7000-7f3494afa000 ---p 00000000 00:00 0 
7f3494afa000-7f3494bf8000 rw-p 00000000 00:00 0 
7f3494bf8000-7f3494bfb000 ---p 00000000 00:00 0 
7f3494bfb000-7f3494cf9000 rw-p 00000000 00:00 0 
7f3494cf9000-7f3494cfc000 ---p 00000000 00:00 0 
7f3494cfc000-7f3494dfa000 rw-p 00000000 00:00 0                          [stack:74711]
7f3494ffc000-7f3494fff000 ---p 00000000 00:00 0 
7f3494fff000-7f34950fd000 rw-p 00000000 00:00 0                          [stack:74709]
7f34950fd000-7f3495100000 ---p 00000000 00:00 0 
7f3495100000-7f34951fe000 rw-p 00000000 00:00 0 
7f34951fe000-7f3495201000 ---p 00000000 00:00 0 
7f3495201000-7f3495237000 rw-p 00000000 00:00 0                          [stack:74660]
7f3495237000-7f349523a000 ---p 00000000 00:00 0 
7f349523a000-7f3495338000 rw-p 00000000 00:00 0 
7f3495338000-7f349533b000 ---p 00000000 00:00 0 
7f349533b000-7f3495439000 rw-p 00000000 00:00 0 
7f3495439000-7f349543c000 ---p 00000000 00:00 0 
7f349543c000-7f3495472000 rw-p 00000000 00:00 0                          [stack:74657]
7f3495674000-7f3495677000 ---p 00000000 00:00 0 
7f3495677000-7f34956ad000 rw-p 00000000 00:00 0                          [stack:74654]
7f34956ad000-7f34956b0000 ---p 00000000 00:00 0 
7f34956b0000-7f34957ae000 rw-p 00000000 00:00 0 
7f34957ae000-7f34957b1000 ---p 00000000 00:00 0 
7f34957b1000-7f34958af000 rw-p 00000000 00:00 0 
7f34958af000-7f34958b2000 ---p 00000000 00:00 0 
7f34958b2000-7f34958e8000 rw-p 00000000 00:00 0                          [stack:74651]
7f3495aea000-7f3495aed000 ---p 00000000 00:00 0 
7f3495aed000-7f3495b23000 rw-p 00000000 00:00 0                          [stack:74648]
7f3495b23000-7f3495b26000 ---p 00000000 00:00 0 
7f3495b26000-7f3495c24000 rw-p 00000000 00:00 0 
7f3495c24000-7f3495c27000 ---p 00000000 00:00 0 
7f3495c27000-7f3495d25000 rw-p 00000000 00:00 0 
7f3495d25000-7f3495d28000 ---p 00000000 00:00 0 
7f3495d28000-7f3495d5e000 rw-p 00000000 00:00 0                          [stack:74645]
7f3495d5e000-7f3495d61000 ---p 00000000 00:00 0 
7f3495d61000-7f3495d97000 rw-p 00000000 00:00 0                          [stack:74644]
7f3495f99000-7f3495f9c000 ---p 00000000 00:00 0 
7f3495f9c000-7f3495fd2000 rw-p 00000000 00:00 0                          [stack:74639]
7f34961d4000-7f34961d7000 ---p 00000000 00:00 0 
7f34961d7000-7f349620d000 rw-p 00000000 00:00 0                          [stack:74636]
7f349620d000-7f3496210000 ---p 00000000 00:00 0 
7f3496210000-7f349630e000 rw-p 00000000 00:00 0                          [stack:74771]
7f349630e000-7f3496311000 ---p 00000000 00:00 0 
7f3496311000-7f349640f000 rw-p 00000000 00:00 0 
7f3496611000-7f3496614000 ---p 00000000 00:00 0 
7f3496614000-7f3496712000 rw-p 00000000 00:00 0 
7f3496813000-7f3496816000 ---p 00000000 00:00 0 
7f3496816000-7f3496914000 rw-p 00000000 00:00 0                          [stack:74813]
7f3496914000-7f3496917000 ---p 00000000 00:00 0 
7f3496917000-7f3496a15000 rw-p 00000000 00:00 0 
7f3496a15000-7f3496a18000 ---p 00000000 00:00 0 
7f3496a18000-7f3496b16000 rw-p 00000000 00:00 0                          [stack:74819]
7f3496b16000-7f3496b19000 ---p 00000000 00:00 0 
7f3496b19000-7f3496c17000 rw-p 00000000 00:00 0                          [stack:74708]
7f3496e19000-7f3496e1c000 ---p 00000000 00:00 0 
7f3496e1c000-7f3496f1a000 rw-p 00000000 00:00 0                          [stack:74814]
7f349711c000-7f349711f000 ---p 00000000 00:00 0 
7f349711f000-7f349721d000 rw-p 00000000 00:00 0 
7f349721d000-7f3497220000 ---p 00000000 00:00 0 
7f3497220000-7f349731e000 rw-p 00000000 00:00 0 
7f349731e000-7f3497321000 ---p 00000000 00:00 0 
7f3497321000-7f349741f000 rw-p 00000000 00:00 0 
7f349741f000-7f3497422000 ---p 00000000 00:00 0 
7f3497422000-7f3497520000 rw-p 00000000 00:00 0 
7f3497520000-7f3497523000 ---p 00000000 00:00 0 
7f3497523000-7f3497621000 rw-p 00000000 00:00 0                          [stack:74811]
7f3497621000-7f3497624000 ---p 00000000 00:00 0 
7f3497624000-7f349765a000 rw-p 00000000 00:00 0                          [stack:74607]
7f349765a000-7f349765d000 ---p 00000000 00:00 0 
7f349765d000-7f3497693000 rw-p 00000000 00:00 0                          [stack:74606]
7f3497693000-7f3497696000 ---p 00000000 00:00 0 
7f3497696000-7f34976cc000 rw-p 00000000 00:00 0                          [stack:74605]
7f34976cc000-7f34976cf000 ---p 00000000 00:00 0 
7f34976cf000-7f34977cd000 rw-p 00000000 00:00 0 
7f34977cd000-7f34977d0000 ---p 00000000 00:00 0 
7f34977d0000-7f34978ce000 rw-p 00000000 00:00 0                          [stack:74710]
7f34978ce000-7f34978d1000 ---p 00000000 00:00 0 
7f34978d1000-7f34979cf000 rw-p 00000000 00:00 0                          [stack:74812]
7f3497ad0000-7f349c000000 rw-p 00000000 00:00 0 
7f349c000000-7f349c05d000 rw-p 00000000 00:00 0 
7f349c05d000-7f34a0000000 ---p 00000000 00:00 0 
7f34a0000000-7f34a002a000 rw-p 00000000 00:00 0 
7f34a002a000-7f34a4000000 ---p 00000000 00:00 0 
7f34a4000000-7f34a403c000 rw-p 00000000 00:00 0 
7f34a403c000-7f34a8000000 ---p 00000000 00:00 0 
7f34a8019000-7f34a801c000 ---p 00000000 00:00 0 
7f34a801c000-7f34a8052000 rw-p 00000000 00:00 0                          [stack:74604]
7f34a8144000-7f34a814e000 r--s 0005a000 08:01 2505581                    /home/joseph/sweepersd/app/SweeperSD/app/build/intermediates/exploded-aar/com.google.android.gms/play-services-analytics/8.3.0/jars/classes.jar
7f34a8152000-7f34a8153000 rw-p 00000000 00:00 0 
7f34a8153000-7f34a8156000 ---p 00000000 00:00 0 
7f34a8156000-7f34a8254000 rw-p 00000000 00:00 0                          [stack:74593]
7f34a8254000-7f34a8257000 ---p 00000000 00:00 0 
7f34a8257000-7f34a8355000 rw-p 00000000 00:00 0                          [stack:74592]
7f34a8355000-7f34a8358000 ---p 00000000 00:00 0 
7f34a8358000-7f34a8456000 rw-p 00000000 00:00 0                          [stack:74591]
7f34a8456000-7f34a8459000 ---p 00000000 00:00 0 
7f34a8459000-7f34a8557000 rw-p 00000000 00:00 0                          [stack:74590]
7f34a8557000-7f34a8561000 r--s 000ae000 08:01 4204539                    /usr/lib/jvm/java-7-openjdk-amd64/jre/lib/resources.jar
7f34a8561000-7f34a8563000 r--s 00005000 08:01 3016947                    /home/joseph/android-studio/gradle/m2repository/org/abego/treelayout/org.abego.treelayout.core/1.0.1/org.abego.treelayout.core-1.0.1.jar
7f34a8563000-7f34a856b000 r--s 000a8000 08:01 3017156                    /home/joseph/android-studio/gradle/m2repository/com/android/tools/external/lombok/lombok-ast/0.2.3/lombok-ast-0.2.3.jar
7f34a856b000-7f34a856d000 r--s 0000d000 08:01 3017256                    /home/joseph/android-studio/gradle/m2repository/commons-codec/commons-codec/1.4/commons-codec-1.4.jar
7f34a856d000-7f34a856f000 r--s 0000d000 08:01 3016723                    /home/joseph/android-studio/gradle/m2repository/commons-logging/commons-logging/1.1.1/commons-logging-1.1.1.jar
7f34a856f000-7f34a8574000 r--s 00028000 08:01 3016899                    /home/joseph/android-studio/gradle/m2repository/org/apache/httpcomponents/httpcore/4.1/httpcore-4.1.jar
7f34a8574000-7f34a8575000 r--s 00004000 08:01 3016975                    /home/joseph/android-studio/gradle/m2repository/com/intellij/annotations/12.0/annotations-12.0.jar
7f34a8575000-7f34a8579000 r--s 00037000 08:01 3016836                    /home/joseph/android-studio/gradle/m2repository/org/antlr/ST4/4.0.8/ST4-4.0.8.jar
7f34a8579000-7f34a857c000 r--s 00026000 08:01 3016850                    /home/joseph/android-studio/gradle/m2repository/org/antlr/antlr-runtime/3.5.2/antlr-runtime-3.5.2.jar
7f34a857c000-7f34a857d000 r--s 00002000 08:01 3016963                    /home/joseph/android-studio/gradle/m2repository/com/tunnelvisionlabs/antlr4-annotations/4.5/antlr4-annotations-4.5.jar
7f34a857d000-7f34a8584000 r--s 00062000 08:01 3016958                    /home/joseph/android-studio/gradle/m2repository/com/tunnelvisionlabs/antlr4-runtime/4.5/antlr4-runtime-4.5.jar
7f34a8584000-7f34a8585000 r--s 00004000 08:01 3016764                    /home/joseph/android-studio/gradle/m2repository/org/ow2/asm/asm-analysis/5.0.3/asm-analysis-5.0.3.jar
7f34a8585000-7f34a8588000 r--s 00030000 08:01 3017184                    /home/joseph/android-studio/gradle/m2repository/com/android/tools/lint/lint-api/25.1.3/lint-api-25.1.3.jar
7f34a8588000-7f34a8589000 r--s 0000a000 08:01 3017218                    /home/joseph/android-studio/gradle/m2repository/net/sf/kxml/kxml2/2.3.0/kxml2-2.3.0.jar
7f34a8589000-7f34a858b000 r--s 00005000 08:01 3016890                    /home/joseph/android-studio/gradle/m2repository/org/apache/httpcomponents/httpmime/4.1/httpmime-4.1.jar
7f34a858b000-7f34a8593000 r--s 0004e000 08:01 3016910                    /home/joseph/android-studio/gradle/m2repository/org/apache/httpcomponents/httpclient/4.1.1/httpclient-4.1.1.jar
7f34a8593000-7f34a859a000 r--s 00053000 08:01 3016922                    /home/joseph/android-studio/gradle/m2repository/org/apache/commons/commons-compress/1.8.1/commons-compress-1.8.1.jar
7f34a859a000-7f34a859f000 r--s 0002a000 08:01 3017008                    /home/joseph/android-studio/gradle/m2repository/com/google/code/gson/gson/2.2.4/gson-2.2.4.jar
7f34a859f000-7f34a85a3000 r--s 00026000 08:01 3017162                    /home/joseph/android-studio/gradle/m2repository/com/android/tools/repository/25.1.3/repository-25.1.3.jar
7f34a85a3000-7f34a85a4000 r--s 00005000 08:01 3017142                    /home/joseph/android-studio/gradle/m2repository/com/android/tools/dvlib/25.1.3/dvlib-25.1.3.jar
7f34a85a4000-7f34a85a7000 r--s 00014000 08:01 3017109                    /home/joseph/android-studio/gradle/m2repository/com/android/tools/layoutlib/layoutlib-api/25.1.3/layoutlib-api-25.1.3.jar
7f34a85a7000-7f34a85ac000 r--s 00058000 08:01 3016741                    /home/joseph/android-studio/gradle/m2repository/org/ow2/asm/asm-debug-all/5.0.4/asm-debug-all-5.0.4.jar
7f34a85ac000-7f34a85bc000 r--s 000d6000 08:01 3017230                    /home/joseph/android-studio/gradle/m2repository/net/sf/proguard/proguard-base/5.2.1/proguard-base-5.2.1.jar
7f34a85bc000-7f34a85bf000 r--s 00033000 08:01 3016982                    /home/joseph/android-studio/gradle/m2repository/com/googlecode/juniversalchardet/juniversalchardet/1.0.3/juniversalchardet-1.0.3.jar
7f34a85bf000-7f34a85c3000 r--s 0002a000 08:01 2758223                    /home/joseph/android-studio/gradle/m2repository/commons-io/commons-io/2.4/commons-io-2.4.jar
7f34a85c3000-7f34a85cd000 r--s 00099000 08:01 3016968                    /home/joseph/android-studio/gradle/m2repository/com/tunnelvisionlabs/antlr4/4.5/antlr4-4.5.jar
7f34a85cd000-7f34a85ce000 r--s 00002000 08:01 3017015                    /home/joseph/android-studio/gradle/m2repository/com/android/databinding/baseLibrary/2.1.3/baseLibrary-2.1.3.jar
7f34a85ce000-7f34a85f9000 r--s 001f9000 08:01 3017000                    /home/joseph/android-studio/gradle/m2repository/com/google/guava/guava/17.0/guava-17.0.jar
7f34a85f9000-7f34a85fa000 r--s 00001000 08:01 3017036                    /home/joseph/android-studio/gradle/m2repository/com/android/tools/annotations/25.1.3/annotations-25.1.3.jar
7f34a85fa000-7f34a860c000 r--s 00223000 08:01 3016807                    /home/joseph/android-studio/gradle/m2repository/org/eclipse/jdt/core/compiler/ecj/4.4.2/ecj-4.4.2.jar
7f34a860c000-7f34a8613000 r--s 000be000 08:01 3017170                    /home/joseph/android-studio/gradle/m2repository/com/android/tools/lint/lint-checks/25.1.3/lint-checks-25.1.3.jar
7f34a8613000-7f34a8615000 r--s 00006000 08:01 3016776                    /home/joseph/android-studio/gradle/m2repository/org/ow2/asm/asm-tree/5.0.3/asm-tree-5.0.3.jar
7f34a8615000-7f34a8648000 r--s 00203000 08:01 3016857                    /home/joseph/android-studio/gradle/m2repository/org/bouncycastle/bcprov-jdk15on/1.48/bcprov-jdk15on-1.48.jar
7f34a8648000-7f34a8656000 r--s 00081000 08:01 3016862                    /home/joseph/android-studio/gradle/m2repository/org/bouncycastle/bcpkix-jdk15on/1.48/bcpkix-jdk15on-1.48.jar
7f34a8656000-7f34a8658000 r--s 00002000 08:01 3016990                    /home/joseph/android-studio/gradle/m2repository/com/squareup/javawriter/2.5.0/javawriter-2.5.0.jar
7f34a8658000-7f34a8659000 r--s 00001000 08:01 3017117                    /home/joseph/android-studio/gradle/m2repository/com/android/tools/jill/jill-api/0.10.0/jill-api-0.10.0.jar
7f34a8659000-7f34a865b000 r--s 00003000 08:01 3017199                    /home/joseph/android-studio/gradle/m2repository/com/android/tools/jack/jack-api/0.10.0/jack-api-0.10.0.jar
7f34a865b000-7f34a8661000 r--s 0004a000 08:01 3017135                    /home/joseph/android-studio/gradle/m2repository/com/android/tools/ddms/ddmlib/25.1.3/ddmlib-25.1.3.jar
7f34a8661000-7f34a8664000 r--s 00028000 08:01 3017073                    /home/joseph/android-studio/gradle/m2repository/com/android/tools/build/manifest-merger/25.1.3/manifest-merger-25.1.3.jar
7f34a8664000-7f34a8666000 r--s 00018000 08:01 3017207                    /home/joseph/android-studio/gradle/m2repository/com/android/tools/common/25.1.3/common-25.1.3.jar
7f34a8666000-7f34a866e000 r--s 0007c000 08:01 3017126                    /home/joseph/android-studio/gradle/m2repository/com/android/tools/sdk-common/25.1.3/sdk-common-25.1.3.jar
7f34a866e000-7f34a8676000 r--s 00078000 08:01 3017191                    /home/joseph/android-studio/gradle/m2repository/com/android/tools/sdklib/25.1.3/sdklib-25.1.3.jar
7f34a8676000-7f34a8677000 r--s 00002000 08:01 3017058                    /home/joseph/android-studio/gradle/m2repository/com/android/tools/build/builder-test-api/2.1.3/builder-test-api-2.1.3.jar
7f34a8677000-7f34a8679000 r--s 00005000 08:01 3017094                    /home/joseph/android-studio/gradle/m2repository/com/android/tools/build/builder-model/2.1.3/builder-model-2.1.3.jar
7f34a8679000-7f34a868d000 r--s 00130000 08:01 3017052                    /home/joseph/android-studio/gradle/m2repository/com/android/tools/build/builder/2.1.3/builder-2.1.3.jar
7f34a868d000-7f34a86aa000 r--s 0017c000 08:01 3017080                    /home/joseph/android-studio/gradle/m2repository/com/android/tools/build/gradle-core/2.1.3/gradle-core-2.1.3.jar
7f34a86aa000-7f34a86ad000 ---p 00000000 00:00 0 
7f34a86ad000-7f34a87ab000 rw-p 00000000 00:00 0                          [stack:74589]
7f34a87ab000-7f34a8816000 r--s 0069d000 08:01 4204879                    /usr/lib/jvm/java-7-openjdk-amd64/lib/tools.jar
7f34a8816000-7f34a8819000 ---p 00000000 00:00 0 
7f34a8819000-7f34a8917000 rw-p 00000000 00:00 0                          [stack:74586]
7f34a8917000-7f34a891a000 ---p 00000000 00:00 0 
7f34a891a000-7f34a8a18000 rw-p 00000000 00:00 0                          [stack:74585]
7f34a8a18000-7f34a8a1b000 ---p 00000000 00:00 0 
7f34a8a1b000-7f34a8b19000 rw-p 00000000 00:00 0                          [stack:74582]
7f34a8b19000-7f34a8b1c000 ---p 00000000 00:00 0 
7f34a8b1c000-7f34a8c1a000 rw-p 00000000 00:00 0                          [stack:74581]
7f34a8c1a000-7f34a8c1d000 ---p 00000000 00:00 0 
7f34a8c1d000-7f34a8d1b000 rw-p 00000000 00:00 0                          [stack:74580]
7f34a8d1b000-7f34a8d1e000 ---p 00000000 00:00 0 
7f34a8d1e000-7f34a8e1c000 rw-p 00000000 00:00 0                          [stack:74579]
7f34a8e1c000-7f34a8e1f000 ---p 00000000 00:00 0 
7f34a8e1f000-7f34a8f1d000 rw-p 00000000 00:00 0                          [stack:74578]
7f34a8f1d000-7f34a8f20000 ---p 00000000 00:00 0 
7f34a8f20000-7f34a901e000 rw-p 00000000 00:00 0                          [stack:74577]
7f34a901e000-7f34a9026000 r-xp 00000000 08:01 4204493                    /usr/lib/jvm/java-7-openjdk-amd64/jre/lib/amd64/libmanagement.so
7f34a9026000-7f34a9225000 ---p 00008000 08:01 4204493                    /usr/lib/jvm/java-7-openjdk-amd64/jre/lib/amd64/libmanagement.so
7f34a9225000-7f34a9226000 r--p 00007000 08:01 4204493                    /usr/lib/jvm/java-7-openjdk-amd64/jre/lib/amd64/libmanagement.so
7f34a9226000-7f34a9227000 rw-p 00008000 08:01 4204493                    /usr/lib/jvm/java-7-openjdk-amd64/jre/lib/amd64/libmanagement.so
7f34a9227000-7f34a922a000 r--s 00008000 08:01 2758080                    /home/joseph/android-studio/gradle/gradle-2.14.1/lib/plugins/gradle-testing-native-2.14.1.jar
7f34a922a000-7f34a922e000 r--s 0001e000 08:01 3016873                    /home/joseph/android-studio/gradle/m2repository/org/jacoco/org.jacoco.core/0.7.6.201602180812/org.jacoco.core-0.7.6.201602180812.jar
7f34a922e000-7f34a922f000 r--s 00002000 08:01 3017246                    /home/joseph/android-studio/gradle/m2repository/net/sf/proguard/proguard-gradle/5.2.1/proguard-gradle-5.2.1.jar
7f34a922f000-7f34a9231000 r--s 00009000 08:01 3016782                    /home/joseph/android-studio/gradle/m2repository/org/ow2/asm/asm-commons/5.0.3/asm-commons-5.0.3.jar
7f34a9231000-7f34a9232000 r--s 0000c000 08:01 3016791                    /home/joseph/android-studio/gradle/m2repository/org/ow2/asm/asm/5.0.3/asm-5.0.3.jar
7f34a9232000-7f34a9236000 r--s 0002b000 08:01 3017028                    /home/joseph/android-studio/gradle/m2repository/com/android/databinding/compilerCommon/2.1.3/compilerCommon-2.1.3.jar
7f34a9236000-7f34a9237000 r--s 00002000 08:01 3017065                    /home/joseph/android-studio/gradle/m2repository/com/android/tools/build/gradle-api/2.1.3/gradle-api-2.1.3.jar
7f34a9237000-7f34a9238000 r--s 00000000 08:01 3017086                    /home/joseph/android-studio/gradle/m2repository/com/android/tools/build/transform-api/2.0.0-deprecated-use-gradle-api/transform-api-2.0.0-deprecated-use-gradle-api.jar
7f34a9238000-7f34a923a000 r--s 00023000 08:01 3017177                    /home/joseph/android-studio/gradle/m2repository/com/android/tools/lint/lint/25.1.3/lint-25.1.3.jar
7f34a923a000-7f34a923c000 r--s 0000c000 08:01 3017102                    /home/joseph/android-studio/gradle/m2repository/com/android/tools/build/gradle/2.1.3/gradle-2.1.3.jar
7f34a923c000-7f34a923f000 ---p 00000000 00:00 0 
7f34a923f000-7f34a9275000 rw-p 00000000 00:00 0                          [stack:74588]
7f34a9275000-7f34a9276000 r--p 00000000 00:00 0 
7f34a9276000-7f34a927d000 r--s 00000000 08:01 4459096                    /usr/lib/x86_64-linux-gnu/gconv/gconv-modules.cache
7f34a927d000-7f34a9282000 r--s 0004e000 08:01 4204531                    /usr/lib/jvm/java-7-openjdk-amd64/jre/lib/jsse.jar
7f34a9282000-7f34a9284000 r--s 00007000 08:01 2758086                    /home/joseph/android-studio/gradle/gradle-2.14.1/lib/plugins/gradle-tooling-api-builders-2.14.1.jar
7f34a9284000-7f34a9286000 r--s 00009000 08:01 2758161                    /home/joseph/android-studio/gradle/gradle-2.14.1/lib/plugins/hamcrest-core-1.3.jar
7f34a9286000-7f34a928c000 r--s 00033000 08:01 2758091                    /home/joseph/android-studio/gradle/gradle-2.14.1/lib/plugins/snakeyaml-1.6.jar
7f34a928c000-7f34a928e000 r--s 00006000 08:01 2758112                    /home/joseph/android-studio/gradle/gradle-2.14.1/lib/plugins/jcommander-1.12.jar
7f34a928e000-7f34a9293000 r--s 00040000 08:01 2758089                    /home/joseph/android-studio/gradle/gradle-2.14.1/lib/plugins/bsh-2.0b4.jar
7f34a9293000-7f34a929c000 r--s 00089000 08:01 2758115                    /home/joseph/android-studio/gradle/gradle-2.14.1/lib/plugins/testng-6.3.1.jar
7f34a929c000-7f34a92a4000 r--s 00045000 08:01 2758120                    /home/joseph/android-studio/gradle/gradle-2.14.1/lib/plugins/junit-4.12.jar
7f34a92a4000-7f34a92aa000 r--s 0002e000 08:01 2758096                    /home/joseph/android-studio/gradle/gradle-2.14.1/lib/plugins/gradle-testing-jvm-2.14.1.jar
7f34a92aa000-7f34a92af000 r--s 00015000 08:01 2758105                    /home/joseph/android-studio/gradle/gradle-2.14.1/lib/plugins/gradle-testing-base-2.14.1.jar
7f34a92af000-7f34a92b0000 r--s 00002000 08:01 2758118                    /home/joseph/android-studio/gradle/gradle-2.14.1/lib/plugins/sonar-batch-bootstrapper-2.9.jar
7f34a92b0000-7f34a92b3000 r--s 00015000 08:01 2758095                    /home/joseph/android-studio/gradle/gradle-2.14.1/lib/plugins/gradle-sonar-2.14.1.jar
7f34a92b3000-7f34a92ba000 r--s 00038000 08:01 2758136                    /home/joseph/android-studio/gradle/gradle-2.14.1/lib/plugins/bcpg-jdk15on-1.51.jar
7f34a92ba000-7f34a92bc000 r--s 0000d000 08:01 2758142                    /home/joseph/android-studio/gradle/gradle-2.14.1/lib/plugins/gradle-signing-2.14.1.jar
7f34a92bc000-7f34a92bf000 r--s 00009000 08:01 2758125                    /home/joseph/android-studio/gradle/gradle-2.14.1/lib/plugins/gradle-scala-2.14.1.jar
7f34a92bf000-7f34a92c0000 r--s 00004000 08:01 2758149                    /home/joseph/android-studio/gradle/gradle-2.14.1/lib/plugins/gradle-resources-sftp-2.14.1.jar
7f34a92c0000-7f34a92d0000 r--s 00088000 08:01 2758102                    /home/joseph/android-studio/gradle/gradle-2.14.1/lib/plugins/joda-time-2.8.2.jar
7f34a92d0000-7f34a92e1000 r--s 000cf000 08:01 2758168                    /home/joseph/android-studio/gradle/gradle-2.14.1/lib/plugins/jackson-databind-2.3.2.jar
7f34a92e1000-7f34a92e3000 r--s 00007000 08:01 2758131                    /home/joseph/android-studio/gradle/gradle-2.14.1/lib/plugins/jackson-annotations-2.3.2.jar
7f34a92e3000-7f34a92e6000 r--s 0002e000 08:01 2758138                    /home/joseph/android-studio/gradle/gradle-2.14.1/lib/plugins/jackson-core-2.3.2.jar
7f34a92e6000-7f34a92f1000 r--s 0006b000 08:01 2758185                    /home/joseph/android-studio/gradle/gradle-2.14.1/lib/plugins/aws-java-sdk-core-1.9.19.jar
7f34a92f1000-7f34a92f7000 r--s 00036000 08:01 2758130                    /home/joseph/android-studio/gradle/gradle-2.14.1/lib/plugins/aws-java-sdk-kms-1.9.19.jar
7f34a92f7000-7f34a9302000 r--s 00079000 08:01 2758117                    /home/joseph/android-studio/gradle/gradle-2.14.1/lib/plugins/aws-java-sdk-s3-1.9.19.jar
7f34a9302000-7f34a9303000 r--s 00003000 08:01 2758164                    /home/joseph/android-studio/gradle/gradle-2.14.1/lib/plugins/gradle-resources-s3-2.14.1.jar
7f34a9303000-7f34a9305000 r--s 00005000 08:01 2758159                    /home/joseph/android-studio/gradle/gradle-2.14.1/lib/plugins/jatl-0.2.2.jar
7f34a9305000-7f34a9307000 r--s 0000f000 08:01 2758176                    /home/joseph/android-studio/gradle/gradle-2.14.1/lib/plugins/gradle-reporting-2.14.1.jar
7f34a9307000-7f34a9309000 r--s 00002000 08:01 2758135                    /home/joseph/android-studio/gradle/gradle-2.14.1/lib/plugins/gradle-publish-2.14.1.jar
7f34a9309000-7f34a930b000 r--s 00009000 08:01 2758108                    /home/joseph/android-studio/gradle/gradle-2.14.1/lib/plugins/commons-cli-1.2.jar
7f34a930b000-7f34a9311000 r--s 00033000 08:01 2758119                    /home/joseph/android-studio/gradle/gradle-2.14.1/lib/plugins/gradle-plugins-2.14.1.jar
7f34a9311000-7f34a9313000 r--s 00007000 08:01 2758083                    /home/joseph/android-studio/gradle/gradle-2.14.1/lib/plugins/gradle-plugin-development-2.14.1.jar
7f34a9313000-7f34a9319000 r--s 0002a000 08:01 2758141                    /home/joseph/android-studio/gradle/gradle-2.14.1/lib/plugins/gradle-platform-play-2.14.1.jar
7f34a9319000-7f34a9326000 r--s 0004d000 08:01 2758140                    /home/joseph/android-studio/gradle/gradle-2.14.1/lib/plugins/gradle-platform-native-2.14.1.jar
7f34a9326000-7f34a932a000 r--s 0001a000 08:01 2758162                    /home/joseph/android-studio/gradle/gradle-2.14.1/lib/plugins/gradle-platform-jvm-2.14.1.jar
7f34a932a000-7f34a9331000 r--s 00029000 08:01 2758111                    /home/joseph/android-studio/gradle/gradle-2.14.1/lib/plugins/gradle-platform-base-2.14.1.jar
7f34a9331000-7f34a9352000 r--s 001c3000 08:01 2758087                    /home/joseph/android-studio/gradle/gradle-2.14.1/lib/plugins/bndlib-2.4.0.jar
7f34a9352000-7f34a9354000 r--s 00003000 08:01 2758167                    /home/joseph/android-studio/gradle/gradle-2.14.1/lib/plugins/gradle-osgi-2.14.1.jar
7f34a9354000-7f34a9357000 r--s 0000c000 08:01 2758171                    /home/joseph/android-studio/gradle/gradle-2.14.1/lib/plugins/pmaven-groovy-0.8-20100325.jar
7f34a9357000-7f34a9358000 r--s 00004000 08:01 2758157                    /home/joseph/android-studio/gradle/gradle-2.14.1/lib/plugins/pmaven-common-0.8-20100325.jar
7f34a9358000-7f34a935e000 r--s 00022000 08:01 2758110                    /home/joseph/android-studio/gradle/gradle-2.14.1/lib/plugins/gradle-maven-2.14.1.jar
7f34a935e000-7f34a9360000 r--s 0000a000 08:01 2758092                    /home/joseph/android-studio/gradle/gradle-2.14.1/lib/plugins/gradle-language-scala-2.14.1.jar
7f34a9360000-7f34a9366000 r--s 0001a000 08:01 2758097                    /home/joseph/android-studio/gradle/gradle-2.14.1/lib/plugins/gradle-language-native-2.14.1.jar
7f34a9366000-7f34a9368000 r--s 00008000 08:01 2758085                    /home/joseph/android-studio/gradle/gradle-2.14.1/lib/plugins/gradle-language-jvm-2.14.1.jar
7f34a9368000-7f34a936e000 r--s 00024000 08:01 2758158                    /home/joseph/android-studio/gradle/gradle-2.14.1/lib/plugins/gradle-language-java-2.14.1.jar
7f34a936e000-7f34a9370000 r--s 0000a000 08:01 2758139                    /home/joseph/android-studio/gradle/gradle-2.14.1/lib/plugins/gradle-language-groovy-2.14.1.jar
7f34a9370000-7f34a9373000 r--s 0001e000 08:01 2758079                    /home/joseph/android-studio/gradle/gradle-2.14.1/lib/plugins/jsp-api-2.1-6.1.14.jar
7f34a9373000-7f34a9396000 r--s 00344000 08:01 2758132                    /home/joseph/android-studio/gradle/gradle-2.14.1/lib/plugins/core-3.1.1.jar
7f34a9396000-7f34a9397000 r--s 00006000 08:01 2758169                    /home/joseph/android-studio/gradle/gradle-2.14.1/lib/plugins/jetty-naming-6.1.25.jar
7f34a9397000-7f34a9398000 r--s 00002000 08:01 2758127                    /home/joseph/android-studio/gradle/gradle-2.14.1/lib/plugins/geronimo-annotation_1.0_spec-1.0.jar
7f34a9398000-7f34a939a000 r--s 00002000 08:01 2758165                    /home/joseph/android-studio/gradle/gradle-2.14.1/lib/plugins/jetty-annotations-6.1.25.jar
7f34a939a000-7f34a93ab000 r--s 000ea000 08:01 2758178                    /home/joseph/android-studio/gradle/gradle-2.14.1/lib/plugins/jsp-2.1-6.1.14.jar
7f34a93ab000-7f34a93ad000 r--s 0000d000 08:01 2758133                    /home/joseph/android-studio/gradle/gradle-2.14.1/lib/plugins/jetty-plus-6.1.25.jar
7f34a93ad000-7f34a93af000 r--s 0001f000 08:01 2758192                    /home/joseph/android-studio/gradle/gradle-2.14.1/lib/plugins/servlet-api-2.5-20081211.jar
7f34a93af000-7f34a93b3000 r--s 00028000 08:01 2758113                    /home/joseph/android-studio/gradle/gradle-2.14.1/lib/plugins/jetty-util-6.1.25.jar
7f34a93b3000-7f34a93ba000 r--s 0007d000 08:01 2758121                    /home/joseph/android-studio/gradle/gradle-2.14.1/lib/plugins/jetty-6.1.25.jar
7f34a93ba000-7f34a93bc000 r--s 00009000 08:01 2758174                    /home/joseph/android-studio/gradle/gradle-2.14.1/lib/plugins/gradle-jetty-2.14.1.jar
7f34a93bc000-7f34a93c3000 r--s 00035000 08:01 2758188                    /home/joseph/android-studio/gradle/gradle-2.14.1/lib/plugins/simple-4.1.21.jar
7f34a93c3000-7f34a93cf000 r--s 00100000 08:01 2758103                    /home/joseph/android-studio/gradle/gradle-2.14.1/lib/plugins/rhino-1.7R3.jar
7f34a93cf000-7f34a93d3000 r--s 00011000 08:01 2758156                    /home/joseph/android-studio/gradle/gradle-2.14.1/lib/plugins/gradle-javascript-2.14.1.jar
7f34a93d3000-7f34a93d5000 r--s 0000c000 08:01 2758190                    /home/joseph/android-studio/gradle/gradle-2.14.1/lib/plugins/gradle-jacoco-2.14.1.jar
7f34a93d5000-7f34a93d8000 r--s 0000e000 08:01 2758187                    /home/joseph/android-studio/gradle/gradle-2.14.1/lib/plugins/gradle-ivy-2.14.1.jar
7f34a93d8000-7f34a93d9000 r--s 00002000 08:01 2758179                    /home/joseph/android-studio/gradle/gradle-2.14.1/lib/plugins/gradle-ide-play-2.14.1.jar
7f34a93d9000-7f34a93de000 r--s 0002b000 08:01 2758175                    /home/joseph/android-studio/gradle/gradle-2.14.1/lib/plugins/gradle-ide-native-2.14.1.jar
7f34a93de000-7f34a93e9000 r--s 00066000 08:01 2758093                    /home/joseph/android-studio/gradle/gradle-2.14.1/lib/plugins/gradle-ide-2.14.1.jar
7f34a93e9000-7f34a93ea000 r--s 00008000 08:01 2758090                    /home/joseph/android-studio/gradle/gradle-2.14.1/lib/plugins/gradle-ear-2.14.1.jar
7f34a93ea000-7f34a93f0000 r--s 00032000 08:01 2758101                    /home/joseph/android-studio/gradle/gradle-2.14.1/lib/plugins/gradle-diagnostics-2.14.1.jar
7f34a93f0000-7f34a93f4000 r--s 00021000 08:01 2758177                    /home/joseph/android-studio/gradle/gradle-2.14.1/lib/plugins/gradle-code-quality-2.14.1.jar
7f34a93f4000-7f34a93f8000 r--s 0001f000 08:01 2758100                    /home/joseph/android-studio/gradle/gradle-2.14.1/lib/plugins/gradle-build-init-2.14.1.jar
7f34a93f8000-7f34a93ff000 r--s 0008e000 08:01 2758184                    /home/joseph/android-studio/gradle/gradle-2.14.1/lib/plugins/gradle-build-comparison-2.14.1.jar
7f34a93ff000-7f34a9401000 r--s 00008000 08:01 2758160                    /home/joseph/android-studio/gradle/gradle-2.14.1/lib/plugins/gradle-antlr-2.14.1.jar
7f34a9401000-7f34a9403000 r--s 00004000 08:01 2758186                    /home/joseph/android-studio/gradle/gradle-2.14.1/lib/plugins/gradle-announce-2.14.1.jar
7f34a9403000-7f34a941b000 r--s 00115000 08:01 2758124                    /home/joseph/android-studio/gradle/gradle-2.14.1/lib/plugins/xercesImpl-2.9.1.jar
7f34a941b000-7f34a9423000 r--s 00028000 08:01 2758152                    /home/joseph/android-studio/gradle/gradle-2.14.1/lib/plugins/xml-apis-1.3.04.jar
7f34a9423000-7f34a9429000 r--s 0005b000 08:01 2758143                    /home/joseph/android-studio/gradle/gradle-2.14.1/lib/plugins/jcifs-1.3.17.jar
7f34a9429000-7f34a9430000 r--s 00049000 08:01 2758154                    /home/joseph/android-studio/gradle/gradle-2.14.1/lib/plugins/httpcore-4.4.4.jar
7f34a9430000-7f34a9436000 r--s 00033000 08:01 2758099                    /home/joseph/android-studio/gradle/gradle-2.14.1/lib/plugins/commons-codec-1.6.jar
7f34a9436000-7f34a9439000 r--s 0001c000 08:01 2758094                    /home/joseph/android-studio/gradle/gradle-2.14.1/lib/plugins/nekohtml-1.9.14.jar
7f34a9439000-7f34a9446000 r--s 000a4000 08:01 2758172                    /home/joseph/android-studio/gradle/gradle-2.14.1/lib/plugins/httpclient-4.4.1.jar
7f34a9446000-7f34a9448000 r--s 0000a000 08:01 2758081                    /home/joseph/android-studio/gradle/gradle-2.14.1/lib/plugins/gradle-resources-http-2.14.1.jar
7f34a9448000-7f34a944c000 r--s 00014000 08:01 2758146                    /home/joseph/android-studio/gradle/gradle-2.14.1/lib/plugins/gradle-plugin-use-2.14.1.jar
7f34a944c000-7f34a944d000 r--s 00000000 08:01 2758037                    /home/joseph/android-studio/gradle/gradle-2.14.1/lib/gradle-installation-beacon-2.14.1.jar
7f34a944d000-7f34a944e000 r--s 00007000 08:01 2758109                    /home/joseph/android-studio/gradle/gradle-2.14.1/lib/plugins/wagon-http-shared4-2.4.jar
7f34a944e000-7f34a9452000 r--s 00033000 08:01 2758163                    /home/joseph/android-studio/gradle/gradle-2.14.1/lib/plugins/plexus-utils-2.0.6.jar
7f34a9452000-7f34a9456000 r--s 00021000 08:01 2758145                    /home/joseph/android-studio/gradle/gradle-2.14.1/lib/plugins/maven-model-builder-3.0.4.jar
7f34a9456000-7f34a9457000 r--s 00002000 08:01 2758098                    /home/joseph/android-studio/gradle/gradle-2.14.1/lib/plugins/wagon-file-2.4.jar
7f34a9457000-7f34a9459000 r--s 00002000 08:01 2758155                    /home/joseph/android-studio/gradle/gradle-2.14.1/lib/plugins/plexus-cipher-1.7.jar
7f34a9459000-7f34a945c000 r--s 00013000 08:01 2758191                    /home/joseph/android-studio/gradle/gradle-2.14.1/lib/plugins/aether-api-1.13.1.jar
7f34a945c000-7f34a945e000 r--s 0000a000 08:01 2758114                    /home/joseph/android-studio/gradle/gradle-2.14.1/lib/plugins/maven-settings-3.0.4.jar
7f34a945e000-7f34a9460000 r--s 0000d000 08:01 2758147                    /home/joseph/android-studio/gradle/gradle-2.14.1/lib/plugins/plexus-interpolation-1.14.jar
7f34a9460000-7f34a9462000 r--s 0000b000 08:01 2758170                    /home/joseph/android-studio/gradle/gradle-2.14.1/lib/plugins/maven-artifact-3.0.4.jar
7f34a9462000-7f34a9469000 r--s 0002e000 08:01 2758106                    /home/joseph/android-studio/gradle/gradle-2.14.1/lib/plugins/plexus-container-default-1.5.5.jar
7f34a9469000-7f34a946b000 r--s 0000b000 08:01 2758134                    /home/joseph/android-studio/gradle/gradle-2.14.1/lib/plugins/maven-plugin-api-3.0.4.jar
7f34a946b000-7f34a946d000 r--s 00000000 08:01 2758137                    /home/joseph/android-studio/gradle/gradle-2.14.1/lib/plugins/plexus-component-annotations-1.5.5.jar
7f34a946d000-7f34a9473000 r--s 0003f000 08:01 2758148                    /home/joseph/android-studio/gradle/gradle-2.14.1/lib/plugins/maven-compat-3.0.4.jar
7f34a9473000-7f34a9476000 r--s 00008000 08:01 2758122                    /home/joseph/android-studio/gradle/gradle-2.14.1/lib/plugins/maven-settings-builder-3.0.4.jar
7f34a9476000-7f34a9477000 r--s 00002000 08:01 2758078                    /home/joseph/android-studio/gradle/gradle-2.14.1/lib/plugins/wagon-http-2.4.jar
7f34a9477000-7f34a9479000 r--s 00026000 08:01 2758189                    /home/joseph/android-studio/gradle/gradle-2.14.1/lib/plugins/maven-model-3.0.4.jar
7f34a9479000-7f34a947b000 r--s 00006000 08:01 2758166                    /home/joseph/android-studio/gradle/gradle-2.14.1/lib/plugins/aether-connector-wagon-1.13.1.jar
7f34a947b000-7f34a947d000 r--s 0000a000 08:01 2758107                    /home/joseph/android-studio/gradle/gradle-2.14.1/lib/plugins/plexus-classworlds-2.4.jar
7f34a947d000-7f34a947f000 r--s 00006000 08:01 2758150                    /home/joseph/android-studio/gradle/gradle-2.14.1/lib/plugins/maven-repository-metadata-3.0.4.jar
7f34a947f000-7f34a9481000 r--s 0000c000 08:01 2758126                    /home/joseph/android-studio/gradle/gradle-2.14.1/lib/plugins/maven-aether-provider-3.0.4.jar
7f34a9481000-7f34a9483000 r--s 0000b000 08:01 2758116                    /home/joseph/android-studio/gradle/gradle-2.14.1/lib/plugins/wagon-provider-api-2.4.jar
7f34a9483000-7f34a9487000 r--s 0001c000 08:01 2758180                    /home/joseph/android-studio/gradle/gradle-2.14.1/lib/plugins/aether-util-1.13.1.jar
7f34a9487000-7f34a948a000 r--s 0001d000 08:01 2758144                    /home/joseph/android-studio/gradle/gradle-2.14.1/lib/plugins/aether-impl-1.13.1.jar
7f34a948a000-7f34a948f000 r--s 00040000 08:01 2758084                    /home/joseph/android-studio/gradle/gradle-2.14.1/lib/plugins/jsch-0.1.53.jar
7f34a948f000-7f34a94cf000 r--s 00277000 08:01 2758088                    /home/joseph/android-studio/gradle/gradle-2.14.1/lib/plugins/bcprov-jdk15on-1.51.jar
7f34a94cf000-7f34a94d3000 r--s 0001d000 08:01 2758129                    /home/joseph/android-studio/gradle/gradle-2.14.1/lib/plugins/xbean-reflect-3.4.jar
7f34a94d3000-7f34a94df000 r--s 0007d000 08:01 2758153                    /home/joseph/android-studio/gradle/gradle-2.14.1/lib/plugins/maven-core-3.0.4.jar
7f34a94df000-7f34a94fb000 r--s 000d3000 08:01 2758128                    /home/joseph/android-studio/gradle/gradle-2.14.1/lib/plugins/gradle-dependency-management-2.14.1.jar
7f34a94fb000-7f34a94ff000 r-xp 00000000 08:01 6030081                    /home/joseph/.gradle/native/19/linux-amd64/libnative-platform.so
7f34a94ff000-7f34a96fe000 ---p 00004000 08:01 6030081                    /home/joseph/.gradle/native/19/linux-amd64/libnative-platform.so
7f34a96fe000-7f34a96ff000 rw-p 00003000 08:01 6030081                    /home/joseph/.gradle/native/19/linux-amd64/libnative-platform.so
7f34a96ff000-7f34a970f000 r-xp 00000000 08:01 4204485                    /usr/lib/jvm/java-7-openjdk-amd64/jre/lib/amd64/libnio.so
7f34a970f000-7f34a990f000 ---p 00010000 08:01 4204485                    /usr/lib/jvm/java-7-openjdk-amd64/jre/lib/amd64/libnio.so
7f34a990f000-7f34a9910000 r--p 00010000 08:01 4204485                    /usr/lib/jvm/java-7-openjdk-amd64/jre/lib/amd64/libnio.so
7f34a9910000-7f34a9911000 rw-p 00011000 08:01 4204485                    /usr/lib/jvm/java-7-openjdk-amd64/jre/lib/amd64/libnio.so
7f34a9911000-7f34a9942000 rw-p 00000000 00:00 0 
7f34a9942000-7f34a997f000 r-xp 00000000 08:01 5116281                    /lib/x86_64-linux-gnu/libpcre.so.3.13.1
7f34a997f000-7f34a9b7e000 ---p 0003d000 08:01 5116281                    /lib/x86_64-linux-gnu/libpcre.so.3.13.1
7f34a9b7e000-7f34a9b7f000 r--p 0003c000 08:01 5116281                    /lib/x86_64-linux-gnu/libpcre.so.3.13.1
7f34a9b7f000-7f34a9b80000 rw-p 0003d000 08:01 5116281                    /lib/x86_64-linux-gnu/libpcre.so.3.13.1
7f34a9b80000-7f34a9b87000 r-xp 00000000 08:01 4202859                    /usr/lib/x86_64-linux-gnu/libffi.so.6.0.1
7f34a9b87000-7f34a9d86000 ---p 00007000 08:01 4202859                    /usr/lib/x86_64-linux-gnu/libffi.so.6.0.1
7f34a9d86000-7f34a9d87000 r--p 00006000 08:01 4202859                    /usr/lib/x86_64-linux-gnu/libffi.so.6.0.1
7f34a9d87000-7f34a9d88000 rw-p 00007000 08:01 4202859                    /usr/lib/x86_64-linux-gnu/libffi.so.6.0.1
7f34a9d88000-7f34a9d9f000 r-xp 00000000 08:01 5116304                    /lib/x86_64-linux-gnu/libresolv-2.19.so
7f34a9d9f000-7f34a9f9f000 ---p 00017000 08:01 5116304                    /lib/x86_64-linux-gnu/libresolv-2.19.so
7f34a9f9f000-7f34a9fa0000 r--p 00017000 08:01 5116304                    /lib/x86_64-linux-gnu/libresolv-2.19.so
7f34a9fa0000-7f34a9fa1000 rw-p 00018000 08:01 5116304                    /lib/x86_64-linux-gnu/libresolv-2.19.so
7f34a9fa1000-7f34a9fa3000 rw-p 00000000 00:00 0 
7f34a9fa3000-7f34a9fc3000 r-xp 00000000 08:01 5116308                    /lib/x86_64-linux-gnu/libselinux.so.1
7f34a9fc3000-7f34aa1c2000 ---p 00020000 08:01 5116308                    /lib/x86_64-linux-gnu/libselinux.so.1
7f34aa1c2000-7f34aa1c3000 r--p 0001f000 08:01 5116308                    /lib/x86_64-linux-gnu/libselinux.so.1
7f34aa1c3000-7f34aa1c4000 rw-p 00020000 08:01 5116308                    /lib/x86_64-linux-gnu/libselinux.so.1
7f34aa1c4000-7f34aa1c6000 rw-p 00000000 00:00 0 
7f34aa1c6000-7f34aa1c9000 r-xp 00000000 08:01 4202972                    /usr/lib/x86_64-linux-gnu/libgmodule-2.0.so.0.4002.0
7f34aa1c9000-7f34aa3c8000 ---p 00003000 08:01 4202972                    /usr/lib/x86_64-linux-gnu/libgmodule-2.0.so.0.4002.0
7f34aa3c8000-7f34aa3c9000 r--p 00002000 08:01 4202972                    /usr/lib/x86_64-linux-gnu/libgmodule-2.0.so.0.4002.0
7f34aa3c9000-7f34aa3ca000 rw-p 00003000 08:01 4202972                    /usr/lib/x86_64-linux-gnu/libgmodule-2.0.so.0.4002.0
7f34aa3ca000-7f34aa4d0000 r-xp 00000000 08:01 5116209                    /lib/x86_64-linux-gnu/libglib-2.0.so.0.4002.0
7f34aa4d0000-7f34aa6cf000 ---p 00106000 08:01 5116209                    /lib/x86_64-linux-gnu/libglib-2.0.so.0.4002.0
7f34aa6cf000-7f34aa6d0000 r--p 00105000 08:01 5116209                    /lib/x86_64-linux-gnu/libglib-2.0.so.0.4002.0
7f34aa6d0000-7f34aa6d1000 rw-p 00106000 08:01 5116209                    /lib/x86_64-linux-gnu/libglib-2.0.so.0.4002.0
7f34aa6d1000-7f34aa6d2000 rw-p 00000000 00:00 0 
7f34aa6d2000-7f34aa721000 r-xp 00000000 08:01 4202988                    /usr/lib/x86_64-linux-gnu/libgobject-2.0.so.0.4002.0
7f34aa721000-7f34aa921000 ---p 0004f000 08:01 4202988                    /usr/lib/x86_64-linux-gnu/libgobject-2.0.so.0.4002.0
7f34aa921000-7f34aa922000 r--p 0004f000 08:01 4202988                    /usr/lib/x86_64-linux-gnu/libgobject-2.0.so.0.4002.0
7f34aa922000-7f34aa923000 rw-p 00050000 08:01 4202988                    /usr/lib/x86_64-linux-gnu/libgobject-2.0.so.0.4002.0
7f34aa923000-7f34aaa8f000 r-xp 00000000 08:01 4202960                    /usr/lib/x86_64-linux-gnu/libgio-2.0.so.0.4002.0
7f34aaa8f000-7f34aac8e000 ---p 0016c000 08:01 4202960                    /usr/lib/x86_64-linux-gnu/libgio-2.0.so.0.4002.0
7f34aac8e000-7f34aac92000 r--p 0016b000 08:01 4202960                    /usr/lib/x86_64-linux-gnu/libgio-2.0.so.0.4002.0
7f34aac92000-7f34aac94000 rw-p 0016f000 08:01 4202960                    /usr/lib/x86_64-linux-gnu/libgio-2.0.so.0.4002.0
7f34aac94000-7f34aac96000 rw-p 00000000 00:00 0 
7f34aac96000-7f34aac97000 r--s 00003000 08:01 2758082                    /home/joseph/android-studio/gradle/gradle-2.14.1/lib/plugins/aether-spi-1.13.1.jar
7f34aac97000-7f34aac98000 r--s 00006000 08:01 2758151                    /home/joseph/android-studio/gradle/gradle-2.14.1/lib/plugins/plexus-sec-dispatcher-1.3.jar
7f34aac98000-7f34aac9d000 r--s 0002a000 08:01 2758123                    /home/joseph/android-studio/gradle/gradle-2.14.1/lib/plugins/gson-2.2.4.jar
7f34aac9d000-7f34aacac000 r--s 000d9000 08:01 2758104                    /home/joseph/android-studio/gradle/gradle-2.14.1/lib/plugins/ivy-2.2.0.jar
7f34aacac000-7f34aacc3000 r-xp 00000000 08:01 4204518                    /usr/lib/jvm/java-7-openjdk-amd64/jre/lib/amd64/libnet.so
7f34aacc3000-7f34aaec2000 ---p 00017000 08:01 4204518                    /usr/lib/jvm/java-7-openjdk-amd64/jre/lib/amd64/libnet.so
7f34aaec2000-7f34aaec3000 r--p 00016000 08:01 4204518                    /usr/lib/jvm/java-7-openjdk-amd64/jre/lib/amd64/libnet.so
7f34aaec3000-7f34aaec4000 rw-p 00017000 08:01 4204518                    /usr/lib/jvm/java-7-openjdk-amd64/jre/lib/amd64/libnet.so
7f34aaec4000-7f34aaec6000 r--s 00005000 08:01 2758047                    /home/joseph/android-studio/gradle/gradle-2.14.1/lib/gradle-wrapper-2.14.1.jar
7f34aaec6000-7f34aaed4000 r--s 0004f000 08:01 2758032                    /home/joseph/android-studio/gradle/gradle-2.14.1/lib/gradle-tooling-api-2.14.1.jar
7f34aaed4000-7f34aaed6000 r--s 00002000 08:01 2758036                    /home/joseph/android-studio/gradle/gradle-2.14.1/lib/gradle-open-api-2.14.1.jar
7f34aaed6000-7f34aaedc000 r--s 00032000 08:01 2758070                    /home/joseph/android-studio/gradle/gradle-2.14.1/lib/jaxen-1.1.jar
7f34aaedc000-7f34aaee1000 r--s 00048000 08:01 2758035                    /home/joseph/android-studio/gradle/gradle-2.14.1/lib/dom4j-1.6.1.jar
7f34aaee1000-7f34aaeec000 r--s 00059000 08:01 2758064                    /home/joseph/android-studio/gradle/gradle-2.14.1/lib/gradle-ui-2.14.1.jar
7f34aaeec000-7f34aaeef000 r--s 0000b000 08:01 2758193                    /home/joseph/android-studio/gradle/gradle-2.14.1/lib/gradle-resources-2.14.1.jar
7f34aaeef000-7f34aaef1000 r--s 00003000 08:01 2758073                    /home/joseph/android-studio/gradle/gradle-2.14.1/lib/jcl-over-slf4j-1.7.10.jar
7f34aaef1000-7f34aaef2000 r--s 00005000 08:01 2758067                    /home/joseph/android-studio/gradle/gradle-2.14.1/lib/log4j-over-slf4j-1.7.10.jar
7f34aaef2000-7f34aaef4000 r--s 00000000 08:01 2758194                    /home/joseph/android-studio/gradle/gradle-2.14.1/lib/jul-to-slf4j-1.7.10.jar
7f34aaef4000-7f34aaef9000 r--s 0001c000 08:01 2758045                    /home/joseph/android-studio/gradle/gradle-2.14.1/lib/gradle-logging-2.14.1.jar
7f34aaef9000-7f34aaefb000 r--s 00007000 08:01 2758076                    /home/joseph/android-studio/gradle/gradle-2.14.1/lib/objenesis-1.2.jar
7f34aaefb000-7f34aaefd000 r--s 00000000 08:01 2758040                    /home/joseph/android-studio/gradle/gradle-2.14.1/lib/minlog-1.2.jar
7f34aaefd000-7f34aaeff000 r--s 0000f000 08:01 2758051                    /home/joseph/android-studio/gradle/gradle-2.14.1/lib/reflectasm-1.07-shaded.jar
7f34aaeff000-7f34aaf03000 r--s 00026000 08:01 2758065                    /home/joseph/android-studio/gradle/gradle-2.14.1/lib/kryo-2.20.jar
7f34aaf03000-7f34aaf09000 r--s 00025000 08:01 2758034                    /home/joseph/android-studio/gradle/gradle-2.14.1/lib/gradle-messaging-2.14.1.jar
7f34aaf09000-7f34aaf0a000 r--s 00003000 08:01 2758072                    /home/joseph/android-studio/gradle/gradle-2.14.1/lib/native-platform-freebsd-amd64-0.10.jar
7f34aaf0a000-7f34aaf0b000 r--s 00003000 08:01 2758054                    /home/joseph/android-studio/gradle/gradle-2.14.1/lib/native-platform-freebsd-i386-0.10.jar
7f34aaf0b000-7f34aaf0c000 r--s 00005000 08:01 2758042                    /home/joseph/android-studio/gradle/gradle-2.14.1/lib/native-platform-windows-i386-0.10.jar
7f34aaf0c000-7f34aaf0d000 r--s 00005000 08:01 2758041                    /home/joseph/android-studio/gradle/gradle-2.14.1/lib/native-platform-windows-amd64-0.10.jar
7f34aaf0d000-7f34aaf0e000 r--s 00003000 08:01 2758055                    /home/joseph/android-studio/gradle/gradle-2.14.1/lib/native-platform-linux-i386-0.10.jar
7f34aaf0e000-7f34aaf0f000 r--s 00003000 08:01 2758039                    /home/joseph/android-studio/gradle/gradle-2.14.1/lib/native-platform-linux-amd64-0.10.jar
7f34aaf0f000-7f34aaf10000 r--s 00002000 08:01 2758038                    /home/joseph/android-studio/gradle/gradle-2.14.1/lib/native-platform-osx-amd64-0.10.jar
7f34aaf10000-7f34aaf11000 r--s 00002000 08:01 2758068                    /home/joseph/android-studio/gradle/gradle-2.14.1/lib/native-platform-osx-i386-0.10.jar
7f34aaf11000-7f34aaf13000 r--s 00008000 08:01 2758069                    /home/joseph/android-studio/gradle/gradle-2.14.1/lib/jansi-1.2.1.jar
7f34aaf13000-7f34aaf16000 r--s 0000d000 08:01 2758063                    /home/joseph/android-studio/gradle/gradle-2.14.1/lib/native-platform-0.10.jar
7f34aaf16000-7f34aaf1a000 r--s 000e4000 08:01 2758062                    /home/joseph/android-studio/gradle/gradle-2.14.1/lib/jna-3.2.7.jar
7f34aaf1a000-7f34aaf1c000 r--s 00009000 08:01 2758074                    /home/joseph/android-studio/gradle/gradle-2.14.1/lib/gradle-native-2.14.1.jar
7f34aaf1c000-7f34aaf1e000 r--s 00005000 08:01 2758075                    /home/joseph/android-studio/gradle/gradle-2.14.1/lib/gradle-cli-2.14.1.jar
7f34aaf1e000-7f34aaf20000 r--s 00007000 08:01 2758044                    /home/joseph/android-studio/gradle/gradle-2.14.1/lib/gradle-model-groovy-2.14.1.jar
7f34aaf20000-7f34aaf21000 r--s 00006000 08:01 2758059                    /home/joseph/android-studio/gradle/gradle-2.14.1/lib/gradle-base-services-groovy-2.14.1.jar
7f34aaf21000-7f34aaf30000 r--s 00080000 08:01 2758060                    /home/joseph/android-studio/gradle/gradle-2.14.1/lib/gradle-model-core-2.14.1.jar
7f34aaf30000-7f34aaf31000 r--s 00002000 08:01 2758052                    /home/joseph/android-studio/gradle/gradle-2.14.1/lib/gradle-docs-2.14.1.jar
7f34aaf31000-7f34aaf35000 r--s 00027000 08:01 2758066                    /home/joseph/android-studio/gradle/gradle-2.14.1/lib/commons-io-2.2.jar
7f34aaf35000-7f34aaf42000 r--s 00083000 08:01 2758195                    /home/joseph/android-studio/gradle/gradle-2.14.1/lib/commons-collections-3.2.2.jar
7f34aaf42000-7f34aaf47000 r--s 00038000 08:01 2758056                    /home/joseph/android-studio/gradle/gradle-2.14.1/lib/asm-all-5.1.jar
7f34aaf47000-7f34aafb6000 r--s 0063e000 08:01 2758197                    /home/joseph/android-studio/gradle/gradle-2.14.1/lib/groovy-all-2.4.4.jar
7f34aafb6000-7f34aafde000 r--s 001cf000 08:01 2758048                    /home/joseph/android-studio/gradle/gradle-2.14.1/lib/guava-jdk5-17.0.jar
7f34aafde000-7f34ab015000 r--s 001bd000 08:01 2758049                    /home/joseph/android-studio/gradle/gradle-2.14.1/lib/gradle-core-2.14.1.jar
7f34ab015000-7f34ab016000 ---p 00000000 00:00 0 
7f34ab016000-7f34ab116000 rw-p 00000000 00:00 0                          [stack:74575]
7f34ab116000-7f34ab119000 ---p 00000000 00:00 0 
7f34ab119000-7f34ab217000 rw-p 00000000 00:00 0                          [stack:74574]
7f34ab217000-7f34ab21a000 ---p 00000000 00:00 0 
7f34ab21a000-7f34ab318000 rw-p 00000000 00:00 0                          [stack:74573]
7f34ab318000-7f34ab31b000 ---p 00000000 00:00 0 
7f34ab31b000-7f34ab419000 rw-p 00000000 00:00 0                          [stack:74572]
7f34ab419000-7f34ab41c000 ---p 00000000 00:00 0 
7f34ab41c000-7f34ab51a000 rw-p 00000000 00:00 0                          [stack:74571]
7f34ab51a000-7f34abbfc000 r--p 00000000 08:01 4201489                    /usr/lib/locale/locale-archive
7f34abbfc000-7f34abbff000 ---p 00000000 00:00 0 
7f34abbff000-7f34abcfd000 rw-p 00000000 00:00 0                          [stack:74570]
7f34abcfd000-7f34abd00000 ---p 00000000 00:00 0 
7f34abd00000-7f34abdfe000 rw-p 00000000 00:00 0                          [stack:74569]
7f34abdfe000-7f34abdff000 ---p 00000000 00:00 0 
7f34abdff000-7f34ac000000 rw-p 00000000 00:00 0                          [stack:74568]
7f34ac000000-7f34ac038000 rw-p 00000000 00:00 0 
7f34ac038000-7f34b0000000 ---p 00000000 00:00 0 
7f34b0000000-7f34b0001000 r--s 00000000 08:01 2758196                    /home/joseph/android-studio/gradle/gradle-2.14.1/lib/javax.inject-1.jar
7f34b0001000-7f34b0002000 r--s 00000000 08:01 2758050                    /home/joseph/android-studio/gradle/gradle-2.14.1/lib/jcip-annotations-1.0.jar
7f34b0002000-7f34b0003000 r--s 00001000 08:01 2758071                    /home/joseph/android-studio/gradle/gradle-2.14.1/lib/gradle-process-services-2.14.1.jar
7f34b0003000-7f34b0004000 r--s 00000000 08:01 2758033                    /home/joseph/android-studio/gradle/gradle-2.14.1/lib/gradle-jvm-services-2.14.1.jar
7f34b0004000-7f34b0009000 r--s 00041000 08:01 2758058                    /home/joseph/android-studio/gradle/gradle-2.14.1/lib/commons-lang-2.6.jar
7f34b0009000-7f34b000a000 r--s 00007000 08:01 2758043                    /home/joseph/android-studio/gradle/gradle-2.14.1/lib/slf4j-api-1.7.10.jar
7f34b000a000-7f34b0029000 r--s 001d1000 08:01 2758046                    /home/joseph/android-studio/gradle/gradle-2.14.1/lib/ant-1.9.6.jar
7f34b0029000-7f34b0031000 r--s 0003a000 08:01 2758057                    /home/joseph/android-studio/gradle/gradle-2.14.1/lib/gradle-base-services-2.14.1.jar
7f34b0031000-7f34b003c000 r--s 00051000 08:01 2758053                    /home/joseph/android-studio/gradle/gradle-2.14.1/lib/gradle-launcher-2.14.1.jar
7f34b003c000-7f34b0040000 r--s 00085000 08:01 4204470                    /usr/lib/jvm/java-7-openjdk-amd64/jre/lib/ext/localedata.jar
7f34b0040000-7f34b0e4e000 rw-p 00000000 00:00 0 
7f34b0e4e000-7f34b1000000 r--s 01d2e000 08:01 4204478                    /usr/lib/jvm/java-7-openjdk-amd64/jre/lib/rt.jar
7f34b1000000-7f34b1bc0000 rwxp 00000000 00:00 0 
7f34b1bc0000-7f34b4bc5000 rw-p 00000000 00:00 0 
7f34b4bc5000-7f34b8000000 ---p 00000000 00:00 0 
7f34b8000000-7f34b8001000 r--s 00004000 08:01 2758061                    /home/joseph/android-studio/gradle/gradle-2.14.1/lib/ant-launcher-1.9.6.jar
7f34b8001000-7f34b8003000 r--s 00006000 08:01 4595272                    /usr/share/java/java-atk-wrapper.jar
7f34b8003000-7f34b8005000 r--s 00012000 08:01 4204469                    /usr/lib/jvm/java-7-openjdk-amd64/jre/lib/ext/zipfs.jar
7f34b8005000-7f34b864a000 rw-p 00000000 00:00 0 
7f34b864a000-7f34b864b000 ---p 00000000 00:00 0 
7f34b864b000-7f34b874b000 rw-p 00000000 00:00 0                          [stack:74567]
7f34b874b000-7f34b874c000 ---p 00000000 00:00 0 
7f34b874c000-7f34b884c000 rw-p 00000000 00:00 0                          [stack:74566]
7f34b884c000-7f34b884d000 ---p 00000000 00:00 0 
7f34b884d000-7f34b894d000 rw-p 00000000 00:00 0                          [stack:74565]
7f34b894d000-7f34b894e000 ---p 00000000 00:00 0 
7f34b894e000-7f34b8a84000 rw-p 00000000 00:00 0                          [stack:74564]
7f34b8a84000-7f34b8a86000 ---p 00000000 00:00 0 
7f34b8a86000-7f34b8aa1000 rw-p 00000000 00:00 0 
7f34b8aa1000-7f34b8b1c000 rw-p 00000000 00:00 0 
7f34b8b1c000-7f34b8d4c000 rw-p 00000000 00:00 0 
7f34b8d4c000-7f34b8d82000 rw-p 00000000 00:00 0 
7f34b8d82000-7f34b8d84000 ---p 00000000 00:00 0 
7f34b8d84000-7f34b8d9f000 rw-p 00000000 00:00 0 
7f34b8d9f000-7f34b8e1a000 rw-p 00000000 00:00 0 
7f34b8e1a000-7f34b9049000 rw-p 00000000 00:00 0 
7f34b9049000-7f34b9181000 rw-p 00000000 00:00 0 
7f34b9181000-7f34b919f000 rw-p 00000000 00:00 0 
7f34b919f000-7f34b91a0000 rw-p 00000000 00:00 0 
7f34b91a0000-7f34b91a8000 r-xp 00000000 08:01 4204489                    /usr/lib/jvm/java-7-openjdk-amd64/jre/lib/amd64/libzip.so
7f34b91a8000-7f34b93a7000 ---p 00008000 08:01 4204489                    /usr/lib/jvm/java-7-openjdk-amd64/jre/lib/amd64/libzip.so
7f34b93a7000-7f34b93a8000 r--p 00007000 08:01 4204489                    /usr/lib/jvm/java-7-openjdk-amd64/jre/lib/amd64/libzip.so
7f34b93a8000-7f34b93a9000 rw-p 00008000 08:01 4204489                    /usr/lib/jvm/java-7-openjdk-amd64/jre/lib/amd64/libzip.so
7f34b93a9000-7f34b93b4000 r-xp 00000000 08:01 5116253                    /lib/x86_64-linux-gnu/libnss_files-2.19.so
7f34b93b4000-7f34b95b3000 ---p 0000b000 08:01 5116253                    /lib/x86_64-linux-gnu/libnss_files-2.19.so
7f34b95b3000-7f34b95b4000 r--p 0000a000 08:01 5116253                    /lib/x86_64-linux-gnu/libnss_files-2.19.so
7f34b95b4000-7f34b95b5000 rw-p 0000b000 08:01 5116253                    /lib/x86_64-linux-gnu/libnss_files-2.19.so
7f34b95b5000-7f34b95c0000 r-xp 00000000 08:01 5116263                    /lib/x86_64-linux-gnu/libnss_nis-2.19.so
7f34b95c0000-7f34b97bf000 ---p 0000b000 08:01 5116263                    /lib/x86_64-linux-gnu/libnss_nis-2.19.so
7f34b97bf000-7f34b97c0000 r--p 0000a000 08:01 5116263                    /lib/x86_64-linux-gnu/libnss_nis-2.19.so
7f34b97c0000-7f34b97c1000 rw-p 0000b000 08:01 5116263                    /lib/x86_64-linux-gnu/libnss_nis-2.19.so
7f34b97c1000-7f34b97d8000 r-xp 00000000 08:01 5116247                    /lib/x86_64-linux-gnu/libnsl-2.19.so
7f34b97d8000-7f34b99d7000 ---p 00017000 08:01 5116247                    /lib/x86_64-linux-gnu/libnsl-2.19.so
7f34b99d7000-7f34b99d8000 r--p 00016000 08:01 5116247                    /lib/x86_64-linux-gnu/libnsl-2.19.so
7f34b99d8000-7f34b99d9000 rw-p 00017000 08:01 5116247                    /lib/x86_64-linux-gnu/libnsl-2.19.so
7f34b99d9000-7f34b99db000 rw-p 00000000 00:00 0 
7f34b99db000-7f34b99e4000 r-xp 00000000 08:01 5116249                    /lib/x86_64-linux-gnu/libnss_compat-2.19.so
7f34b99e4000-7f34b9be3000 ---p 00009000 08:01 5116249                    /lib/x86_64-linux-gnu/libnss_compat-2.19.so
7f34b9be3000-7f34b9be4000 r--p 00008000 08:01 5116249                    /lib/x86_64-linux-gnu/libnss_compat-2.19.so
7f34b9be4000-7f34b9be5000 rw-p 00009000 08:01 5116249                    /lib/x86_64-linux-gnu/libnss_compat-2.19.so
7f34b9be5000-7f34b9c10000 r-xp 00000000 08:01 4204497                    /usr/lib/jvm/java-7-openjdk-amd64/jre/lib/amd64/libjava.so
7f34b9c10000-7f34b9e10000 ---p 0002b000 08:01 4204497                    /usr/lib/jvm/java-7-openjdk-amd64/jre/lib/amd64/libjava.so
7f34b9e10000-7f34b9e11000 r--p 0002b000 08:01 4204497                    /usr/lib/jvm/java-7-openjdk-amd64/jre/lib/amd64/libjava.so
7f34b9e11000-7f34b9e13000 rw-p 0002c000 08:01 4204497                    /usr/lib/jvm/java-7-openjdk-amd64/jre/lib/amd64/libjava.so
7f34b9e13000-7f34b9e23000 r-xp 00000000 08:01 4204513                    /usr/lib/jvm/java-7-openjdk-amd64/jre/lib/amd64/libverify.so
7f34b9e23000-7f34ba022000 ---p 00010000 08:01 4204513                    /usr/lib/jvm/java-7-openjdk-amd64/jre/lib/amd64/libverify.so
7f34ba022000-7f34ba024000 r--p 0000f000 08:01 4204513                    /usr/lib/jvm/java-7-openjdk-amd64/jre/lib/amd64/libverify.so
7f34ba024000-7f34ba025000 rw-p 00011000 08:01 4204513                    /usr/lib/jvm/java-7-openjdk-amd64/jre/lib/amd64/libverify.so
7f34ba025000-7f34ba02c000 r-xp 00000000 08:01 5116306                    /lib/x86_64-linux-gnu/librt-2.19.so
7f34ba02c000-7f34ba22b000 ---p 00007000 08:01 5116306                    /lib/x86_64-linux-gnu/librt-2.19.so
7f34ba22b000-7f34ba22c000 r--p 00006000 08:01 5116306                    /lib/x86_64-linux-gnu/librt-2.19.so
7f34ba22c000-7f34ba22d000 rw-p 00007000 08:01 5116306                    /lib/x86_64-linux-gnu/librt-2.19.so
7f34ba22d000-7f34ba243000 r-xp 00000000 08:01 5116205                    /lib/x86_64-linux-gnu/libgcc_s.so.1
7f34ba243000-7f34ba442000 ---p 00016000 08:01 5116205                    /lib/x86_64-linux-gnu/libgcc_s.so.1
7f34ba442000-7f34ba443000 rw-p 00015000 08:01 5116205                    /lib/x86_64-linux-gnu/libgcc_s.so.1
7f34ba443000-7f34ba548000 r-xp 00000000 08:01 5116228                    /lib/x86_64-linux-gnu/libm-2.19.so
7f34ba548000-7f34ba747000 ---p 00105000 08:01 5116228                    /lib/x86_64-linux-gnu/libm-2.19.so
7f34ba747000-7f34ba748000 r--p 00104000 08:01 5116228                    /lib/x86_64-linux-gnu/libm-2.19.so
7f34ba748000-7f34ba749000 rw-p 00105000 08:01 5116228                    /lib/x86_64-linux-gnu/libm-2.19.so
7f34ba749000-7f34ba82f000 r-xp 00000000 08:01 4194482                    /usr/lib/x86_64-linux-gnu/libstdc++.so.6.0.19
7f34ba82f000-7f34baa2e000 ---p 000e6000 08:01 4194482                    /usr/lib/x86_64-linux-gnu/libstdc++.so.6.0.19
7f34baa2e000-7f34baa36000 r--p 000e5000 08:01 4194482                    /usr/lib/x86_64-linux-gnu/libstdc++.so.6.0.19
7f34baa36000-7f34baa38000 rw-p 000ed000 08:01 4194482                    /usr/lib/x86_64-linux-gnu/libstdc++.so.6.0.19
7f34baa38000-7f34baa4d000 rw-p 00000000 00:00 0 
7f34baa4d000-7f34bb571000 r-xp 00000000 08:01 4204504                    /usr/lib/jvm/java-7-openjdk-amd64/jre/lib/amd64/server/libjvm.so
7f34bb571000-7f34bb771000 ---p 00b24000 08:01 4204504                    /usr/lib/jvm/java-7-openjdk-amd64/jre/lib/amd64/server/libjvm.so
7f34bb771000-7f34bb80b000 r--p 00b24000 08:01 4204504                    /usr/lib/jvm/java-7-openjdk-amd64/jre/lib/amd64/server/libjvm.so
7f34bb80b000-7f34bb82e000 rw-p 00bbe000 08:01 4204504                    /usr/lib/jvm/java-7-openjdk-amd64/jre/lib/amd64/server/libjvm.so
7f34bb82e000-7f34bb85c000 rw-p 00000000 00:00 0 
7f34bb85c000-7f34bb874000 r-xp 00000000 08:01 5116341                    /lib/x86_64-linux-gnu/libz.so.1.2.8
7f34bb874000-7f34bba73000 ---p 00018000 08:01 5116341                    /lib/x86_64-linux-gnu/libz.so.1.2.8
7f34bba73000-7f34bba74000 r--p 00017000 08:01 5116341                    /lib/x86_64-linux-gnu/libz.so.1.2.8
7f34bba74000-7f34bba75000 rw-p 00018000 08:01 5116341                    /lib/x86_64-linux-gnu/libz.so.1.2.8
7f34bba75000-7f34bba8e000 r-xp 00000000 08:01 5116298                    /lib/x86_64-linux-gnu/libpthread-2.19.so
7f34bba8e000-7f34bbc8d000 ---p 00019000 08:01 5116298                    /lib/x86_64-linux-gnu/libpthread-2.19.so
7f34bbc8d000-7f34bbc8e000 r--p 00018000 08:01 5116298                    /lib/x86_64-linux-gnu/libpthread-2.19.so
7f34bbc8e000-7f34bbc8f000 rw-p 00019000 08:01 5116298                    /lib/x86_64-linux-gnu/libpthread-2.19.so
7f34bbc8f000-7f34bbc93000 rw-p 00000000 00:00 0 
7f34bbc93000-7f34bbc96000 r-xp 00000000 08:01 5116195                    /lib/x86_64-linux-gnu/libdl-2.19.so
7f34bbc96000-7f34bbe95000 ---p 00003000 08:01 5116195                    /lib/x86_64-linux-gnu/libdl-2.19.so
7f34bbe95000-7f34bbe96000 r--p 00002000 08:01 5116195                    /lib/x86_64-linux-gnu/libdl-2.19.so
7f34bbe96000-7f34bbe97000 rw-p 00003000 08:01 5116195                    /lib/x86_64-linux-gnu/libdl-2.19.so
7f34bbe97000-7f34bc052000 r-xp 00000000 08:01 5116178                    /lib/x86_64-linux-gnu/libc-2.19.so
7f34bc052000-7f34bc251000 ---p 001bb000 08:01 5116178                    /lib/x86_64-linux-gnu/libc-2.19.so
7f34bc251000-7f34bc255000 r--p 001ba000 08:01 5116178                    /lib/x86_64-linux-gnu/libc-2.19.so
7f34bc255000-7f34bc257000 rw-p 001be000 08:01 5116178                    /lib/x86_64-linux-gnu/libc-2.19.so
7f34bc257000-7f34bc25c000 rw-p 00000000 00:00 0 
7f34bc25c000-7f34bc269000 r-xp 00000000 08:01 4204515                    /usr/lib/jvm/java-7-openjdk-amd64/jre/lib/amd64/jli/libjli.so
7f34bc269000-7f34bc468000 ---p 0000d000 08:01 4204515                    /usr/lib/jvm/java-7-openjdk-amd64/jre/lib/amd64/jli/libjli.so
7f34bc468000-7f34bc469000 r--p 0000c000 08:01 4204515                    /usr/lib/jvm/java-7-openjdk-amd64/jre/lib/amd64/jli/libjli.so
7f34bc469000-7f34bc46a000 rw-p 0000d000 08:01 4204515                    /usr/lib/jvm/java-7-openjdk-amd64/jre/lib/amd64/jli/libjli.so
7f34bc46a000-7f34bc48d000 r-xp 00000000 08:01 5116154                    /lib/x86_64-linux-gnu/ld-2.19.so
7f34bc48d000-7f34bc4dd000 rw-p 00000000 00:00 0 
7f34bc4dd000-7f34bc56e000 rw-p 00000000 00:00 0 
7f34bc56e000-7f34bc571000 ---p 00000000 00:00 0 
7f34bc571000-7f34bc674000 rw-p 00000000 00:00 0                          [stack:74563]
7f34bc674000-7f34bc678000 r--s 0003c000 08:01 4204473                    /usr/lib/jvm/java-7-openjdk-amd64/jre/lib/ext/sunpkcs11.jar
7f34bc678000-7f34bc679000 r--s 00002000 08:01 4204474                    /usr/lib/jvm/java-7-openjdk-amd64/jre/lib/ext/dnsns.jar
7f34bc679000-7f34bc67d000 r--s 00034000 08:01 4204472                    /usr/lib/jvm/java-7-openjdk-amd64/jre/lib/ext/sunjce_provider.jar
7f34bc67d000-7f34bc680000 r--s 0000f000 08:01 4204471                    /usr/lib/jvm/java-7-openjdk-amd64/jre/lib/ext/icedtea-sound.jar
7f34bc680000-7f34bc688000 rw-s 00000000 08:01 5909704                    /tmp/hsperfdata_joseph/74559
7f34bc688000-7f34bc689000 rw-p 00000000 00:00 0 
7f34bc689000-7f34bc68a000 ---p 00000000 00:00 0 
7f34bc68a000-7f34bc68c000 rw-p 00000000 00:00 0 
7f34bc68c000-7f34bc68d000 r--p 00022000 08:01 5116154                    /lib/x86_64-linux-gnu/ld-2.19.so
7f34bc68d000-7f34bc68e000 rw-p 00023000 08:01 5116154                    /lib/x86_64-linux-gnu/ld-2.19.so
7f34bc68e000-7f34bc68f000 rw-p 00000000 00:00 0 
7ffc09704000-7ffc09725000 rw-p 00000000 00:00 0                          [stack]
7ffc09754000-7ffc09756000 r--p 00000000 00:00 0                          [vvar]
7ffc09756000-7ffc09758000 r-xp 00000000 00:00 0                          [vdso]
ffffffffff600000-ffffffffff601000 r-xp 00000000 00:00 0                  [vsyscall]

VM Arguments:
jvm_args: -Xmx2048M -Dfile.encoding=UTF-8 -Duser.country=US -Duser.language=en -Duser.variant 
java_command: org.gradle.launcher.daemon.bootstrap.GradleDaemon 2.14.1
Launcher Type: SUN_STANDARD

Environment Variables:
PATH=/usr/local/sbin:/usr/local/bin:/usr/sbin:/usr/bin:/sbin:/bin:/usr/games:/usr/local/games
SHELL=/bin/bash
DISPLAY=:0

Signal Handlers:
SIGSEGV: [libjvm.so+0x9548f0], sa_mask[0]=0x7ffbfeff, sa_flags=0x10000004
SIGBUS: [libjvm.so+0x9548f0], sa_mask[0]=0x7ffbfeff, sa_flags=0x10000004
SIGFPE: [libjvm.so+0x7cb0b0], sa_mask[0]=0x7ffbfeff, sa_flags=0x10000004
SIGPIPE: [libjvm.so+0x7cb0b0], sa_mask[0]=0x7ffbfeff, sa_flags=0x10000004
SIGXFSZ: [libjvm.so+0x7cb0b0], sa_mask[0]=0x7ffbfeff, sa_flags=0x10000004
SIGILL: [libjvm.so+0x7cb0b0], sa_mask[0]=0x7ffbfeff, sa_flags=0x10000004
SIGUSR1: SIG_DFL, sa_mask[0]=0x00000000, sa_flags=0x00000000
SIGUSR2: [libjvm.so+0x7caf50], sa_mask[0]=0x00000004, sa_flags=0x10000004
SIGHUP: [libjvm.so+0x7cb130], sa_mask[0]=0x7ffbfeff, sa_flags=0x10000004
SIGINT: [libjvm.so+0x7cb130], sa_mask[0]=0x7ffbfeff, sa_flags=0x10000004
SIGTERM: [libjvm.so+0x7cb130], sa_mask[0]=0x7ffbfeff, sa_flags=0x10000004
SIGQUIT: [libjvm.so+0x7cb130], sa_mask[0]=0x7ffbfeff, sa_flags=0x10000004
SIGTRAP: SIG_DFL, sa_mask[0]=0x00000000, sa_flags=0x00000000


---------------  S Y S T E M  ---------------

OS:Ubuntu 14.04 (trusty)
uname:Linux 3.19.0-25-generic #26~14.04.1-Ubuntu SMP Fri Jul 24 21:16:20 UTC 2015 x86_64
libc:glibc 2.19 NPTL 2.19 
rlimit: STACK 8192k, CORE 0k, NPROC 11887, NOFILE 4096, AS infinity
load average:5.73 6.01 4.70

/proc/meminfo:
MemTotal:        3064604 kB
MemFree:           76188 kB
MemAvailable:      50148 kB
Buffers:            1380 kB
Cached:            31832 kB
SwapCached:          388 kB
Active:          2056288 kB
Inactive:         478848 kB
Active(anon):    2045600 kB
Inactive(anon):   465040 kB
Active(file):      10688 kB
Inactive(file):    13808 kB
Unevictable:          32 kB
Mlocked:              32 kB
SwapTotal:       1045500 kB
SwapFree:            504 kB
Dirty:               152 kB
Writeback:           220 kB
AnonPages:       2502036 kB
Mapped:            20164 kB
Shmem:              8480 kB
Slab:              83512 kB
SReclaimable:      36044 kB
SUnreclaim:        47468 kB
KernelStack:       12992 kB
PageTables:        35800 kB
NFS_Unstable:          0 kB
Bounce:                0 kB
WritebackTmp:          0 kB
CommitLimit:     2577800 kB
Committed_AS:    7261900 kB
VmallocTotal:   34359738367 kB
VmallocUsed:      176684 kB
VmallocChunk:   34359484308 kB
HardwareCorrupted:     0 kB
AnonHugePages:   1193984 kB
CmaTotal:              0 kB
CmaFree:               0 kB
HugePages_Total:       0
HugePages_Free:        0
HugePages_Rsvd:        0
HugePages_Surp:        0
Hugepagesize:       2048 kB
DirectMap4k:      176000 kB
DirectMap2M:     2969600 kB


CPU:total 4 (1 cores per cpu, 1 threads per core) family 6 model 58 stepping 9, cmov, cx8, fxsr, mmx, sse, sse2, sse3, ssse3, sse4.1, sse4.2, popcnt, avx, aes, erms, tsc, tscinvbit, tscinv

/proc/cpuinfo:
processor	: 0
vendor_id	: GenuineIntel
cpu family	: 6
model		: 58
model name	: Intel(R) Core(TM) i5-3570K CPU @ 3.40GHz
stepping	: 9
microcode	: 0x1b
cpu MHz		: 3410.069
cache size	: 6144 KB
physical id	: 0
siblings	: 1
core id		: 0
cpu cores	: 1
apicid		: 0
initial apicid	: 0
fpu		: yes
fpu_exception	: yes
cpuid level	: 13
wp		: yes
flags		: fpu vme de pse tsc msr pae mce cx8 apic sep mtrr pge mca cmov pat pse36 clflush dts mmx fxsr sse sse2 ss syscall nx rdtscp lm constant_tsc arch_perfmon pebs bts nopl xtopology tsc_reliable nonstop_tsc aperfmperf pni pclmulqdq ssse3 cx16 pcid sse4_1 sse4_2 x2apic popcnt tsc_deadline_timer aes xsave avx f16c rdrand hypervisor lahf_lm ida arat epb pln pts dtherm fsgsbase tsc_adjust smep
bugs		:
bogomips	: 6820.13
clflush size	: 64
cache_alignment	: 64
address sizes	: 42 bits physical, 48 bits virtual
power management:

processor	: 1
vendor_id	: GenuineIntel
cpu family	: 6
model		: 58
model name	: Intel(R) Core(TM) i5-3570K CPU @ 3.40GHz
stepping	: 9
microcode	: 0x1b
cpu MHz		: 3410.069
cache size	: 6144 KB
physical id	: 2
siblings	: 1
core id		: 0
cpu cores	: 1
apicid		: 2
initial apicid	: 2
fpu		: yes
fpu_exception	: yes
cpuid level	: 13
wp		: yes
flags		: fpu vme de pse tsc msr pae mce cx8 apic sep mtrr pge mca cmov pat pse36 clflush dts mmx fxsr sse sse2 ss syscall nx rdtscp lm constant_tsc arch_perfmon pebs bts nopl xtopology tsc_reliable nonstop_tsc aperfmperf pni pclmulqdq ssse3 cx16 pcid sse4_1 sse4_2 x2apic popcnt tsc_deadline_timer aes xsave avx f16c rdrand hypervisor lahf_lm ida arat epb pln pts dtherm fsgsbase tsc_adjust smep
bugs		:
bogomips	: 6820.13
clflush size	: 64
cache_alignment	: 64
address sizes	: 42 bits physical, 48 bits virtual
power management:

processor	: 2
vendor_id	: GenuineIntel
cpu family	: 6
model		: 58
model name	: Intel(R) Core(TM) i5-3570K CPU @ 3.40GHz
stepping	: 9
microcode	: 0x1b
cpu MHz		: 3410.069
cache size	: 6144 KB
physical id	: 4
siblings	: 1
core id		: 0
cpu cores	: 1
apicid		: 4
initial apicid	: 4
fpu		: yes
fpu_exception	: yes
cpuid level	: 13
wp		: yes
flags		: fpu vme de pse tsc msr pae mce cx8 apic sep mtrr pge mca cmov pat pse36 clflush dts mmx fxsr sse sse2 ss syscall nx rdtscp lm constant_tsc arch_perfmon pebs bts nopl xtopology tsc_reliable nonstop_tsc aperfmperf pni pclmulqdq ssse3 cx16 pcid sse4_1 sse4_2 x2apic popcnt tsc_deadline_timer aes xsave avx f16c rdrand hypervisor lahf_lm ida arat epb pln pts dtherm fsgsbase tsc_adjust smep
bugs		:
bogomips	: 6820.13
clflush size	: 64
cache_alignment	: 64
address sizes	: 42 bits physical, 48 bits virtual
power management:

processor	: 3
vendor_id	: GenuineIntel
cpu family	: 6
model		: 58
model name	: Intel(R) Core(TM) i5-3570K CPU @ 3.40GHz
stepping	: 9
microcode	: 0x1b
cpu MHz		: 3410.069
cache size	: 6144 KB
physical id	: 6
siblings	: 1
core id		: 0
cpu cores	: 1
apicid		: 6
initial apicid	: 6
fpu		: yes
fpu_exception	: yes
cpuid level	: 13
wp		: yes
flags		: fpu vme de pse tsc msr pae mce cx8 apic sep mtrr pge mca cmov pat pse36 clflush dts mmx fxsr sse sse2 ss syscall nx rdtscp lm constant_tsc arch_perfmon pebs bts nopl xtopology tsc_reliable nonstop_tsc aperfmperf pni pclmulqdq ssse3 cx16 pcid sse4_1 sse4_2 x2apic popcnt tsc_deadline_timer aes xsave avx f16c rdrand hypervisor lahf_lm ida arat epb pln pts dtherm fsgsbase tsc_adjust smep
bugs		:
bogomips	: 6820.13
clflush size	: 64
cache_alignment	: 64
address sizes	: 42 bits physical, 48 bits virtual
power management:



Memory: 4k page, physical 3064604k(76188k free), swap 1045500k(508k free)

vm_info: OpenJDK 64-Bit Server VM (24.91-b01) for linux-amd64 JRE (1.7.0_91-b02), built on Nov 19 2015 06:14:37 by "buildd" with gcc 4.8.2

time: Tue Sep 13 16:55:21 2016
elapsed time: 38 seconds

