#
# There is insufficient memory for the Java Runtime Environment to continue.
# Native memory allocation (malloc) failed to allocate 68157440 bytes for committing reserved memory.
# Possible reasons:
#   The system is out of physical RAM or swap space
#   In 32 bit mode, the process size limit was hit
# Possible solutions:
#   Reduce memory load on the system
#   Increase physical memory or swap space
#   Check if swap backing store is full
#   Use 64 bit Java on a 64 bit OS
#   Decrease Java heap size (-Xmx/-Xms)
#   Decrease number of Java threads
#   Decrease Java thread stack sizes (-Xss)
#   Set larger code cache with -XX:ReservedCodeCacheSize=
# This output file may be truncated or incomplete.
#
#  Out of Memory Error (os_linux.cpp:2827), pid=54025, tid=140233103976192
#
# JRE version: OpenJDK Runtime Environment (7.0_91-b02) (build 1.7.0_91-b02)
# Java VM: OpenJDK 64-Bit Server VM (24.91-b01 mixed mode linux-amd64 compressed oops)
# Derivative: IcedTea 2.6.3
# Distribution: Ubuntu 14.04 LTS, package 7u91-2.6.3-0ubuntu0.14.04.1
# Failed to write core dump. Core dumps have been disabled. To enable core dumping, try "ulimit -c unlimited" before starting Java again
#

---------------  T H R E A D  ---------------

Current thread (0x00007f8a94076000):  VMThread [stack: 0x00007f8a90492000,0x00007f8a90593000] [id=54040]

Stack: [0x00007f8a90492000,0x00007f8a90593000],  sp=0x00007f8a90591490,  free space=1021k
Native frames: (J=compiled Java code, j=interpreted, Vv=VM code, C=native code)
V  [libjvm.so+0x953e15]  VMError::report_and_die()+0x175
V  [libjvm.so+0x48fd94]  report_vm_out_of_memory(char const*, int, unsigned long, char const*)+0x74
V  [libjvm.so+0x7cf87b]  os::pd_commit_memory(char*, unsigned long, unsigned long, bool)+0xeb
V  [libjvm.so+0x7ca33f]  os::commit_memory(char*, unsigned long, unsigned long, bool)+0x1f
V  [libjvm.so+0x83dacb]  PSVirtualSpace::expand_by(unsigned long)+0x5b
V  [libjvm.so+0x83e930]  PSYoungGen::resize_generation(unsigned long, unsigned long)+0xb0
V  [libjvm.so+0x83f01b]  PSYoungGen::resize(unsigned long, unsigned long)+0x1b
V  [libjvm.so+0x83b258]  PSScavenge::invoke_no_policy()+0xd68
V  [libjvm.so+0x83bac8]  PSScavenge::invoke()+0x38
V  [libjvm.so+0x7f2083]  ParallelScavengeHeap::failed_mem_allocate(unsigned long)+0x63
V  [libjvm.so+0x955814]  VM_ParallelGCFailedAllocation::doit()+0x84
V  [libjvm.so+0x959917]  VM_Operation::evaluate()+0x47
V  [libjvm.so+0x9583d8]  VMThread::evaluate_operation(VM_Operation*)+0x318
V  [libjvm.so+0x958839]  VMThread::loop()+0x219
V  [libjvm.so+0x958c82]  VMThread::run()+0x72
V  [libjvm.so+0x7cc742]  java_start(Thread*)+0xf2

VM_Operation (0x00007f8a9c7783f0): ParallelGCFailedAllocation, mode: safepoint, requested by thread 0x00007f8a9400a800


---------------  P R O C E S S  ---------------

Java Threads: ( => current thread )
  0x00007f8a940b1000 JavaThread "Service Thread" daemon [_thread_blocked, id=54046, stack(0x00007f8a891ec000,0x00007f8a892ed000)]
  0x00007f8a940ae800 JavaThread "C2 CompilerThread1" daemon [_thread_blocked, id=54045, stack(0x00007f8a892ed000,0x00007f8a893ee000)]
  0x00007f8a940ab800 JavaThread "C2 CompilerThread0" daemon [_thread_blocked, id=54044, stack(0x00007f8a9008e000,0x00007f8a9018f000)]
  0x00007f8a940a9800 JavaThread "Signal Dispatcher" daemon [_thread_blocked, id=54043, stack(0x00007f8a9018f000,0x00007f8a90290000)]
  0x00007f8a9407c000 JavaThread "Finalizer" daemon [_thread_blocked, id=54042, stack(0x00007f8a90290000,0x00007f8a90391000)]
  0x00007f8a9407a000 JavaThread "Reference Handler" daemon [_thread_blocked, id=54041, stack(0x00007f8a90391000,0x00007f8a90492000)]
  0x00007f8a9400a800 JavaThread "main" [_thread_blocked, id=54028, stack(0x00007f8a9c679000,0x00007f8a9c77a000)]

Other Threads:
=>0x00007f8a94076000 VMThread [stack: 0x00007f8a90492000,0x00007f8a90593000] [id=54040]
  0x00007f8a940bb800 WatcherThread [stack: 0x00007f8a890eb000,0x00007f8a891ec000] [id=54047]

VM state:at safepoint (normal execution)

VM Mutex/Monitor currently owned by a thread:  ([mutex/lock_event])
[0x00007f8a94006990] Threads_lock - owner thread: 0x00007f8a94076000
[0x00007f8a94006e90] Heap_lock - owner thread: 0x00007f8a9400a800

Heap
 PSYoungGen      total 107008K, used 13800K [0x00000000eaa80000, 0x00000000f2480000, 0x0000000100000000)
  eden space 93184K, 0% used [0x00000000eaa80000,0x00000000eaa80000,0x00000000f0580000)
  from space 13824K, 99% used [0x00000000f0580000,0x00000000f12fa298,0x00000000f1300000)
  to   space 9728K, 0% used [0x00000000f1300000,0x00000000f1300000,0x00000000f1c80000)
 ParOldGen       total 35328K, used 34840K [0x00000000c0000000, 0x00000000c2280000, 0x00000000eaa80000)
  object space 35328K, 98% used [0x00000000c0000000,0x00000000c22060c0,0x00000000c2280000)
 PSPermGen       total 21504K, used 5843K [0x00000000b5a00000, 0x00000000b6f00000, 0x00000000c0000000)
  object space 21504K, 27% used [0x00000000b5a00000,0x00000000b5fb4e30,0x00000000b6f00000)

Card table byte_map: [0x00007f8a99056000,0x00007f8a992aa000] byte_map_base: 0x00007f8a98aa9000

Polling page: 0x00007f8a9c793000

Code Cache  [0x00007f8a91000000, 0x00007f8a912c0000, 0x00007f8a94000000)
 total_blobs=890 nmethods=663 adapters=180 free_code_cache=46409Kb largest_free_block=47478848

Compilation events (10 events):
Event: 8.770 Thread 0x00007f8a940ab800  675             com.android.dx.cf.code.Frame::initializeWithParameters (49 bytes)
Event: 8.773 Thread 0x00007f8a940ab800 nmethod 675 0x00007f8a9128cf50 code [0x00007f8a9128d0c0, 0x00007f8a9128d308]
Event: 8.773 Thread 0x00007f8a940ab800  676             com.android.dx.rop.type.StdTypeList::getWordCount (33 bytes)
Event: 8.774 Thread 0x00007f8a940ae800  677             com.android.dx.ssa.DeadCodeRemover::process (14 bytes)
Event: 8.777 Thread 0x00007f8a940ae800 nmethod 677 0x00007f8a9128c8d0 code [0x00007f8a9128ca40, 0x00007f8a9128ccf8]
Event: 8.778 Thread 0x00007f8a940ae800  678             com.android.dx.ssa.DeadCodeRemover::<init> (44 bytes)
Event: 8.780 Thread 0x00007f8a940ae800 nmethod 678 0x00007f8a912897d0 code [0x00007f8a91289940, 0x00007f8a91289b88]
Event: 8.782 Thread 0x00007f8a940ab800 nmethod 676 0x00007f8a912892d0 code [0x00007f8a91289420, 0x00007f8a91289658]
Event: 8.792 Thread 0x00007f8a940ae800  679             com.android.dx.cf.iface.StdMethod::getEffectiveDescriptor (5 bytes)
Event: 8.793 Thread 0x00007f8a940ae800 nmethod 679 0x00007f8a91289d50 code [0x00007f8a91289e80, 0x00007f8a91289ed8]

GC Heap History (10 events):
Event: 2.812 GC heap after
Heap after GC invocations=4 (full 0):
 PSYoungGen      total 26624K, used 2016K [0x00000000eaa80000, 0x00000000ec680000, 0x0000000100000000)
  eden space 24576K, 0% used [0x00000000eaa80000,0x00000000eaa80000,0x00000000ec280000)
  from space 2048K, 98% used [0x00000000ec480000,0x00000000ec678048,0x00000000ec680000)
  to   space 2048K, 0% used [0x00000000ec280000,0x00000000ec280000,0x00000000ec480000)
 ParOldGen       total 31744K, used 6947K [0x00000000c0000000, 0x00000000c1f00000, 0x00000000eaa80000)
  object space 31744K, 21% used [0x00000000c0000000,0x00000000c06c8d88,0x00000000c1f00000)
 PSPermGen       total 21504K, used 5673K [0x00000000b5a00000, 0x00000000b6f00000, 0x00000000c0000000)
  object space 21504K, 26% used [0x00000000b5a00000,0x00000000b5f8a518,0x00000000b6f00000)
}
Event: 3.962 GC heap before
{Heap before GC invocations=5 (full 0):
 PSYoungGen      total 26624K, used 26592K [0x00000000eaa80000, 0x00000000ec680000, 0x0000000100000000)
  eden space 24576K, 100% used [0x00000000eaa80000,0x00000000ec280000,0x00000000ec280000)
  from space 2048K, 98% used [0x00000000ec480000,0x00000000ec678048,0x00000000ec680000)
  to   space 2048K, 0% used [0x00000000ec280000,0x00000000ec280000,0x00000000ec480000)
 ParOldGen       total 31744K, used 6947K [0x00000000c0000000, 0x00000000c1f00000, 0x00000000eaa80000)
  object space 31744K, 21% used [0x00000000c0000000,0x00000000c06c8d88,0x00000000c1f00000)
 PSPermGen       total 21504K, used 5708K [0x00000000b5a00000, 0x00000000b6f00000, 0x00000000c0000000)
  object space 21504K, 26% used [0x00000000b5a00000,0x00000000b5f93200,0x00000000b6f00000)
Event: 3.993 GC heap after
Heap after GC invocations=5 (full 0):
 PSYoungGen      total 26624K, used 2016K [0x00000000eaa80000, 0x00000000ee680000, 0x0000000100000000)
  eden space 24576K, 0% used [0x00000000eaa80000,0x00000000eaa80000,0x00000000ec280000)
  from space 2048K, 98% used [0x00000000ec280000,0x00000000ec478048,0x00000000ec480000)
  to   space 6144K, 0% used [0x00000000ee080000,0x00000000ee080000,0x00000000ee680000)
 ParOldGen       total 31744K, used 11346K [0x00000000c0000000, 0x00000000c1f00000, 0x00000000eaa80000)
  object space 31744K, 35% used [0x00000000c0000000,0x00000000c0b14ac0,0x00000000c1f00000)
 PSPermGen       total 21504K, used 5708K [0x00000000b5a00000, 0x00000000b6f00000, 0x00000000c0000000)
  object space 21504K, 26% used [0x00000000b5a00000,0x00000000b5f93200,0x00000000b6f00000)
}
Event: 4.797 GC heap before
{Heap before GC invocations=6 (full 0):
 PSYoungGen      total 26624K, used 26592K [0x00000000eaa80000, 0x00000000ee680000, 0x0000000100000000)
  eden space 24576K, 100% used [0x00000000eaa80000,0x00000000ec280000,0x00000000ec280000)
  from space 2048K, 98% used [0x00000000ec280000,0x00000000ec478048,0x00000000ec480000)
  to   space 6144K, 0% used [0x00000000ee080000,0x00000000ee080000,0x00000000ee680000)
 ParOldGen       total 31744K, used 11346K [0x00000000c0000000, 0x00000000c1f00000, 0x00000000eaa80000)
  object space 31744K, 35% used [0x00000000c0000000,0x00000000c0b14ac0,0x00000000c1f00000)
 PSPermGen       total 21504K, used 5716K [0x00000000b5a00000, 0x00000000b6f00000, 0x00000000c0000000)
  object space 21504K, 26% used [0x00000000b5a00000,0x00000000b5f95180,0x00000000b6f00000)
Event: 4.817 GC heap after
Heap after GC invocations=6 (full 0):
 PSYoungGen      total 54784K, used 5312K [0x00000000eaa80000, 0x00000000ee780000, 0x0000000100000000)
  eden space 48640K, 0% used [0x00000000eaa80000,0x00000000eaa80000,0x00000000eda00000)
  from space 6144K, 86% used [0x00000000ee080000,0x00000000ee5b0028,0x00000000ee680000)
  to   space 6656K, 0% used [0x00000000eda00000,0x00000000eda00000,0x00000000ee080000)
 ParOldGen       total 31744K, used 11346K [0x00000000c0000000, 0x00000000c1f00000, 0x00000000eaa80000)
  object space 31744K, 35% used [0x00000000c0000000,0x00000000c0b14ac0,0x00000000c1f00000)
 PSPermGen       total 21504K, used 5716K [0x00000000b5a00000, 0x00000000b6f00000, 0x00000000c0000000)
  object space 21504K, 26% used [0x00000000b5a00000,0x00000000b5f95180,0x00000000b6f00000)
}
Event: 6.290 GC heap before
{Heap before GC invocations=7 (full 0):
 PSYoungGen      total 54784K, used 53952K [0x00000000eaa80000, 0x00000000ee780000, 0x0000000100000000)
  eden space 48640K, 100% used [0x00000000eaa80000,0x00000000eda00000,0x00000000eda00000)
  from space 6144K, 86% used [0x00000000ee080000,0x00000000ee5b0028,0x00000000ee680000)
  to   space 6656K, 0% used [0x00000000eda00000,0x00000000eda00000,0x00000000ee080000)
 ParOldGen       total 31744K, used 11346K [0x00000000c0000000, 0x00000000c1f00000, 0x00000000eaa80000)
  object space 31744K, 35% used [0x00000000c0000000,0x00000000c0b14ac0,0x00000000c1f00000)
 PSPermGen       total 21504K, used 5745K [0x00000000b5a00000, 0x00000000b6f00000, 0x00000000c0000000)
  object space 21504K, 26% used [0x00000000b5a00000,0x00000000b5f9c7a8,0x00000000b6f00000)
Event: 6.339 GC heap after
Heap after GC invocations=7 (full 0):
 PSYoungGen      total 55296K, used 6633K [0x00000000eaa80000, 0x00000000f1c80000, 0x0000000100000000)
  eden space 48640K, 0% used [0x00000000eaa80000,0x00000000eaa80000,0x00000000eda00000)
  from space 6656K, 99% used [0x00000000eda00000,0x00000000ee07a438,0x00000000ee080000)
  to   space 9728K, 0% used [0x00000000f1300000,0x00000000f1300000,0x00000000f1c80000)
 ParOldGen       total 31744K, used 16467K [0x00000000c0000000, 0x00000000c1f00000, 0x00000000eaa80000)
  object space 31744K, 51% used [0x00000000c0000000,0x00000000c1014fa0,0x00000000c1f00000)
 PSPermGen       total 21504K, used 5745K [0x00000000b5a00000, 0x00000000b6f00000, 0x00000000c0000000)
  object space 21504K, 26% used [0x00000000b5a00000,0x00000000b5f9c7a8,0x00000000b6f00000)
}
Event: 7.160 GC heap before
{Heap before GC invocations=8 (full 0):
 PSYoungGen      total 55296K, used 55273K [0x00000000eaa80000, 0x00000000f1c80000, 0x0000000100000000)
  eden space 48640K, 100% used [0x00000000eaa80000,0x00000000eda00000,0x00000000eda00000)
  from space 6656K, 99% used [0x00000000eda00000,0x00000000ee07a438,0x00000000ee080000)
  to   space 9728K, 0% used [0x00000000f1300000,0x00000000f1300000,0x00000000f1c80000)
 ParOldGen       total 31744K, used 16467K [0x00000000c0000000, 0x00000000c1f00000, 0x00000000eaa80000)
  object space 31744K, 51% used [0x00000000c0000000,0x00000000c1014fa0,0x00000000c1f00000)
 PSPermGen       total 21504K, used 5783K [0x00000000b5a00000, 0x00000000b6f00000, 0x00000000c0000000)
  object space 21504K, 26% used [0x00000000b5a00000,0x00000000b5fa5f30,0x00000000b6f00000)
Event: 7.197 GC heap after
Heap after GC invocations=8 (full 0):
 PSYoungGen      total 102912K, used 9704K [0x00000000eaa80000, 0x00000000f2480000, 0x0000000100000000)
  eden space 93184K, 0% used [0x00000000eaa80000,0x00000000eaa80000,0x00000000f0580000)
  from space 9728K, 99% used [0x00000000f1300000,0x00000000f1c7a220,0x00000000f1c80000)
  to   space 13824K, 0% used [0x00000000f0580000,0x00000000f0580000,0x00000000f1300000)
 ParOldGen       total 31744K, used 21848K [0x00000000c0000000, 0x00000000c1f00000, 0x00000000eaa80000)
  object space 31744K, 68% used [0x00000000c0000000,0x00000000c1556368,0x00000000c1f00000)
 PSPermGen       total 21504K, used 5783K [0x00000000b5a00000, 0x00000000b6f00000, 0x00000000c0000000)
  object space 21504K, 26% used [0x00000000b5a00000,0x00000000b5fa5f30,0x00000000b6f00000)
}
Event: 8.794 GC heap before
{Heap before GC invocations=9 (full 0):
 PSYoungGen      total 102912K, used 102888K [0x00000000eaa80000, 0x00000000f2480000, 0x0000000100000000)
  eden space 93184K, 100% used [0x00000000eaa80000,0x00000000f0580000,0x00000000f0580000)
  from space 9728K, 99% used [0x00000000f1300000,0x00000000f1c7a220,0x00000000f1c80000)
  to   space 13824K, 0% used [0x00000000f0580000,0x00000000f0580000,0x00000000f1300000)
 ParOldGen       total 31744K, used 21848K [0x00000000c0000000, 0x00000000c1f00000, 0x00000000eaa80000)
  object space 31744K, 68% used [0x00000000c0000000,0x00000000c1556368,0x00000000c1f00000)
 PSPermGen       total 21504K, used 5843K [0x00000000b5a00000, 0x00000000b6f00000, 0x00000000c0000000)
  object space 21504K, 27% used [0x00000000b5a00000,0x00000000b5fb4e30,0x00000000b6f00000)

Deoptimization events (10 events):
Event: 7.070 Thread 0x00007f8a9400a800 Uncommon trap: reason=null_check action=make_not_entrant pc=0x00007f8a910b7ff8 method=com.android.dx.ssa.SsaRenamer.getLocalForNewReg(I)Lcom/android/dx/rop/code/LocalItem; @ 19
Event: 7.249 Thread 0x00007f8a9400a800 Uncommon trap: reason=null_check action=make_not_entrant pc=0x00007f8a91251a8c method=com.android.dx.dex.cf.AttributeTranslator.getSignature(Lcom/android/dx/cf/iface/AttributeList;)Lcom/android/dx/rop/annotation/Annotation; @ 8
Event: 7.704 Thread 0x00007f8a9400a800 Uncommon trap: reason=unstable_if action=reinterpret pc=0x00007f8a911d9ee8 method=com.android.dx.rop.code.LocalVariableExtractor.processBlock(I)V @ 138
Event: 7.704 Thread 0x00007f8a9400a800 Uncommon trap: reason=unstable_if action=reinterpret pc=0x00007f8a91107760 method=com.android.dx.rop.code.RegisterSpecSet.intersect(Lcom/android/dx/rop/code/RegisterSpecSet;Z)V @ 73
Event: 7.704 Thread 0x00007f8a9400a800 Uncommon trap: reason=unstable_if action=reinterpret pc=0x00007f8a910f7c40 method=com.android.dx.rop.code.RegisterSpecSet.equals(Ljava/lang/Object;)Z @ 41
Event: 7.704 Thread 0x00007f8a9400a800 Uncommon trap: reason=unstable_if action=reinterpret pc=0x00007f8a911e0990 method=com.android.dx.rop.code.LocalVariableInfo.mergeStarts(ILcom/android/dx/rop/code/RegisterSpecSet;)Z @ 56
Event: 7.771 Thread 0x00007f8a9400a800 Uncommon trap: reason=class_check action=maybe_recompile pc=0x00007f8a910da05c method=com.android.dx.ssa.ConstCollector.getConstsSortedByCountUse()Ljava/util/ArrayList; @ 168
Event: 8.024 Thread 0x00007f8a9400a800 Uncommon trap: reason=null_check action=make_not_entrant pc=0x00007f8a912754e0 method=com.android.dx.dex.file.FieldIdsSection.intern(Lcom/android/dx/rop/cst/CstFieldRef;)Lcom/android/dx/dex/file/FieldIdItem; @ 26
Event: 8.274 Thread 0x00007f8a9400a800 Uncommon trap: reason=unstable_if action=reinterpret pc=0x00007f8a9112c1a8 method=com.android.dx.ssa.PhiTypeResolver.equalsHandlesNulls(Lcom/android/dx/rop/code/LocalItem;Lcom/android/dx/rop/code/LocalItem;)Z @ 2
Event: 8.409 Thread 0x00007f8a9400a800 Uncommon trap: reason=class_check action=maybe_recompile pc=0x00007f8a910da05c method=com.android.dx.ssa.ConstCollector.getConstsSortedByCountUse()Ljava/util/ArrayList; @ 168

Internal exceptions (10 events):
Event: 3.525 Thread 0x00007f8a9400a800 Implicit null exception at 0x00007f8a9108f752 to 0x00007f8a9108f843
Event: 3.691 Thread 0x00007f8a9400a800 Threw 0x00000000ebd12458 at /build/openjdk-7-zaTxYK/openjdk-7-7u91-2.6.3/build/openjdk/hotspot/src/share/vm/prims/jvm.cpp:1322
Event: 5.482 Thread 0x00007f8a9400a800 Threw 0x00000000ec270e80 at /build/openjdk-7-zaTxYK/openjdk-7-7u91-2.6.3/build/openjdk/hotspot/src/share/vm/prims/jvm.cpp:1322
Event: 5.506 Thread 0x00007f8a9400a800 Threw 0x00000000ec338150 at /build/openjdk-7-zaTxYK/openjdk-7-7u91-2.6.3/build/openjdk/hotspot/src/share/vm/prims/jvm.cpp:1322
Event: 5.889 Thread 0x00007f8a9400a800 Implicit null exception at 0x00007f8a910d5734 to 0x00007f8a910d64dd
Event: 6.860 Thread 0x00007f8a9400a800 Implicit null exception at 0x00007f8a912226fc to 0x00007f8a91222726
Event: 7.070 Thread 0x00007f8a9400a800 Implicit null exception at 0x00007f8a910b70d3 to 0x00007f8a910b7fdd
Event: 7.249 Thread 0x00007f8a9400a800 Implicit null exception at 0x00007f8a9124ef04 to 0x00007f8a91251a75
Event: 7.704 Thread 0x00007f8a9400a800 Implicit null exception at 0x00007f8a91107239 to 0x00007f8a91107719
Event: 8.024 Thread 0x00007f8a9400a800 Implicit null exception at 0x00007f8a912735dc to 0x00007f8a912754c9

Events (10 events):
Event: 8.024 Thread 0x00007f8a9400a800 DEOPT UNPACKING pc=0x00007f8a91039445 sp=0x00007f8a9c7781c0 mode 2
Event: 8.274 Thread 0x00007f8a9400a800 Uncommon trap: trap_request=0xffffff75 fr.pc=0x00007f8a9112c1a8
Event: 8.274 Thread 0x00007f8a9400a800 DEOPT PACKING pc=0x00007f8a9112c1a8 sp=0x00007f8a9c777eb0
Event: 8.274 Thread 0x00007f8a9400a800 DEOPT UNPACKING pc=0x00007f8a91039445 sp=0x00007f8a9c777de0 mode 2
Event: 8.409 Thread 0x00007f8a9400a800 Uncommon trap: trap_request=0xffffffde fr.pc=0x00007f8a910da05c
Event: 8.409 Thread 0x00007f8a9400a800 DEOPT PACKING pc=0x00007f8a910da05c sp=0x00007f8a9c777e40
Event: 8.409 Thread 0x00007f8a9400a800 DEOPT UNPACKING pc=0x00007f8a91039445 sp=0x00007f8a9c777de8 mode 2
Event: 8.470 Thread 0x00007f8a940ab800 flushing nmethod 0x00007f8a9117fbd0
Event: 8.470 Thread 0x00007f8a940ab800 flushing nmethod 0x00007f8a9118d350
Event: 8.794 Executing VM operation: ParallelGCFailedAllocation


Dynamic libraries:
00400000-00401000 r-xp 00000000 08:01 4204455                            /usr/lib/jvm/java-7-openjdk-amd64/jre/bin/java
00600000-00601000 r--p 00000000 08:01 4204455                            /usr/lib/jvm/java-7-openjdk-amd64/jre/bin/java
00601000-00602000 rw-p 00001000 08:01 4204455                            /usr/lib/jvm/java-7-openjdk-amd64/jre/bin/java
021da000-021fb000 rw-p 00000000 00:00 0                                  [heap]
b5a00000-b6f00000 rw-p 00000000 00:00 0 
b6f00000-c0000000 rw-p 00000000 00:00 0 
c0000000-c2280000 rw-p 00000000 00:00 0 
c2280000-eaa80000 rw-p 00000000 00:00 0 
eaa80000-f2480000 rw-p 00000000 00:00 0 
f6580000-100000000 rw-p 00000000 00:00 0 
7f8a54000000-7f8a54021000 rw-p 00000000 00:00 0 
7f8a54021000-7f8a58000000 ---p 00000000 00:00 0 
7f8a5c000000-7f8a5d107000 rw-p 00000000 00:00 0 
7f8a5d107000-7f8a60000000 ---p 00000000 00:00 0 
7f8a60000000-7f8a60021000 rw-p 00000000 00:00 0 
7f8a60021000-7f8a64000000 ---p 00000000 00:00 0 
7f8a64000000-7f8a64021000 rw-p 00000000 00:00 0 
7f8a64021000-7f8a68000000 ---p 00000000 00:00 0 
7f8a68000000-7f8a6958d000 rw-p 00000000 00:00 0 
7f8a6958d000-7f8a6c000000 ---p 00000000 00:00 0 
7f8a6c000000-7f8a6c021000 rw-p 00000000 00:00 0 
7f8a6c021000-7f8a70000000 ---p 00000000 00:00 0 
7f8a70000000-7f8a70021000 rw-p 00000000 00:00 0 
7f8a70021000-7f8a74000000 ---p 00000000 00:00 0 
7f8a74000000-7f8a74021000 rw-p 00000000 00:00 0 
7f8a74021000-7f8a78000000 ---p 00000000 00:00 0 
7f8a78000000-7f8a78242000 rw-p 00000000 00:00 0 
7f8a78242000-7f8a7c000000 ---p 00000000 00:00 0 
7f8a7c000000-7f8a7c021000 rw-p 00000000 00:00 0 
7f8a7c021000-7f8a80000000 ---p 00000000 00:00 0 
7f8a8377c000-7f8a837b9000 r-xp 00000000 08:01 5116281                    /lib/x86_64-linux-gnu/libpcre.so.3.13.1
7f8a837b9000-7f8a839b8000 ---p 0003d000 08:01 5116281                    /lib/x86_64-linux-gnu/libpcre.so.3.13.1
7f8a839b8000-7f8a839b9000 r--p 0003c000 08:01 5116281                    /lib/x86_64-linux-gnu/libpcre.so.3.13.1
7f8a839b9000-7f8a839ba000 rw-p 0003d000 08:01 5116281                    /lib/x86_64-linux-gnu/libpcre.so.3.13.1
7f8a839ba000-7f8a839c1000 r-xp 00000000 08:01 4202859                    /usr/lib/x86_64-linux-gnu/libffi.so.6.0.1
7f8a839c1000-7f8a83bc0000 ---p 00007000 08:01 4202859                    /usr/lib/x86_64-linux-gnu/libffi.so.6.0.1
7f8a83bc0000-7f8a83bc1000 r--p 00006000 08:01 4202859                    /usr/lib/x86_64-linux-gnu/libffi.so.6.0.1
7f8a83bc1000-7f8a83bc2000 rw-p 00007000 08:01 4202859                    /usr/lib/x86_64-linux-gnu/libffi.so.6.0.1
7f8a83bc2000-7f8a83bd9000 r-xp 00000000 08:01 5116304                    /lib/x86_64-linux-gnu/libresolv-2.19.so
7f8a83bd9000-7f8a83dd9000 ---p 00017000 08:01 5116304                    /lib/x86_64-linux-gnu/libresolv-2.19.so
7f8a83dd9000-7f8a83dda000 r--p 00017000 08:01 5116304                    /lib/x86_64-linux-gnu/libresolv-2.19.so
7f8a83dda000-7f8a83ddb000 rw-p 00018000 08:01 5116304                    /lib/x86_64-linux-gnu/libresolv-2.19.so
7f8a83ddb000-7f8a83ddd000 rw-p 00000000 00:00 0 
7f8a83ddd000-7f8a83dfd000 r-xp 00000000 08:01 5116308                    /lib/x86_64-linux-gnu/libselinux.so.1
7f8a83dfd000-7f8a83ffc000 ---p 00020000 08:01 5116308                    /lib/x86_64-linux-gnu/libselinux.so.1
7f8a83ffc000-7f8a83ffd000 r--p 0001f000 08:01 5116308                    /lib/x86_64-linux-gnu/libselinux.so.1
7f8a83ffd000-7f8a83ffe000 rw-p 00020000 08:01 5116308                    /lib/x86_64-linux-gnu/libselinux.so.1
7f8a83ffe000-7f8a84000000 rw-p 00000000 00:00 0 
7f8a84000000-7f8a84021000 rw-p 00000000 00:00 0 
7f8a84021000-7f8a88000000 ---p 00000000 00:00 0 
7f8a881f1000-7f8a881f4000 r-xp 00000000 08:01 4202972                    /usr/lib/x86_64-linux-gnu/libgmodule-2.0.so.0.4002.0
7f8a881f4000-7f8a883f3000 ---p 00003000 08:01 4202972                    /usr/lib/x86_64-linux-gnu/libgmodule-2.0.so.0.4002.0
7f8a883f3000-7f8a883f4000 r--p 00002000 08:01 4202972                    /usr/lib/x86_64-linux-gnu/libgmodule-2.0.so.0.4002.0
7f8a883f4000-7f8a883f5000 rw-p 00003000 08:01 4202972                    /usr/lib/x86_64-linux-gnu/libgmodule-2.0.so.0.4002.0
7f8a883f5000-7f8a884fb000 r-xp 00000000 08:01 5116209                    /lib/x86_64-linux-gnu/libglib-2.0.so.0.4002.0
7f8a884fb000-7f8a886fa000 ---p 00106000 08:01 5116209                    /lib/x86_64-linux-gnu/libglib-2.0.so.0.4002.0
7f8a886fa000-7f8a886fb000 r--p 00105000 08:01 5116209                    /lib/x86_64-linux-gnu/libglib-2.0.so.0.4002.0
7f8a886fb000-7f8a886fc000 rw-p 00106000 08:01 5116209                    /lib/x86_64-linux-gnu/libglib-2.0.so.0.4002.0
7f8a886fc000-7f8a886fd000 rw-p 00000000 00:00 0 
7f8a886fd000-7f8a8874c000 r-xp 00000000 08:01 4202988                    /usr/lib/x86_64-linux-gnu/libgobject-2.0.so.0.4002.0
7f8a8874c000-7f8a8894c000 ---p 0004f000 08:01 4202988                    /usr/lib/x86_64-linux-gnu/libgobject-2.0.so.0.4002.0
7f8a8894c000-7f8a8894d000 r--p 0004f000 08:01 4202988                    /usr/lib/x86_64-linux-gnu/libgobject-2.0.so.0.4002.0
7f8a8894d000-7f8a8894e000 rw-p 00050000 08:01 4202988                    /usr/lib/x86_64-linux-gnu/libgobject-2.0.so.0.4002.0
7f8a8894e000-7f8a88aba000 r-xp 00000000 08:01 4202960                    /usr/lib/x86_64-linux-gnu/libgio-2.0.so.0.4002.0
7f8a88aba000-7f8a88cb9000 ---p 0016c000 08:01 4202960                    /usr/lib/x86_64-linux-gnu/libgio-2.0.so.0.4002.0
7f8a88cb9000-7f8a88cbd000 r--p 0016b000 08:01 4202960                    /usr/lib/x86_64-linux-gnu/libgio-2.0.so.0.4002.0
7f8a88cbd000-7f8a88cbf000 rw-p 0016f000 08:01 4202960                    /usr/lib/x86_64-linux-gnu/libgio-2.0.so.0.4002.0
7f8a88cbf000-7f8a88cc1000 rw-p 00000000 00:00 0 
7f8a88cc1000-7f8a88cd8000 r-xp 00000000 08:01 4204518                    /usr/lib/jvm/java-7-openjdk-amd64/jre/lib/amd64/libnet.so
7f8a88cd8000-7f8a88ed7000 ---p 00017000 08:01 4204518                    /usr/lib/jvm/java-7-openjdk-amd64/jre/lib/amd64/libnet.so
7f8a88ed7000-7f8a88ed8000 r--p 00016000 08:01 4204518                    /usr/lib/jvm/java-7-openjdk-amd64/jre/lib/amd64/libnet.so
7f8a88ed8000-7f8a88ed9000 rw-p 00017000 08:01 4204518                    /usr/lib/jvm/java-7-openjdk-amd64/jre/lib/amd64/libnet.so
7f8a88ed9000-7f8a88ee9000 r-xp 00000000 08:01 4204485                    /usr/lib/jvm/java-7-openjdk-amd64/jre/lib/amd64/libnio.so
7f8a88ee9000-7f8a890e9000 ---p 00010000 08:01 4204485                    /usr/lib/jvm/java-7-openjdk-amd64/jre/lib/amd64/libnio.so
7f8a890e9000-7f8a890ea000 r--p 00010000 08:01 4204485                    /usr/lib/jvm/java-7-openjdk-amd64/jre/lib/amd64/libnio.so
7f8a890ea000-7f8a890eb000 rw-p 00011000 08:01 4204485                    /usr/lib/jvm/java-7-openjdk-amd64/jre/lib/amd64/libnio.so
7f8a890eb000-7f8a890ec000 ---p 00000000 00:00 0 
7f8a890ec000-7f8a891ec000 rw-p 00000000 00:00 0                          [stack:54047]
7f8a891ec000-7f8a891ef000 ---p 00000000 00:00 0 
7f8a891ef000-7f8a892ed000 rw-p 00000000 00:00 0                          [stack:54046]
7f8a892ed000-7f8a892f0000 ---p 00000000 00:00 0 
7f8a892f0000-7f8a893ee000 rw-p 00000000 00:00 0                          [stack:54045]
7f8a893ee000-7f8a89ad0000 r--p 00000000 08:01 4201489                    /usr/lib/locale/locale-archive
7f8a89ad0000-7f8a8c000000 rw-p 00000000 00:00 0 
7f8a8c000000-7f8a8c021000 rw-p 00000000 00:00 0 
7f8a8c021000-7f8a90000000 ---p 00000000 00:00 0 
7f8a90032000-7f8a90063000 rw-p 00000000 00:00 0 
7f8a90078000-7f8a9008e000 r--s 00087000 08:01 2753554                    /home/joseph/sweepersd/app/SweeperSD/app/build/intermediates/exploded-aar/com.google.android.gms/play-services-games/8.3.0/jars/classes.jar
7f8a9008e000-7f8a90091000 ---p 00000000 00:00 0 
7f8a90091000-7f8a9018f000 rw-p 00000000 00:00 0                          [stack:54044]
7f8a9018f000-7f8a90192000 ---p 00000000 00:00 0 
7f8a90192000-7f8a90290000 rw-p 00000000 00:00 0                          [stack:54043]
7f8a90290000-7f8a90293000 ---p 00000000 00:00 0 
7f8a90293000-7f8a90391000 rw-p 00000000 00:00 0                          [stack:54042]
7f8a90391000-7f8a90394000 ---p 00000000 00:00 0 
7f8a90394000-7f8a90492000 rw-p 00000000 00:00 0                          [stack:54041]
7f8a90492000-7f8a90493000 ---p 00000000 00:00 0 
7f8a90493000-7f8a91000000 rw-p 00000000 00:00 0                          [stack:54040]
7f8a91000000-7f8a912c0000 rwxp 00000000 00:00 0 
7f8a912c0000-7f8a94224000 rw-p 00000000 00:00 0 
7f8a94224000-7f8a98000000 ---p 00000000 00:00 0 
7f8a9800d000-7f8a9801b000 r--s 000cf000 08:01 6029994                    /home/joseph/Android/Sdk/build-tools/19.1.0/lib/dx.jar
7f8a9801b000-7f8a985ab000 rw-p 00000000 00:00 0 
7f8a985ab000-7f8a9875d000 r--s 01d2e000 08:01 4204478                    /usr/lib/jvm/java-7-openjdk-amd64/jre/lib/rt.jar
7f8a9875d000-7f8a98aa9000 rw-p 00000000 00:00 0 
7f8a98aa9000-7f8a98aaa000 ---p 00000000 00:00 0 
7f8a98aaa000-7f8a98baa000 rw-p 00000000 00:00 0                          [stack:54037]
7f8a98baa000-7f8a98bab000 ---p 00000000 00:00 0 
7f8a98bab000-7f8a98cab000 rw-p 00000000 00:00 0                          [stack:54034]
7f8a98cab000-7f8a98cac000 ---p 00000000 00:00 0 
7f8a98cac000-7f8a98dac000 rw-p 00000000 00:00 0                          [stack:54032]
7f8a98dac000-7f8a98dad000 ---p 00000000 00:00 0 
7f8a98dad000-7f8a98eb8000 rw-p 00000000 00:00 0                          [stack:54031]
7f8a98eb8000-7f8a98f00000 rw-p 00000000 00:00 0 
7f8a98f00000-7f8a98f12000 rw-p 00000000 00:00 0 
7f8a98f12000-7f8a99056000 rw-p 00000000 00:00 0 
7f8a99056000-7f8a99061000 rw-p 00000000 00:00 0 
7f8a99061000-7f8a990a9000 rw-p 00000000 00:00 0 
7f8a990a9000-7f8a990bb000 rw-p 00000000 00:00 0 
7f8a990bb000-7f8a991fe000 rw-p 00000000 00:00 0 
7f8a991fe000-7f8a9923c000 rw-p 00000000 00:00 0 
7f8a9923c000-7f8a992a9000 rw-p 00000000 00:00 0 
7f8a992a9000-7f8a992aa000 rw-p 00000000 00:00 0 
7f8a992aa000-7f8a992b2000 r-xp 00000000 08:01 4204489                    /usr/lib/jvm/java-7-openjdk-amd64/jre/lib/amd64/libzip.so
7f8a992b2000-7f8a994b1000 ---p 00008000 08:01 4204489                    /usr/lib/jvm/java-7-openjdk-amd64/jre/lib/amd64/libzip.so
7f8a994b1000-7f8a994b2000 r--p 00007000 08:01 4204489                    /usr/lib/jvm/java-7-openjdk-amd64/jre/lib/amd64/libzip.so
7f8a994b2000-7f8a994b3000 rw-p 00008000 08:01 4204489                    /usr/lib/jvm/java-7-openjdk-amd64/jre/lib/amd64/libzip.so
7f8a994b3000-7f8a994be000 r-xp 00000000 08:01 5116253                    /lib/x86_64-linux-gnu/libnss_files-2.19.so
7f8a994be000-7f8a996bd000 ---p 0000b000 08:01 5116253                    /lib/x86_64-linux-gnu/libnss_files-2.19.so
7f8a996bd000-7f8a996be000 r--p 0000a000 08:01 5116253                    /lib/x86_64-linux-gnu/libnss_files-2.19.so
7f8a996be000-7f8a996bf000 rw-p 0000b000 08:01 5116253                    /lib/x86_64-linux-gnu/libnss_files-2.19.so
7f8a996bf000-7f8a996ca000 r-xp 00000000 08:01 5116263                    /lib/x86_64-linux-gnu/libnss_nis-2.19.so
7f8a996ca000-7f8a998c9000 ---p 0000b000 08:01 5116263                    /lib/x86_64-linux-gnu/libnss_nis-2.19.so
7f8a998c9000-7f8a998ca000 r--p 0000a000 08:01 5116263                    /lib/x86_64-linux-gnu/libnss_nis-2.19.so
7f8a998ca000-7f8a998cb000 rw-p 0000b000 08:01 5116263                    /lib/x86_64-linux-gnu/libnss_nis-2.19.so
7f8a998cb000-7f8a998e2000 r-xp 00000000 08:01 5116247                    /lib/x86_64-linux-gnu/libnsl-2.19.so
7f8a998e2000-7f8a99ae1000 ---p 00017000 08:01 5116247                    /lib/x86_64-linux-gnu/libnsl-2.19.so
7f8a99ae1000-7f8a99ae2000 r--p 00016000 08:01 5116247                    /lib/x86_64-linux-gnu/libnsl-2.19.so
7f8a99ae2000-7f8a99ae3000 rw-p 00017000 08:01 5116247                    /lib/x86_64-linux-gnu/libnsl-2.19.so
7f8a99ae3000-7f8a99ae5000 rw-p 00000000 00:00 0 
7f8a99ae5000-7f8a99aee000 r-xp 00000000 08:01 5116249                    /lib/x86_64-linux-gnu/libnss_compat-2.19.so
7f8a99aee000-7f8a99ced000 ---p 00009000 08:01 5116249                    /lib/x86_64-linux-gnu/libnss_compat-2.19.so
7f8a99ced000-7f8a99cee000 r--p 00008000 08:01 5116249                    /lib/x86_64-linux-gnu/libnss_compat-2.19.so
7f8a99cee000-7f8a99cef000 rw-p 00009000 08:01 5116249                    /lib/x86_64-linux-gnu/libnss_compat-2.19.so
7f8a99cef000-7f8a99d1a000 r-xp 00000000 08:01 4204497                    /usr/lib/jvm/java-7-openjdk-amd64/jre/lib/amd64/libjava.so
7f8a99d1a000-7f8a99f1a000 ---p 0002b000 08:01 4204497                    /usr/lib/jvm/java-7-openjdk-amd64/jre/lib/amd64/libjava.so
7f8a99f1a000-7f8a99f1b000 r--p 0002b000 08:01 4204497                    /usr/lib/jvm/java-7-openjdk-amd64/jre/lib/amd64/libjava.so
7f8a99f1b000-7f8a99f1d000 rw-p 0002c000 08:01 4204497                    /usr/lib/jvm/java-7-openjdk-amd64/jre/lib/amd64/libjava.so
7f8a99f1d000-7f8a99f2d000 r-xp 00000000 08:01 4204513                    /usr/lib/jvm/java-7-openjdk-amd64/jre/lib/amd64/libverify.so
7f8a99f2d000-7f8a9a12c000 ---p 00010000 08:01 4204513                    /usr/lib/jvm/java-7-openjdk-amd64/jre/lib/amd64/libverify.so
7f8a9a12c000-7f8a9a12e000 r--p 0000f000 08:01 4204513                    /usr/lib/jvm/java-7-openjdk-amd64/jre/lib/amd64/libverify.so
7f8a9a12e000-7f8a9a12f000 rw-p 00011000 08:01 4204513                    /usr/lib/jvm/java-7-openjdk-amd64/jre/lib/amd64/libverify.so
7f8a9a12f000-7f8a9a136000 r-xp 00000000 08:01 5116306                    /lib/x86_64-linux-gnu/librt-2.19.so
7f8a9a136000-7f8a9a335000 ---p 00007000 08:01 5116306                    /lib/x86_64-linux-gnu/librt-2.19.so
7f8a9a335000-7f8a9a336000 r--p 00006000 08:01 5116306                    /lib/x86_64-linux-gnu/librt-2.19.so
7f8a9a336000-7f8a9a337000 rw-p 00007000 08:01 5116306                    /lib/x86_64-linux-gnu/librt-2.19.so
7f8a9a337000-7f8a9a34d000 r-xp 00000000 08:01 5116205                    /lib/x86_64-linux-gnu/libgcc_s.so.1
7f8a9a34d000-7f8a9a54c000 ---p 00016000 08:01 5116205                    /lib/x86_64-linux-gnu/libgcc_s.so.1
7f8a9a54c000-7f8a9a54d000 rw-p 00015000 08:01 5116205                    /lib/x86_64-linux-gnu/libgcc_s.so.1
7f8a9a54d000-7f8a9a652000 r-xp 00000000 08:01 5116228                    /lib/x86_64-linux-gnu/libm-2.19.so
7f8a9a652000-7f8a9a851000 ---p 00105000 08:01 5116228                    /lib/x86_64-linux-gnu/libm-2.19.so
7f8a9a851000-7f8a9a852000 r--p 00104000 08:01 5116228                    /lib/x86_64-linux-gnu/libm-2.19.so
7f8a9a852000-7f8a9a853000 rw-p 00105000 08:01 5116228                    /lib/x86_64-linux-gnu/libm-2.19.so
7f8a9a853000-7f8a9a939000 r-xp 00000000 08:01 4203481                    /usr/lib/x86_64-linux-gnu/libstdc++.so.6.0.19
7f8a9a939000-7f8a9ab38000 ---p 000e6000 08:01 4203481                    /usr/lib/x86_64-linux-gnu/libstdc++.so.6.0.19
7f8a9ab38000-7f8a9ab40000 r--p 000e5000 08:01 4203481                    /usr/lib/x86_64-linux-gnu/libstdc++.so.6.0.19
7f8a9ab40000-7f8a9ab42000 rw-p 000ed000 08:01 4203481                    /usr/lib/x86_64-linux-gnu/libstdc++.so.6.0.19
7f8a9ab42000-7f8a9ab57000 rw-p 00000000 00:00 0 
7f8a9ab57000-7f8a9b67b000 r-xp 00000000 08:01 4204504                    /usr/lib/jvm/java-7-openjdk-amd64/jre/lib/amd64/server/libjvm.so
7f8a9b67b000-7f8a9b87b000 ---p 00b24000 08:01 4204504                    /usr/lib/jvm/java-7-openjdk-amd64/jre/lib/amd64/server/libjvm.so
7f8a9b87b000-7f8a9b915000 r--p 00b24000 08:01 4204504                    /usr/lib/jvm/java-7-openjdk-amd64/jre/lib/amd64/server/libjvm.so
7f8a9b915000-7f8a9b938000 rw-p 00bbe000 08:01 4204504                    /usr/lib/jvm/java-7-openjdk-amd64/jre/lib/amd64/server/libjvm.so
7f8a9b938000-7f8a9b966000 rw-p 00000000 00:00 0 
7f8a9b966000-7f8a9b97e000 r-xp 00000000 08:01 5116341                    /lib/x86_64-linux-gnu/libz.so.1.2.8
7f8a9b97e000-7f8a9bb7d000 ---p 00018000 08:01 5116341                    /lib/x86_64-linux-gnu/libz.so.1.2.8
7f8a9bb7d000-7f8a9bb7e000 r--p 00017000 08:01 5116341                    /lib/x86_64-linux-gnu/libz.so.1.2.8
7f8a9bb7e000-7f8a9bb7f000 rw-p 00018000 08:01 5116341                    /lib/x86_64-linux-gnu/libz.so.1.2.8
7f8a9bb7f000-7f8a9bb98000 r-xp 00000000 08:01 5116298                    /lib/x86_64-linux-gnu/libpthread-2.19.so
7f8a9bb98000-7f8a9bd97000 ---p 00019000 08:01 5116298                    /lib/x86_64-linux-gnu/libpthread-2.19.so
7f8a9bd97000-7f8a9bd98000 r--p 00018000 08:01 5116298                    /lib/x86_64-linux-gnu/libpthread-2.19.so
7f8a9bd98000-7f8a9bd99000 rw-p 00019000 08:01 5116298                    /lib/x86_64-linux-gnu/libpthread-2.19.so
7f8a9bd99000-7f8a9bd9d000 rw-p 00000000 00:00 0 
7f8a9bd9d000-7f8a9bda0000 r-xp 00000000 08:01 5116195                    /lib/x86_64-linux-gnu/libdl-2.19.so
7f8a9bda0000-7f8a9bf9f000 ---p 00003000 08:01 5116195                    /lib/x86_64-linux-gnu/libdl-2.19.so
7f8a9bf9f000-7f8a9bfa0000 r--p 00002000 08:01 5116195                    /lib/x86_64-linux-gnu/libdl-2.19.so
7f8a9bfa0000-7f8a9bfa1000 rw-p 00003000 08:01 5116195                    /lib/x86_64-linux-gnu/libdl-2.19.so
7f8a9bfa1000-7f8a9c15c000 r-xp 00000000 08:01 5116178                    /lib/x86_64-linux-gnu/libc-2.19.so
7f8a9c15c000-7f8a9c35b000 ---p 001bb000 08:01 5116178                    /lib/x86_64-linux-gnu/libc-2.19.so
7f8a9c35b000-7f8a9c35f000 r--p 001ba000 08:01 5116178                    /lib/x86_64-linux-gnu/libc-2.19.so
7f8a9c35f000-7f8a9c361000 rw-p 001be000 08:01 5116178                    /lib/x86_64-linux-gnu/libc-2.19.so
7f8a9c361000-7f8a9c366000 rw-p 00000000 00:00 0 
7f8a9c366000-7f8a9c373000 r-xp 00000000 08:01 4204515                    /usr/lib/jvm/java-7-openjdk-amd64/jre/lib/amd64/jli/libjli.so
7f8a9c373000-7f8a9c572000 ---p 0000d000 08:01 4204515                    /usr/lib/jvm/java-7-openjdk-amd64/jre/lib/amd64/jli/libjli.so
7f8a9c572000-7f8a9c573000 r--p 0000c000 08:01 4204515                    /usr/lib/jvm/java-7-openjdk-amd64/jre/lib/amd64/jli/libjli.so
7f8a9c573000-7f8a9c574000 rw-p 0000d000 08:01 4204515                    /usr/lib/jvm/java-7-openjdk-amd64/jre/lib/amd64/jli/libjli.so
7f8a9c574000-7f8a9c597000 r-xp 00000000 08:01 5116154                    /lib/x86_64-linux-gnu/ld-2.19.so
7f8a9c597000-7f8a9c599000 r--s 00006000 08:01 4595272                    /usr/share/java/java-atk-wrapper.jar
7f8a9c599000-7f8a9c59d000 r--s 00085000 08:01 4204470                    /usr/lib/jvm/java-7-openjdk-amd64/jre/lib/ext/localedata.jar
7f8a9c59d000-7f8a9c5a1000 r--s 0003c000 08:01 4204473                    /usr/lib/jvm/java-7-openjdk-amd64/jre/lib/ext/sunpkcs11.jar
7f8a9c5a1000-7f8a9c5c4000 rw-p 00000000 00:00 0 
7f8a9c5c4000-7f8a9c679000 rw-p 00000000 00:00 0 
7f8a9c679000-7f8a9c67c000 ---p 00000000 00:00 0 
7f8a9c67c000-7f8a9c780000 rw-p 00000000 00:00 0                          [stack:54028]
7f8a9c780000-7f8a9c782000 r--s 00012000 08:01 4204469                    /usr/lib/jvm/java-7-openjdk-amd64/jre/lib/ext/zipfs.jar
7f8a9c782000-7f8a9c783000 r--s 00002000 08:01 4204474                    /usr/lib/jvm/java-7-openjdk-amd64/jre/lib/ext/dnsns.jar
7f8a9c783000-7f8a9c787000 r--s 00034000 08:01 4204472                    /usr/lib/jvm/java-7-openjdk-amd64/jre/lib/ext/sunjce_provider.jar
7f8a9c787000-7f8a9c78a000 r--s 0000f000 08:01 4204471                    /usr/lib/jvm/java-7-openjdk-amd64/jre/lib/ext/icedtea-sound.jar
7f8a9c78a000-7f8a9c792000 rw-s 00000000 08:01 5909780                    /tmp/hsperfdata_joseph/54025
7f8a9c792000-7f8a9c793000 rw-p 00000000 00:00 0 
7f8a9c793000-7f8a9c794000 ---p 00000000 00:00 0 
7f8a9c794000-7f8a9c796000 rw-p 00000000 00:00 0 
7f8a9c796000-7f8a9c797000 r--p 00022000 08:01 5116154                    /lib/x86_64-linux-gnu/ld-2.19.so
7f8a9c797000-7f8a9c798000 rw-p 00023000 08:01 5116154                    /lib/x86_64-linux-gnu/ld-2.19.so
7f8a9c798000-7f8a9c799000 rw-p 00000000 00:00 0 
7fff98402000-7fff98423000 rw-p 00000000 00:00 0                          [stack]
7fff9846e000-7fff98470000 r--p 00000000 00:00 0                          [vvar]
7fff98470000-7fff98472000 r-xp 00000000 00:00 0                          [vdso]
ffffffffff600000-ffffffffff601000 r-xp 00000000 00:00 0                  [vsyscall]

VM Arguments:
jvm_args: -Djava.awt.headless=true -Xmx1024M -Dfile.encoding=UTF-8 -Duser.country=US -Duser.language=en -Duser.variant 
java_command: com.android.dx.command.Main --dex --output /home/joseph/sweepersd/app/SweeperSD/app/build/intermediates/pre-dexed/debug/com.google.android.gms-play-services-games-8.3.0_07f5ece63a35b39f5adb5fc4eeeba260ef1d66da.jar /home/joseph/sweepersd/app/SweeperSD/app/build/intermediates/exploded-aar/com.google.android.gms/play-services-games/8.3.0/jars/classes.jar
Launcher Type: SUN_STANDARD

Environment Variables:
PATH=/usr/local/sbin:/usr/local/bin:/usr/sbin:/usr/bin:/sbin:/bin:/usr/games:/usr/local/games
SHELL=/bin/bash
DISPLAY=:0

Signal Handlers:
SIGSEGV: [libjvm.so+0x9548f0], sa_mask[0]=0x7ffbfeff, sa_flags=0x10000004
SIGBUS: [libjvm.so+0x9548f0], sa_mask[0]=0x7ffbfeff, sa_flags=0x10000004
SIGFPE: [libjvm.so+0x7cb0b0], sa_mask[0]=0x7ffbfeff, sa_flags=0x10000004
SIGPIPE: [libjvm.so+0x7cb0b0], sa_mask[0]=0x7ffbfeff, sa_flags=0x10000004
SIGXFSZ: [libjvm.so+0x7cb0b0], sa_mask[0]=0x7ffbfeff, sa_flags=0x10000004
SIGILL: [libjvm.so+0x7cb0b0], sa_mask[0]=0x7ffbfeff, sa_flags=0x10000004
SIGUSR1: SIG_DFL, sa_mask[0]=0x00000000, sa_flags=0x00000000
SIGUSR2: [libjvm.so+0x7caf50], sa_mask[0]=0x00000004, sa_flags=0x10000004
SIGHUP: [libjvm.so+0x7cb130], sa_mask[0]=0x7ffbfeff, sa_flags=0x10000004
SIGINT: [libjvm.so+0x7cb130], sa_mask[0]=0x7ffbfeff, sa_flags=0x10000004
SIGTERM: [libjvm.so+0x7cb130], sa_mask[0]=0x7ffbfeff, sa_flags=0x10000004
SIGQUIT: [libjvm.so+0x7cb130], sa_mask[0]=0x7ffbfeff, sa_flags=0x10000004
SIGTRAP: SIG_DFL, sa_mask[0]=0x00000000, sa_flags=0x00000000


---------------  S Y S T E M  ---------------

OS:Ubuntu 14.04 (trusty)
uname:Linux 3.19.0-25-generic #26~14.04.1-Ubuntu SMP Fri Jul 24 21:16:20 UTC 2015 x86_64
libc:glibc 2.19 NPTL 2.19 
rlimit: STACK 8192k, CORE 0k, NPROC 11887, NOFILE 4096, AS infinity
load average:6.79 2.46 1.25

/proc/meminfo:
MemTotal:        3064604 kB
MemFree:           72364 kB
MemAvailable:      49880 kB
Buffers:             924 kB
Cached:            42192 kB
SwapCached:         9700 kB
Active:          1947168 kB
Inactive:         514664 kB
Active(anon):    1930460 kB
Inactive(anon):   496148 kB
Active(file):      16708 kB
Inactive(file):    18516 kB
Unevictable:          32 kB
Mlocked:              32 kB
SwapTotal:       1045500 kB
SwapFree:              0 kB
Dirty:               160 kB
Writeback:             0 kB
AnonPages:       2409136 kB
Mapped:            36992 kB
Shmem:              7756 kB
Slab:              80116 kB
SReclaimable:      32432 kB
SUnreclaim:        47684 kB
KernelStack:       12032 kB
PageTables:        35360 kB
NFS_Unstable:          0 kB
Bounce:                0 kB
WritebackTmp:          0 kB
CommitLimit:     2577800 kB
Committed_AS:    6825088 kB
VmallocTotal:   34359738367 kB
VmallocUsed:      178068 kB
VmallocChunk:   34359493312 kB
HardwareCorrupted:     0 kB
AnonHugePages:   1048576 kB
CmaTotal:              0 kB
CmaFree:               0 kB
HugePages_Total:       0
HugePages_Free:        0
HugePages_Rsvd:        0
HugePages_Surp:        0
Hugepagesize:       2048 kB
DirectMap4k:      311168 kB
DirectMap2M:     2834432 kB


CPU:total 4 (1 cores per cpu, 1 threads per core) family 6 model 58 stepping 9, cmov, cx8, fxsr, mmx, sse, sse2, sse3, ssse3, sse4.1, sse4.2, popcnt, avx, aes, erms, tsc, tscinvbit, tscinv

/proc/cpuinfo:
processor	: 0
vendor_id	: GenuineIntel
cpu family	: 6
model		: 58
model name	: Intel(R) Core(TM) i5-3570K CPU @ 3.40GHz
stepping	: 9
microcode	: 0x1b
cpu MHz		: 3410.059
cache size	: 6144 KB
physical id	: 0
siblings	: 1
core id		: 0
cpu cores	: 1
apicid		: 0
initial apicid	: 0
fpu		: yes
fpu_exception	: yes
cpuid level	: 13
wp		: yes
flags		: fpu vme de pse tsc msr pae mce cx8 apic sep mtrr pge mca cmov pat pse36 clflush dts mmx fxsr sse sse2 ss syscall nx rdtscp lm constant_tsc arch_perfmon pebs bts nopl xtopology tsc_reliable nonstop_tsc aperfmperf pni pclmulqdq ssse3 cx16 pcid sse4_1 sse4_2 x2apic popcnt tsc_deadline_timer aes xsave avx f16c rdrand hypervisor lahf_lm ida arat epb pln pts dtherm fsgsbase tsc_adjust smep
bugs		:
bogomips	: 6820.11
clflush size	: 64
cache_alignment	: 64
address sizes	: 42 bits physical, 48 bits virtual
power management:

processor	: 1
vendor_id	: GenuineIntel
cpu family	: 6
model		: 58
model name	: Intel(R) Core(TM) i5-3570K CPU @ 3.40GHz
stepping	: 9
microcode	: 0x1b
cpu MHz		: 3410.059
cache size	: 6144 KB
physical id	: 2
siblings	: 1
core id		: 0
cpu cores	: 1
apicid		: 2
initial apicid	: 2
fpu		: yes
fpu_exception	: yes
cpuid level	: 13
wp		: yes
flags		: fpu vme de pse tsc msr pae mce cx8 apic sep mtrr pge mca cmov pat pse36 clflush dts mmx fxsr sse sse2 ss syscall nx rdtscp lm constant_tsc arch_perfmon pebs bts nopl xtopology tsc_reliable nonstop_tsc aperfmperf pni pclmulqdq ssse3 cx16 pcid sse4_1 sse4_2 x2apic popcnt tsc_deadline_timer aes xsave avx f16c rdrand hypervisor lahf_lm ida arat epb pln pts dtherm fsgsbase tsc_adjust smep
bugs		:
bogomips	: 6820.11
clflush size	: 64
cache_alignment	: 64
address sizes	: 42 bits physical, 48 bits virtual
power management:

processor	: 2
vendor_id	: GenuineIntel
cpu family	: 6
model		: 58
model name	: Intel(R) Core(TM) i5-3570K CPU @ 3.40GHz
stepping	: 9
microcode	: 0x1b
cpu MHz		: 3410.059
cache size	: 6144 KB
physical id	: 4
siblings	: 1
core id		: 0
cpu cores	: 1
apicid		: 4
initial apicid	: 4
fpu		: yes
fpu_exception	: yes
cpuid level	: 13
wp		: yes
flags		: fpu vme de pse tsc msr pae mce cx8 apic sep mtrr pge mca cmov pat pse36 clflush dts mmx fxsr sse sse2 ss syscall nx rdtscp lm constant_tsc arch_perfmon pebs bts nopl xtopology tsc_reliable nonstop_tsc aperfmperf pni pclmulqdq ssse3 cx16 pcid sse4_1 sse4_2 x2apic popcnt tsc_deadline_timer aes xsave avx f16c rdrand hypervisor lahf_lm ida arat epb pln pts dtherm fsgsbase tsc_adjust smep
bugs		:
bogomips	: 6820.11
clflush size	: 64
cache_alignment	: 64
address sizes	: 42 bits physical, 48 bits virtual
power management:

processor	: 3
vendor_id	: GenuineIntel
cpu family	: 6
model		: 58
model name	: Intel(R) Core(TM) i5-3570K CPU @ 3.40GHz
stepping	: 9
microcode	: 0x1b
cpu MHz		: 3410.059
cache size	: 6144 KB
physical id	: 6
siblings	: 1
core id		: 0
cpu cores	: 1
apicid		: 6
initial apicid	: 6
fpu		: yes
fpu_exception	: yes
cpuid level	: 13
wp		: yes
flags		: fpu vme de pse tsc msr pae mce cx8 apic sep mtrr pge mca cmov pat pse36 clflush dts mmx fxsr sse sse2 ss syscall nx rdtscp lm constant_tsc arch_perfmon pebs bts nopl xtopology tsc_reliable nonstop_tsc aperfmperf pni pclmulqdq ssse3 cx16 pcid sse4_1 sse4_2 x2apic popcnt tsc_deadline_timer aes xsave avx f16c rdrand hypervisor lahf_lm ida arat epb pln pts dtherm fsgsbase tsc_adjust smep
bugs		:
bogomips	: 6820.11
clflush size	: 64
cache_alignment	: 64
address sizes	: 42 bits physical, 48 bits virtual
power management:



Memory: 4k page, physical 3064604k(72364k free), swap 1045500k(0k free)

vm_info: OpenJDK 64-Bit Server VM (24.91-b01) for linux-amd64 JRE (1.7.0_91-b02), built on Nov 19 2015 06:14:37 by "buildd" with gcc 4.8.2

time: Tue Mar 29 21:31:52 2016
elapsed time: 8 seconds

