#
# There is insufficient memory for the Java Runtime Environment to continue.
# Native memory allocation (malloc) failed to allocate 117440512 bytes for committing reserved memory.
# Possible reasons:
#   The system is out of physical RAM or swap space
#   In 32 bit mode, the process size limit was hit
# Possible solutions:
#   Reduce memory load on the system
#   Increase physical memory or swap space
#   Check if swap backing store is full
#   Use 64 bit Java on a 64 bit OS
#   Decrease Java heap size (-Xmx/-Xms)
#   Decrease number of Java threads
#   Decrease Java thread stack sizes (-Xss)
#   Set larger code cache with -XX:ReservedCodeCacheSize=
# This output file may be truncated or incomplete.
#
#  Out of Memory Error (os_linux.cpp:2827), pid=82681, tid=140130693015296
#
# JRE version: OpenJDK Runtime Environment (7.0_91-b02) (build 1.7.0_91-b02)
# Java VM: OpenJDK 64-Bit Server VM (24.91-b01 mixed mode linux-amd64 compressed oops)
# Derivative: IcedTea 2.6.3
# Distribution: Ubuntu 14.04 LTS, package 7u91-2.6.3-0ubuntu0.14.04.1
# Failed to write core dump. Core dumps have been disabled. To enable core dumping, try "ulimit -c unlimited" before starting Java again
#

---------------  T H R E A D  ---------------

Current thread (0x00007f72c0076000):  VMThread [stack: 0x00007f72b81de000,0x00007f72b82df000] [id=82718]

Stack: [0x00007f72b81de000,0x00007f72b82df000],  sp=0x00007f72b82dd490,  free space=1021k
Native frames: (J=compiled Java code, j=interpreted, Vv=VM code, C=native code)
V  [libjvm.so+0x953e15]  VMError::report_and_die()+0x175
V  [libjvm.so+0x48fd94]  report_vm_out_of_memory(char const*, int, unsigned long, char const*)+0x74
V  [libjvm.so+0x7cf87b]  os::pd_commit_memory(char*, unsigned long, unsigned long, bool)+0xeb
V  [libjvm.so+0x7ca33f]  os::commit_memory(char*, unsigned long, unsigned long, bool)+0x1f
V  [libjvm.so+0x83dacb]  PSVirtualSpace::expand_by(unsigned long)+0x5b
V  [libjvm.so+0x83e930]  PSYoungGen::resize_generation(unsigned long, unsigned long)+0xb0
V  [libjvm.so+0x83f01b]  PSYoungGen::resize(unsigned long, unsigned long)+0x1b
V  [libjvm.so+0x83b258]  PSScavenge::invoke_no_policy()+0xd68
V  [libjvm.so+0x83bac8]  PSScavenge::invoke()+0x38
V  [libjvm.so+0x7f2083]  ParallelScavengeHeap::failed_mem_allocate(unsigned long)+0x63
V  [libjvm.so+0x955814]  VM_ParallelGCFailedAllocation::doit()+0x84
V  [libjvm.so+0x959917]  VM_Operation::evaluate()+0x47
V  [libjvm.so+0x9583d8]  VMThread::evaluate_operation(VM_Operation*)+0x318
V  [libjvm.so+0x958839]  VMThread::loop()+0x219
V  [libjvm.so+0x958c82]  VMThread::run()+0x72
V  [libjvm.so+0x7cc742]  java_start(Thread*)+0xf2

VM_Operation (0x00007f72c69dcfa0): ParallelGCFailedAllocation, mode: safepoint, requested by thread 0x00007f72c000a800


---------------  P R O C E S S  ---------------

Java Threads: ( => current thread )
  0x00007f72c00af000 JavaThread "Service Thread" daemon [_thread_blocked, id=82735, stack(0x00007f72b3419000,0x00007f72b351a000)]
  0x00007f72c00ac800 JavaThread "C2 CompilerThread1" daemon [_thread_blocked, id=82733, stack(0x00007f72b351a000,0x00007f72b361b000)]
  0x00007f72c00a9800 JavaThread "C2 CompilerThread0" daemon [_thread_blocked, id=82732, stack(0x00007f72b361b000,0x00007f72b371c000)]
  0x00007f72c00a7800 JavaThread "Signal Dispatcher" daemon [_thread_blocked, id=82731, stack(0x00007f72b371c000,0x00007f72b381d000)]
  0x00007f72c007c000 JavaThread "Finalizer" daemon [_thread_blocked, id=82720, stack(0x00007f72b3eff000,0x00007f72b4000000)]
  0x00007f72c007a000 JavaThread "Reference Handler" daemon [_thread_blocked, id=82719, stack(0x00007f72b80dd000,0x00007f72b81de000)]
  0x00007f72c000a800 JavaThread "main" [_thread_blocked, id=82684, stack(0x00007f72c68de000,0x00007f72c69df000)]

Other Threads:
=>0x00007f72c0076000 VMThread [stack: 0x00007f72b81de000,0x00007f72b82df000] [id=82718]
  0x00007f72c00b9800 WatcherThread [stack: 0x00007f72b3318000,0x00007f72b3419000] [id=82736]

VM state:at safepoint (normal execution)

VM Mutex/Monitor currently owned by a thread:  ([mutex/lock_event])
[0x00007f72c0006970] Threads_lock - owner thread: 0x00007f72c0076000
[0x00007f72c0006e70] Heap_lock - owner thread: 0x00007f72c000a800

Heap
 PSYoungGen      total 109568K, used 12287K [0x00000000eaa80000, 0x00000000f2280000, 0x0000000100000000)
  eden space 97280K, 0% used [0x00000000eaa80000,0x00000000eaa80000,0x00000000f0980000)
  from space 12288K, 99% used [0x00000000f0980000,0x00000000f157fda0,0x00000000f1580000)
  to   space 11264K, 0% used [0x00000000f1580000,0x00000000f1580000,0x00000000f2080000)
 ParOldGen       total 34304K, used 34225K [0x00000000c0000000, 0x00000000c2180000, 0x00000000eaa80000)
  object space 34304K, 99% used [0x00000000c0000000,0x00000000c216c7b0,0x00000000c2180000)
 PSPermGen       total 21504K, used 5840K [0x00000000b5a00000, 0x00000000b6f00000, 0x00000000c0000000)
  object space 21504K, 27% used [0x00000000b5a00000,0x00000000b5fb41d8,0x00000000b6f00000)

Card table byte_map: [0x00007f72bc139000,0x00007f72bc38d000] byte_map_base: 0x00007f72bbb8c000

Polling page: 0x00007f72c69f8000

Code Cache  [0x00007f72bc38d000, 0x00007f72bc63d000, 0x00007f72bf38d000)
 total_blobs=870 nmethods=643 adapters=180 free_code_cache=46605Kb largest_free_block=47567040

Compilation events (10 events):
Event: 21.850 Thread 0x00007f72c00ac800  665             com.android.dx.rop.cst.CstNat::isInstanceInit (13 bytes)
Event: 21.852 Thread 0x00007f72c00ac800 nmethod 665 0x00007f72bc4ccd50 code [0x00007f72bc4ccea0, 0x00007f72bc4ccff8]
Event: 21.886 Thread 0x00007f72c00a9800  666             com.android.dx.ssa.SsaMethod$1::visitPhiInsn (17 bytes)
Event: 21.887 Thread 0x00007f72c00a9800 nmethod 666 0x00007f72bc60ea90 code [0x00007f72bc60ebe0, 0x00007f72bc60ecf8]
Event: 22.114 Thread 0x00007f72c00a9800  667             com.android.dx.rop.code.PlainCstInsn::withNewRegisters (22 bytes)
Event: 22.120 Thread 0x00007f72c00a9800 nmethod 667 0x00007f72bc609710 code [0x00007f72bc609860, 0x00007f72bc609a58]
Event: 22.125 Thread 0x00007f72c00ac800  668             com.android.dx.ssa.SsaMethod::onInsnRemoved (43 bytes)
Event: 22.127 Thread 0x00007f72c00ac800 nmethod 668 0x00007f72bc609210 code [0x00007f72bc609380, 0x00007f72bc609518]
Event: 22.130 Thread 0x00007f72c00ac800  669             com.android.dx.cf.iface.StdAttributeList::byteLength (35 bytes)
Event: 22.133 Thread 0x00007f72c00ac800 nmethod 669 0x00007f72bc608d10 code [0x00007f72bc608e60, 0x00007f72bc609018]

GC Heap History (10 events):
Event: 3.673 GC heap after
Heap after GC invocations=2 (full 0):
 PSYoungGen      total 26624K, used 2023K [0x00000000eaa80000, 0x00000000ec680000, 0x0000000100000000)
  eden space 24576K, 0% used [0x00000000eaa80000,0x00000000eaa80000,0x00000000ec280000)
  from space 2048K, 98% used [0x00000000ec480000,0x00000000ec679c68,0x00000000ec680000)
  to   space 2048K, 0% used [0x00000000ec280000,0x00000000ec280000,0x00000000ec480000)
 ParOldGen       total 31744K, used 3085K [0x00000000c0000000, 0x00000000c1f00000, 0x00000000eaa80000)
  object space 31744K, 9% used [0x00000000c0000000,0x00000000c03035f8,0x00000000c1f00000)
 PSPermGen       total 21504K, used 5579K [0x00000000b5a00000, 0x00000000b6f00000, 0x00000000c0000000)
  object space 21504K, 25% used [0x00000000b5a00000,0x00000000b5f72d68,0x00000000b6f00000)
}
Event: 8.201 GC heap before
{Heap before GC invocations=3 (full 0):
 PSYoungGen      total 26624K, used 26599K [0x00000000eaa80000, 0x00000000ec680000, 0x0000000100000000)
  eden space 24576K, 100% used [0x00000000eaa80000,0x00000000ec280000,0x00000000ec280000)
  from space 2048K, 98% used [0x00000000ec480000,0x00000000ec679c68,0x00000000ec680000)
  to   space 2048K, 0% used [0x00000000ec280000,0x00000000ec280000,0x00000000ec480000)
 ParOldGen       total 31744K, used 3085K [0x00000000c0000000, 0x00000000c1f00000, 0x00000000eaa80000)
  object space 31744K, 9% used [0x00000000c0000000,0x00000000c03035f8,0x00000000c1f00000)
 PSPermGen       total 21504K, used 5705K [0x00000000b5a00000, 0x00000000b6f00000, 0x00000000c0000000)
  object space 21504K, 26% used [0x00000000b5a00000,0x00000000b5f92420,0x00000000b6f00000)
Event: 8.302 GC heap after
Heap after GC invocations=3 (full 0):
 PSYoungGen      total 26624K, used 2016K [0x00000000eaa80000, 0x00000000ede80000, 0x0000000100000000)
  eden space 24576K, 0% used [0x00000000eaa80000,0x00000000eaa80000,0x00000000ec280000)
  from space 2048K, 98% used [0x00000000ec280000,0x00000000ec478028,0x00000000ec480000)
  to   space 2048K, 0% used [0x00000000edc80000,0x00000000edc80000,0x00000000ede80000)
 ParOldGen       total 31744K, used 7212K [0x00000000c0000000, 0x00000000c1f00000, 0x00000000eaa80000)
  object space 31744K, 22% used [0x00000000c0000000,0x00000000c070b220,0x00000000c1f00000)
 PSPermGen       total 21504K, used 5705K [0x00000000b5a00000, 0x00000000b6f00000, 0x00000000c0000000)
  object space 21504K, 26% used [0x00000000b5a00000,0x00000000b5f92420,0x00000000b6f00000)
}
Event: 10.694 GC heap before
{Heap before GC invocations=4 (full 0):
 PSYoungGen      total 26624K, used 26592K [0x00000000eaa80000, 0x00000000ede80000, 0x0000000100000000)
  eden space 24576K, 100% used [0x00000000eaa80000,0x00000000ec280000,0x00000000ec280000)
  from space 2048K, 98% used [0x00000000ec280000,0x00000000ec478028,0x00000000ec480000)
  to   space 2048K, 0% used [0x00000000edc80000,0x00000000edc80000,0x00000000ede80000)
 ParOldGen       total 31744K, used 7212K [0x00000000c0000000, 0x00000000c1f00000, 0x00000000eaa80000)
  object space 31744K, 22% used [0x00000000c0000000,0x00000000c070b220,0x00000000c1f00000)
 PSPermGen       total 21504K, used 5735K [0x00000000b5a00000, 0x00000000b6f00000, 0x00000000c0000000)
  object space 21504K, 26% used [0x00000000b5a00000,0x00000000b5f99f68,0x00000000b6f00000)
Event: 10.766 GC heap after
Heap after GC invocations=4 (full 0):
 PSYoungGen      total 51200K, used 2032K [0x00000000eaa80000, 0x00000000ede80000, 0x0000000100000000)
  eden space 49152K, 0% used [0x00000000eaa80000,0x00000000eaa80000,0x00000000eda80000)
  from space 2048K, 99% used [0x00000000edc80000,0x00000000ede7c3b0,0x00000000ede80000)
  to   space 2048K, 0% used [0x00000000eda80000,0x00000000eda80000,0x00000000edc80000)
 ParOldGen       total 31744K, used 11801K [0x00000000c0000000, 0x00000000c1f00000, 0x00000000eaa80000)
  object space 31744K, 37% used [0x00000000c0000000,0x00000000c0b86500,0x00000000c1f00000)
 PSPermGen       total 21504K, used 5735K [0x00000000b5a00000, 0x00000000b6f00000, 0x00000000c0000000)
  object space 21504K, 26% used [0x00000000b5a00000,0x00000000b5f99f68,0x00000000b6f00000)
}
Event: 14.017 GC heap before
{Heap before GC invocations=5 (full 0):
 PSYoungGen      total 51200K, used 51184K [0x00000000eaa80000, 0x00000000ede80000, 0x0000000100000000)
  eden space 49152K, 100% used [0x00000000eaa80000,0x00000000eda80000,0x00000000eda80000)
  from space 2048K, 99% used [0x00000000edc80000,0x00000000ede7c3b0,0x00000000ede80000)
  to   space 2048K, 0% used [0x00000000eda80000,0x00000000eda80000,0x00000000edc80000)
 ParOldGen       total 31744K, used 11801K [0x00000000c0000000, 0x00000000c1f00000, 0x00000000eaa80000)
  object space 31744K, 37% used [0x00000000c0000000,0x00000000c0b86500,0x00000000c1f00000)
 PSPermGen       total 21504K, used 5790K [0x00000000b5a00000, 0x00000000b6f00000, 0x00000000c0000000)
  object space 21504K, 26% used [0x00000000b5a00000,0x00000000b5fa7b30,0x00000000b6f00000)
Event: 14.075 GC heap after
Heap after GC invocations=5 (full 0):
 PSYoungGen      total 51200K, used 2032K [0x00000000eaa80000, 0x00000000f2080000, 0x0000000100000000)
  eden space 49152K, 0% used [0x00000000eaa80000,0x00000000eaa80000,0x00000000eda80000)
  from space 2048K, 99% used [0x00000000eda80000,0x00000000edc7c3b0,0x00000000edc80000)
  to   space 11264K, 0% used [0x00000000f1580000,0x00000000f1580000,0x00000000f2080000)
 ParOldGen       total 31744K, used 20273K [0x00000000c0000000, 0x00000000c1f00000, 0x00000000eaa80000)
  object space 31744K, 63% used [0x00000000c0000000,0x00000000c13cc6f8,0x00000000c1f00000)
 PSPermGen       total 21504K, used 5790K [0x00000000b5a00000, 0x00000000b6f00000, 0x00000000c0000000)
  object space 21504K, 26% used [0x00000000b5a00000,0x00000000b5fa7b30,0x00000000b6f00000)
}
Event: 15.878 GC heap before
{Heap before GC invocations=6 (full 0):
 PSYoungGen      total 51200K, used 51184K [0x00000000eaa80000, 0x00000000f2080000, 0x0000000100000000)
  eden space 49152K, 100% used [0x00000000eaa80000,0x00000000eda80000,0x00000000eda80000)
  from space 2048K, 99% used [0x00000000eda80000,0x00000000edc7c3b0,0x00000000edc80000)
  to   space 11264K, 0% used [0x00000000f1580000,0x00000000f1580000,0x00000000f2080000)
 ParOldGen       total 31744K, used 20273K [0x00000000c0000000, 0x00000000c1f00000, 0x00000000eaa80000)
  object space 31744K, 63% used [0x00000000c0000000,0x00000000c13cc6f8,0x00000000c1f00000)
 PSPermGen       total 21504K, used 5815K [0x00000000b5a00000, 0x00000000b6f00000, 0x00000000c0000000)
  object space 21504K, 27% used [0x00000000b5a00000,0x00000000b5fade18,0x00000000b6f00000)
Event: 16.470 GC heap after
Heap after GC invocations=6 (full 0):
 PSYoungGen      total 108544K, used 9867K [0x00000000eaa80000, 0x00000000f2280000, 0x0000000100000000)
  eden space 97280K, 0% used [0x00000000eaa80000,0x00000000eaa80000,0x00000000f0980000)
  from space 11264K, 87% used [0x00000000f1580000,0x00000000f1f22c50,0x00000000f2080000)
  to   space 12288K, 0% used [0x00000000f0980000,0x00000000f0980000,0x00000000f1580000)
 ParOldGen       total 31744K, used 20273K [0x00000000c0000000, 0x00000000c1f00000, 0x00000000eaa80000)
  object space 31744K, 63% used [0x00000000c0000000,0x00000000c13cc6f8,0x00000000c1f00000)
 PSPermGen       total 21504K, used 5815K [0x00000000b5a00000, 0x00000000b6f00000, 0x00000000c0000000)
  object space 21504K, 27% used [0x00000000b5a00000,0x00000000b5fade18,0x00000000b6f00000)
}
Event: 22.281 GC heap before
{Heap before GC invocations=7 (full 0):
 PSYoungGen      total 108544K, used 107147K [0x00000000eaa80000, 0x00000000f2280000, 0x0000000100000000)
  eden space 97280K, 100% used [0x00000000eaa80000,0x00000000f0980000,0x00000000f0980000)
  from space 11264K, 87% used [0x00000000f1580000,0x00000000f1f22c50,0x00000000f2080000)
  to   space 12288K, 0% used [0x00000000f0980000,0x00000000f0980000,0x00000000f1580000)
 ParOldGen       total 31744K, used 20273K [0x00000000c0000000, 0x00000000c1f00000, 0x00000000eaa80000)
  object space 31744K, 63% used [0x00000000c0000000,0x00000000c13cc6f8,0x00000000c1f00000)
 PSPermGen       total 21504K, used 5840K [0x00000000b5a00000, 0x00000000b6f00000, 0x00000000c0000000)
  object space 21504K, 27% used [0x00000000b5a00000,0x00000000b5fb41d8,0x00000000b6f00000)

Deoptimization events (10 events):
Event: 15.817 Thread 0x00007f72c000a800 Uncommon trap: reason=unstable_if action=reinterpret pc=0x00007f72bc4f5104 method=com.android.dx.ssa.PhiTypeResolver.run()V @ 91
Event: 16.561 Thread 0x00007f72c000a800 Uncommon trap: reason=bimorphic action=maybe_recompile pc=0x00007f72bc4dae6c method=com.android.dx.ssa.LiteralOpUpgrader.tryReplacingWithConstant(Lcom/android/dx/ssa/NormalSsaInsn;)Z @ 62
Event: 16.561 Thread 0x00007f72c000a800 Uncommon trap: reason=class_check action=maybe_recompile pc=0x00007f72bc513580 method=com.android.dx.ssa.ConstCollector.getConstsSortedByCountUse()Ljava/util/ArrayList; @ 168
Event: 16.736 Thread 0x00007f72c000a800 Uncommon trap: reason=null_check action=make_not_entrant pc=0x00007f72bc5cccf0 method=com.android.dx.dex.cf.AttributeTranslator.getSignature(Lcom/android/dx/cf/iface/AttributeList;)Lcom/android/dx/rop/annotation/Annotation; @ 8
Event: 17.144 Thread 0x00007f72c000a800 Uncommon trap: reason=bimorphic action=maybe_recompile pc=0x00007f72bc5bc1bc method=com.android.dx.cf.code.BytecodeArray.parseInstruction(ILcom/android/dx/cf/code/BytecodeArray$Visitor;)I @ 955
Event: 17.144 Thread 0x00007f72c000a800 Uncommon trap: reason=bimorphic action=maybe_recompile pc=0x00007f72bc5bbee0 method=com.android.dx.cf.code.BytecodeArray.parseInstruction(ILcom/android/dx/cf/code/BytecodeArray$Visitor;)I @ 1224
Event: 17.144 Thread 0x00007f72c000a800 Uncommon trap: reason=bimorphic action=maybe_recompile pc=0x00007f72bc5bc0c4 method=com.android.dx.cf.code.BytecodeArray.parseInstruction(ILcom/android/dx/cf/code/BytecodeArray$Visitor;)I @ 923
Event: 17.144 Thread 0x00007f72c000a800 Uncommon trap: reason=bimorphic action=maybe_recompile pc=0x00007f72bc5bbee0 method=com.android.dx.cf.code.BytecodeArray.parseInstruction(ILcom/android/dx/cf/code/BytecodeArray$Visitor;)I @ 1224
Event: 17.144 Thread 0x00007f72c000a800 Uncommon trap: reason=class_check action=maybe_recompile pc=0x00007f72bc48f784 method=com.android.dx.cf.code.Ropper.processBlock(Lcom/android/dx/cf/code/ByteBlock;Lcom/android/dx/cf/code/Frame;[I)V @ 781
Event: 21.021 Thread 0x00007f72c000a800 Uncommon trap: reason=unstable_if action=reinterpret pc=0x00007f72bc60c5f0 method=com.android.dx.cf.direct.StdAttributeFactory.parse0(Lcom/android/dx/cf/direct/DirectClassFile;ILjava/lang/String;IILcom/android/dx/cf/iface/ParseObserver;)Lcom/android/dx/cf

Internal exceptions (10 events):
Event: 5.599 Thread 0x00007f72c000a800 Threw 0x00000000eb675530 at /build/openjdk-7-zaTxYK/openjdk-7-7u91-2.6.3/build/openjdk/hotspot/src/share/vm/prims/jvm.cpp:1322
Event: 8.349 Thread 0x00007f72c000a800 Threw 0x00000000eaaf8650 at /build/openjdk-7-zaTxYK/openjdk-7-7u91-2.6.3/build/openjdk/hotspot/src/share/vm/prims/jvm.cpp:1322
Event: 10.574 Thread 0x00007f72c000a800 Implicit null exception at 0x00007f72bc4c8518 to 0x00007f72bc4c8b15
Event: 11.001 Thread 0x00007f72c000a800 Threw 0x00000000eaedc530 at /build/openjdk-7-zaTxYK/openjdk-7-7u91-2.6.3/build/openjdk/hotspot/src/share/vm/prims/jvm.cpp:1322
Event: 11.625 Thread 0x00007f72c000a800 Implicit null exception at 0x00007f72bc4c0efc to 0x00007f72bc4c1011
Event: 11.625 Thread 0x00007f72c000a800 Implicit null exception at 0x00007f72bc4d084a to 0x00007f72bc4d1265
Event: 14.135 Thread 0x00007f72c000a800 Implicit null exception at 0x00007f72bc41ad12 to 0x00007f72bc41ae03
Event: 16.548 Thread 0x00007f72c000a800 Threw 0x00000000eac01348 at /build/openjdk-7-zaTxYK/openjdk-7-7u91-2.6.3/build/openjdk/hotspot/src/share/vm/prims/jvm.cpp:1322
Event: 16.549 Thread 0x00007f72c000a800 Threw 0x00000000eac0cd58 at /build/openjdk-7-zaTxYK/openjdk-7-7u91-2.6.3/build/openjdk/hotspot/src/share/vm/prims/jvm.cpp:1322
Event: 16.736 Thread 0x00007f72c000a800 Implicit null exception at 0x00007f72bc5ca3a0 to 0x00007f72bc5ccce5

Events (10 events):
Event: 17.144 Thread 0x00007f72c000a800 DEOPT UNPACKING pc=0x00007f72bc3c6445 sp=0x00007f72c69dcf50 mode 2
Event: 20.603 Thread 0x00007f72c00a9800 flushing nmethod 0x00007f72bc4ccd50
Event: 20.609 Thread 0x00007f72c00ac800 flushing nmethod 0x00007f72bc5072d0
Event: 21.021 Thread 0x00007f72c000a800 Uncommon trap: trap_request=0xffffff75 fr.pc=0x00007f72bc60c5f0
Event: 21.022 Thread 0x00007f72c000a800 DEOPT PACKING pc=0x00007f72bc60c5f0 sp=0x00007f72c69dd0d0
Event: 21.022 Thread 0x00007f72c000a800 DEOPT UNPACKING pc=0x00007f72bc3c6445 sp=0x00007f72c69dd088 mode 2
Event: 21.438 Thread 0x00007f72c00a9800 flushing nmethod 0x00007f72bc51e850
Event: 21.438 Thread 0x00007f72c00a9800 flushing nmethod 0x00007f72bc548190
Event: 21.440 Thread 0x00007f72c00ac800 flushing nmethod 0x00007f72bc560390
Event: 22.281 Executing VM operation: ParallelGCFailedAllocation


Dynamic libraries:
00400000-00401000 r-xp 00000000 08:01 4204455                            /usr/lib/jvm/java-7-openjdk-amd64/jre/bin/java
00600000-00601000 r--p 00000000 08:01 4204455                            /usr/lib/jvm/java-7-openjdk-amd64/jre/bin/java
00601000-00602000 rw-p 00001000 08:01 4204455                            /usr/lib/jvm/java-7-openjdk-amd64/jre/bin/java
019d2000-019f3000 rw-p 00000000 00:00 0                                  [heap]
b5a00000-b6f00000 rw-p 00000000 00:00 0 
b6f00000-c0000000 rw-p 00000000 00:00 0 
c0000000-c2180000 rw-p 00000000 00:00 0 
c2180000-eaa80000 rw-p 00000000 00:00 0 
eaa80000-f2280000 rw-p 00000000 00:00 0 
f9280000-100000000 rw-p 00000000 00:00 0 
7f7284000000-7f7284021000 rw-p 00000000 00:00 0 
7f7284021000-7f7288000000 ---p 00000000 00:00 0 
7f7288000000-7f7288021000 rw-p 00000000 00:00 0 
7f7288021000-7f728c000000 ---p 00000000 00:00 0 
7f728c000000-7f728d685000 rw-p 00000000 00:00 0 
7f728d685000-7f7290000000 ---p 00000000 00:00 0 
7f7290000000-7f72913bd000 rw-p 00000000 00:00 0 
7f72913bd000-7f7294000000 ---p 00000000 00:00 0 
7f7294000000-7f7294021000 rw-p 00000000 00:00 0 
7f7294021000-7f7298000000 ---p 00000000 00:00 0 
7f7298000000-7f7298021000 rw-p 00000000 00:00 0 
7f7298021000-7f729c000000 ---p 00000000 00:00 0 
7f729c000000-7f729c242000 rw-p 00000000 00:00 0 
7f729c242000-7f72a0000000 ---p 00000000 00:00 0 
7f72a0000000-7f72a0021000 rw-p 00000000 00:00 0 
7f72a0021000-7f72a4000000 ---p 00000000 00:00 0 
7f72a4000000-7f72a4021000 rw-p 00000000 00:00 0 
7f72a4021000-7f72a8000000 ---p 00000000 00:00 0 
7f72a8000000-7f72a8021000 rw-p 00000000 00:00 0 
7f72a8021000-7f72ac000000 ---p 00000000 00:00 0 
7f72ac000000-7f72ac021000 rw-p 00000000 00:00 0 
7f72ac021000-7f72b0000000 ---p 00000000 00:00 0 
7f72b1b9a000-7f72b1bd7000 r-xp 00000000 08:01 5116281                    /lib/x86_64-linux-gnu/libpcre.so.3.13.1
7f72b1bd7000-7f72b1dd6000 ---p 0003d000 08:01 5116281                    /lib/x86_64-linux-gnu/libpcre.so.3.13.1
7f72b1dd6000-7f72b1dd7000 r--p 0003c000 08:01 5116281                    /lib/x86_64-linux-gnu/libpcre.so.3.13.1
7f72b1dd7000-7f72b1dd8000 rw-p 0003d000 08:01 5116281                    /lib/x86_64-linux-gnu/libpcre.so.3.13.1
7f72b1dd8000-7f72b1ddf000 r-xp 00000000 08:01 4202859                    /usr/lib/x86_64-linux-gnu/libffi.so.6.0.1
7f72b1ddf000-7f72b1fde000 ---p 00007000 08:01 4202859                    /usr/lib/x86_64-linux-gnu/libffi.so.6.0.1
7f72b1fde000-7f72b1fdf000 r--p 00006000 08:01 4202859                    /usr/lib/x86_64-linux-gnu/libffi.so.6.0.1
7f72b1fdf000-7f72b1fe0000 rw-p 00007000 08:01 4202859                    /usr/lib/x86_64-linux-gnu/libffi.so.6.0.1
7f72b1fe0000-7f72b1ff7000 r-xp 00000000 08:01 5116304                    /lib/x86_64-linux-gnu/libresolv-2.19.so
7f72b1ff7000-7f72b21f7000 ---p 00017000 08:01 5116304                    /lib/x86_64-linux-gnu/libresolv-2.19.so
7f72b21f7000-7f72b21f8000 r--p 00017000 08:01 5116304                    /lib/x86_64-linux-gnu/libresolv-2.19.so
7f72b21f8000-7f72b21f9000 rw-p 00018000 08:01 5116304                    /lib/x86_64-linux-gnu/libresolv-2.19.so
7f72b21f9000-7f72b21fb000 rw-p 00000000 00:00 0 
7f72b21fb000-7f72b221b000 r-xp 00000000 08:01 5116308                    /lib/x86_64-linux-gnu/libselinux.so.1
7f72b221b000-7f72b241a000 ---p 00020000 08:01 5116308                    /lib/x86_64-linux-gnu/libselinux.so.1
7f72b241a000-7f72b241b000 r--p 0001f000 08:01 5116308                    /lib/x86_64-linux-gnu/libselinux.so.1
7f72b241b000-7f72b241c000 rw-p 00020000 08:01 5116308                    /lib/x86_64-linux-gnu/libselinux.so.1
7f72b241c000-7f72b241e000 rw-p 00000000 00:00 0 
7f72b241e000-7f72b2421000 r-xp 00000000 08:01 4202972                    /usr/lib/x86_64-linux-gnu/libgmodule-2.0.so.0.4002.0
7f72b2421000-7f72b2620000 ---p 00003000 08:01 4202972                    /usr/lib/x86_64-linux-gnu/libgmodule-2.0.so.0.4002.0
7f72b2620000-7f72b2621000 r--p 00002000 08:01 4202972                    /usr/lib/x86_64-linux-gnu/libgmodule-2.0.so.0.4002.0
7f72b2621000-7f72b2622000 rw-p 00003000 08:01 4202972                    /usr/lib/x86_64-linux-gnu/libgmodule-2.0.so.0.4002.0
7f72b2622000-7f72b2728000 r-xp 00000000 08:01 5116209                    /lib/x86_64-linux-gnu/libglib-2.0.so.0.4002.0
7f72b2728000-7f72b2927000 ---p 00106000 08:01 5116209                    /lib/x86_64-linux-gnu/libglib-2.0.so.0.4002.0
7f72b2927000-7f72b2928000 r--p 00105000 08:01 5116209                    /lib/x86_64-linux-gnu/libglib-2.0.so.0.4002.0
7f72b2928000-7f72b2929000 rw-p 00106000 08:01 5116209                    /lib/x86_64-linux-gnu/libglib-2.0.so.0.4002.0
7f72b2929000-7f72b292a000 rw-p 00000000 00:00 0 
7f72b292a000-7f72b2979000 r-xp 00000000 08:01 4202988                    /usr/lib/x86_64-linux-gnu/libgobject-2.0.so.0.4002.0
7f72b2979000-7f72b2b79000 ---p 0004f000 08:01 4202988                    /usr/lib/x86_64-linux-gnu/libgobject-2.0.so.0.4002.0
7f72b2b79000-7f72b2b7a000 r--p 0004f000 08:01 4202988                    /usr/lib/x86_64-linux-gnu/libgobject-2.0.so.0.4002.0
7f72b2b7a000-7f72b2b7b000 rw-p 00050000 08:01 4202988                    /usr/lib/x86_64-linux-gnu/libgobject-2.0.so.0.4002.0
7f72b2b7b000-7f72b2ce7000 r-xp 00000000 08:01 4202960                    /usr/lib/x86_64-linux-gnu/libgio-2.0.so.0.4002.0
7f72b2ce7000-7f72b2ee6000 ---p 0016c000 08:01 4202960                    /usr/lib/x86_64-linux-gnu/libgio-2.0.so.0.4002.0
7f72b2ee6000-7f72b2eea000 r--p 0016b000 08:01 4202960                    /usr/lib/x86_64-linux-gnu/libgio-2.0.so.0.4002.0
7f72b2eea000-7f72b2eec000 rw-p 0016f000 08:01 4202960                    /usr/lib/x86_64-linux-gnu/libgio-2.0.so.0.4002.0
7f72b2eec000-7f72b2eee000 rw-p 00000000 00:00 0 
7f72b2eee000-7f72b2f05000 r-xp 00000000 08:01 4204518                    /usr/lib/jvm/java-7-openjdk-amd64/jre/lib/amd64/libnet.so
7f72b2f05000-7f72b3104000 ---p 00017000 08:01 4204518                    /usr/lib/jvm/java-7-openjdk-amd64/jre/lib/amd64/libnet.so
7f72b3104000-7f72b3105000 r--p 00016000 08:01 4204518                    /usr/lib/jvm/java-7-openjdk-amd64/jre/lib/amd64/libnet.so
7f72b3105000-7f72b3106000 rw-p 00017000 08:01 4204518                    /usr/lib/jvm/java-7-openjdk-amd64/jre/lib/amd64/libnet.so
7f72b3106000-7f72b3116000 r-xp 00000000 08:01 4204485                    /usr/lib/jvm/java-7-openjdk-amd64/jre/lib/amd64/libnio.so
7f72b3116000-7f72b3316000 ---p 00010000 08:01 4204485                    /usr/lib/jvm/java-7-openjdk-amd64/jre/lib/amd64/libnio.so
7f72b3316000-7f72b3317000 r--p 00010000 08:01 4204485                    /usr/lib/jvm/java-7-openjdk-amd64/jre/lib/amd64/libnio.so
7f72b3317000-7f72b3318000 rw-p 00011000 08:01 4204485                    /usr/lib/jvm/java-7-openjdk-amd64/jre/lib/amd64/libnio.so
7f72b3318000-7f72b3319000 ---p 00000000 00:00 0 
7f72b3319000-7f72b3419000 rw-p 00000000 00:00 0                          [stack:82736]
7f72b3419000-7f72b341c000 ---p 00000000 00:00 0 
7f72b341c000-7f72b351a000 rw-p 00000000 00:00 0                          [stack:82735]
7f72b351a000-7f72b351d000 ---p 00000000 00:00 0 
7f72b351d000-7f72b361b000 rw-p 00000000 00:00 0                          [stack:82733]
7f72b361b000-7f72b361e000 ---p 00000000 00:00 0 
7f72b361e000-7f72b371c000 rw-p 00000000 00:00 0                          [stack:82732]
7f72b371c000-7f72b371f000 ---p 00000000 00:00 0 
7f72b371f000-7f72b381d000 rw-p 00000000 00:00 0                          [stack:82731]
7f72b381d000-7f72b3eff000 r--p 00000000 08:01 4201489                    /usr/lib/locale/locale-archive
7f72b3eff000-7f72b3f02000 ---p 00000000 00:00 0 
7f72b3f02000-7f72b4000000 rw-p 00000000 00:00 0                          [stack:82720]
7f72b4000000-7f72b4021000 rw-p 00000000 00:00 0 
7f72b4021000-7f72b8000000 ---p 00000000 00:00 0 
7f72b8074000-7f72b80a5000 rw-p 00000000 00:00 0 
7f72b80ba000-7f72b80cf000 r--s 000e5000 08:01 1443161                    /home/joseph/sweepersd/app/SweeperSD/app/build/intermediates/exploded-aar/com.android.support/support-v4/23.1.1/jars/classes.jar
7f72b80cf000-7f72b80dd000 r--s 000cf000 08:01 6029994                    /home/joseph/Android/Sdk/build-tools/19.1.0/lib/dx.jar
7f72b80dd000-7f72b80e0000 ---p 00000000 00:00 0 
7f72b80e0000-7f72b81de000 rw-p 00000000 00:00 0                          [stack:82719]
7f72b81de000-7f72b81df000 ---p 00000000 00:00 0 
7f72b81df000-7f72b92dc000 rw-p 00000000 00:00 0                          [stack:82718]
7f72b92dc000-7f72b948e000 r--s 01d2e000 08:01 4204478                    /usr/lib/jvm/java-7-openjdk-amd64/jre/lib/rt.jar
7f72b948e000-7f72bbce2000 rw-p 00000000 00:00 0 
7f72bbce2000-7f72bbce3000 ---p 00000000 00:00 0 
7f72bbce3000-7f72bbde3000 rw-p 00000000 00:00 0                          [stack:82694]
7f72bbde3000-7f72bbde4000 ---p 00000000 00:00 0 
7f72bbde4000-7f72bbee4000 rw-p 00000000 00:00 0                          [stack:82693]
7f72bbee4000-7f72bbee5000 ---p 00000000 00:00 0 
7f72bbee5000-7f72bbfe5000 rw-p 00000000 00:00 0                          [stack:82692]
7f72bbfe5000-7f72bbfe6000 ---p 00000000 00:00 0 
7f72bbfe6000-7f72bc0f1000 rw-p 00000000 00:00 0                          [stack:82691]
7f72bc0f1000-7f72bc139000 rw-p 00000000 00:00 0 
7f72bc139000-7f72bc144000 rw-p 00000000 00:00 0 
7f72bc144000-7f72bc18c000 rw-p 00000000 00:00 0 
7f72bc18c000-7f72bc19d000 rw-p 00000000 00:00 0 
7f72bc19d000-7f72bc2e1000 rw-p 00000000 00:00 0 
7f72bc2e1000-7f72bc31e000 rw-p 00000000 00:00 0 
7f72bc31e000-7f72bc38c000 rw-p 00000000 00:00 0 
7f72bc38c000-7f72bc38d000 rw-p 00000000 00:00 0 
7f72bc38d000-7f72bc63d000 rwxp 00000000 00:00 0 
7f72bc63d000-7f72bf38d000 rw-p 00000000 00:00 0 
7f72bf38d000-7f72bf395000 r-xp 00000000 08:01 4204489                    /usr/lib/jvm/java-7-openjdk-amd64/jre/lib/amd64/libzip.so
7f72bf395000-7f72bf594000 ---p 00008000 08:01 4204489                    /usr/lib/jvm/java-7-openjdk-amd64/jre/lib/amd64/libzip.so
7f72bf594000-7f72bf595000 r--p 00007000 08:01 4204489                    /usr/lib/jvm/java-7-openjdk-amd64/jre/lib/amd64/libzip.so
7f72bf595000-7f72bf596000 rw-p 00008000 08:01 4204489                    /usr/lib/jvm/java-7-openjdk-amd64/jre/lib/amd64/libzip.so
7f72bf596000-7f72bf5a1000 r-xp 00000000 08:01 5116253                    /lib/x86_64-linux-gnu/libnss_files-2.19.so
7f72bf5a1000-7f72bf7a0000 ---p 0000b000 08:01 5116253                    /lib/x86_64-linux-gnu/libnss_files-2.19.so
7f72bf7a0000-7f72bf7a1000 r--p 0000a000 08:01 5116253                    /lib/x86_64-linux-gnu/libnss_files-2.19.so
7f72bf7a1000-7f72bf7a2000 rw-p 0000b000 08:01 5116253                    /lib/x86_64-linux-gnu/libnss_files-2.19.so
7f72bf7a2000-7f72bf7ad000 r-xp 00000000 08:01 5116263                    /lib/x86_64-linux-gnu/libnss_nis-2.19.so
7f72bf7ad000-7f72bf9ac000 ---p 0000b000 08:01 5116263                    /lib/x86_64-linux-gnu/libnss_nis-2.19.so
7f72bf9ac000-7f72bf9ad000 r--p 0000a000 08:01 5116263                    /lib/x86_64-linux-gnu/libnss_nis-2.19.so
7f72bf9ad000-7f72bf9ae000 rw-p 0000b000 08:01 5116263                    /lib/x86_64-linux-gnu/libnss_nis-2.19.so
7f72bf9ae000-7f72bf9c5000 r-xp 00000000 08:01 5116247                    /lib/x86_64-linux-gnu/libnsl-2.19.so
7f72bf9c5000-7f72bfbc4000 ---p 00017000 08:01 5116247                    /lib/x86_64-linux-gnu/libnsl-2.19.so
7f72bfbc4000-7f72bfbc5000 r--p 00016000 08:01 5116247                    /lib/x86_64-linux-gnu/libnsl-2.19.so
7f72bfbc5000-7f72bfbc6000 rw-p 00017000 08:01 5116247                    /lib/x86_64-linux-gnu/libnsl-2.19.so
7f72bfbc6000-7f72bfbc8000 rw-p 00000000 00:00 0 
7f72bfbc8000-7f72bfbd1000 r-xp 00000000 08:01 5116249                    /lib/x86_64-linux-gnu/libnss_compat-2.19.so
7f72bfbd1000-7f72bfdd0000 ---p 00009000 08:01 5116249                    /lib/x86_64-linux-gnu/libnss_compat-2.19.so
7f72bfdd0000-7f72bfdd1000 r--p 00008000 08:01 5116249                    /lib/x86_64-linux-gnu/libnss_compat-2.19.so
7f72bfdd1000-7f72bfdd2000 rw-p 00009000 08:01 5116249                    /lib/x86_64-linux-gnu/libnss_compat-2.19.so
7f72bfdd2000-7f72bfdfd000 r-xp 00000000 08:01 4204497                    /usr/lib/jvm/java-7-openjdk-amd64/jre/lib/amd64/libjava.so
7f72bfdfd000-7f72bfffd000 ---p 0002b000 08:01 4204497                    /usr/lib/jvm/java-7-openjdk-amd64/jre/lib/amd64/libjava.so
7f72bfffd000-7f72bfffe000 r--p 0002b000 08:01 4204497                    /usr/lib/jvm/java-7-openjdk-amd64/jre/lib/amd64/libjava.so
7f72bfffe000-7f72c0000000 rw-p 0002c000 08:01 4204497                    /usr/lib/jvm/java-7-openjdk-amd64/jre/lib/amd64/libjava.so
7f72c0000000-7f72c01fd000 rw-p 00000000 00:00 0 
7f72c01fd000-7f72c4000000 ---p 00000000 00:00 0 
7f72c4004000-7f72c403d000 rw-p 00000000 00:00 0 
7f72c403d000-7f72c4182000 rw-p 00000000 00:00 0 
7f72c4182000-7f72c4192000 r-xp 00000000 08:01 4204513                    /usr/lib/jvm/java-7-openjdk-amd64/jre/lib/amd64/libverify.so
7f72c4192000-7f72c4391000 ---p 00010000 08:01 4204513                    /usr/lib/jvm/java-7-openjdk-amd64/jre/lib/amd64/libverify.so
7f72c4391000-7f72c4393000 r--p 0000f000 08:01 4204513                    /usr/lib/jvm/java-7-openjdk-amd64/jre/lib/amd64/libverify.so
7f72c4393000-7f72c4394000 rw-p 00011000 08:01 4204513                    /usr/lib/jvm/java-7-openjdk-amd64/jre/lib/amd64/libverify.so
7f72c4394000-7f72c439b000 r-xp 00000000 08:01 5116306                    /lib/x86_64-linux-gnu/librt-2.19.so
7f72c439b000-7f72c459a000 ---p 00007000 08:01 5116306                    /lib/x86_64-linux-gnu/librt-2.19.so
7f72c459a000-7f72c459b000 r--p 00006000 08:01 5116306                    /lib/x86_64-linux-gnu/librt-2.19.so
7f72c459b000-7f72c459c000 rw-p 00007000 08:01 5116306                    /lib/x86_64-linux-gnu/librt-2.19.so
7f72c459c000-7f72c45b2000 r-xp 00000000 08:01 5116205                    /lib/x86_64-linux-gnu/libgcc_s.so.1
7f72c45b2000-7f72c47b1000 ---p 00016000 08:01 5116205                    /lib/x86_64-linux-gnu/libgcc_s.so.1
7f72c47b1000-7f72c47b2000 rw-p 00015000 08:01 5116205                    /lib/x86_64-linux-gnu/libgcc_s.so.1
7f72c47b2000-7f72c48b7000 r-xp 00000000 08:01 5116228                    /lib/x86_64-linux-gnu/libm-2.19.so
7f72c48b7000-7f72c4ab6000 ---p 00105000 08:01 5116228                    /lib/x86_64-linux-gnu/libm-2.19.so
7f72c4ab6000-7f72c4ab7000 r--p 00104000 08:01 5116228                    /lib/x86_64-linux-gnu/libm-2.19.so
7f72c4ab7000-7f72c4ab8000 rw-p 00105000 08:01 5116228                    /lib/x86_64-linux-gnu/libm-2.19.so
7f72c4ab8000-7f72c4b9e000 r-xp 00000000 08:01 4203481                    /usr/lib/x86_64-linux-gnu/libstdc++.so.6.0.19
7f72c4b9e000-7f72c4d9d000 ---p 000e6000 08:01 4203481                    /usr/lib/x86_64-linux-gnu/libstdc++.so.6.0.19
7f72c4d9d000-7f72c4da5000 r--p 000e5000 08:01 4203481                    /usr/lib/x86_64-linux-gnu/libstdc++.so.6.0.19
7f72c4da5000-7f72c4da7000 rw-p 000ed000 08:01 4203481                    /usr/lib/x86_64-linux-gnu/libstdc++.so.6.0.19
7f72c4da7000-7f72c4dbc000 rw-p 00000000 00:00 0 
7f72c4dbc000-7f72c58e0000 r-xp 00000000 08:01 4204504                    /usr/lib/jvm/java-7-openjdk-amd64/jre/lib/amd64/server/libjvm.so
7f72c58e0000-7f72c5ae0000 ---p 00b24000 08:01 4204504                    /usr/lib/jvm/java-7-openjdk-amd64/jre/lib/amd64/server/libjvm.so
7f72c5ae0000-7f72c5b7a000 r--p 00b24000 08:01 4204504                    /usr/lib/jvm/java-7-openjdk-amd64/jre/lib/amd64/server/libjvm.so
7f72c5b7a000-7f72c5b9d000 rw-p 00bbe000 08:01 4204504                    /usr/lib/jvm/java-7-openjdk-amd64/jre/lib/amd64/server/libjvm.so
7f72c5b9d000-7f72c5bcb000 rw-p 00000000 00:00 0 
7f72c5bcb000-7f72c5be3000 r-xp 00000000 08:01 5116341                    /lib/x86_64-linux-gnu/libz.so.1.2.8
7f72c5be3000-7f72c5de2000 ---p 00018000 08:01 5116341                    /lib/x86_64-linux-gnu/libz.so.1.2.8
7f72c5de2000-7f72c5de3000 r--p 00017000 08:01 5116341                    /lib/x86_64-linux-gnu/libz.so.1.2.8
7f72c5de3000-7f72c5de4000 rw-p 00018000 08:01 5116341                    /lib/x86_64-linux-gnu/libz.so.1.2.8
7f72c5de4000-7f72c5dfd000 r-xp 00000000 08:01 5116298                    /lib/x86_64-linux-gnu/libpthread-2.19.so
7f72c5dfd000-7f72c5ffc000 ---p 00019000 08:01 5116298                    /lib/x86_64-linux-gnu/libpthread-2.19.so
7f72c5ffc000-7f72c5ffd000 r--p 00018000 08:01 5116298                    /lib/x86_64-linux-gnu/libpthread-2.19.so
7f72c5ffd000-7f72c5ffe000 rw-p 00019000 08:01 5116298                    /lib/x86_64-linux-gnu/libpthread-2.19.so
7f72c5ffe000-7f72c6002000 rw-p 00000000 00:00 0 
7f72c6002000-7f72c6005000 r-xp 00000000 08:01 5116195                    /lib/x86_64-linux-gnu/libdl-2.19.so
7f72c6005000-7f72c6204000 ---p 00003000 08:01 5116195                    /lib/x86_64-linux-gnu/libdl-2.19.so
7f72c6204000-7f72c6205000 r--p 00002000 08:01 5116195                    /lib/x86_64-linux-gnu/libdl-2.19.so
7f72c6205000-7f72c6206000 rw-p 00003000 08:01 5116195                    /lib/x86_64-linux-gnu/libdl-2.19.so
7f72c6206000-7f72c63c1000 r-xp 00000000 08:01 5116178                    /lib/x86_64-linux-gnu/libc-2.19.so
7f72c63c1000-7f72c65c0000 ---p 001bb000 08:01 5116178                    /lib/x86_64-linux-gnu/libc-2.19.so
7f72c65c0000-7f72c65c4000 r--p 001ba000 08:01 5116178                    /lib/x86_64-linux-gnu/libc-2.19.so
7f72c65c4000-7f72c65c6000 rw-p 001be000 08:01 5116178                    /lib/x86_64-linux-gnu/libc-2.19.so
7f72c65c6000-7f72c65cb000 rw-p 00000000 00:00 0 
7f72c65cb000-7f72c65d8000 r-xp 00000000 08:01 4204515                    /usr/lib/jvm/java-7-openjdk-amd64/jre/lib/amd64/jli/libjli.so
7f72c65d8000-7f72c67d7000 ---p 0000d000 08:01 4204515                    /usr/lib/jvm/java-7-openjdk-amd64/jre/lib/amd64/jli/libjli.so
7f72c67d7000-7f72c67d8000 r--p 0000c000 08:01 4204515                    /usr/lib/jvm/java-7-openjdk-amd64/jre/lib/amd64/jli/libjli.so
7f72c67d8000-7f72c67d9000 rw-p 0000d000 08:01 4204515                    /usr/lib/jvm/java-7-openjdk-amd64/jre/lib/amd64/jli/libjli.so
7f72c67d9000-7f72c67fc000 r-xp 00000000 08:01 5116154                    /lib/x86_64-linux-gnu/ld-2.19.so
7f72c67fc000-7f72c67fe000 r--s 00006000 08:01 4595272                    /usr/share/java/java-atk-wrapper.jar
7f72c67fe000-7f72c6802000 r--s 00085000 08:01 4204470                    /usr/lib/jvm/java-7-openjdk-amd64/jre/lib/ext/localedata.jar
7f72c6802000-7f72c6806000 r--s 0003c000 08:01 4204473                    /usr/lib/jvm/java-7-openjdk-amd64/jre/lib/ext/sunpkcs11.jar
7f72c6806000-7f72c6829000 rw-p 00000000 00:00 0 
7f72c6829000-7f72c68de000 rw-p 00000000 00:00 0 
7f72c68de000-7f72c68e1000 ---p 00000000 00:00 0 
7f72c68e1000-7f72c69e5000 rw-p 00000000 00:00 0                          [stack:82684]
7f72c69e5000-7f72c69e7000 r--s 00012000 08:01 4204469                    /usr/lib/jvm/java-7-openjdk-amd64/jre/lib/ext/zipfs.jar
7f72c69e7000-7f72c69e8000 r--s 00002000 08:01 4204474                    /usr/lib/jvm/java-7-openjdk-amd64/jre/lib/ext/dnsns.jar
7f72c69e8000-7f72c69ec000 r--s 00034000 08:01 4204472                    /usr/lib/jvm/java-7-openjdk-amd64/jre/lib/ext/sunjce_provider.jar
7f72c69ec000-7f72c69ef000 r--s 0000f000 08:01 4204471                    /usr/lib/jvm/java-7-openjdk-amd64/jre/lib/ext/icedtea-sound.jar
7f72c69ef000-7f72c69f7000 rw-s 00000000 08:01 5909835                    /tmp/hsperfdata_joseph/82681
7f72c69f7000-7f72c69f8000 rw-p 00000000 00:00 0 
7f72c69f8000-7f72c69f9000 ---p 00000000 00:00 0 
7f72c69f9000-7f72c69fb000 rw-p 00000000 00:00 0 
7f72c69fb000-7f72c69fc000 r--p 00022000 08:01 5116154                    /lib/x86_64-linux-gnu/ld-2.19.so
7f72c69fc000-7f72c69fd000 rw-p 00023000 08:01 5116154                    /lib/x86_64-linux-gnu/ld-2.19.so
7f72c69fd000-7f72c69fe000 rw-p 00000000 00:00 0 
7ffc51eab000-7ffc51ecc000 rw-p 00000000 00:00 0                          [stack]
7ffc51ffb000-7ffc51ffd000 r--p 00000000 00:00 0                          [vvar]
7ffc51ffd000-7ffc51fff000 r-xp 00000000 00:00 0                          [vdso]
ffffffffff600000-ffffffffff601000 r-xp 00000000 00:00 0                  [vsyscall]

VM Arguments:
jvm_args: -Djava.awt.headless=true -Xmx1024M -Dfile.encoding=UTF-8 -Duser.country=US -Duser.language=en -Duser.variant 
java_command: com.android.dx.command.Main --dex --output /home/joseph/sweepersd/app/SweeperSD/app/build/intermediates/pre-dexed/debug/com.android.support-support-v4-23.1.1_e47247f93359e588f2349add4b74ab5ab99deb9f.jar /home/joseph/sweepersd/app/SweeperSD/app/build/intermediates/exploded-aar/com.android.support/support-v4/23.1.1/jars/classes.jar
Launcher Type: SUN_STANDARD

Environment Variables:
PATH=/usr/local/sbin:/usr/local/bin:/usr/sbin:/usr/bin:/sbin:/bin:/usr/games:/usr/local/games
SHELL=/bin/bash
DISPLAY=:0

Signal Handlers:
SIGSEGV: [libjvm.so+0x9548f0], sa_mask[0]=0x7ffbfeff, sa_flags=0x10000004
SIGBUS: [libjvm.so+0x9548f0], sa_mask[0]=0x7ffbfeff, sa_flags=0x10000004
SIGFPE: [libjvm.so+0x7cb0b0], sa_mask[0]=0x7ffbfeff, sa_flags=0x10000004
SIGPIPE: [libjvm.so+0x7cb0b0], sa_mask[0]=0x7ffbfeff, sa_flags=0x10000004
SIGXFSZ: [libjvm.so+0x7cb0b0], sa_mask[0]=0x7ffbfeff, sa_flags=0x10000004
SIGILL: [libjvm.so+0x7cb0b0], sa_mask[0]=0x7ffbfeff, sa_flags=0x10000004
SIGUSR1: SIG_DFL, sa_mask[0]=0x00000000, sa_flags=0x00000000
SIGUSR2: [libjvm.so+0x7caf50], sa_mask[0]=0x00000004, sa_flags=0x10000004
SIGHUP: [libjvm.so+0x7cb130], sa_mask[0]=0x7ffbfeff, sa_flags=0x10000004
SIGINT: [libjvm.so+0x7cb130], sa_mask[0]=0x7ffbfeff, sa_flags=0x10000004
SIGTERM: [libjvm.so+0x7cb130], sa_mask[0]=0x7ffbfeff, sa_flags=0x10000004
SIGQUIT: [libjvm.so+0x7cb130], sa_mask[0]=0x7ffbfeff, sa_flags=0x10000004
SIGTRAP: SIG_DFL, sa_mask[0]=0x00000000, sa_flags=0x00000000


---------------  S Y S T E M  ---------------

OS:Ubuntu 14.04 (trusty)
uname:Linux 3.19.0-25-generic #26~14.04.1-Ubuntu SMP Fri Jul 24 21:16:20 UTC 2015 x86_64
libc:glibc 2.19 NPTL 2.19 
rlimit: STACK 8192k, CORE 0k, NPROC 11887, NOFILE 4096, AS infinity
load average:6.63 2.20 1.26

/proc/meminfo:
MemTotal:        3064604 kB
MemFree:           57248 kB
MemAvailable:      24988 kB
Buffers:             380 kB
Cached:            24776 kB
SwapCached:          252 kB
Active:          1948040 kB
Inactive:         493552 kB
Active(anon):    1939272 kB
Inactive(anon):   487616 kB
Active(file):       8768 kB
Inactive(file):     5936 kB
Unevictable:          32 kB
Mlocked:              32 kB
SwapTotal:       1045500 kB
SwapFree:              0 kB
Dirty:                52 kB
Writeback:             0 kB
AnonPages:       2416796 kB
Mapped:            15924 kB
Shmem:              9888 kB
Slab:              81720 kB
SReclaimable:      33400 kB
SUnreclaim:        48320 kB
KernelStack:       12352 kB
PageTables:        37508 kB
NFS_Unstable:          0 kB
Bounce:                0 kB
WritebackTmp:          0 kB
CommitLimit:     2577800 kB
Committed_AS:    7102972 kB
VmallocTotal:   34359738367 kB
VmallocUsed:      178276 kB
VmallocChunk:   34359511768 kB
HardwareCorrupted:     0 kB
AnonHugePages:   1099776 kB
CmaTotal:              0 kB
CmaFree:               0 kB
HugePages_Total:       0
HugePages_Free:        0
HugePages_Rsvd:        0
HugePages_Surp:        0
Hugepagesize:       2048 kB
DirectMap4k:      325504 kB
DirectMap2M:     2820096 kB


CPU:total 4 (1 cores per cpu, 1 threads per core) family 6 model 58 stepping 9, cmov, cx8, fxsr, mmx, sse, sse2, sse3, ssse3, sse4.1, sse4.2, popcnt, avx, aes, erms, tsc, tscinvbit, tscinv

/proc/cpuinfo:
processor	: 0
vendor_id	: GenuineIntel
cpu family	: 6
model		: 58
model name	: Intel(R) Core(TM) i5-3570K CPU @ 3.40GHz
stepping	: 9
microcode	: 0x1b
cpu MHz		: 3410.059
cache size	: 6144 KB
physical id	: 0
siblings	: 1
core id		: 0
cpu cores	: 1
apicid		: 0
initial apicid	: 0
fpu		: yes
fpu_exception	: yes
cpuid level	: 13
wp		: yes
flags		: fpu vme de pse tsc msr pae mce cx8 apic sep mtrr pge mca cmov pat pse36 clflush dts mmx fxsr sse sse2 ss syscall nx rdtscp lm constant_tsc arch_perfmon pebs bts nopl xtopology tsc_reliable nonstop_tsc aperfmperf pni pclmulqdq ssse3 cx16 pcid sse4_1 sse4_2 x2apic popcnt tsc_deadline_timer aes xsave avx f16c rdrand hypervisor lahf_lm ida arat epb pln pts dtherm fsgsbase tsc_adjust smep
bugs		:
bogomips	: 6820.11
clflush size	: 64
cache_alignment	: 64
address sizes	: 42 bits physical, 48 bits virtual
power management:

processor	: 1
vendor_id	: GenuineIntel
cpu family	: 6
model		: 58
model name	: Intel(R) Core(TM) i5-3570K CPU @ 3.40GHz
stepping	: 9
microcode	: 0x1b
cpu MHz		: 3410.059
cache size	: 6144 KB
physical id	: 2
siblings	: 1
core id		: 0
cpu cores	: 1
apicid		: 2
initial apicid	: 2
fpu		: yes
fpu_exception	: yes
cpuid level	: 13
wp		: yes
flags		: fpu vme de pse tsc msr pae mce cx8 apic sep mtrr pge mca cmov pat pse36 clflush dts mmx fxsr sse sse2 ss syscall nx rdtscp lm constant_tsc arch_perfmon pebs bts nopl xtopology tsc_reliable nonstop_tsc aperfmperf pni pclmulqdq ssse3 cx16 pcid sse4_1 sse4_2 x2apic popcnt tsc_deadline_timer aes xsave avx f16c rdrand hypervisor lahf_lm ida arat epb pln pts dtherm fsgsbase tsc_adjust smep
bugs		:
bogomips	: 6820.11
clflush size	: 64
cache_alignment	: 64
address sizes	: 42 bits physical, 48 bits virtual
power management:

processor	: 2
vendor_id	: GenuineIntel
cpu family	: 6
model		: 58
model name	: Intel(R) Core(TM) i5-3570K CPU @ 3.40GHz
stepping	: 9
microcode	: 0x1b
cpu MHz		: 3410.059
cache size	: 6144 KB
physical id	: 4
siblings	: 1
core id		: 0
cpu cores	: 1
apicid		: 4
initial apicid	: 4
fpu		: yes
fpu_exception	: yes
cpuid level	: 13
wp		: yes
flags		: fpu vme de pse tsc msr pae mce cx8 apic sep mtrr pge mca cmov pat pse36 clflush dts mmx fxsr sse sse2 ss syscall nx rdtscp lm constant_tsc arch_perfmon pebs bts nopl xtopology tsc_reliable nonstop_tsc aperfmperf pni pclmulqdq ssse3 cx16 pcid sse4_1 sse4_2 x2apic popcnt tsc_deadline_timer aes xsave avx f16c rdrand hypervisor lahf_lm ida arat epb pln pts dtherm fsgsbase tsc_adjust smep
bugs		:
bogomips	: 6820.11
clflush size	: 64
cache_alignment	: 64
address sizes	: 42 bits physical, 48 bits virtual
power management:

processor	: 3
vendor_id	: GenuineIntel
cpu family	: 6
model		: 58
model name	: Intel(R) Core(TM) i5-3570K CPU @ 3.40GHz
stepping	: 9
microcode	: 0x1b
cpu MHz		: 3410.059
cache size	: 6144 KB
physical id	: 6
siblings	: 1
core id		: 0
cpu cores	: 1
apicid		: 6
initial apicid	: 6
fpu		: yes
fpu_exception	: yes
cpuid level	: 13
wp		: yes
flags		: fpu vme de pse tsc msr pae mce cx8 apic sep mtrr pge mca cmov pat pse36 clflush dts mmx fxsr sse sse2 ss syscall nx rdtscp lm constant_tsc arch_perfmon pebs bts nopl xtopology tsc_reliable nonstop_tsc aperfmperf pni pclmulqdq ssse3 cx16 pcid sse4_1 sse4_2 x2apic popcnt tsc_deadline_timer aes xsave avx f16c rdrand hypervisor lahf_lm ida arat epb pln pts dtherm fsgsbase tsc_adjust smep
bugs		:
bogomips	: 6820.11
clflush size	: 64
cache_alignment	: 64
address sizes	: 42 bits physical, 48 bits virtual
power management:



Memory: 4k page, physical 3064604k(57248k free), swap 1045500k(0k free)

vm_info: OpenJDK 64-Bit Server VM (24.91-b01) for linux-amd64 JRE (1.7.0_91-b02), built on Nov 19 2015 06:14:37 by "buildd" with gcc 4.8.2

time: Thu Mar 31 19:17:54 2016
elapsed time: 24 seconds

