#
# There is insufficient memory for the Java Runtime Environment to continue.
# Native memory allocation (malloc) failed to allocate 150470656 bytes for committing reserved memory.
# Possible reasons:
#   The system is out of physical RAM or swap space
#   In 32 bit mode, the process size limit was hit
# Possible solutions:
#   Reduce memory load on the system
#   Increase physical memory or swap space
#   Check if swap backing store is full
#   Use 64 bit Java on a 64 bit OS
#   Decrease Java heap size (-Xmx/-Xms)
#   Decrease number of Java threads
#   Decrease Java thread stack sizes (-Xss)
#   Set larger code cache with -XX:ReservedCodeCacheSize=
# This output file may be truncated or incomplete.
#
#  Out of Memory Error (os_linux.cpp:2827), pid=68099, tid=139649949939456
#
# JRE version: OpenJDK Runtime Environment (7.0_91-b02) (build 1.7.0_91-b02)
# Java VM: OpenJDK 64-Bit Server VM (24.91-b01 mixed mode linux-amd64 compressed oops)
# Derivative: IcedTea 2.6.3
# Distribution: Ubuntu 14.04 LTS, package 7u91-2.6.3-0ubuntu0.14.04.1
# Failed to write core dump. Core dumps have been disabled. To enable core dumping, try "ulimit -c unlimited" before starting Java again
#

---------------  T H R E A D  ---------------

Current thread (0x00007f02d0076000):  VMThread [stack: 0x00007f02c998b000,0x00007f02c9a8c000] [id=68108]

Stack: [0x00007f02c998b000,0x00007f02c9a8c000],  sp=0x00007f02c9a8a490,  free space=1021k
Native frames: (J=compiled Java code, j=interpreted, Vv=VM code, C=native code)
V  [libjvm.so+0x953e15]  VMError::report_and_die()+0x175
V  [libjvm.so+0x48fd94]  report_vm_out_of_memory(char const*, int, unsigned long, char const*)+0x74
V  [libjvm.so+0x7cf87b]  os::pd_commit_memory(char*, unsigned long, unsigned long, bool)+0xeb
V  [libjvm.so+0x7ca33f]  os::commit_memory(char*, unsigned long, unsigned long, bool)+0x1f
V  [libjvm.so+0x83dacb]  PSVirtualSpace::expand_by(unsigned long)+0x5b
V  [libjvm.so+0x82d86b]  PSOldGen::expand_by(unsigned long) [clone .part.79]+0x1b
V  [libjvm.so+0x82da2b]  PSOldGen::expand(unsigned long) [clone .part.80]+0xdb
V  [libjvm.so+0x82e958]  PSOldGen::resize(unsigned long)+0x188
V  [libjvm.so+0x8355b4]  PSParallelCompact::invoke_no_policy(bool)+0x9c4
V  [libjvm.so+0x83bc0d]  PSScavenge::invoke()+0x17d
V  [libjvm.so+0x7f2083]  ParallelScavengeHeap::failed_mem_allocate(unsigned long)+0x63
V  [libjvm.so+0x955814]  VM_ParallelGCFailedAllocation::doit()+0x84
V  [libjvm.so+0x959917]  VM_Operation::evaluate()+0x47
V  [libjvm.so+0x9583d8]  VMThread::evaluate_operation(VM_Operation*)+0x318
V  [libjvm.so+0x958839]  VMThread::loop()+0x219
V  [libjvm.so+0x958c82]  VMThread::run()+0x72
V  [libjvm.so+0x7cc742]  java_start(Thread*)+0xf2

VM_Operation (0x00007f029af6b0b0): ParallelGCFailedAllocation, mode: safepoint, requested by thread 0x00007f02d019e800


---------------  P R O C E S S  ---------------

Java Threads: ( => current thread )
  0x00007f02d019e800 JavaThread "pool-2-thread-4" [_thread_blocked, id=68121, stack(0x00007f029ae6c000,0x00007f029af6d000)]
  0x00007f02d019c800 JavaThread "pool-2-thread-3" [_thread_blocked, id=68120, stack(0x00007f029af6d000,0x00007f029b06e000)]
  0x00007f02d019b800 JavaThread "pool-2-thread-2" [_thread_blocked, id=68119, stack(0x00007f029b06e000,0x00007f029b16f000)]
  0x00007f02d0194000 JavaThread "pool-3-thread-1" [_thread_blocked, id=68118, stack(0x00007f029b16f000,0x00007f029b270000)]
  0x00007f02d0191000 JavaThread "pool-2-thread-1" [_thread_blocked, id=68117, stack(0x00007f02c8054000,0x00007f02c8155000)]
  0x00007f02d00af000 JavaThread "Service Thread" daemon [_thread_blocked, id=68114, stack(0x00007f02c8ca3000,0x00007f02c8da4000)]
  0x00007f02d00ac800 JavaThread "C2 CompilerThread1" daemon [_thread_blocked, id=68113, stack(0x00007f02c8da4000,0x00007f02c8ea5000)]
  0x00007f02d00a9800 JavaThread "C2 CompilerThread0" daemon [_thread_blocked, id=68112, stack(0x00007f02c8ea5000,0x00007f02c8fa6000)]
  0x00007f02d00a7800 JavaThread "Signal Dispatcher" daemon [_thread_blocked, id=68111, stack(0x00007f02c8fa6000,0x00007f02c90a7000)]
  0x00007f02d007c000 JavaThread "Finalizer" daemon [_thread_blocked, id=68110, stack(0x00007f02c9789000,0x00007f02c988a000)]
  0x00007f02d007a000 JavaThread "Reference Handler" daemon [_thread_blocked, id=68109, stack(0x00007f02c988a000,0x00007f02c998b000)]
  0x00007f02d000a800 JavaThread "main" [_thread_blocked, id=68101, stack(0x00007f02d8098000,0x00007f02d8199000)]

Other Threads:
=>0x00007f02d0076000 VMThread [stack: 0x00007f02c998b000,0x00007f02c9a8c000] [id=68108]
  0x00007f02d00b9800 WatcherThread [stack: 0x00007f02c8ba2000,0x00007f02c8ca3000] [id=68115]

VM state:at safepoint (normal execution)

VM Mutex/Monitor currently owned by a thread:  ([mutex/lock_event])
[0x00007f02d0006390] ExpandHeap_lock - owner thread: 0x00007f02d0076000
[0x00007f02d0006a10] Threads_lock - owner thread: 0x00007f02d0076000
[0x00007f02d0006f10] Heap_lock - owner thread: 0x00007f02d019e800

Heap
 PSYoungGen      total 216576K, used 42196K [0x00000000eaa80000, 0x0000000100000000, 0x0000000100000000)
  eden space 133632K, 0% used [0x00000000eaa80000,0x00000000eaa80000,0x00000000f2d00000)
  from space 82944K, 50% used [0x00000000faf00000,0x00000000fd8353c8,0x0000000100000000)
  to   space 108032K, 0% used [0x00000000f2d00000,0x00000000f2d00000,0x00000000f9680000)
 ParOldGen       total 207360K, used 206996K [0x00000000c0000000, 0x00000000cca80000, 0x00000000eaa80000)
  object space 207360K, 99% used [0x00000000c0000000,0x00000000cca252f8,0x00000000cca80000)
 PSPermGen       total 21504K, used 6293K [0x00000000b5a00000, 0x00000000b6f00000, 0x00000000c0000000)
  object space 21504K, 29% used [0x00000000b5a00000,0x00000000b6025598,0x00000000b6f00000)

Card table byte_map: [0x00007f02d4a76000,0x00007f02d4cca000] byte_map_base: 0x00007f02d44c9000

Polling page: 0x00007f02d81b3000

Code Cache  [0x00007f02cd000000, 0x00007f02cd300000, 0x00007f02d0000000)
 total_blobs=988 nmethods=757 adapters=184 free_code_cache=46210Kb largest_free_block=47230144

Compilation events (10 events):
Event: 21.041 Thread 0x00007f02d00ac800 nmethod 773 0x00007f02cd2d3850 code [0x00007f02cd2d3980, 0x00007f02cd2d39d8]
Event: 21.041 Thread 0x00007f02d00ac800  774 %           com.android.dx.ssa.DomFront::run @ 170 (264 bytes)
Event: 21.085 Thread 0x00007f02d00a9800 nmethod 767 0x00007f02cd1481d0 code [0x00007f02cd148320, 0x00007f02cd1484d8]
Event: 21.085 Thread 0x00007f02d00a9800  775             com.android.dx.ssa.back.FirstFitLocalCombiningAllocator::handleCheckCastResults (413 bytes)
Event: 21.131 Thread 0x00007f02d00ac800 nmethod 774% 0x00007f02cd17c950 code [0x00007f02cd17cb40, 0x00007f02cd17d6c8]
Event: 21.131 Thread 0x00007f02d00ac800  776             com.android.dx.rop.cst.CstNat::isCategory2 (2 bytes)
Event: 21.131 Thread 0x00007f02d00ac800 nmethod 776 0x00007f02cd2d3610 code [0x00007f02cd2d3740, 0x00007f02cd2d3798]
Event: 21.131 Thread 0x00007f02d00ac800  777             com.android.dx.cf.code.BasicBlocker::visitNoArgs (298 bytes)
Event: 21.235 Thread 0x00007f02d00ac800 nmethod 777 0x00007f02cd17ae10 code [0x00007f02cd17b100, 0x00007f02cd17ba30]
Event: 21.235 Thread 0x00007f02d00ac800  778   !         com.android.dx.cf.code.Ropper::processBlock (1101 bytes)

GC Heap History (10 events):
Event: 16.691 GC heap after
Heap after GC invocations=16 (full 3):
 PSYoungGen      total 219136K, used 37360K [0x00000000eaa80000, 0x0000000100000000, 0x0000000100000000)
  eden space 143360K, 0% used [0x00000000eaa80000,0x00000000eaa80000,0x00000000f3680000)
  from space 75776K, 49% used [0x00000000f3680000,0x00000000f5afc180,0x00000000f8080000)
  to   space 81408K, 0% used [0x00000000fb080000,0x00000000fb080000,0x0000000100000000)
 ParOldGen       total 266752K, used 176394K [0x00000000c0000000, 0x00000000d0480000, 0x00000000eaa80000)
  object space 266752K, 66% used [0x00000000c0000000,0x00000000cac429d8,0x00000000d0480000)
 PSPermGen       total 21504K, used 6278K [0x00000000b5a00000, 0x00000000b6f00000, 0x00000000c0000000)
  object space 21504K, 29% used [0x00000000b5a00000,0x00000000b6021a80,0x00000000b6f00000)
}
Event: 18.161 GC heap before
{Heap before GC invocations=17 (full 3):
 PSYoungGen      total 219136K, used 180720K [0x00000000eaa80000, 0x0000000100000000, 0x0000000100000000)
  eden space 143360K, 100% used [0x00000000eaa80000,0x00000000f3680000,0x00000000f3680000)
  from space 75776K, 49% used [0x00000000f3680000,0x00000000f5afc180,0x00000000f8080000)
  to   space 81408K, 0% used [0x00000000fb080000,0x00000000fb080000,0x0000000100000000)
 ParOldGen       total 266752K, used 176394K [0x00000000c0000000, 0x00000000d0480000, 0x00000000eaa80000)
  object space 266752K, 66% used [0x00000000c0000000,0x00000000cac429d8,0x00000000d0480000)
 PSPermGen       total 21504K, used 6288K [0x00000000b5a00000, 0x00000000b6f00000, 0x00000000c0000000)
  object space 21504K, 29% used [0x00000000b5a00000,0x00000000b6024098,0x00000000b6f00000)
Event: 18.419 GC heap after
Heap after GC invocations=17 (full 3):
 PSYoungGen      total 265216K, used 46370K [0x00000000eaa80000, 0x0000000100000000, 0x0000000100000000)
  eden space 183808K, 0% used [0x00000000eaa80000,0x00000000eaa80000,0x00000000f5e00000)
  from space 81408K, 56% used [0x00000000fb080000,0x00000000fddc8b68,0x0000000100000000)
  to   space 82944K, 0% used [0x00000000f5e00000,0x00000000f5e00000,0x00000000faf00000)
 ParOldGen       total 266752K, used 213129K [0x00000000c0000000, 0x00000000d0480000, 0x00000000eaa80000)
  object space 266752K, 79% used [0x00000000c0000000,0x00000000cd0224d8,0x00000000d0480000)
 PSPermGen       total 21504K, used 6288K [0x00000000b5a00000, 0x00000000b6f00000, 0x00000000c0000000)
  object space 21504K, 29% used [0x00000000b5a00000,0x00000000b6024098,0x00000000b6f00000)
}
Event: 18.419 GC heap before
{Heap before GC invocations=18 (full 4):
 PSYoungGen      total 265216K, used 46370K [0x00000000eaa80000, 0x0000000100000000, 0x0000000100000000)
  eden space 183808K, 0% used [0x00000000eaa80000,0x00000000eaa80000,0x00000000f5e00000)
  from space 81408K, 56% used [0x00000000fb080000,0x00000000fddc8b68,0x0000000100000000)
  to   space 82944K, 0% used [0x00000000f5e00000,0x00000000f5e00000,0x00000000faf00000)
 ParOldGen       total 266752K, used 213129K [0x00000000c0000000, 0x00000000d0480000, 0x00000000eaa80000)
  object space 266752K, 79% used [0x00000000c0000000,0x00000000cd0224d8,0x00000000d0480000)
 PSPermGen       total 21504K, used 6288K [0x00000000b5a00000, 0x00000000b6f00000, 0x00000000c0000000)
  object space 21504K, 29% used [0x00000000b5a00000,0x00000000b6024098,0x00000000b6f00000)
Event: 19.074 GC heap after
Heap after GC invocations=18 (full 4):
 PSYoungGen      total 265216K, used 0K [0x00000000eaa80000, 0x0000000100000000, 0x0000000100000000)
  eden space 183808K, 0% used [0x00000000eaa80000,0x00000000eaa80000,0x00000000f5e00000)
  from space 81408K, 0% used [0x00000000fb080000,0x00000000fb080000,0x0000000100000000)
  to   space 82944K, 0% used [0x00000000f5e00000,0x00000000f5e00000,0x00000000faf00000)
 ParOldGen       total 202752K, used 92677K [0x00000000c0000000, 0x00000000cc600000, 0x00000000eaa80000)
  object space 202752K, 45% used [0x00000000c0000000,0x00000000c5a81550,0x00000000cc600000)
 PSPermGen       total 21504K, used 6287K [0x00000000b5a00000, 0x00000000b6f00000, 0x00000000c0000000)
  object space 21504K, 29% used [0x00000000b5a00000,0x00000000b6023fd8,0x00000000b6f00000)
}
Event: 20.148 GC heap before
{Heap before GC invocations=19 (full 4):
 PSYoungGen      total 265216K, used 183808K [0x00000000eaa80000, 0x0000000100000000, 0x0000000100000000)
  eden space 183808K, 100% used [0x00000000eaa80000,0x00000000f5e00000,0x00000000f5e00000)
  from space 81408K, 0% used [0x00000000fb080000,0x00000000fb080000,0x0000000100000000)
  to   space 82944K, 0% used [0x00000000f5e00000,0x00000000f5e00000,0x00000000faf00000)
 ParOldGen       total 202752K, used 92677K [0x00000000c0000000, 0x00000000cc600000, 0x00000000eaa80000)
  object space 202752K, 45% used [0x00000000c0000000,0x00000000c5a81550,0x00000000cc600000)
 PSPermGen       total 21504K, used 6288K [0x00000000b5a00000, 0x00000000b6f00000, 0x00000000c0000000)
  object space 21504K, 29% used [0x00000000b5a00000,0x00000000b60242a0,0x00000000b6f00000)
Event: 20.248 GC heap after
Heap after GC invocations=19 (full 4):
 PSYoungGen      total 266752K, used 82940K [0x00000000eaa80000, 0x0000000100000000, 0x0000000100000000)
  eden space 183808K, 0% used [0x00000000eaa80000,0x00000000eaa80000,0x00000000f5e00000)
  from space 82944K, 99% used [0x00000000f5e00000,0x00000000faeff148,0x00000000faf00000)
  to   space 82944K, 0% used [0x00000000faf00000,0x00000000faf00000,0x0000000100000000)
 ParOldGen       total 202752K, used 122680K [0x00000000c0000000, 0x00000000cc600000, 0x00000000eaa80000)
  object space 202752K, 60% used [0x00000000c0000000,0x00000000c77ce348,0x00000000cc600000)
 PSPermGen       total 21504K, used 6288K [0x00000000b5a00000, 0x00000000b6f00000, 0x00000000c0000000)
  object space 21504K, 29% used [0x00000000b5a00000,0x00000000b60242a0,0x00000000b6f00000)
}
Event: 21.334 GC heap before
{Heap before GC invocations=20 (full 4):
 PSYoungGen      total 266752K, used 266748K [0x00000000eaa80000, 0x0000000100000000, 0x0000000100000000)
  eden space 183808K, 100% used [0x00000000eaa80000,0x00000000f5e00000,0x00000000f5e00000)
  from space 82944K, 99% used [0x00000000f5e00000,0x00000000faeff148,0x00000000faf00000)
  to   space 82944K, 0% used [0x00000000faf00000,0x00000000faf00000,0x0000000100000000)
 ParOldGen       total 202752K, used 122680K [0x00000000c0000000, 0x00000000cc600000, 0x00000000eaa80000)
  object space 202752K, 60% used [0x00000000c0000000,0x00000000c77ce348,0x00000000cc600000)
 PSPermGen       total 21504K, used 6293K [0x00000000b5a00000, 0x00000000b6f00000, 0x00000000c0000000)
  object space 21504K, 29% used [0x00000000b5a00000,0x00000000b60256b8,0x00000000b6f00000)
Event: 21.533 GC heap after
Heap after GC invocations=20 (full 4):
 PSYoungGen      total 216576K, used 57103K [0x00000000eaa80000, 0x0000000100000000, 0x0000000100000000)
  eden space 133632K, 0% used [0x00000000eaa80000,0x00000000eaa80000,0x00000000f2d00000)
  from space 82944K, 68% used [0x00000000faf00000,0x00000000fe6c3cc8,0x0000000100000000)
  to   space 108032K, 0% used [0x00000000f2d00000,0x00000000f2d00000,0x00000000f9680000)
 ParOldGen       total 207360K, used 206883K [0x00000000c0000000, 0x00000000cca80000, 0x00000000eaa80000)
  object space 207360K, 99% used [0x00000000c0000000,0x00000000cca08d50,0x00000000cca80000)
 PSPermGen       total 21504K, used 6293K [0x00000000b5a00000, 0x00000000b6f00000, 0x00000000c0000000)
  object space 21504K, 29% used [0x00000000b5a00000,0x00000000b60256b8,0x00000000b6f00000)
}
Event: 21.534 GC heap before
{Heap before GC invocations=21 (full 5):
 PSYoungGen      total 216576K, used 57103K [0x00000000eaa80000, 0x0000000100000000, 0x0000000100000000)
  eden space 133632K, 0% used [0x00000000eaa80000,0x00000000eaa80000,0x00000000f2d00000)
  from space 82944K, 68% used [0x00000000faf00000,0x00000000fe6c3cc8,0x0000000100000000)
  to   space 108032K, 0% used [0x00000000f2d00000,0x00000000f2d00000,0x00000000f9680000)
 ParOldGen       total 207360K, used 206883K [0x00000000c0000000, 0x00000000cca80000, 0x00000000eaa80000)
  object space 207360K, 99% used [0x00000000c0000000,0x00000000cca08d50,0x00000000cca80000)
 PSPermGen       total 21504K, used 6293K [0x00000000b5a00000, 0x00000000b6f00000, 0x00000000c0000000)
  object space 21504K, 29% used [0x00000000b5a00000,0x00000000b60256b8,0x00000000b6f00000)

Deoptimization events (10 events):
Event: 13.882 Thread 0x00007f02d019b800 Uncommon trap: reason=class_check action=maybe_recompile pc=0x00007f02cd0b6fac method=com.android.dx.ssa.SsaConverter.placePhiFunctions(Lcom/android/dx/ssa/SsaMethod;Lcom/android/dx/ssa/LocalVariableInfo;I)V @ 257
Event: 14.308 Thread 0x00007f02d019e800 Uncommon trap: reason=class_check action=maybe_recompile pc=0x00007f02cd0b6fac method=com.android.dx.ssa.SsaConverter.placePhiFunctions(Lcom/android/dx/ssa/SsaMethod;Lcom/android/dx/ssa/LocalVariableInfo;I)V @ 257
Event: 14.311 Thread 0x00007f02d019c800 Uncommon trap: reason=class_check action=maybe_recompile pc=0x00007f02cd0b6fac method=com.android.dx.ssa.SsaConverter.placePhiFunctions(Lcom/android/dx/ssa/SsaMethod;Lcom/android/dx/ssa/LocalVariableInfo;I)V @ 257
Event: 14.483 Thread 0x00007f02d000a800 Uncommon trap: reason=unstable_if action=reinterpret pc=0x00007f02cd174e50 method=com.android.dx.ssa.SCCP.run()V @ 179
Event: 14.801 Thread 0x00007f02d000a800 Uncommon trap: reason=unstable_if action=reinterpret pc=0x00007f02cd14707c method=com.android.dx.ssa.SCCP.simulateStmt(Lcom/android/dx/ssa/SsaInsn;)V @ 59
Event: 17.115 Thread 0x00007f02d019b800 Uncommon trap: reason=class_check action=maybe_recompile pc=0x00007f02cd1cdf08 method=com.android.dx.ssa.back.InterferenceGraph.mergeInterferenceSet(ILcom/android/dx/util/IntSet;)V @ 20
Event: 17.161 Thread 0x00007f02d019e800 Uncommon trap: reason=class_check action=maybe_recompile pc=0x00007f02cd1cdf08 method=com.android.dx.ssa.back.InterferenceGraph.mergeInterferenceSet(ILcom/android/dx/util/IntSet;)V @ 20
Event: 17.208 Thread 0x00007f02d019c800 Uncommon trap: reason=class_check action=maybe_recompile pc=0x00007f02cd1cdf08 method=com.android.dx.ssa.back.InterferenceGraph.mergeInterferenceSet(ILcom/android/dx/util/IntSet;)V @ 20
Event: 17.665 Thread 0x00007f02d0191000 Uncommon trap: reason=class_check action=maybe_recompile pc=0x00007f02cd1cdf08 method=com.android.dx.ssa.back.InterferenceGraph.mergeInterferenceSet(ILcom/android/dx/util/IntSet;)V @ 20
Event: 19.153 Thread 0x00007f02d000a800 Uncommon trap: reason=unstable_if action=reinterpret pc=0x00007f02cd135ed0 method=com.android.dx.cf.code.Merger.mergeStack(Lcom/android/dx/cf/code/ExecutionStack;Lcom/android/dx/cf/code/ExecutionStack;)Lcom/android/dx/cf/code/ExecutionStack; @ 2

Internal exceptions (10 events):
Event: 1.401 Thread 0x00007f02d000a800 Threw 0x00000000eb58cdb0 at /build/openjdk-7-zaTxYK/openjdk-7-7u91-2.6.3/build/openjdk/hotspot/src/share/vm/prims/jvm.cpp:1322
Event: 1.464 Thread 0x00007f02d000a800 Implicit null exception at 0x00007f02cd086c73 to 0x00007f02cd086e59
Event: 1.577 Thread 0x00007f02d000a800 Threw 0x00000000eae226b8 at /build/openjdk-7-zaTxYK/openjdk-7-7u91-2.6.3/build/openjdk/hotspot/src/share/vm/prims/jvm.cpp:1322
Event: 2.348 Thread 0x00007f02d000a800 Threw 0x00000000ebee4d60 at /build/openjdk-7-zaTxYK/openjdk-7-7u91-2.6.3/build/openjdk/hotspot/src/share/vm/prims/jvm.cpp:1322
Event: 3.030 Thread 0x00007f02d0191000 Threw 0x00000000ebdc8230 at /build/openjdk-7-zaTxYK/openjdk-7-7u91-2.6.3/build/openjdk/hotspot/src/share/vm/prims/jvm.cpp:1322
Event: 4.192 Thread 0x00007f02d000a800 Threw 0x00000000ed4f2788 at /build/openjdk-7-zaTxYK/openjdk-7-7u91-2.6.3/build/openjdk/hotspot/src/share/vm/prims/jvm.cpp:1322
Event: 5.905 Thread 0x00007f02d000a800 Implicit null exception at 0x00007f02cd104293 to 0x00007f02cd104975
Event: 8.657 Thread 0x00007f02d000a800 Threw 0x00000000eb65eba8 at /build/openjdk-7-zaTxYK/openjdk-7-7u91-2.6.3/build/openjdk/hotspot/src/share/vm/prims/jvm.cpp:1322
Event: 8.668 Thread 0x00007f02d000a800 Threw 0x00000000eb73e6d0 at /build/openjdk-7-zaTxYK/openjdk-7-7u91-2.6.3/build/openjdk/hotspot/src/share/vm/prims/jvm.cpp:1322
Event: 11.521 Thread 0x00007f02d000a800 Implicit null exception at 0x00007f02cd13396d to 0x00007f02cd137791

Events (10 events):
Event: 19.074 Executing VM operation: ParallelGCFailedAllocation done
Event: 19.153 Thread 0x00007f02d000a800 Uncommon trap: trap_request=0xffffff75 fr.pc=0x00007f02cd135ed0
Event: 19.153 Thread 0x00007f02d000a800 DEOPT PACKING pc=0x00007f02cd135ed0 sp=0x00007f02d8196970
Event: 19.153 Thread 0x00007f02d000a800 DEOPT UNPACKING pc=0x00007f02cd039445 sp=0x00007f02d8196828 mode 2
Event: 20.148 Executing VM operation: ParallelGCFailedAllocation
Event: 20.248 Executing VM operation: ParallelGCFailedAllocation done
Event: 20.270 Thread 0x00007f02d00ac800 flushing nmethod 0x00007f02cd0b52d0
Event: 20.292 Thread 0x00007f02d00ac800 flushing nmethod 0x00007f02cd145cd0
Event: 20.293 Thread 0x00007f02d00ac800 flushing nmethod 0x00007f02cd16eb10
Event: 21.314 Executing VM operation: ParallelGCFailedAllocation


Dynamic libraries:
00400000-00401000 r-xp 00000000 08:01 4204455                            /usr/lib/jvm/java-7-openjdk-amd64/jre/bin/java
00600000-00601000 r--p 00000000 08:01 4204455                            /usr/lib/jvm/java-7-openjdk-amd64/jre/bin/java
00601000-00602000 rw-p 00001000 08:01 4204455                            /usr/lib/jvm/java-7-openjdk-amd64/jre/bin/java
01609000-0162a000 rw-p 00000000 00:00 0                                  [heap]
b5a00000-b6f00000 rw-p 00000000 00:00 0 
b6f00000-c0000000 rw-p 00000000 00:00 0 
c0000000-cca80000 rw-p 00000000 00:00 0 
d5a00000-eaa80000 rw-p 00000000 00:00 0 
eaa80000-100000000 rw-p 00000000 00:00 0 
7f0280000000-7f0280021000 rw-p 00000000 00:00 0 
7f0280021000-7f0284000000 ---p 00000000 00:00 0 
7f0284000000-7f0284028000 rw-p 00000000 00:00 0 
7f0284028000-7f0288000000 ---p 00000000 00:00 0 
7f0288000000-7f0288021000 rw-p 00000000 00:00 0 
7f0288021000-7f028c000000 ---p 00000000 00:00 0 
7f028c000000-7f028c021000 rw-p 00000000 00:00 0 
7f028c021000-7f0290000000 ---p 00000000 00:00 0 
7f0290000000-7f0290034000 rw-p 00000000 00:00 0 
7f0290034000-7f0294000000 ---p 00000000 00:00 0 
7f0294000000-7f0294021000 rw-p 00000000 00:00 0 
7f0294021000-7f0298000000 ---p 00000000 00:00 0 
7f029ae6c000-7f029ae6f000 ---p 00000000 00:00 0 
7f029ae6f000-7f029af6d000 rw-p 00000000 00:00 0                          [stack:68121]
7f029af6d000-7f029af70000 ---p 00000000 00:00 0 
7f029af70000-7f029b06e000 rw-p 00000000 00:00 0                          [stack:68120]
7f029b06e000-7f029b071000 ---p 00000000 00:00 0 
7f029b071000-7f029b16f000 rw-p 00000000 00:00 0                          [stack:68119]
7f029b16f000-7f029b172000 ---p 00000000 00:00 0 
7f029b172000-7f029b270000 rw-p 00000000 00:00 0                          [stack:68118]
7f029b270000-7f029b2ad000 r-xp 00000000 08:01 5116281                    /lib/x86_64-linux-gnu/libpcre.so.3.13.1
7f029b2ad000-7f029b4ac000 ---p 0003d000 08:01 5116281                    /lib/x86_64-linux-gnu/libpcre.so.3.13.1
7f029b4ac000-7f029b4ad000 r--p 0003c000 08:01 5116281                    /lib/x86_64-linux-gnu/libpcre.so.3.13.1
7f029b4ad000-7f029b4ae000 rw-p 0003d000 08:01 5116281                    /lib/x86_64-linux-gnu/libpcre.so.3.13.1
7f029b4ae000-7f029b4b5000 r-xp 00000000 08:01 4202859                    /usr/lib/x86_64-linux-gnu/libffi.so.6.0.1
7f029b4b5000-7f029b6b4000 ---p 00007000 08:01 4202859                    /usr/lib/x86_64-linux-gnu/libffi.so.6.0.1
7f029b6b4000-7f029b6b5000 r--p 00006000 08:01 4202859                    /usr/lib/x86_64-linux-gnu/libffi.so.6.0.1
7f029b6b5000-7f029b6b6000 rw-p 00007000 08:01 4202859                    /usr/lib/x86_64-linux-gnu/libffi.so.6.0.1
7f029b6b6000-7f029b6cd000 r-xp 00000000 08:01 5116304                    /lib/x86_64-linux-gnu/libresolv-2.19.so
7f029b6cd000-7f029b8cd000 ---p 00017000 08:01 5116304                    /lib/x86_64-linux-gnu/libresolv-2.19.so
7f029b8cd000-7f029b8ce000 r--p 00017000 08:01 5116304                    /lib/x86_64-linux-gnu/libresolv-2.19.so
7f029b8ce000-7f029b8cf000 rw-p 00018000 08:01 5116304                    /lib/x86_64-linux-gnu/libresolv-2.19.so
7f029b8cf000-7f029b8d1000 rw-p 00000000 00:00 0 
7f029b8d1000-7f029b8f1000 r-xp 00000000 08:01 5116308                    /lib/x86_64-linux-gnu/libselinux.so.1
7f029b8f1000-7f029baf0000 ---p 00020000 08:01 5116308                    /lib/x86_64-linux-gnu/libselinux.so.1
7f029baf0000-7f029baf1000 r--p 0001f000 08:01 5116308                    /lib/x86_64-linux-gnu/libselinux.so.1
7f029baf1000-7f029baf2000 rw-p 00020000 08:01 5116308                    /lib/x86_64-linux-gnu/libselinux.so.1
7f029baf2000-7f029baf4000 rw-p 00000000 00:00 0 
7f029baf4000-7f029baf7000 r-xp 00000000 08:01 4202972                    /usr/lib/x86_64-linux-gnu/libgmodule-2.0.so.0.4002.0
7f029baf7000-7f029bcf6000 ---p 00003000 08:01 4202972                    /usr/lib/x86_64-linux-gnu/libgmodule-2.0.so.0.4002.0
7f029bcf6000-7f029bcf7000 r--p 00002000 08:01 4202972                    /usr/lib/x86_64-linux-gnu/libgmodule-2.0.so.0.4002.0
7f029bcf7000-7f029bcf8000 rw-p 00003000 08:01 4202972                    /usr/lib/x86_64-linux-gnu/libgmodule-2.0.so.0.4002.0
7f029bcf8000-7f029bdfe000 r-xp 00000000 08:01 5116209                    /lib/x86_64-linux-gnu/libglib-2.0.so.0.4002.0
7f029bdfe000-7f029bffd000 ---p 00106000 08:01 5116209                    /lib/x86_64-linux-gnu/libglib-2.0.so.0.4002.0
7f029bffd000-7f029bffe000 r--p 00105000 08:01 5116209                    /lib/x86_64-linux-gnu/libglib-2.0.so.0.4002.0
7f029bffe000-7f029bfff000 rw-p 00106000 08:01 5116209                    /lib/x86_64-linux-gnu/libglib-2.0.so.0.4002.0
7f029bfff000-7f029c000000 rw-p 00000000 00:00 0 
7f029c000000-7f029d7a6000 rw-p 00000000 00:00 0 
7f029d7a6000-7f02a0000000 ---p 00000000 00:00 0 
7f02a0000000-7f02a0021000 rw-p 00000000 00:00 0 
7f02a0021000-7f02a4000000 ---p 00000000 00:00 0 
7f02a4000000-7f02a4021000 rw-p 00000000 00:00 0 
7f02a4021000-7f02a8000000 ---p 00000000 00:00 0 
7f02a8000000-7f02a9b51000 rw-p 00000000 00:00 0 
7f02a9b51000-7f02ac000000 ---p 00000000 00:00 0 
7f02ac000000-7f02ac021000 rw-p 00000000 00:00 0 
7f02ac021000-7f02b0000000 ---p 00000000 00:00 0 
7f02b0000000-7f02b0021000 rw-p 00000000 00:00 0 
7f02b0021000-7f02b4000000 ---p 00000000 00:00 0 
7f02b4000000-7f02b4021000 rw-p 00000000 00:00 0 
7f02b4021000-7f02b8000000 ---p 00000000 00:00 0 
7f02b8000000-7f02b824c000 rw-p 00000000 00:00 0 
7f02b824c000-7f02bc000000 ---p 00000000 00:00 0 
7f02bc000000-7f02bc021000 rw-p 00000000 00:00 0 
7f02bc021000-7f02c0000000 ---p 00000000 00:00 0 
7f02c0000000-7f02c0021000 rw-p 00000000 00:00 0 
7f02c0021000-7f02c4000000 ---p 00000000 00:00 0 
7f02c4000000-7f02c4021000 rw-p 00000000 00:00 0 
7f02c4021000-7f02c8000000 ---p 00000000 00:00 0 
7f02c8054000-7f02c8057000 ---p 00000000 00:00 0 
7f02c8057000-7f02c8186000 rw-p 00000000 00:00 0                          [stack:68117]
7f02c8186000-7f02c81d5000 r-xp 00000000 08:01 4202988                    /usr/lib/x86_64-linux-gnu/libgobject-2.0.so.0.4002.0
7f02c81d5000-7f02c83d5000 ---p 0004f000 08:01 4202988                    /usr/lib/x86_64-linux-gnu/libgobject-2.0.so.0.4002.0
7f02c83d5000-7f02c83d6000 r--p 0004f000 08:01 4202988                    /usr/lib/x86_64-linux-gnu/libgobject-2.0.so.0.4002.0
7f02c83d6000-7f02c83d7000 rw-p 00050000 08:01 4202988                    /usr/lib/x86_64-linux-gnu/libgobject-2.0.so.0.4002.0
7f02c83d7000-7f02c8543000 r-xp 00000000 08:01 4202960                    /usr/lib/x86_64-linux-gnu/libgio-2.0.so.0.4002.0
7f02c8543000-7f02c8742000 ---p 0016c000 08:01 4202960                    /usr/lib/x86_64-linux-gnu/libgio-2.0.so.0.4002.0
7f02c8742000-7f02c8746000 r--p 0016b000 08:01 4202960                    /usr/lib/x86_64-linux-gnu/libgio-2.0.so.0.4002.0
7f02c8746000-7f02c8748000 rw-p 0016f000 08:01 4202960                    /usr/lib/x86_64-linux-gnu/libgio-2.0.so.0.4002.0
7f02c8748000-7f02c874a000 rw-p 00000000 00:00 0 
7f02c8760000-7f02c8777000 r-xp 00000000 08:01 4204518                    /usr/lib/jvm/java-7-openjdk-amd64/jre/lib/amd64/libnet.so
7f02c8777000-7f02c8976000 ---p 00017000 08:01 4204518                    /usr/lib/jvm/java-7-openjdk-amd64/jre/lib/amd64/libnet.so
7f02c8976000-7f02c8977000 r--p 00016000 08:01 4204518                    /usr/lib/jvm/java-7-openjdk-amd64/jre/lib/amd64/libnet.so
7f02c8977000-7f02c8978000 rw-p 00017000 08:01 4204518                    /usr/lib/jvm/java-7-openjdk-amd64/jre/lib/amd64/libnet.so
7f02c8978000-7f02c8988000 r-xp 00000000 08:01 4204485                    /usr/lib/jvm/java-7-openjdk-amd64/jre/lib/amd64/libnio.so
7f02c8988000-7f02c8b88000 ---p 00010000 08:01 4204485                    /usr/lib/jvm/java-7-openjdk-amd64/jre/lib/amd64/libnio.so
7f02c8b88000-7f02c8b89000 r--p 00010000 08:01 4204485                    /usr/lib/jvm/java-7-openjdk-amd64/jre/lib/amd64/libnio.so
7f02c8b89000-7f02c8b8a000 rw-p 00011000 08:01 4204485                    /usr/lib/jvm/java-7-openjdk-amd64/jre/lib/amd64/libnio.so
7f02c8b8a000-7f02c8ba2000 r--s 000e7000 08:01 2505578                    /home/joseph/sweepersd/app/SweeperSD/app/build/intermediates/exploded-aar/com.google.android.gms/play-services-ads/8.3.0/jars/classes.jar
7f02c8ba2000-7f02c8ba3000 ---p 00000000 00:00 0 
7f02c8ba3000-7f02c8ca3000 rw-p 00000000 00:00 0                          [stack:68115]
7f02c8ca3000-7f02c8ca6000 ---p 00000000 00:00 0 
7f02c8ca6000-7f02c8da4000 rw-p 00000000 00:00 0                          [stack:68114]
7f02c8da4000-7f02c8da7000 ---p 00000000 00:00 0 
7f02c8da7000-7f02c8ea5000 rw-p 00000000 00:00 0                          [stack:68113]
7f02c8ea5000-7f02c8ea8000 ---p 00000000 00:00 0 
7f02c8ea8000-7f02c8fa6000 rw-p 00000000 00:00 0                          [stack:68112]
7f02c8fa6000-7f02c8fa9000 ---p 00000000 00:00 0 
7f02c8fa9000-7f02c90a7000 rw-p 00000000 00:00 0                          [stack:68111]
7f02c90a7000-7f02c9789000 r--p 00000000 08:01 4201489                    /usr/lib/locale/locale-archive
7f02c9789000-7f02c978c000 ---p 00000000 00:00 0 
7f02c978c000-7f02c988a000 rw-p 00000000 00:00 0                          [stack:68110]
7f02c988a000-7f02c988d000 ---p 00000000 00:00 0 
7f02c988d000-7f02c998b000 rw-p 00000000 00:00 0                          [stack:68109]
7f02c998b000-7f02c998c000 ---p 00000000 00:00 0 
7f02c998c000-7f02ca91e000 rw-p 00000000 00:00 0                          [stack:68108]
7f02ca91e000-7f02caad0000 r--s 01d2e000 08:01 4204478                    /usr/lib/jvm/java-7-openjdk-amd64/jre/lib/rt.jar
7f02caad0000-7f02cd000000 rw-p 00000000 00:00 0 
7f02cd000000-7f02cd300000 rwxp 00000000 00:00 0 
7f02cd300000-7f02d01e0000 rw-p 00000000 00:00 0 
7f02d01e0000-7f02d4000000 ---p 00000000 00:00 0 
7f02d4003000-7f02d4012000 r--s 000df000 08:01 6029891                    /home/joseph/Android/Sdk/build-tools/23.0.2/lib/dx.jar
7f02d4012000-7f02d44c9000 rw-p 00000000 00:00 0 
7f02d44c9000-7f02d44ca000 ---p 00000000 00:00 0 
7f02d44ca000-7f02d45ca000 rw-p 00000000 00:00 0                          [stack:68107]
7f02d45ca000-7f02d45cb000 ---p 00000000 00:00 0 
7f02d45cb000-7f02d46cb000 rw-p 00000000 00:00 0                          [stack:68106]
7f02d46cb000-7f02d46cc000 ---p 00000000 00:00 0 
7f02d46cc000-7f02d47cc000 rw-p 00000000 00:00 0                          [stack:68105]
7f02d47cc000-7f02d47cd000 ---p 00000000 00:00 0 
7f02d47cd000-7f02d48d8000 rw-p 00000000 00:00 0                          [stack:68104]
7f02d48d8000-7f02d4920000 rw-p 00000000 00:00 0 
7f02d4920000-7f02d4986000 rw-p 00000000 00:00 0 
7f02d4986000-7f02d49a3000 ---p 00000000 00:00 0 
7f02d49a3000-7f02d4a76000 rw-p 00000000 00:00 0 
7f02d4a76000-7f02d4a81000 rw-p 00000000 00:00 0 
7f02d4a81000-7f02d4ac9000 rw-p 00000000 00:00 0 
7f02d4ac9000-7f02d4b2f000 rw-p 00000000 00:00 0 
7f02d4b2f000-7f02d4b4c000 ---p 00000000 00:00 0 
7f02d4b4c000-7f02d4c1e000 rw-p 00000000 00:00 0 
7f02d4c1e000-7f02d4cc9000 rw-p 00000000 00:00 0 
7f02d4cc9000-7f02d4cca000 rw-p 00000000 00:00 0 
7f02d4cca000-7f02d4cd2000 r-xp 00000000 08:01 4204489                    /usr/lib/jvm/java-7-openjdk-amd64/jre/lib/amd64/libzip.so
7f02d4cd2000-7f02d4ed1000 ---p 00008000 08:01 4204489                    /usr/lib/jvm/java-7-openjdk-amd64/jre/lib/amd64/libzip.so
7f02d4ed1000-7f02d4ed2000 r--p 00007000 08:01 4204489                    /usr/lib/jvm/java-7-openjdk-amd64/jre/lib/amd64/libzip.so
7f02d4ed2000-7f02d4ed3000 rw-p 00008000 08:01 4204489                    /usr/lib/jvm/java-7-openjdk-amd64/jre/lib/amd64/libzip.so
7f02d4ed3000-7f02d4ede000 r-xp 00000000 08:01 5116253                    /lib/x86_64-linux-gnu/libnss_files-2.19.so
7f02d4ede000-7f02d50dd000 ---p 0000b000 08:01 5116253                    /lib/x86_64-linux-gnu/libnss_files-2.19.so
7f02d50dd000-7f02d50de000 r--p 0000a000 08:01 5116253                    /lib/x86_64-linux-gnu/libnss_files-2.19.so
7f02d50de000-7f02d50df000 rw-p 0000b000 08:01 5116253                    /lib/x86_64-linux-gnu/libnss_files-2.19.so
7f02d50df000-7f02d50ea000 r-xp 00000000 08:01 5116263                    /lib/x86_64-linux-gnu/libnss_nis-2.19.so
7f02d50ea000-7f02d52e9000 ---p 0000b000 08:01 5116263                    /lib/x86_64-linux-gnu/libnss_nis-2.19.so
7f02d52e9000-7f02d52ea000 r--p 0000a000 08:01 5116263                    /lib/x86_64-linux-gnu/libnss_nis-2.19.so
7f02d52ea000-7f02d52eb000 rw-p 0000b000 08:01 5116263                    /lib/x86_64-linux-gnu/libnss_nis-2.19.so
7f02d52eb000-7f02d5302000 r-xp 00000000 08:01 5116247                    /lib/x86_64-linux-gnu/libnsl-2.19.so
7f02d5302000-7f02d5501000 ---p 00017000 08:01 5116247                    /lib/x86_64-linux-gnu/libnsl-2.19.so
7f02d5501000-7f02d5502000 r--p 00016000 08:01 5116247                    /lib/x86_64-linux-gnu/libnsl-2.19.so
7f02d5502000-7f02d5503000 rw-p 00017000 08:01 5116247                    /lib/x86_64-linux-gnu/libnsl-2.19.so
7f02d5503000-7f02d5505000 rw-p 00000000 00:00 0 
7f02d5505000-7f02d550e000 r-xp 00000000 08:01 5116249                    /lib/x86_64-linux-gnu/libnss_compat-2.19.so
7f02d550e000-7f02d570d000 ---p 00009000 08:01 5116249                    /lib/x86_64-linux-gnu/libnss_compat-2.19.so
7f02d570d000-7f02d570e000 r--p 00008000 08:01 5116249                    /lib/x86_64-linux-gnu/libnss_compat-2.19.so
7f02d570e000-7f02d570f000 rw-p 00009000 08:01 5116249                    /lib/x86_64-linux-gnu/libnss_compat-2.19.so
7f02d570f000-7f02d573a000 r-xp 00000000 08:01 4204497                    /usr/lib/jvm/java-7-openjdk-amd64/jre/lib/amd64/libjava.so
7f02d573a000-7f02d593a000 ---p 0002b000 08:01 4204497                    /usr/lib/jvm/java-7-openjdk-amd64/jre/lib/amd64/libjava.so
7f02d593a000-7f02d593b000 r--p 0002b000 08:01 4204497                    /usr/lib/jvm/java-7-openjdk-amd64/jre/lib/amd64/libjava.so
7f02d593b000-7f02d593d000 rw-p 0002c000 08:01 4204497                    /usr/lib/jvm/java-7-openjdk-amd64/jre/lib/amd64/libjava.so
7f02d593d000-7f02d594d000 r-xp 00000000 08:01 4204513                    /usr/lib/jvm/java-7-openjdk-amd64/jre/lib/amd64/libverify.so
7f02d594d000-7f02d5b4c000 ---p 00010000 08:01 4204513                    /usr/lib/jvm/java-7-openjdk-amd64/jre/lib/amd64/libverify.so
7f02d5b4c000-7f02d5b4e000 r--p 0000f000 08:01 4204513                    /usr/lib/jvm/java-7-openjdk-amd64/jre/lib/amd64/libverify.so
7f02d5b4e000-7f02d5b4f000 rw-p 00011000 08:01 4204513                    /usr/lib/jvm/java-7-openjdk-amd64/jre/lib/amd64/libverify.so
7f02d5b4f000-7f02d5b56000 r-xp 00000000 08:01 5116306                    /lib/x86_64-linux-gnu/librt-2.19.so
7f02d5b56000-7f02d5d55000 ---p 00007000 08:01 5116306                    /lib/x86_64-linux-gnu/librt-2.19.so
7f02d5d55000-7f02d5d56000 r--p 00006000 08:01 5116306                    /lib/x86_64-linux-gnu/librt-2.19.so
7f02d5d56000-7f02d5d57000 rw-p 00007000 08:01 5116306                    /lib/x86_64-linux-gnu/librt-2.19.so
7f02d5d57000-7f02d5d6d000 r-xp 00000000 08:01 5116205                    /lib/x86_64-linux-gnu/libgcc_s.so.1
7f02d5d6d000-7f02d5f6c000 ---p 00016000 08:01 5116205                    /lib/x86_64-linux-gnu/libgcc_s.so.1
7f02d5f6c000-7f02d5f6d000 rw-p 00015000 08:01 5116205                    /lib/x86_64-linux-gnu/libgcc_s.so.1
7f02d5f6d000-7f02d6072000 r-xp 00000000 08:01 5116228                    /lib/x86_64-linux-gnu/libm-2.19.so
7f02d6072000-7f02d6271000 ---p 00105000 08:01 5116228                    /lib/x86_64-linux-gnu/libm-2.19.so
7f02d6271000-7f02d6272000 r--p 00104000 08:01 5116228                    /lib/x86_64-linux-gnu/libm-2.19.so
7f02d6272000-7f02d6273000 rw-p 00105000 08:01 5116228                    /lib/x86_64-linux-gnu/libm-2.19.so
7f02d6273000-7f02d6359000 r-xp 00000000 08:01 4194482                    /usr/lib/x86_64-linux-gnu/libstdc++.so.6.0.19
7f02d6359000-7f02d6558000 ---p 000e6000 08:01 4194482                    /usr/lib/x86_64-linux-gnu/libstdc++.so.6.0.19
7f02d6558000-7f02d6560000 r--p 000e5000 08:01 4194482                    /usr/lib/x86_64-linux-gnu/libstdc++.so.6.0.19
7f02d6560000-7f02d6562000 rw-p 000ed000 08:01 4194482                    /usr/lib/x86_64-linux-gnu/libstdc++.so.6.0.19
7f02d6562000-7f02d6577000 rw-p 00000000 00:00 0 
7f02d6577000-7f02d709b000 r-xp 00000000 08:01 4204504                    /usr/lib/jvm/java-7-openjdk-amd64/jre/lib/amd64/server/libjvm.so
7f02d709b000-7f02d729b000 ---p 00b24000 08:01 4204504                    /usr/lib/jvm/java-7-openjdk-amd64/jre/lib/amd64/server/libjvm.so
7f02d729b000-7f02d7335000 r--p 00b24000 08:01 4204504                    /usr/lib/jvm/java-7-openjdk-amd64/jre/lib/amd64/server/libjvm.so
7f02d7335000-7f02d7358000 rw-p 00bbe000 08:01 4204504                    /usr/lib/jvm/java-7-openjdk-amd64/jre/lib/amd64/server/libjvm.so
7f02d7358000-7f02d7386000 rw-p 00000000 00:00 0 
7f02d7386000-7f02d739e000 r-xp 00000000 08:01 5116341                    /lib/x86_64-linux-gnu/libz.so.1.2.8
7f02d739e000-7f02d759d000 ---p 00018000 08:01 5116341                    /lib/x86_64-linux-gnu/libz.so.1.2.8
7f02d759d000-7f02d759e000 r--p 00017000 08:01 5116341                    /lib/x86_64-linux-gnu/libz.so.1.2.8
7f02d759e000-7f02d759f000 rw-p 00018000 08:01 5116341                    /lib/x86_64-linux-gnu/libz.so.1.2.8
7f02d759f000-7f02d75b8000 r-xp 00000000 08:01 5116298                    /lib/x86_64-linux-gnu/libpthread-2.19.so
7f02d75b8000-7f02d77b7000 ---p 00019000 08:01 5116298                    /lib/x86_64-linux-gnu/libpthread-2.19.so
7f02d77b7000-7f02d77b8000 r--p 00018000 08:01 5116298                    /lib/x86_64-linux-gnu/libpthread-2.19.so
7f02d77b8000-7f02d77b9000 rw-p 00019000 08:01 5116298                    /lib/x86_64-linux-gnu/libpthread-2.19.so
7f02d77b9000-7f02d77bd000 rw-p 00000000 00:00 0 
7f02d77bd000-7f02d77c0000 r-xp 00000000 08:01 5116195                    /lib/x86_64-linux-gnu/libdl-2.19.so
7f02d77c0000-7f02d79bf000 ---p 00003000 08:01 5116195                    /lib/x86_64-linux-gnu/libdl-2.19.so
7f02d79bf000-7f02d79c0000 r--p 00002000 08:01 5116195                    /lib/x86_64-linux-gnu/libdl-2.19.so
7f02d79c0000-7f02d79c1000 rw-p 00003000 08:01 5116195                    /lib/x86_64-linux-gnu/libdl-2.19.so
7f02d79c1000-7f02d7b7c000 r-xp 00000000 08:01 5116178                    /lib/x86_64-linux-gnu/libc-2.19.so
7f02d7b7c000-7f02d7d7b000 ---p 001bb000 08:01 5116178                    /lib/x86_64-linux-gnu/libc-2.19.so
7f02d7d7b000-7f02d7d7f000 r--p 001ba000 08:01 5116178                    /lib/x86_64-linux-gnu/libc-2.19.so
7f02d7d7f000-7f02d7d81000 rw-p 001be000 08:01 5116178                    /lib/x86_64-linux-gnu/libc-2.19.so
7f02d7d81000-7f02d7d86000 rw-p 00000000 00:00 0 
7f02d7d86000-7f02d7d93000 r-xp 00000000 08:01 4204515                    /usr/lib/jvm/java-7-openjdk-amd64/jre/lib/amd64/jli/libjli.so
7f02d7d93000-7f02d7f92000 ---p 0000d000 08:01 4204515                    /usr/lib/jvm/java-7-openjdk-amd64/jre/lib/amd64/jli/libjli.so
7f02d7f92000-7f02d7f93000 r--p 0000c000 08:01 4204515                    /usr/lib/jvm/java-7-openjdk-amd64/jre/lib/amd64/jli/libjli.so
7f02d7f93000-7f02d7f94000 rw-p 0000d000 08:01 4204515                    /usr/lib/jvm/java-7-openjdk-amd64/jre/lib/amd64/jli/libjli.so
7f02d7f94000-7f02d7fb7000 r-xp 00000000 08:01 5116154                    /lib/x86_64-linux-gnu/ld-2.19.so
7f02d7fb7000-7f02d7fb8000 rw-p 00000000 00:00 0 
7f02d7fb8000-7f02d7fba000 r--s 00006000 08:01 4595272                    /usr/share/java/java-atk-wrapper.jar
7f02d7fba000-7f02d7fbe000 r--s 00085000 08:01 4204470                    /usr/lib/jvm/java-7-openjdk-amd64/jre/lib/ext/localedata.jar
7f02d7fbe000-7f02d7fc0000 r--s 00012000 08:01 4204469                    /usr/lib/jvm/java-7-openjdk-amd64/jre/lib/ext/zipfs.jar
7f02d7fc0000-7f02d7fe4000 rw-p 00000000 00:00 0 
7f02d7fe4000-7f02d8098000 rw-p 00000000 00:00 0 
7f02d8098000-7f02d809b000 ---p 00000000 00:00 0 
7f02d809b000-7f02d819e000 rw-p 00000000 00:00 0                          [stack:68101]
7f02d819e000-7f02d81a2000 r--s 0003c000 08:01 4204473                    /usr/lib/jvm/java-7-openjdk-amd64/jre/lib/ext/sunpkcs11.jar
7f02d81a2000-7f02d81a3000 r--s 00002000 08:01 4204474                    /usr/lib/jvm/java-7-openjdk-amd64/jre/lib/ext/dnsns.jar
7f02d81a3000-7f02d81a7000 r--s 00034000 08:01 4204472                    /usr/lib/jvm/java-7-openjdk-amd64/jre/lib/ext/sunjce_provider.jar
7f02d81a7000-7f02d81aa000 r--s 0000f000 08:01 4204471                    /usr/lib/jvm/java-7-openjdk-amd64/jre/lib/ext/icedtea-sound.jar
7f02d81aa000-7f02d81b2000 rw-s 00000000 08:01 5909832                    /tmp/hsperfdata_joseph/68099
7f02d81b2000-7f02d81b3000 rw-p 00000000 00:00 0 
7f02d81b3000-7f02d81b4000 ---p 00000000 00:00 0 
7f02d81b4000-7f02d81b6000 rw-p 00000000 00:00 0 
7f02d81b6000-7f02d81b7000 r--p 00022000 08:01 5116154                    /lib/x86_64-linux-gnu/ld-2.19.so
7f02d81b7000-7f02d81b8000 rw-p 00023000 08:01 5116154                    /lib/x86_64-linux-gnu/ld-2.19.so
7f02d81b8000-7f02d81b9000 rw-p 00000000 00:00 0 
7ffef05fb000-7ffef061c000 rw-p 00000000 00:00 0                          [stack]
7ffef0677000-7ffef0679000 r--p 00000000 00:00 0                          [vvar]
7ffef0679000-7ffef067b000 r-xp 00000000 00:00 0                          [vdso]
ffffffffff600000-ffffffffff601000 r-xp 00000000 00:00 0                  [vsyscall]

VM Arguments:
jvm_args: -Djava.awt.headless=true -Xmx1024M -Dfile.encoding=UTF-8 -Duser.country=US -Duser.language=en -Duser.variant 
java_command: com.android.dx.command.Main --dex --force-jumbo --num-threads=4 --multi-dex --output /home/joseph/sweepersd/app/SweeperSD/app/build/intermediates/transforms/dex/debug/folders/1000/10/com.google.android.gms-play-services-ads-8.3.0_eebc5e6f420faf566ae6a2af6b5ddc47e9e5a3e4 /home/joseph/sweepersd/app/SweeperSD/app/build/intermediates/exploded-aar/com.google.android.gms/play-services-ads/8.3.0/jars/classes.jar
Launcher Type: SUN_STANDARD

Environment Variables:
PATH=/usr/local/sbin:/usr/local/bin:/usr/sbin:/usr/bin:/sbin:/bin:/usr/games:/usr/local/games
SHELL=/bin/bash
DISPLAY=:0

Signal Handlers:
SIGSEGV: [libjvm.so+0x9548f0], sa_mask[0]=0x7ffbfeff, sa_flags=0x10000004
SIGBUS: [libjvm.so+0x9548f0], sa_mask[0]=0x7ffbfeff, sa_flags=0x10000004
SIGFPE: [libjvm.so+0x7cb0b0], sa_mask[0]=0x7ffbfeff, sa_flags=0x10000004
SIGPIPE: [libjvm.so+0x7cb0b0], sa_mask[0]=0x7ffbfeff, sa_flags=0x10000004
SIGXFSZ: [libjvm.so+0x7cb0b0], sa_mask[0]=0x7ffbfeff, sa_flags=0x10000004
SIGILL: [libjvm.so+0x7cb0b0], sa_mask[0]=0x7ffbfeff, sa_flags=0x10000004
SIGUSR1: SIG_DFL, sa_mask[0]=0x00000000, sa_flags=0x00000000
SIGUSR2: [libjvm.so+0x7caf50], sa_mask[0]=0x00000004, sa_flags=0x10000004
SIGHUP: [libjvm.so+0x7cb130], sa_mask[0]=0x7ffbfeff, sa_flags=0x10000004
SIGINT: [libjvm.so+0x7cb130], sa_mask[0]=0x7ffbfeff, sa_flags=0x10000004
SIGTERM: [libjvm.so+0x7cb130], sa_mask[0]=0x7ffbfeff, sa_flags=0x10000004
SIGQUIT: [libjvm.so+0x7cb130], sa_mask[0]=0x7ffbfeff, sa_flags=0x10000004
SIGTRAP: SIG_DFL, sa_mask[0]=0x00000000, sa_flags=0x00000000


---------------  S Y S T E M  ---------------

OS:Ubuntu 14.04 (trusty)
uname:Linux 3.19.0-25-generic #26~14.04.1-Ubuntu SMP Fri Jul 24 21:16:20 UTC 2015 x86_64
libc:glibc 2.19 NPTL 2.19 
rlimit: STACK 8192k, CORE 0k, NPROC 11887, NOFILE 4096, AS infinity
load average:11.39 3.65 2.48

/proc/meminfo:
MemTotal:        3064604 kB
MemFree:           93720 kB
MemAvailable:      87524 kB
Buffers:            4912 kB
Cached:            69464 kB
SwapCached:         7564 kB
Active:          2026080 kB
Inactive:         490088 kB
Active(anon):    2013448 kB
Inactive(anon):   436156 kB
Active(file):      12632 kB
Inactive(file):    53932 kB
Unevictable:          32 kB
Mlocked:              32 kB
SwapTotal:       1045500 kB
SwapFree:           9484 kB
Dirty:               232 kB
Writeback:             0 kB
AnonPages:       2434852 kB
Mapped:            42524 kB
Shmem:              7448 kB
Slab:              80976 kB
SReclaimable:      33660 kB
SUnreclaim:        47316 kB
KernelStack:       13424 kB
PageTables:        36664 kB
NFS_Unstable:          0 kB
Bounce:                0 kB
WritebackTmp:          0 kB
CommitLimit:     2577800 kB
Committed_AS:    7487600 kB
VmallocTotal:   34359738367 kB
VmallocUsed:      176696 kB
VmallocChunk:   34359484308 kB
HardwareCorrupted:     0 kB
AnonHugePages:   1376256 kB
CmaTotal:              0 kB
CmaFree:               0 kB
HugePages_Total:       0
HugePages_Free:        0
HugePages_Rsvd:        0
HugePages_Surp:        0
Hugepagesize:       2048 kB
DirectMap4k:      176000 kB
DirectMap2M:     2969600 kB


CPU:total 4 (1 cores per cpu, 1 threads per core) family 6 model 58 stepping 9, cmov, cx8, fxsr, mmx, sse, sse2, sse3, ssse3, sse4.1, sse4.2, popcnt, avx, aes, erms, tsc, tscinvbit, tscinv

/proc/cpuinfo:
processor	: 0
vendor_id	: GenuineIntel
cpu family	: 6
model		: 58
model name	: Intel(R) Core(TM) i5-3570K CPU @ 3.40GHz
stepping	: 9
microcode	: 0x1b
cpu MHz		: 3410.069
cache size	: 6144 KB
physical id	: 0
siblings	: 1
core id		: 0
cpu cores	: 1
apicid		: 0
initial apicid	: 0
fpu		: yes
fpu_exception	: yes
cpuid level	: 13
wp		: yes
flags		: fpu vme de pse tsc msr pae mce cx8 apic sep mtrr pge mca cmov pat pse36 clflush dts mmx fxsr sse sse2 ss syscall nx rdtscp lm constant_tsc arch_perfmon pebs bts nopl xtopology tsc_reliable nonstop_tsc aperfmperf pni pclmulqdq ssse3 cx16 pcid sse4_1 sse4_2 x2apic popcnt tsc_deadline_timer aes xsave avx f16c rdrand hypervisor lahf_lm ida arat epb pln pts dtherm fsgsbase tsc_adjust smep
bugs		:
bogomips	: 6820.13
clflush size	: 64
cache_alignment	: 64
address sizes	: 42 bits physical, 48 bits virtual
power management:

processor	: 1
vendor_id	: GenuineIntel
cpu family	: 6
model		: 58
model name	: Intel(R) Core(TM) i5-3570K CPU @ 3.40GHz
stepping	: 9
microcode	: 0x1b
cpu MHz		: 3410.069
cache size	: 6144 KB
physical id	: 2
siblings	: 1
core id		: 0
cpu cores	: 1
apicid		: 2
initial apicid	: 2
fpu		: yes
fpu_exception	: yes
cpuid level	: 13
wp		: yes
flags		: fpu vme de pse tsc msr pae mce cx8 apic sep mtrr pge mca cmov pat pse36 clflush dts mmx fxsr sse sse2 ss syscall nx rdtscp lm constant_tsc arch_perfmon pebs bts nopl xtopology tsc_reliable nonstop_tsc aperfmperf pni pclmulqdq ssse3 cx16 pcid sse4_1 sse4_2 x2apic popcnt tsc_deadline_timer aes xsave avx f16c rdrand hypervisor lahf_lm ida arat epb pln pts dtherm fsgsbase tsc_adjust smep
bugs		:
bogomips	: 6820.13
clflush size	: 64
cache_alignment	: 64
address sizes	: 42 bits physical, 48 bits virtual
power management:

processor	: 2
vendor_id	: GenuineIntel
cpu family	: 6
model		: 58
model name	: Intel(R) Core(TM) i5-3570K CPU @ 3.40GHz
stepping	: 9
microcode	: 0x1b
cpu MHz		: 3410.069
cache size	: 6144 KB
physical id	: 4
siblings	: 1
core id		: 0
cpu cores	: 1
apicid		: 4
initial apicid	: 4
fpu		: yes
fpu_exception	: yes
cpuid level	: 13
wp		: yes
flags		: fpu vme de pse tsc msr pae mce cx8 apic sep mtrr pge mca cmov pat pse36 clflush dts mmx fxsr sse sse2 ss syscall nx rdtscp lm constant_tsc arch_perfmon pebs bts nopl xtopology tsc_reliable nonstop_tsc aperfmperf pni pclmulqdq ssse3 cx16 pcid sse4_1 sse4_2 x2apic popcnt tsc_deadline_timer aes xsave avx f16c rdrand hypervisor lahf_lm ida arat epb pln pts dtherm fsgsbase tsc_adjust smep
bugs		:
bogomips	: 6820.13
clflush size	: 64
cache_alignment	: 64
address sizes	: 42 bits physical, 48 bits virtual
power management:

processor	: 3
vendor_id	: GenuineIntel
cpu family	: 6
model		: 58
model name	: Intel(R) Core(TM) i5-3570K CPU @ 3.40GHz
stepping	: 9
microcode	: 0x1b
cpu MHz		: 3410.069
cache size	: 6144 KB
physical id	: 6
siblings	: 1
core id		: 0
cpu cores	: 1
apicid		: 6
initial apicid	: 6
fpu		: yes
fpu_exception	: yes
cpuid level	: 13
wp		: yes
flags		: fpu vme de pse tsc msr pae mce cx8 apic sep mtrr pge mca cmov pat pse36 clflush dts mmx fxsr sse sse2 ss syscall nx rdtscp lm constant_tsc arch_perfmon pebs bts nopl xtopology tsc_reliable nonstop_tsc aperfmperf pni pclmulqdq ssse3 cx16 pcid sse4_1 sse4_2 x2apic popcnt tsc_deadline_timer aes xsave avx f16c rdrand hypervisor lahf_lm ida arat epb pln pts dtherm fsgsbase tsc_adjust smep
bugs		:
bogomips	: 6820.13
clflush size	: 64
cache_alignment	: 64
address sizes	: 42 bits physical, 48 bits virtual
power management:



Memory: 4k page, physical 3064604k(93868k free), swap 1045500k(9496k free)

vm_info: OpenJDK 64-Bit Server VM (24.91-b01) for linux-amd64 JRE (1.7.0_91-b02), built on Nov 19 2015 06:14:37 by "buildd" with gcc 4.8.2

time: Tue Sep 13 16:11:02 2016
elapsed time: 22 seconds

