#
# There is insufficient memory for the Java Runtime Environment to continue.
# Native memory allocation (malloc) failed to allocate 57671680 bytes for committing reserved memory.
# Possible reasons:
#   The system is out of physical RAM or swap space
#   In 32 bit mode, the process size limit was hit
# Possible solutions:
#   Reduce memory load on the system
#   Increase physical memory or swap space
#   Check if swap backing store is full
#   Use 64 bit Java on a 64 bit OS
#   Decrease Java heap size (-Xmx/-Xms)
#   Decrease number of Java threads
#   Decrease Java thread stack sizes (-Xss)
#   Set larger code cache with -XX:ReservedCodeCacheSize=
# This output file may be truncated or incomplete.
#
#  Out of Memory Error (os_linux.cpp:2827), pid=8584, tid=139989501576960
#
# JRE version: OpenJDK Runtime Environment (7.0_91-b02) (build 1.7.0_91-b02)
# Java VM: OpenJDK 64-Bit Server VM (24.91-b01 mixed mode linux-amd64 compressed oops)
# Derivative: IcedTea 2.6.3
# Distribution: Ubuntu 14.04 LTS, package 7u91-2.6.3-0ubuntu0.14.04.1
# Failed to write core dump. Core dumps have been disabled. To enable core dumping, try "ulimit -c unlimited" before starting Java again
#

---------------  T H R E A D  ---------------

Current thread (0x00007f51e4076000):  VMThread [stack: 0x00007f51d8738000,0x00007f51d8839000] [id=8593]

Stack: [0x00007f51d8738000,0x00007f51d8839000],  sp=0x00007f51d8837490,  free space=1021k
Native frames: (J=compiled Java code, j=interpreted, Vv=VM code, C=native code)
V  [libjvm.so+0x953e15]  VMError::report_and_die()+0x175
V  [libjvm.so+0x48fd94]  report_vm_out_of_memory(char const*, int, unsigned long, char const*)+0x74
V  [libjvm.so+0x7cf87b]  os::pd_commit_memory(char*, unsigned long, unsigned long, bool)+0xeb
V  [libjvm.so+0x7ca33f]  os::commit_memory(char*, unsigned long, unsigned long, bool)+0x1f
V  [libjvm.so+0x83dacb]  PSVirtualSpace::expand_by(unsigned long)+0x5b
V  [libjvm.so+0x83e930]  PSYoungGen::resize_generation(unsigned long, unsigned long)+0xb0
V  [libjvm.so+0x83f01b]  PSYoungGen::resize(unsigned long, unsigned long)+0x1b
V  [libjvm.so+0x83b258]  PSScavenge::invoke_no_policy()+0xd68
V  [libjvm.so+0x83bac8]  PSScavenge::invoke()+0x38
V  [libjvm.so+0x7f2083]  ParallelScavengeHeap::failed_mem_allocate(unsigned long)+0x63
V  [libjvm.so+0x955814]  VM_ParallelGCFailedAllocation::doit()+0x84
V  [libjvm.so+0x959917]  VM_Operation::evaluate()+0x47
V  [libjvm.so+0x9583d8]  VMThread::evaluate_operation(VM_Operation*)+0x318
V  [libjvm.so+0x958839]  VMThread::loop()+0x219
V  [libjvm.so+0x958c82]  VMThread::run()+0x72
V  [libjvm.so+0x7cc742]  java_start(Thread*)+0xf2

VM_Operation (0x00007f51d1d68fc0): ParallelGCFailedAllocation, mode: safepoint, requested by thread 0x00007f51e4198800


---------------  P R O C E S S  ---------------

Java Threads: ( => current thread )
  0x00007f51e4198800 JavaThread "pool-1-thread-4" [_thread_blocked, id=8605, stack(0x00007f51d1c6a000,0x00007f51d1d6b000)]
  0x00007f51e4197800 JavaThread "pool-1-thread-3" [_thread_blocked, id=8604, stack(0x00007f51d1d6b000,0x00007f51d1e6c000)]
  0x00007f51e4195800 JavaThread "pool-1-thread-2" [_thread_blocked, id=8603, stack(0x00007f51d1e6c000,0x00007f51d1f6d000)]
  0x00007f51e4191000 JavaThread "pool-2-thread-1" [_thread_blocked, id=8602, stack(0x00007f51d1f6d000,0x00007f51d206e000)]
  0x00007f51e418f800 JavaThread "pool-1-thread-1" [_thread_blocked, id=8601, stack(0x00007f51d206e000,0x00007f51d216f000)]
  0x00007f51e40b1000 JavaThread "Service Thread" daemon [_thread_blocked, id=8599, stack(0x00007f51d8132000,0x00007f51d8233000)]
  0x00007f51e40ae800 JavaThread "C2 CompilerThread1" daemon [_thread_blocked, id=8598, stack(0x00007f51d8233000,0x00007f51d8334000)]
  0x00007f51e40ab800 JavaThread "C2 CompilerThread0" daemon [_thread_blocked, id=8597, stack(0x00007f51d8334000,0x00007f51d8435000)]
  0x00007f51e40a9800 JavaThread "Signal Dispatcher" daemon [_thread_blocked, id=8596, stack(0x00007f51d8435000,0x00007f51d8536000)]
  0x00007f51e407c000 JavaThread "Finalizer" daemon [_thread_blocked, id=8595, stack(0x00007f51d8536000,0x00007f51d8637000)]
  0x00007f51e407a000 JavaThread "Reference Handler" daemon [_thread_blocked, id=8594, stack(0x00007f51d8637000,0x00007f51d8738000)]
  0x00007f51e400a800 JavaThread "main" [_thread_blocked, id=8587, stack(0x00007f51eae4d000,0x00007f51eaf4e000)]

Other Threads:
=>0x00007f51e4076000 VMThread [stack: 0x00007f51d8738000,0x00007f51d8839000] [id=8593]
  0x00007f51e40bb800 WatcherThread [stack: 0x00007f51d8031000,0x00007f51d8132000] [id=8600]

VM state:at safepoint (normal execution)

VM Mutex/Monitor currently owned by a thread:  ([mutex/lock_event])
[0x00007f51e4006990] Threads_lock - owner thread: 0x00007f51e4076000
[0x00007f51e4006e90] Heap_lock - owner thread: 0x00007f51e4198800

Heap
 PSYoungGen      total 55808K, used 7160K [0x00000000eaa80000, 0x00000000ee880000, 0x0000000100000000)
  eden space 48640K, 0% used [0x00000000eaa80000,0x00000000eaa80000,0x00000000eda00000)
  from space 7168K, 99% used [0x00000000eda00000,0x00000000ee0fe200,0x00000000ee100000)
  to   space 6656K, 0% used [0x00000000ee100000,0x00000000ee100000,0x00000000ee780000)
 ParOldGen       total 31744K, used 17061K [0x00000000c0000000, 0x00000000c1f00000, 0x00000000eaa80000)
  object space 31744K, 53% used [0x00000000c0000000,0x00000000c10a9598,0x00000000c1f00000)
 PSPermGen       total 21504K, used 6230K [0x00000000b5a00000, 0x00000000b6f00000, 0x00000000c0000000)
  object space 21504K, 28% used [0x00000000b5a00000,0x00000000b60158a0,0x00000000b6f00000)

Card table byte_map: [0x00007f51e078b000,0x00007f51e09df000] byte_map_base: 0x00007f51e01de000

Polling page: 0x00007f51eaf68000

Code Cache  [0x00007f51e09df000, 0x00007f51e0c4f000, 0x00007f51e39df000)
 total_blobs=480 nmethods=249 adapters=184 free_code_cache=48070Kb largest_free_block=49141696

Compilation events (10 events):
Event: 5.503 Thread 0x00007f51e40ab800 nmethod 248 0x00007f51e0a5f9d0 code [0x00007f51e0a5fc20, 0x00007f51e0a60908]
Event: 5.503 Thread 0x00007f51e40ab800  249             com.android.dx.cf.code.Frame::getStack (5 bytes)
Event: 5.503 Thread 0x00007f51e40ab800 nmethod 249 0x00007f51e0ac4510 code [0x00007f51e0ac4640, 0x00007f51e0ac4698]
Event: 5.503 Thread 0x00007f51e40ab800  250             com.android.dx.ssa.back.IdenticalBlockCombiner::process (323 bytes)
Event: 5.941 Thread 0x00007f51e40ab800 nmethod 250 0x00007f51e0afa490 code [0x00007f51e0afa820, 0x00007f51e0afccd0]
Event: 5.941 Thread 0x00007f51e40ab800  251             com.android.dx.rop.code.BasicBlockList::forEachInsn (39 bytes)
Event: 5.958 Thread 0x00007f51e40ab800 nmethod 251 0x00007f51e0a59ed0 code [0x00007f51e0a5a040, 0x00007f51e0a5a2f8]
Event: 5.958 Thread 0x00007f51e40ab800  252             java.util.ArrayList::remove (77 bytes)
Event: 5.982 Thread 0x00007f51e40ab800 nmethod 252 0x00007f51e0a5f310 code [0x00007f51e0a5f460, 0x00007f51e0a5f7f8]
Event: 5.982 Thread 0x00007f51e40ab800  253   !         com.android.dx.cf.code.Ropper::processBlock (1101 bytes)

GC Heap History (10 events):
Event: 1.594 GC heap after
Heap after GC invocations=2 (full 0):
 PSYoungGen      total 14336K, used 2016K [0x00000000eaa80000, 0x00000000ec680000, 0x0000000100000000)
  eden space 12288K, 0% used [0x00000000eaa80000,0x00000000eaa80000,0x00000000eb680000)
  from space 2048K, 98% used [0x00000000eb880000,0x00000000eba78038,0x00000000eba80000)
  to   space 2048K, 0% used [0x00000000eb680000,0x00000000eb680000,0x00000000eb880000)
 ParOldGen       total 31744K, used 2522K [0x00000000c0000000, 0x00000000c1f00000, 0x00000000eaa80000)
  object space 31744K, 7% used [0x00000000c0000000,0x00000000c0276be0,0x00000000c1f00000)
 PSPermGen       total 21504K, used 5988K [0x00000000b5a00000, 0x00000000b6f00000, 0x00000000c0000000)
  object space 21504K, 27% used [0x00000000b5a00000,0x00000000b5fd9148,0x00000000b6f00000)
}
Event: 2.053 GC heap before
{Heap before GC invocations=3 (full 0):
 PSYoungGen      total 14336K, used 14304K [0x00000000eaa80000, 0x00000000ec680000, 0x0000000100000000)
  eden space 12288K, 100% used [0x00000000eaa80000,0x00000000eb680000,0x00000000eb680000)
  from space 2048K, 98% used [0x00000000eb880000,0x00000000eba78038,0x00000000eba80000)
  to   space 2048K, 0% used [0x00000000eb680000,0x00000000eb680000,0x00000000eb880000)
 ParOldGen       total 31744K, used 2522K [0x00000000c0000000, 0x00000000c1f00000, 0x00000000eaa80000)
  object space 31744K, 7% used [0x00000000c0000000,0x00000000c0276be0,0x00000000c1f00000)
 PSPermGen       total 21504K, used 6085K [0x00000000b5a00000, 0x00000000b6f00000, 0x00000000c0000000)
  object space 21504K, 28% used [0x00000000b5a00000,0x00000000b5ff1430,0x00000000b6f00000)
Event: 2.067 GC heap after
Heap after GC invocations=3 (full 0):
 PSYoungGen      total 14336K, used 2019K [0x00000000eaa80000, 0x00000000ec680000, 0x0000000100000000)
  eden space 12288K, 0% used [0x00000000eaa80000,0x00000000eaa80000,0x00000000eb680000)
  from space 2048K, 98% used [0x00000000eb680000,0x00000000eb878d20,0x00000000eb880000)
  to   space 2048K, 0% used [0x00000000ec480000,0x00000000ec480000,0x00000000ec680000)
 ParOldGen       total 31744K, used 4754K [0x00000000c0000000, 0x00000000c1f00000, 0x00000000eaa80000)
  object space 31744K, 14% used [0x00000000c0000000,0x00000000c04a49d0,0x00000000c1f00000)
 PSPermGen       total 21504K, used 6085K [0x00000000b5a00000, 0x00000000b6f00000, 0x00000000c0000000)
  object space 21504K, 28% used [0x00000000b5a00000,0x00000000b5ff1430,0x00000000b6f00000)
}
Event: 2.766 GC heap before
{Heap before GC invocations=4 (full 0):
 PSYoungGen      total 14336K, used 14307K [0x00000000eaa80000, 0x00000000ec680000, 0x0000000100000000)
  eden space 12288K, 100% used [0x00000000eaa80000,0x00000000eb680000,0x00000000eb680000)
  from space 2048K, 98% used [0x00000000eb680000,0x00000000eb878d20,0x00000000eb880000)
  to   space 2048K, 0% used [0x00000000ec480000,0x00000000ec480000,0x00000000ec680000)
 ParOldGen       total 31744K, used 4754K [0x00000000c0000000, 0x00000000c1f00000, 0x00000000eaa80000)
  object space 31744K, 14% used [0x00000000c0000000,0x00000000c04a49d0,0x00000000c1f00000)
 PSPermGen       total 21504K, used 6113K [0x00000000b5a00000, 0x00000000b6f00000, 0x00000000c0000000)
  object space 21504K, 28% used [0x00000000b5a00000,0x00000000b5ff8588,0x00000000b6f00000)
Event: 2.788 GC heap after
Heap after GC invocations=4 (full 0):
 PSYoungGen      total 26624K, used 2032K [0x00000000eaa80000, 0x00000000ec680000, 0x0000000100000000)
  eden space 24576K, 0% used [0x00000000eaa80000,0x00000000eaa80000,0x00000000ec280000)
  from space 2048K, 99% used [0x00000000ec480000,0x00000000ec67c038,0x00000000ec680000)
  to   space 2048K, 0% used [0x00000000ec280000,0x00000000ec280000,0x00000000ec480000)
 ParOldGen       total 31744K, used 6476K [0x00000000c0000000, 0x00000000c1f00000, 0x00000000eaa80000)
  object space 31744K, 20% used [0x00000000c0000000,0x00000000c0653230,0x00000000c1f00000)
 PSPermGen       total 21504K, used 6113K [0x00000000b5a00000, 0x00000000b6f00000, 0x00000000c0000000)
  object space 21504K, 28% used [0x00000000b5a00000,0x00000000b5ff8588,0x00000000b6f00000)
}
Event: 3.624 GC heap before
{Heap before GC invocations=5 (full 0):
 PSYoungGen      total 26624K, used 26608K [0x00000000eaa80000, 0x00000000ec680000, 0x0000000100000000)
  eden space 24576K, 100% used [0x00000000eaa80000,0x00000000ec280000,0x00000000ec280000)
  from space 2048K, 99% used [0x00000000ec480000,0x00000000ec67c038,0x00000000ec680000)
  to   space 2048K, 0% used [0x00000000ec280000,0x00000000ec280000,0x00000000ec480000)
 ParOldGen       total 31744K, used 6476K [0x00000000c0000000, 0x00000000c1f00000, 0x00000000eaa80000)
  object space 31744K, 20% used [0x00000000c0000000,0x00000000c0653230,0x00000000c1f00000)
 PSPermGen       total 21504K, used 6182K [0x00000000b5a00000, 0x00000000b6f00000, 0x00000000c0000000)
  object space 21504K, 28% used [0x00000000b5a00000,0x00000000b60099f8,0x00000000b6f00000)
Event: 3.661 GC heap after
Heap after GC invocations=5 (full 0):
 PSYoungGen      total 26624K, used 2045K [0x00000000eaa80000, 0x00000000ee780000, 0x0000000100000000)
  eden space 24576K, 0% used [0x00000000eaa80000,0x00000000eaa80000,0x00000000ec280000)
  from space 2048K, 99% used [0x00000000ec280000,0x00000000ec47f5c0,0x00000000ec480000)
  to   space 6656K, 0% used [0x00000000ee100000,0x00000000ee100000,0x00000000ee780000)
 ParOldGen       total 31744K, used 11448K [0x00000000c0000000, 0x00000000c1f00000, 0x00000000eaa80000)
  object space 31744K, 36% used [0x00000000c0000000,0x00000000c0b2e390,0x00000000c1f00000)
 PSPermGen       total 21504K, used 6182K [0x00000000b5a00000, 0x00000000b6f00000, 0x00000000c0000000)
  object space 21504K, 28% used [0x00000000b5a00000,0x00000000b60099f8,0x00000000b6f00000)
}
Event: 4.515 GC heap before
{Heap before GC invocations=6 (full 0):
 PSYoungGen      total 26624K, used 26621K [0x00000000eaa80000, 0x00000000ee780000, 0x0000000100000000)
  eden space 24576K, 100% used [0x00000000eaa80000,0x00000000ec280000,0x00000000ec280000)
  from space 2048K, 99% used [0x00000000ec280000,0x00000000ec47f5c0,0x00000000ec480000)
  to   space 6656K, 0% used [0x00000000ee100000,0x00000000ee100000,0x00000000ee780000)
 ParOldGen       total 31744K, used 11448K [0x00000000c0000000, 0x00000000c1f00000, 0x00000000eaa80000)
  object space 31744K, 36% used [0x00000000c0000000,0x00000000c0b2e390,0x00000000c1f00000)
 PSPermGen       total 21504K, used 6204K [0x00000000b5a00000, 0x00000000b6f00000, 0x00000000c0000000)
  object space 21504K, 28% used [0x00000000b5a00000,0x00000000b600f0a8,0x00000000b6f00000)
Event: 4.553 GC heap after
Heap after GC invocations=6 (full 0):
 PSYoungGen      total 55296K, used 5842K [0x00000000eaa80000, 0x00000000ee880000, 0x0000000100000000)
  eden space 48640K, 0% used [0x00000000eaa80000,0x00000000eaa80000,0x00000000eda00000)
  from space 6656K, 87% used [0x00000000ee100000,0x00000000ee6b4af8,0x00000000ee780000)
  to   space 7168K, 0% used [0x00000000eda00000,0x00000000eda00000,0x00000000ee100000)
 ParOldGen       total 31744K, used 11448K [0x00000000c0000000, 0x00000000c1f00000, 0x00000000eaa80000)
  object space 31744K, 36% used [0x00000000c0000000,0x00000000c0b2e390,0x00000000c1f00000)
 PSPermGen       total 21504K, used 6204K [0x00000000b5a00000, 0x00000000b6f00000, 0x00000000c0000000)
  object space 21504K, 28% used [0x00000000b5a00000,0x00000000b600f0a8,0x00000000b6f00000)
}
Event: 7.894 GC heap before
{Heap before GC invocations=7 (full 0):
 PSYoungGen      total 55296K, used 54482K [0x00000000eaa80000, 0x00000000ee880000, 0x0000000100000000)
  eden space 48640K, 100% used [0x00000000eaa80000,0x00000000eda00000,0x00000000eda00000)
  from space 6656K, 87% used [0x00000000ee100000,0x00000000ee6b4af8,0x00000000ee780000)
  to   space 7168K, 0% used [0x00000000eda00000,0x00000000eda00000,0x00000000ee100000)
 ParOldGen       total 31744K, used 11448K [0x00000000c0000000, 0x00000000c1f00000, 0x00000000eaa80000)
  object space 31744K, 36% used [0x00000000c0000000,0x00000000c0b2e390,0x00000000c1f00000)
 PSPermGen       total 21504K, used 6230K [0x00000000b5a00000, 0x00000000b6f00000, 0x00000000c0000000)
  object space 21504K, 28% used [0x00000000b5a00000,0x00000000b60158a0,0x00000000b6f00000)

Deoptimization events (10 events):
Event: 1.733 Thread 0x00007f51e418f800 Uncommon trap: reason=class_check action=maybe_recompile pc=0x00007f51e0a770e0 method=com.android.dx.rop.type.Type.equals(Ljava/lang/Object;)Z @ 8
Event: 1.733 Thread 0x00007f51e418f800 Uncommon trap: reason=class_check action=maybe_recompile pc=0x00007f51e0a770e0 method=com.android.dx.rop.type.Type.equals(Ljava/lang/Object;)Z @ 8
Event: 1.734 Thread 0x00007f51e418f800 Uncommon trap: reason=class_check action=maybe_recompile pc=0x00007f51e0a770e0 method=com.android.dx.rop.type.Type.equals(Ljava/lang/Object;)Z @ 8
Event: 1.747 Thread 0x00007f51e418f800 Uncommon trap: reason=unstable_if action=reinterpret pc=0x00007f51e0a6cf64 method=com.android.dx.rop.code.RegisterSpec.equals(ILcom/android/dx/rop/type/TypeBearer;Lcom/android/dx/rop/code/LocalItem;)Z @ 42
Event: 1.933 Thread 0x00007f51e4197800 Uncommon trap: reason=class_check action=maybe_recompile pc=0x00007f51e0a770e0 method=com.android.dx.rop.type.Type.equals(Ljava/lang/Object;)Z @ 8
Event: 2.949 Thread 0x00007f51e4195800 Uncommon trap: reason=null_check action=make_not_entrant pc=0x00007f51e0a66e9c method=com.android.dx.ssa.SsaRenamer.getLocalForNewReg(I)Lcom/android/dx/rop/code/LocalItem; @ 19
Event: 3.394 Thread 0x00007f51e4198800 Uncommon trap: reason=null_check action=make_not_entrant pc=0x00007f51e0a69c5c method=com.android.dx.ssa.SsaRenamer.getLocalForNewReg(I)Lcom/android/dx/rop/code/LocalItem; @ 19
Event: 3.544 Thread 0x00007f51e4195800 Uncommon trap: reason=unstable_if action=reinterpret pc=0x00007f51e0a7acb4 method=com.android.dx.util.IntList.binarysearch(I)I @ 105
Event: 4.809 Thread 0x00007f51e4197800 Uncommon trap: reason=unstable_if action=reinterpret pc=0x00007f51e0a92a88 method=java.util.HashMap.put(Ljava/lang/Object;Ljava/lang/Object;)Ljava/lang/Object; @ 86
Event: 6.365 Thread 0x00007f51e4197800 Uncommon trap: reason=unstable_if action=reinterpret pc=0x00007f51e0aaf64c method=com.android.dx.ssa.LocalVariableExtractor.processBlock(I)V @ 251

Internal exceptions (10 events):
Event: 2.949 Thread 0x00007f51e4195800 Implicit null exception at 0x00007f51e0a663d7 to 0x00007f51e0a66e81
Event: 3.085 Thread 0x00007f51e400a800 Threw 0x00000000eb296fe8 at /build/openjdk-7-zaTxYK/openjdk-7-7u91-2.6.3/build/openjdk/hotspot/src/share/vm/prims/jvm.cpp:1322
Event: 3.086 Thread 0x00007f51e400a800 Threw 0x00000000eb299f50 at /build/openjdk-7-zaTxYK/openjdk-7-7u91-2.6.3/build/openjdk/hotspot/src/share/vm/prims/jvm.cpp:1322
Event: 3.088 Thread 0x00007f51e400a800 Threw 0x00000000eb2b1a40 at /build/openjdk-7-zaTxYK/openjdk-7-7u91-2.6.3/build/openjdk/hotspot/src/share/vm/prims/jvm.cpp:1322
Event: 3.112 Thread 0x00007f51e400a800 Threw 0x00000000eb2b48d8 at /build/openjdk-7-zaTxYK/openjdk-7-7u91-2.6.3/build/openjdk/hotspot/src/share/vm/prims/jvm.cpp:1322
Event: 3.207 Thread 0x00007f51e400a800 Threw 0x00000000eb5fdb78 at /build/openjdk-7-zaTxYK/openjdk-7-7u91-2.6.3/build/openjdk/hotspot/src/share/vm/prims/jvm.cpp:1322
Event: 3.233 Thread 0x00007f51e400a800 Threw 0x00000000eb603d38 at /build/openjdk-7-zaTxYK/openjdk-7-7u91-2.6.3/build/openjdk/hotspot/src/share/vm/prims/jvm.cpp:1322
Event: 3.233 Thread 0x00007f51e400a800 Threw 0x00000000eb693bc8 at /build/openjdk-7-zaTxYK/openjdk-7-7u91-2.6.3/build/openjdk/hotspot/src/share/vm/prims/jvm.cpp:1322
Event: 3.394 Thread 0x00007f51e4198800 Implicit null exception at 0x00007f51e0a69316 to 0x00007f51e0a69c45
Event: 4.158 Thread 0x00007f51e4195800 Threw 0x00000000ebaf4fa8 at /build/openjdk-7-zaTxYK/openjdk-7-7u91-2.6.3/build/openjdk/hotspot/src/share/vm/prims/jvm.cpp:1322

Events (10 events):
Event: 4.809 Thread 0x00007f51e4197800 Uncommon trap: trap_request=0xffffff75 fr.pc=0x00007f51e0a92a88
Event: 4.809 Thread 0x00007f51e4197800 DEOPT PACKING pc=0x00007f51e0a92a88 sp=0x00007f51d1e6a0c0
Event: 4.809 Thread 0x00007f51e4197800 DEOPT UNPACKING pc=0x00007f51e0a18445 sp=0x00007f51d1e6a090 mode 2
Event: 4.875 Thread 0x00007f51e40ab800 flushing nmethod 0x00007f51e0a56790
Event: 5.445 Thread 0x00007f51e40ab800 flushing nmethod 0x00007f51e0a59990
Event: 5.445 Thread 0x00007f51e40ab800 flushing nmethod 0x00007f51e0a5e890
Event: 6.356 Thread 0x00007f51e4197800 Uncommon trap: trap_request=0xffffff75 fr.pc=0x00007f51e0aaf64c
Event: 6.366 Thread 0x00007f51e4197800 DEOPT PACKING pc=0x00007f51e0aaf64c sp=0x00007f51d1e6a170
Event: 6.371 Thread 0x00007f51e4197800 DEOPT UNPACKING pc=0x00007f51e0a18445 sp=0x00007f51d1e6a150 mode 2
Event: 7.757 Executing VM operation: ParallelGCFailedAllocation


Dynamic libraries:
00400000-00401000 r-xp 00000000 08:01 4204455                            /usr/lib/jvm/java-7-openjdk-amd64/jre/bin/java
00600000-00601000 r--p 00000000 08:01 4204455                            /usr/lib/jvm/java-7-openjdk-amd64/jre/bin/java
00601000-00602000 rw-p 00001000 08:01 4204455                            /usr/lib/jvm/java-7-openjdk-amd64/jre/bin/java
00a82000-00aa3000 rw-p 00000000 00:00 0                                  [heap]
b5a00000-b6f00000 rw-p 00000000 00:00 0 
b6f00000-c0000000 rw-p 00000000 00:00 0 
c0000000-c1f00000 rw-p 00000000 00:00 0 
c1f00000-eaa80000 rw-p 00000000 00:00 0 
eaa80000-ee880000 rw-p 00000000 00:00 0 
f1f80000-100000000 rw-p 00000000 00:00 0 
7f518c000000-7f518c021000 rw-p 00000000 00:00 0 
7f518c021000-7f5190000000 ---p 00000000 00:00 0 
7f5194000000-7f5194021000 rw-p 00000000 00:00 0 
7f5194021000-7f5198000000 ---p 00000000 00:00 0 
7f5198000000-7f5198021000 rw-p 00000000 00:00 0 
7f5198021000-7f519c000000 ---p 00000000 00:00 0 
7f519c000000-7f519c038000 rw-p 00000000 00:00 0 
7f519c038000-7f51a0000000 ---p 00000000 00:00 0 
7f51a0000000-7f51a0021000 rw-p 00000000 00:00 0 
7f51a0021000-7f51a4000000 ---p 00000000 00:00 0 
7f51a4000000-7f51a4021000 rw-p 00000000 00:00 0 
7f51a4021000-7f51a8000000 ---p 00000000 00:00 0 
7f51a8000000-7f51a8021000 rw-p 00000000 00:00 0 
7f51a8021000-7f51ac000000 ---p 00000000 00:00 0 
7f51ac000000-7f51ad04e000 rw-p 00000000 00:00 0 
7f51ad04e000-7f51b0000000 ---p 00000000 00:00 0 
7f51b0000000-7f51b1539000 rw-p 00000000 00:00 0 
7f51b1539000-7f51b4000000 ---p 00000000 00:00 0 
7f51b4000000-7f51b4021000 rw-p 00000000 00:00 0 
7f51b4021000-7f51b8000000 ---p 00000000 00:00 0 
7f51b8000000-7f51b8021000 rw-p 00000000 00:00 0 
7f51b8021000-7f51bc000000 ---p 00000000 00:00 0 
7f51bc000000-7f51bc242000 rw-p 00000000 00:00 0 
7f51bc242000-7f51c0000000 ---p 00000000 00:00 0 
7f51c0000000-7f51c0021000 rw-p 00000000 00:00 0 
7f51c0021000-7f51c4000000 ---p 00000000 00:00 0 
7f51c4000000-7f51c4021000 rw-p 00000000 00:00 0 
7f51c4021000-7f51c8000000 ---p 00000000 00:00 0 
7f51cc000000-7f51cc021000 rw-p 00000000 00:00 0 
7f51cc021000-7f51d0000000 ---p 00000000 00:00 0 
7f51d1c6a000-7f51d1c6d000 ---p 00000000 00:00 0 
7f51d1c6d000-7f51d1d6b000 rw-p 00000000 00:00 0                          [stack:8605]
7f51d1d6b000-7f51d1d6e000 ---p 00000000 00:00 0 
7f51d1d6e000-7f51d1e6c000 rw-p 00000000 00:00 0                          [stack:8604]
7f51d1e6c000-7f51d1e6f000 ---p 00000000 00:00 0 
7f51d1e6f000-7f51d1f6d000 rw-p 00000000 00:00 0                          [stack:8603]
7f51d1f6d000-7f51d1f70000 ---p 00000000 00:00 0 
7f51d1f70000-7f51d206e000 rw-p 00000000 00:00 0                          [stack:8602]
7f51d206e000-7f51d2071000 ---p 00000000 00:00 0 
7f51d2071000-7f51d21a0000 rw-p 00000000 00:00 0                          [stack:8601]
7f51d21a0000-7f51d21dd000 r-xp 00000000 08:01 5116281                    /lib/x86_64-linux-gnu/libpcre.so.3.13.1
7f51d21dd000-7f51d23dc000 ---p 0003d000 08:01 5116281                    /lib/x86_64-linux-gnu/libpcre.so.3.13.1
7f51d23dc000-7f51d23dd000 r--p 0003c000 08:01 5116281                    /lib/x86_64-linux-gnu/libpcre.so.3.13.1
7f51d23dd000-7f51d23de000 rw-p 0003d000 08:01 5116281                    /lib/x86_64-linux-gnu/libpcre.so.3.13.1
7f51d23de000-7f51d23e5000 r-xp 00000000 08:01 4202859                    /usr/lib/x86_64-linux-gnu/libffi.so.6.0.1
7f51d23e5000-7f51d25e4000 ---p 00007000 08:01 4202859                    /usr/lib/x86_64-linux-gnu/libffi.so.6.0.1
7f51d25e4000-7f51d25e5000 r--p 00006000 08:01 4202859                    /usr/lib/x86_64-linux-gnu/libffi.so.6.0.1
7f51d25e5000-7f51d25e6000 rw-p 00007000 08:01 4202859                    /usr/lib/x86_64-linux-gnu/libffi.so.6.0.1
7f51d25e6000-7f51d25fd000 r-xp 00000000 08:01 5116304                    /lib/x86_64-linux-gnu/libresolv-2.19.so
7f51d25fd000-7f51d27fd000 ---p 00017000 08:01 5116304                    /lib/x86_64-linux-gnu/libresolv-2.19.so
7f51d27fd000-7f51d27fe000 r--p 00017000 08:01 5116304                    /lib/x86_64-linux-gnu/libresolv-2.19.so
7f51d27fe000-7f51d27ff000 rw-p 00018000 08:01 5116304                    /lib/x86_64-linux-gnu/libresolv-2.19.so
7f51d27ff000-7f51d2801000 rw-p 00000000 00:00 0 
7f51d2801000-7f51d2821000 r-xp 00000000 08:01 5116308                    /lib/x86_64-linux-gnu/libselinux.so.1
7f51d2821000-7f51d2a20000 ---p 00020000 08:01 5116308                    /lib/x86_64-linux-gnu/libselinux.so.1
7f51d2a20000-7f51d2a21000 r--p 0001f000 08:01 5116308                    /lib/x86_64-linux-gnu/libselinux.so.1
7f51d2a21000-7f51d2a22000 rw-p 00020000 08:01 5116308                    /lib/x86_64-linux-gnu/libselinux.so.1
7f51d2a22000-7f51d2a24000 rw-p 00000000 00:00 0 
7f51d2a24000-7f51d2a27000 r-xp 00000000 08:01 4202972                    /usr/lib/x86_64-linux-gnu/libgmodule-2.0.so.0.4002.0
7f51d2a27000-7f51d2c26000 ---p 00003000 08:01 4202972                    /usr/lib/x86_64-linux-gnu/libgmodule-2.0.so.0.4002.0
7f51d2c26000-7f51d2c27000 r--p 00002000 08:01 4202972                    /usr/lib/x86_64-linux-gnu/libgmodule-2.0.so.0.4002.0
7f51d2c27000-7f51d2c28000 rw-p 00003000 08:01 4202972                    /usr/lib/x86_64-linux-gnu/libgmodule-2.0.so.0.4002.0
7f51d2c28000-7f51d2d2e000 r-xp 00000000 08:01 5116209                    /lib/x86_64-linux-gnu/libglib-2.0.so.0.4002.0
7f51d2d2e000-7f51d2f2d000 ---p 00106000 08:01 5116209                    /lib/x86_64-linux-gnu/libglib-2.0.so.0.4002.0
7f51d2f2d000-7f51d2f2e000 r--p 00105000 08:01 5116209                    /lib/x86_64-linux-gnu/libglib-2.0.so.0.4002.0
7f51d2f2e000-7f51d2f2f000 rw-p 00106000 08:01 5116209                    /lib/x86_64-linux-gnu/libglib-2.0.so.0.4002.0
7f51d2f2f000-7f51d2f30000 rw-p 00000000 00:00 0 
7f51d2f30000-7f51d2f7f000 r-xp 00000000 08:01 4202988                    /usr/lib/x86_64-linux-gnu/libgobject-2.0.so.0.4002.0
7f51d2f7f000-7f51d317f000 ---p 0004f000 08:01 4202988                    /usr/lib/x86_64-linux-gnu/libgobject-2.0.so.0.4002.0
7f51d317f000-7f51d3180000 r--p 0004f000 08:01 4202988                    /usr/lib/x86_64-linux-gnu/libgobject-2.0.so.0.4002.0
7f51d3180000-7f51d3181000 rw-p 00050000 08:01 4202988                    /usr/lib/x86_64-linux-gnu/libgobject-2.0.so.0.4002.0
7f51d3181000-7f51d32ed000 r-xp 00000000 08:01 4202960                    /usr/lib/x86_64-linux-gnu/libgio-2.0.so.0.4002.0
7f51d32ed000-7f51d34ec000 ---p 0016c000 08:01 4202960                    /usr/lib/x86_64-linux-gnu/libgio-2.0.so.0.4002.0
7f51d34ec000-7f51d34f0000 r--p 0016b000 08:01 4202960                    /usr/lib/x86_64-linux-gnu/libgio-2.0.so.0.4002.0
7f51d34f0000-7f51d34f2000 rw-p 0016f000 08:01 4202960                    /usr/lib/x86_64-linux-gnu/libgio-2.0.so.0.4002.0
7f51d34f2000-7f51d34f4000 rw-p 00000000 00:00 0 
7f51d34f4000-7f51d350b000 r-xp 00000000 08:01 4204518                    /usr/lib/jvm/java-7-openjdk-amd64/jre/lib/amd64/libnet.so
7f51d350b000-7f51d370a000 ---p 00017000 08:01 4204518                    /usr/lib/jvm/java-7-openjdk-amd64/jre/lib/amd64/libnet.so
7f51d370a000-7f51d370b000 r--p 00016000 08:01 4204518                    /usr/lib/jvm/java-7-openjdk-amd64/jre/lib/amd64/libnet.so
7f51d370b000-7f51d370c000 rw-p 00017000 08:01 4204518                    /usr/lib/jvm/java-7-openjdk-amd64/jre/lib/amd64/libnet.so
7f51d370c000-7f51d371c000 r-xp 00000000 08:01 4204485                    /usr/lib/jvm/java-7-openjdk-amd64/jre/lib/amd64/libnio.so
7f51d371c000-7f51d391c000 ---p 00010000 08:01 4204485                    /usr/lib/jvm/java-7-openjdk-amd64/jre/lib/amd64/libnio.so
7f51d391c000-7f51d391d000 r--p 00010000 08:01 4204485                    /usr/lib/jvm/java-7-openjdk-amd64/jre/lib/amd64/libnio.so
7f51d391d000-7f51d391e000 rw-p 00011000 08:01 4204485                    /usr/lib/jvm/java-7-openjdk-amd64/jre/lib/amd64/libnio.so
7f51d391e000-7f51d4000000 r--p 00000000 08:01 4201489                    /usr/lib/locale/locale-archive
7f51d4000000-7f51d4021000 rw-p 00000000 00:00 0 
7f51d4021000-7f51d8000000 ---p 00000000 00:00 0 
7f51d8031000-7f51d8032000 ---p 00000000 00:00 0 
7f51d8032000-7f51d8132000 rw-p 00000000 00:00 0                          [stack:8600]
7f51d8132000-7f51d8135000 ---p 00000000 00:00 0 
7f51d8135000-7f51d8233000 rw-p 00000000 00:00 0                          [stack:8599]
7f51d8233000-7f51d8236000 ---p 00000000 00:00 0 
7f51d8236000-7f51d8334000 rw-p 00000000 00:00 0                          [stack:8598]
7f51d8334000-7f51d8337000 ---p 00000000 00:00 0 
7f51d8337000-7f51d8435000 rw-p 00000000 00:00 0                          [stack:8597]
7f51d8435000-7f51d8438000 ---p 00000000 00:00 0 
7f51d8438000-7f51d8536000 rw-p 00000000 00:00 0                          [stack:8596]
7f51d8536000-7f51d8539000 ---p 00000000 00:00 0 
7f51d8539000-7f51d8637000 rw-p 00000000 00:00 0                          [stack:8595]
7f51d8637000-7f51d863a000 ---p 00000000 00:00 0 
7f51d863a000-7f51d8738000 rw-p 00000000 00:00 0                          [stack:8594]
7f51d8738000-7f51d8739000 ---p 00000000 00:00 0 
7f51d8739000-7f51d96cb000 rw-p 00000000 00:00 0                          [stack:8593]
7f51d96cb000-7f51d987d000 r--s 01d2e000 08:01 4204478                    /usr/lib/jvm/java-7-openjdk-amd64/jre/lib/rt.jar
7f51d987d000-7f51dc000000 rw-p 00000000 00:00 0 
7f51dc000000-7f51dc021000 rw-p 00000000 00:00 0 
7f51dc021000-7f51e0000000 ---p 00000000 00:00 0 
7f51e0002000-7f51e0007000 r--s 00042000 08:01 1443139                    /home/joseph/sweepersd/app/SweeperSD/app/build/intermediates/exploded-aar/com.android.support/recyclerview-v7/23.1.1/jars/classes.jar
7f51e0007000-7f51e0016000 r--s 000df000 08:01 6029891                    /home/joseph/Android/Sdk/build-tools/23.0.2/lib/dx.jar
7f51e0016000-7f51e0231000 rw-p 00000000 00:00 0 
7f51e0231000-7f51e0232000 ---p 00000000 00:00 0 
7f51e0232000-7f51e0332000 rw-p 00000000 00:00 0                          [stack:8592]
7f51e0332000-7f51e0333000 ---p 00000000 00:00 0 
7f51e0333000-7f51e0433000 rw-p 00000000 00:00 0                          [stack:8591]
7f51e0433000-7f51e0434000 ---p 00000000 00:00 0 
7f51e0434000-7f51e0534000 rw-p 00000000 00:00 0                          [stack:8590]
7f51e0534000-7f51e0535000 ---p 00000000 00:00 0 
7f51e0535000-7f51e0645000 rw-p 00000000 00:00 0                          [stack:8589]
7f51e0645000-7f51e078b000 rw-p 00000000 00:00 0 
7f51e078b000-7f51e0796000 rw-p 00000000 00:00 0 
7f51e0796000-7f51e07de000 rw-p 00000000 00:00 0 
7f51e07de000-7f51e07ee000 rw-p 00000000 00:00 0 
7f51e07ee000-7f51e0933000 rw-p 00000000 00:00 0 
7f51e0933000-7f51e0953000 rw-p 00000000 00:00 0 
7f51e0953000-7f51e09de000 rw-p 00000000 00:00 0 
7f51e09de000-7f51e09df000 rw-p 00000000 00:00 0 
7f51e09df000-7f51e0c4f000 rwxp 00000000 00:00 0 
7f51e0c4f000-7f51e39df000 rw-p 00000000 00:00 0 
7f51e39df000-7f51e39e7000 r-xp 00000000 08:01 4204489                    /usr/lib/jvm/java-7-openjdk-amd64/jre/lib/amd64/libzip.so
7f51e39e7000-7f51e3be6000 ---p 00008000 08:01 4204489                    /usr/lib/jvm/java-7-openjdk-amd64/jre/lib/amd64/libzip.so
7f51e3be6000-7f51e3be7000 r--p 00007000 08:01 4204489                    /usr/lib/jvm/java-7-openjdk-amd64/jre/lib/amd64/libzip.so
7f51e3be7000-7f51e3be8000 rw-p 00008000 08:01 4204489                    /usr/lib/jvm/java-7-openjdk-amd64/jre/lib/amd64/libzip.so
7f51e3be8000-7f51e3bf3000 r-xp 00000000 08:01 5116253                    /lib/x86_64-linux-gnu/libnss_files-2.19.so
7f51e3bf3000-7f51e3df2000 ---p 0000b000 08:01 5116253                    /lib/x86_64-linux-gnu/libnss_files-2.19.so
7f51e3df2000-7f51e3df3000 r--p 0000a000 08:01 5116253                    /lib/x86_64-linux-gnu/libnss_files-2.19.so
7f51e3df3000-7f51e3df4000 rw-p 0000b000 08:01 5116253                    /lib/x86_64-linux-gnu/libnss_files-2.19.so
7f51e3df4000-7f51e3dff000 r-xp 00000000 08:01 5116263                    /lib/x86_64-linux-gnu/libnss_nis-2.19.so
7f51e3dff000-7f51e3ffe000 ---p 0000b000 08:01 5116263                    /lib/x86_64-linux-gnu/libnss_nis-2.19.so
7f51e3ffe000-7f51e3fff000 r--p 0000a000 08:01 5116263                    /lib/x86_64-linux-gnu/libnss_nis-2.19.so
7f51e3fff000-7f51e4000000 rw-p 0000b000 08:01 5116263                    /lib/x86_64-linux-gnu/libnss_nis-2.19.so
7f51e4000000-7f51e41cd000 rw-p 00000000 00:00 0 
7f51e41cd000-7f51e8000000 ---p 00000000 00:00 0 
7f51e8004000-7f51e8058000 rw-p 00000000 00:00 0 
7f51e8058000-7f51e80a0000 rw-p 00000000 00:00 0 
7f51e80a0000-7f51e80b7000 r-xp 00000000 08:01 5116247                    /lib/x86_64-linux-gnu/libnsl-2.19.so
7f51e80b7000-7f51e82b6000 ---p 00017000 08:01 5116247                    /lib/x86_64-linux-gnu/libnsl-2.19.so
7f51e82b6000-7f51e82b7000 r--p 00016000 08:01 5116247                    /lib/x86_64-linux-gnu/libnsl-2.19.so
7f51e82b7000-7f51e82b8000 rw-p 00017000 08:01 5116247                    /lib/x86_64-linux-gnu/libnsl-2.19.so
7f51e82b8000-7f51e82ba000 rw-p 00000000 00:00 0 
7f51e82ba000-7f51e82c3000 r-xp 00000000 08:01 5116249                    /lib/x86_64-linux-gnu/libnss_compat-2.19.so
7f51e82c3000-7f51e84c2000 ---p 00009000 08:01 5116249                    /lib/x86_64-linux-gnu/libnss_compat-2.19.so
7f51e84c2000-7f51e84c3000 r--p 00008000 08:01 5116249                    /lib/x86_64-linux-gnu/libnss_compat-2.19.so
7f51e84c3000-7f51e84c4000 rw-p 00009000 08:01 5116249                    /lib/x86_64-linux-gnu/libnss_compat-2.19.so
7f51e84c4000-7f51e84ef000 r-xp 00000000 08:01 4204497                    /usr/lib/jvm/java-7-openjdk-amd64/jre/lib/amd64/libjava.so
7f51e84ef000-7f51e86ef000 ---p 0002b000 08:01 4204497                    /usr/lib/jvm/java-7-openjdk-amd64/jre/lib/amd64/libjava.so
7f51e86ef000-7f51e86f0000 r--p 0002b000 08:01 4204497                    /usr/lib/jvm/java-7-openjdk-amd64/jre/lib/amd64/libjava.so
7f51e86f0000-7f51e86f2000 rw-p 0002c000 08:01 4204497                    /usr/lib/jvm/java-7-openjdk-amd64/jre/lib/amd64/libjava.so
7f51e86f2000-7f51e8702000 r-xp 00000000 08:01 4204513                    /usr/lib/jvm/java-7-openjdk-amd64/jre/lib/amd64/libverify.so
7f51e8702000-7f51e8901000 ---p 00010000 08:01 4204513                    /usr/lib/jvm/java-7-openjdk-amd64/jre/lib/amd64/libverify.so
7f51e8901000-7f51e8903000 r--p 0000f000 08:01 4204513                    /usr/lib/jvm/java-7-openjdk-amd64/jre/lib/amd64/libverify.so
7f51e8903000-7f51e8904000 rw-p 00011000 08:01 4204513                    /usr/lib/jvm/java-7-openjdk-amd64/jre/lib/amd64/libverify.so
7f51e8904000-7f51e890b000 r-xp 00000000 08:01 5116306                    /lib/x86_64-linux-gnu/librt-2.19.so
7f51e890b000-7f51e8b0a000 ---p 00007000 08:01 5116306                    /lib/x86_64-linux-gnu/librt-2.19.so
7f51e8b0a000-7f51e8b0b000 r--p 00006000 08:01 5116306                    /lib/x86_64-linux-gnu/librt-2.19.so
7f51e8b0b000-7f51e8b0c000 rw-p 00007000 08:01 5116306                    /lib/x86_64-linux-gnu/librt-2.19.so
7f51e8b0c000-7f51e8b22000 r-xp 00000000 08:01 5116205                    /lib/x86_64-linux-gnu/libgcc_s.so.1
7f51e8b22000-7f51e8d21000 ---p 00016000 08:01 5116205                    /lib/x86_64-linux-gnu/libgcc_s.so.1
7f51e8d21000-7f51e8d22000 rw-p 00015000 08:01 5116205                    /lib/x86_64-linux-gnu/libgcc_s.so.1
7f51e8d22000-7f51e8e27000 r-xp 00000000 08:01 5116228                    /lib/x86_64-linux-gnu/libm-2.19.so
7f51e8e27000-7f51e9026000 ---p 00105000 08:01 5116228                    /lib/x86_64-linux-gnu/libm-2.19.so
7f51e9026000-7f51e9027000 r--p 00104000 08:01 5116228                    /lib/x86_64-linux-gnu/libm-2.19.so
7f51e9027000-7f51e9028000 rw-p 00105000 08:01 5116228                    /lib/x86_64-linux-gnu/libm-2.19.so
7f51e9028000-7f51e910e000 r-xp 00000000 08:01 4194482                    /usr/lib/x86_64-linux-gnu/libstdc++.so.6.0.19
7f51e910e000-7f51e930d000 ---p 000e6000 08:01 4194482                    /usr/lib/x86_64-linux-gnu/libstdc++.so.6.0.19
7f51e930d000-7f51e9315000 r--p 000e5000 08:01 4194482                    /usr/lib/x86_64-linux-gnu/libstdc++.so.6.0.19
7f51e9315000-7f51e9317000 rw-p 000ed000 08:01 4194482                    /usr/lib/x86_64-linux-gnu/libstdc++.so.6.0.19
7f51e9317000-7f51e932c000 rw-p 00000000 00:00 0 
7f51e932c000-7f51e9e50000 r-xp 00000000 08:01 4204504                    /usr/lib/jvm/java-7-openjdk-amd64/jre/lib/amd64/server/libjvm.so
7f51e9e50000-7f51ea050000 ---p 00b24000 08:01 4204504                    /usr/lib/jvm/java-7-openjdk-amd64/jre/lib/amd64/server/libjvm.so
7f51ea050000-7f51ea0ea000 r--p 00b24000 08:01 4204504                    /usr/lib/jvm/java-7-openjdk-amd64/jre/lib/amd64/server/libjvm.so
7f51ea0ea000-7f51ea10d000 rw-p 00bbe000 08:01 4204504                    /usr/lib/jvm/java-7-openjdk-amd64/jre/lib/amd64/server/libjvm.so
7f51ea10d000-7f51ea13b000 rw-p 00000000 00:00 0 
7f51ea13b000-7f51ea153000 r-xp 00000000 08:01 5116341                    /lib/x86_64-linux-gnu/libz.so.1.2.8
7f51ea153000-7f51ea352000 ---p 00018000 08:01 5116341                    /lib/x86_64-linux-gnu/libz.so.1.2.8
7f51ea352000-7f51ea353000 r--p 00017000 08:01 5116341                    /lib/x86_64-linux-gnu/libz.so.1.2.8
7f51ea353000-7f51ea354000 rw-p 00018000 08:01 5116341                    /lib/x86_64-linux-gnu/libz.so.1.2.8
7f51ea354000-7f51ea36d000 r-xp 00000000 08:01 5116298                    /lib/x86_64-linux-gnu/libpthread-2.19.so
7f51ea36d000-7f51ea56c000 ---p 00019000 08:01 5116298                    /lib/x86_64-linux-gnu/libpthread-2.19.so
7f51ea56c000-7f51ea56d000 r--p 00018000 08:01 5116298                    /lib/x86_64-linux-gnu/libpthread-2.19.so
7f51ea56d000-7f51ea56e000 rw-p 00019000 08:01 5116298                    /lib/x86_64-linux-gnu/libpthread-2.19.so
7f51ea56e000-7f51ea572000 rw-p 00000000 00:00 0 
7f51ea572000-7f51ea575000 r-xp 00000000 08:01 5116195                    /lib/x86_64-linux-gnu/libdl-2.19.so
7f51ea575000-7f51ea774000 ---p 00003000 08:01 5116195                    /lib/x86_64-linux-gnu/libdl-2.19.so
7f51ea774000-7f51ea775000 r--p 00002000 08:01 5116195                    /lib/x86_64-linux-gnu/libdl-2.19.so
7f51ea775000-7f51ea776000 rw-p 00003000 08:01 5116195                    /lib/x86_64-linux-gnu/libdl-2.19.so
7f51ea776000-7f51ea931000 r-xp 00000000 08:01 5116178                    /lib/x86_64-linux-gnu/libc-2.19.so
7f51ea931000-7f51eab30000 ---p 001bb000 08:01 5116178                    /lib/x86_64-linux-gnu/libc-2.19.so
7f51eab30000-7f51eab34000 r--p 001ba000 08:01 5116178                    /lib/x86_64-linux-gnu/libc-2.19.so
7f51eab34000-7f51eab36000 rw-p 001be000 08:01 5116178                    /lib/x86_64-linux-gnu/libc-2.19.so
7f51eab36000-7f51eab3b000 rw-p 00000000 00:00 0 
7f51eab3b000-7f51eab48000 r-xp 00000000 08:01 4204515                    /usr/lib/jvm/java-7-openjdk-amd64/jre/lib/amd64/jli/libjli.so
7f51eab48000-7f51ead47000 ---p 0000d000 08:01 4204515                    /usr/lib/jvm/java-7-openjdk-amd64/jre/lib/amd64/jli/libjli.so
7f51ead47000-7f51ead48000 r--p 0000c000 08:01 4204515                    /usr/lib/jvm/java-7-openjdk-amd64/jre/lib/amd64/jli/libjli.so
7f51ead48000-7f51ead49000 rw-p 0000d000 08:01 4204515                    /usr/lib/jvm/java-7-openjdk-amd64/jre/lib/amd64/jli/libjli.so
7f51ead49000-7f51ead6c000 r-xp 00000000 08:01 5116154                    /lib/x86_64-linux-gnu/ld-2.19.so
7f51ead6c000-7f51ead6d000 rw-p 00000000 00:00 0 
7f51ead6d000-7f51ead6f000 r--s 00006000 08:01 4595272                    /usr/share/java/java-atk-wrapper.jar
7f51ead6f000-7f51ead73000 r--s 00085000 08:01 4204470                    /usr/lib/jvm/java-7-openjdk-amd64/jre/lib/ext/localedata.jar
7f51ead73000-7f51ead75000 r--s 00012000 08:01 4204469                    /usr/lib/jvm/java-7-openjdk-amd64/jre/lib/ext/zipfs.jar
7f51ead75000-7f51ead97000 rw-p 00000000 00:00 0 
7f51ead97000-7f51eae4d000 rw-p 00000000 00:00 0 
7f51eae4d000-7f51eae50000 ---p 00000000 00:00 0 
7f51eae50000-7f51eaf53000 rw-p 00000000 00:00 0                          [stack:8587]
7f51eaf53000-7f51eaf57000 r--s 0003c000 08:01 4204473                    /usr/lib/jvm/java-7-openjdk-amd64/jre/lib/ext/sunpkcs11.jar
7f51eaf57000-7f51eaf58000 r--s 00002000 08:01 4204474                    /usr/lib/jvm/java-7-openjdk-amd64/jre/lib/ext/dnsns.jar
7f51eaf58000-7f51eaf5c000 r--s 00034000 08:01 4204472                    /usr/lib/jvm/java-7-openjdk-amd64/jre/lib/ext/sunjce_provider.jar
7f51eaf5c000-7f51eaf5f000 r--s 0000f000 08:01 4204471                    /usr/lib/jvm/java-7-openjdk-amd64/jre/lib/ext/icedtea-sound.jar
7f51eaf5f000-7f51eaf67000 rw-s 00000000 08:01 5909832                    /tmp/hsperfdata_joseph/8584
7f51eaf67000-7f51eaf68000 rw-p 00000000 00:00 0 
7f51eaf68000-7f51eaf69000 ---p 00000000 00:00 0 
7f51eaf69000-7f51eaf6b000 rw-p 00000000 00:00 0 
7f51eaf6b000-7f51eaf6c000 r--p 00022000 08:01 5116154                    /lib/x86_64-linux-gnu/ld-2.19.so
7f51eaf6c000-7f51eaf6d000 rw-p 00023000 08:01 5116154                    /lib/x86_64-linux-gnu/ld-2.19.so
7f51eaf6d000-7f51eaf6e000 rw-p 00000000 00:00 0 
7ffd7de98000-7ffd7deb9000 rw-p 00000000 00:00 0                          [stack]
7ffd7df42000-7ffd7df44000 r--p 00000000 00:00 0                          [vvar]
7ffd7df44000-7ffd7df46000 r-xp 00000000 00:00 0                          [vdso]
ffffffffff600000-ffffffffff601000 r-xp 00000000 00:00 0                  [vsyscall]

VM Arguments:
jvm_args: -Djava.awt.headless=true -Xmx1024M -Dfile.encoding=UTF-8 -Duser.country=US -Duser.language=en -Duser.variant 
java_command: com.android.dx.command.Main --dex --num-threads=4 --output /home/joseph/sweepersd/app/SweeperSD/app/build/intermediates/pre-dexed/debug/com.android.support-recyclerview-v7-23.1.1_5a1259df54dc5f798d2fb1527d4494027b21b133.jar /home/joseph/sweepersd/app/SweeperSD/app/build/intermediates/exploded-aar/com.android.support/recyclerview-v7/23.1.1/jars/classes.jar
Launcher Type: SUN_STANDARD

Environment Variables:
PATH=/usr/local/sbin:/usr/local/bin:/usr/sbin:/usr/bin:/sbin:/bin:/usr/games:/usr/local/games
SHELL=/bin/bash
DISPLAY=:0

Signal Handlers:
SIGSEGV: [libjvm.so+0x9548f0], sa_mask[0]=0x7ffbfeff, sa_flags=0x10000004
SIGBUS: [libjvm.so+0x9548f0], sa_mask[0]=0x7ffbfeff, sa_flags=0x10000004
SIGFPE: [libjvm.so+0x7cb0b0], sa_mask[0]=0x7ffbfeff, sa_flags=0x10000004
SIGPIPE: [libjvm.so+0x7cb0b0], sa_mask[0]=0x7ffbfeff, sa_flags=0x10000004
SIGXFSZ: [libjvm.so+0x7cb0b0], sa_mask[0]=0x7ffbfeff, sa_flags=0x10000004
SIGILL: [libjvm.so+0x7cb0b0], sa_mask[0]=0x7ffbfeff, sa_flags=0x10000004
SIGUSR1: SIG_DFL, sa_mask[0]=0x00000000, sa_flags=0x00000000
SIGUSR2: [libjvm.so+0x7caf50], sa_mask[0]=0x00000004, sa_flags=0x10000004
SIGHUP: [libjvm.so+0x7cb130], sa_mask[0]=0x7ffbfeff, sa_flags=0x10000004
SIGINT: [libjvm.so+0x7cb130], sa_mask[0]=0x7ffbfeff, sa_flags=0x10000004
SIGTERM: [libjvm.so+0x7cb130], sa_mask[0]=0x7ffbfeff, sa_flags=0x10000004
SIGQUIT: [libjvm.so+0x7cb130], sa_mask[0]=0x7ffbfeff, sa_flags=0x10000004
SIGTRAP: SIG_DFL, sa_mask[0]=0x00000000, sa_flags=0x00000000


---------------  S Y S T E M  ---------------

OS:Ubuntu 14.04 (trusty)
uname:Linux 3.19.0-25-generic #26~14.04.1-Ubuntu SMP Fri Jul 24 21:16:20 UTC 2015 x86_64
libc:glibc 2.19 NPTL 2.19 
rlimit: STACK 8192k, CORE 0k, NPROC 11887, NOFILE 4096, AS infinity
load average:15.79 6.21 2.62

/proc/meminfo:
MemTotal:        3064604 kB
MemFree:          484772 kB
MemAvailable:     464876 kB
Buffers:            1568 kB
Cached:            46272 kB
SwapCached:         1504 kB
Active:          1510756 kB
Inactive:         510500 kB
Active(anon):    1492216 kB
Inactive(anon):   489800 kB
Active(file):      18540 kB
Inactive(file):    20700 kB
Unevictable:          32 kB
Mlocked:              32 kB
SwapTotal:       1045500 kB
SwapFree:            128 kB
Dirty:                28 kB
Writeback:             0 kB
AnonPages:       1972700 kB
Mapped:            35632 kB
Shmem:              7824 kB
Slab:              82452 kB
SReclaimable:      33592 kB
SUnreclaim:        48860 kB
KernelStack:       12528 kB
PageTables:        36540 kB
NFS_Unstable:          0 kB
Bounce:                0 kB
WritebackTmp:          0 kB
CommitLimit:     2577800 kB
Committed_AS:    6454560 kB
VmallocTotal:   34359738367 kB
VmallocUsed:      178820 kB
VmallocChunk:   34359511768 kB
HardwareCorrupted:     0 kB
AnonHugePages:   1046528 kB
CmaTotal:              0 kB
CmaFree:               0 kB
HugePages_Total:       0
HugePages_Free:        0
HugePages_Rsvd:        0
HugePages_Surp:        0
Hugepagesize:       2048 kB
DirectMap4k:      393088 kB
DirectMap2M:     2752512 kB


CPU:total 4 (1 cores per cpu, 1 threads per core) family 6 model 58 stepping 9, cmov, cx8, fxsr, mmx, sse, sse2, sse3, ssse3, sse4.1, sse4.2, popcnt, avx, aes, erms, tsc, tscinvbit, tscinv

/proc/cpuinfo:
processor	: 0
vendor_id	: GenuineIntel
cpu family	: 6
model		: 58
model name	: Intel(R) Core(TM) i5-3570K CPU @ 3.40GHz
stepping	: 9
microcode	: 0x1b
cpu MHz		: 3410.059
cache size	: 6144 KB
physical id	: 0
siblings	: 1
core id		: 0
cpu cores	: 1
apicid		: 0
initial apicid	: 0
fpu		: yes
fpu_exception	: yes
cpuid level	: 13
wp		: yes
flags		: fpu vme de pse tsc msr pae mce cx8 apic sep mtrr pge mca cmov pat pse36 clflush dts mmx fxsr sse sse2 ss syscall nx rdtscp lm constant_tsc arch_perfmon pebs bts nopl xtopology tsc_reliable nonstop_tsc aperfmperf pni pclmulqdq ssse3 cx16 pcid sse4_1 sse4_2 x2apic popcnt tsc_deadline_timer aes xsave avx f16c rdrand hypervisor lahf_lm ida arat epb pln pts dtherm fsgsbase tsc_adjust smep
bugs		:
bogomips	: 6820.11
clflush size	: 64
cache_alignment	: 64
address sizes	: 42 bits physical, 48 bits virtual
power management:

processor	: 1
vendor_id	: GenuineIntel
cpu family	: 6
model		: 58
model name	: Intel(R) Core(TM) i5-3570K CPU @ 3.40GHz
stepping	: 9
microcode	: 0x1b
cpu MHz		: 3410.059
cache size	: 6144 KB
physical id	: 2
siblings	: 1
core id		: 0
cpu cores	: 1
apicid		: 2
initial apicid	: 2
fpu		: yes
fpu_exception	: yes
cpuid level	: 13
wp		: yes
flags		: fpu vme de pse tsc msr pae mce cx8 apic sep mtrr pge mca cmov pat pse36 clflush dts mmx fxsr sse sse2 ss syscall nx rdtscp lm constant_tsc arch_perfmon pebs bts nopl xtopology tsc_reliable nonstop_tsc aperfmperf pni pclmulqdq ssse3 cx16 pcid sse4_1 sse4_2 x2apic popcnt tsc_deadline_timer aes xsave avx f16c rdrand hypervisor lahf_lm ida arat epb pln pts dtherm fsgsbase tsc_adjust smep
bugs		:
bogomips	: 6820.11
clflush size	: 64
cache_alignment	: 64
address sizes	: 42 bits physical, 48 bits virtual
power management:

processor	: 2
vendor_id	: GenuineIntel
cpu family	: 6
model		: 58
model name	: Intel(R) Core(TM) i5-3570K CPU @ 3.40GHz
stepping	: 9
microcode	: 0x1b
cpu MHz		: 3410.059
cache size	: 6144 KB
physical id	: 4
siblings	: 1
core id		: 0
cpu cores	: 1
apicid		: 4
initial apicid	: 4
fpu		: yes
fpu_exception	: yes
cpuid level	: 13
wp		: yes
flags		: fpu vme de pse tsc msr pae mce cx8 apic sep mtrr pge mca cmov pat pse36 clflush dts mmx fxsr sse sse2 ss syscall nx rdtscp lm constant_tsc arch_perfmon pebs bts nopl xtopology tsc_reliable nonstop_tsc aperfmperf pni pclmulqdq ssse3 cx16 pcid sse4_1 sse4_2 x2apic popcnt tsc_deadline_timer aes xsave avx f16c rdrand hypervisor lahf_lm ida arat epb pln pts dtherm fsgsbase tsc_adjust smep
bugs		:
bogomips	: 6820.11
clflush size	: 64
cache_alignment	: 64
address sizes	: 42 bits physical, 48 bits virtual
power management:

processor	: 3
vendor_id	: GenuineIntel
cpu family	: 6
model		: 58
model name	: Intel(R) Core(TM) i5-3570K CPU @ 3.40GHz
stepping	: 9
microcode	: 0x1b
cpu MHz		: 3410.059
cache size	: 6144 KB
physical id	: 6
siblings	: 1
core id		: 0
cpu cores	: 1
apicid		: 6
initial apicid	: 6
fpu		: yes
fpu_exception	: yes
cpuid level	: 13
wp		: yes
flags		: fpu vme de pse tsc msr pae mce cx8 apic sep mtrr pge mca cmov pat pse36 clflush dts mmx fxsr sse sse2 ss syscall nx rdtscp lm constant_tsc arch_perfmon pebs bts nopl xtopology tsc_reliable nonstop_tsc aperfmperf pni pclmulqdq ssse3 cx16 pcid sse4_1 sse4_2 x2apic popcnt tsc_deadline_timer aes xsave avx f16c rdrand hypervisor lahf_lm ida arat epb pln pts dtherm fsgsbase tsc_adjust smep
bugs		:
bogomips	: 6820.11
clflush size	: 64
cache_alignment	: 64
address sizes	: 42 bits physical, 48 bits virtual
power management:



Memory: 4k page, physical 3064604k(484772k free), swap 1045500k(128k free)

vm_info: OpenJDK 64-Bit Server VM (24.91-b01) for linux-amd64 JRE (1.7.0_91-b02), built on Nov 19 2015 06:14:37 by "buildd" with gcc 4.8.2

time: Sun Jun 12 13:37:54 2016
elapsed time: 8 seconds

