#
# There is insufficient memory for the Java Runtime Environment to continue.
# Native memory allocation (malloc) failed to allocate 94896128 bytes for committing reserved memory.
# Possible reasons:
#   The system is out of physical RAM or swap space
#   In 32 bit mode, the process size limit was hit
# Possible solutions:
#   Reduce memory load on the system
#   Increase physical memory or swap space
#   Check if swap backing store is full
#   Use 64 bit Java on a 64 bit OS
#   Decrease Java heap size (-Xmx/-Xms)
#   Decrease number of Java threads
#   Decrease Java thread stack sizes (-Xss)
#   Set larger code cache with -XX:ReservedCodeCacheSize=
# This output file may be truncated or incomplete.
#
#  Out of Memory Error (os_linux.cpp:2827), pid=73919, tid=139711674824448
#
# JRE version: OpenJDK Runtime Environment (7.0_91-b02) (build 1.7.0_91-b02)
# Java VM: OpenJDK 64-Bit Server VM (24.91-b01 mixed mode linux-amd64 compressed oops)
# Derivative: IcedTea 2.6.3
# Distribution: Ubuntu 14.04 LTS, package 7u91-2.6.3-0ubuntu0.14.04.1
# Failed to write core dump. Core dumps have been disabled. To enable core dumping, try "ulimit -c unlimited" before starting Java again
#

---------------  T H R E A D  ---------------

Current thread (0x00007f112c076000):  VMThread [stack: 0x00007f1128afb000,0x00007f1128bfc000] [id=73928]

Stack: [0x00007f1128afb000,0x00007f1128bfc000],  sp=0x00007f1128bfa490,  free space=1021k
Native frames: (J=compiled Java code, j=interpreted, Vv=VM code, C=native code)
V  [libjvm.so+0x953e15]  VMError::report_and_die()+0x175
V  [libjvm.so+0x48fd94]  report_vm_out_of_memory(char const*, int, unsigned long, char const*)+0x74
V  [libjvm.so+0x7cf87b]  os::pd_commit_memory(char*, unsigned long, unsigned long, bool)+0xeb
V  [libjvm.so+0x7ca33f]  os::commit_memory(char*, unsigned long, unsigned long, bool)+0x1f
V  [libjvm.so+0x83dacb]  PSVirtualSpace::expand_by(unsigned long)+0x5b
V  [libjvm.so+0x82d86b]  PSOldGen::expand_by(unsigned long) [clone .part.79]+0x1b
V  [libjvm.so+0x82da2b]  PSOldGen::expand(unsigned long) [clone .part.80]+0xdb
V  [libjvm.so+0x82e958]  PSOldGen::resize(unsigned long)+0x188
V  [libjvm.so+0x8355b4]  PSParallelCompact::invoke_no_policy(bool)+0x9c4
V  [libjvm.so+0x83bc0d]  PSScavenge::invoke()+0x17d
V  [libjvm.so+0x7f2083]  ParallelScavengeHeap::failed_mem_allocate(unsigned long)+0x63
V  [libjvm.so+0x955814]  VM_ParallelGCFailedAllocation::doit()+0x84
V  [libjvm.so+0x959917]  VM_Operation::evaluate()+0x47
V  [libjvm.so+0x9583d8]  VMThread::evaluate_operation(VM_Operation*)+0x318
V  [libjvm.so+0x958839]  VMThread::loop()+0x219
V  [libjvm.so+0x958c82]  VMThread::run()+0x72
V  [libjvm.so+0x7cc742]  java_start(Thread*)+0xf2

VM_Operation (0x00007f10f3dfc060): ParallelGCFailedAllocation, mode: safepoint, requested by thread 0x00007f112c19b800


---------------  P R O C E S S  ---------------

Java Threads: ( => current thread )
  0x00007f112c1a8000 JavaThread "pool-2-thread-4" [_thread_blocked, id=73962, stack(0x00007f10f3afb000,0x00007f10f3bfc000)]
  0x00007f112c19c800 JavaThread "pool-2-thread-3" [_thread_blocked, id=73959, stack(0x00007f10f3bfc000,0x00007f10f3cfd000)]
  0x00007f112c19b800 JavaThread "pool-2-thread-2" [_thread_blocked, id=73958, stack(0x00007f10f3cfd000,0x00007f10f3dfe000)]
  0x00007f112c194000 JavaThread "pool-3-thread-1" [_thread_blocked, id=73957, stack(0x00007f10f3dfe000,0x00007f10f3eff000)]
  0x00007f112c191000 JavaThread "pool-2-thread-1" [_thread_blocked, id=73956, stack(0x00007f10f3eff000,0x00007f10f4000000)]
  0x00007f112c0af000 JavaThread "Service Thread" daemon [_thread_blocked, id=73934, stack(0x00007f11218ce000,0x00007f11219cf000)]
  0x00007f112c0ac800 JavaThread "C2 CompilerThread1" daemon [_thread_blocked, id=73933, stack(0x00007f11219cf000,0x00007f1121ad0000)]
  0x00007f112c0a9800 JavaThread "C2 CompilerThread0" daemon [_thread_blocked, id=73932, stack(0x00007f1128015000,0x00007f1128116000)]
  0x00007f112c0a7800 JavaThread "Signal Dispatcher" daemon [_thread_blocked, id=73931, stack(0x00007f1128116000,0x00007f1128217000)]
  0x00007f112c07c000 JavaThread "Finalizer" daemon [_thread_blocked, id=73930, stack(0x00007f11288f9000,0x00007f11289fa000)]
  0x00007f112c07a000 JavaThread "Reference Handler" daemon [_thread_blocked, id=73929, stack(0x00007f11289fa000,0x00007f1128afb000)]
  0x00007f112c00a800 JavaThread "main" [_thread_blocked, id=73921, stack(0x00007f1134dc6000,0x00007f1134ec7000)]

Other Threads:
=>0x00007f112c076000 VMThread [stack: 0x00007f1128afb000,0x00007f1128bfc000] [id=73928]
  0x00007f112c0b9800 WatcherThread [stack: 0x00007f11217cd000,0x00007f11218ce000] [id=73935]

VM state:at safepoint (normal execution)

VM Mutex/Monitor currently owned by a thread:  ([mutex/lock_event])
[0x00007f112c006390] ExpandHeap_lock - owner thread: 0x00007f112c076000
[0x00007f112c006a10] Threads_lock - owner thread: 0x00007f112c076000
[0x00007f112c006f10] Heap_lock - owner thread: 0x00007f112c19b800

Heap
 PSYoungGen      total 233472K, used 0K [0x00000000eaa80000, 0x0000000100000000, 0x0000000100000000)
  eden space 117248K, 0% used [0x00000000eaa80000,0x00000000eaa80000,0x00000000f1d00000)
  from space 116224K, 0% used [0x00000000f1d00000,0x00000000f1d00000,0x00000000f8e80000)
  to   space 116224K, 0% used [0x00000000f8e80000,0x00000000f8e80000,0x0000000100000000)
 ParOldGen       total 281088K, used 210435K [0x00000000c0000000, 0x00000000d1280000, 0x00000000eaa80000)
  object space 281088K, 74% used [0x00000000c0000000,0x00000000ccd80d20,0x00000000d1280000)
 PSPermGen       total 21504K, used 6291K [0x00000000b5a00000, 0x00000000b6f00000, 0x00000000c0000000)
  object space 21504K, 29% used [0x00000000b5a00000,0x00000000b6024f10,0x00000000b6f00000)

Card table byte_map: [0x00007f11317a4000,0x00007f11319f8000] byte_map_base: 0x00007f11311f7000

Polling page: 0x00007f1134ee1000

Code Cache  [0x00007f1129000000, 0x00007f11292c0000, 0x00007f112c000000)
 total_blobs=931 nmethods=700 adapters=184 free_code_cache=46429Kb largest_free_block=47456512

Compilation events (10 events):
Event: 24.538 Thread 0x00007f112c0ac800 nmethod 714 0x00007f112918f390 code [0x00007f112918f500, 0x00007f112918f7f8]
Event: 24.538 Thread 0x00007f112c0ac800  715             java.util.ArrayList::rangeCheckForAdd (26 bytes)
Event: 24.539 Thread 0x00007f112c0ac800 nmethod 715 0x00007f112918f110 code [0x00007f112918f260, 0x00007f112918f2f8]
Event: 24.539 Thread 0x00007f112c0ac800  716             java.util.Collections$UnmodifiableList::get (11 bytes)
Event: 24.539 Thread 0x00007f112c0ac800 nmethod 716 0x00007f1129189bd0 code [0x00007f1129189d20, 0x00007f1129189e18]
Event: 24.539 Thread 0x00007f112c0ac800  717   !         com.android.dx.cf.code.Ropper::processBlock (1101 bytes)
Event: 24.707 Thread 0x00007f112c0a9800 nmethod 640 0x00007f11292a7a10 code [0x00007f11292a84e0, 0x00007f11292b26d0]
Event: 24.707 Thread 0x00007f112c0a9800  718             com.android.dx.rop.code.InsnList::contentEquals (54 bytes)
Event: 24.766 Thread 0x00007f112c0a9800 nmethod 718 0x00007f11291850d0 code [0x00007f1129185300, 0x00007f11291860b8]
Event: 24.767 Thread 0x00007f112c0a9800  719             com.android.dx.cf.direct.AttributeListParser::parseIfNecessary (12 bytes)

GC Heap History (10 events):
Event: 19.806 GC heap after
Heap after GC invocations=19 (full 4):
 PSYoungGen      total 224768K, used 48668K [0x00000000eaa80000, 0x0000000100000000, 0x0000000100000000)
  eden space 115712K, 0% used [0x00000000eaa80000,0x00000000eaa80000,0x00000000f1b80000)
  from space 109056K, 44% used [0x00000000f1b80000,0x00000000f4b07178,0x00000000f8600000)
  to   space 105984K, 0% used [0x00000000f9880000,0x00000000f9880000,0x0000000100000000)
 ParOldGen       total 281088K, used 145679K [0x00000000c0000000, 0x00000000d1280000, 0x00000000eaa80000)
  object space 281088K, 51% used [0x00000000c0000000,0x00000000c8e43dd8,0x00000000d1280000)
 PSPermGen       total 21504K, used 6276K [0x00000000b5a00000, 0x00000000b6f00000, 0x00000000c0000000)
  object space 21504K, 29% used [0x00000000b5a00000,0x00000000b60211f0,0x00000000b6f00000)
}
Event: 21.254 GC heap before
{Heap before GC invocations=20 (full 4):
 PSYoungGen      total 224768K, used 164380K [0x00000000eaa80000, 0x0000000100000000, 0x0000000100000000)
  eden space 115712K, 100% used [0x00000000eaa80000,0x00000000f1b80000,0x00000000f1b80000)
  from space 109056K, 44% used [0x00000000f1b80000,0x00000000f4b07178,0x00000000f8600000)
  to   space 105984K, 0% used [0x00000000f9880000,0x00000000f9880000,0x0000000100000000)
 ParOldGen       total 281088K, used 145679K [0x00000000c0000000, 0x00000000d1280000, 0x00000000eaa80000)
  object space 281088K, 51% used [0x00000000c0000000,0x00000000c8e43dd8,0x00000000d1280000)
 PSPermGen       total 21504K, used 6281K [0x00000000b5a00000, 0x00000000b6f00000, 0x00000000c0000000)
  object space 21504K, 29% used [0x00000000b5a00000,0x00000000b60224c0,0x00000000b6f00000)
Event: 21.560 GC heap after
Heap after GC invocations=20 (full 4):
 PSYoungGen      total 223232K, used 93926K [0x00000000eaa80000, 0x0000000100000000, 0x0000000100000000)
  eden space 117248K, 0% used [0x00000000eaa80000,0x00000000eaa80000,0x00000000f1d00000)
  from space 105984K, 88% used [0x00000000f9880000,0x00000000ff439b18,0x0000000100000000)
  to   space 116224K, 0% used [0x00000000f1d00000,0x00000000f1d00000,0x00000000f8e80000)
 ParOldGen       total 281088K, used 145679K [0x00000000c0000000, 0x00000000d1280000, 0x00000000eaa80000)
  object space 281088K, 51% used [0x00000000c0000000,0x00000000c8e43dd8,0x00000000d1280000)
 PSPermGen       total 21504K, used 6281K [0x00000000b5a00000, 0x00000000b6f00000, 0x00000000c0000000)
  object space 21504K, 29% used [0x00000000b5a00000,0x00000000b60224c0,0x00000000b6f00000)
}
Event: 22.888 GC heap before
{Heap before GC invocations=21 (full 4):
 PSYoungGen      total 223232K, used 211174K [0x00000000eaa80000, 0x0000000100000000, 0x0000000100000000)
  eden space 117248K, 100% used [0x00000000eaa80000,0x00000000f1d00000,0x00000000f1d00000)
  from space 105984K, 88% used [0x00000000f9880000,0x00000000ff439b18,0x0000000100000000)
  to   space 116224K, 0% used [0x00000000f1d00000,0x00000000f1d00000,0x00000000f8e80000)
 ParOldGen       total 281088K, used 145679K [0x00000000c0000000, 0x00000000d1280000, 0x00000000eaa80000)
  object space 281088K, 51% used [0x00000000c0000000,0x00000000c8e43dd8,0x00000000d1280000)
 PSPermGen       total 21504K, used 6284K [0x00000000b5a00000, 0x00000000b6f00000, 0x00000000c0000000)
  object space 21504K, 29% used [0x00000000b5a00000,0x00000000b60230c8,0x00000000b6f00000)
Event: 23.035 GC heap after
Heap after GC invocations=21 (full 4):
 PSYoungGen      total 233472K, used 71821K [0x00000000eaa80000, 0x0000000100000000, 0x0000000100000000)
  eden space 117248K, 0% used [0x00000000eaa80000,0x00000000eaa80000,0x00000000f1d00000)
  from space 116224K, 61% used [0x00000000f1d00000,0x00000000f63237c0,0x00000000f8e80000)
  to   space 116224K, 0% used [0x00000000f8e80000,0x00000000f8e80000,0x0000000100000000)
 ParOldGen       total 281088K, used 154601K [0x00000000c0000000, 0x00000000d1280000, 0x00000000eaa80000)
  object space 281088K, 55% used [0x00000000c0000000,0x00000000c96fa4a0,0x00000000d1280000)
 PSPermGen       total 21504K, used 6284K [0x00000000b5a00000, 0x00000000b6f00000, 0x00000000c0000000)
  object space 21504K, 29% used [0x00000000b5a00000,0x00000000b60230c8,0x00000000b6f00000)
}
Event: 24.382 GC heap before
{Heap before GC invocations=22 (full 4):
 PSYoungGen      total 233472K, used 189069K [0x00000000eaa80000, 0x0000000100000000, 0x0000000100000000)
  eden space 117248K, 100% used [0x00000000eaa80000,0x00000000f1d00000,0x00000000f1d00000)
  from space 116224K, 61% used [0x00000000f1d00000,0x00000000f63237c0,0x00000000f8e80000)
  to   space 116224K, 0% used [0x00000000f8e80000,0x00000000f8e80000,0x0000000100000000)
 ParOldGen       total 281088K, used 154601K [0x00000000c0000000, 0x00000000d1280000, 0x00000000eaa80000)
  object space 281088K, 55% used [0x00000000c0000000,0x00000000c96fa4a0,0x00000000d1280000)
 PSPermGen       total 21504K, used 6286K [0x00000000b5a00000, 0x00000000b6f00000, 0x00000000c0000000)
  object space 21504K, 29% used [0x00000000b5a00000,0x00000000b6023b48,0x00000000b6f00000)
Event: 24.513 GC heap after
Heap after GC invocations=22 (full 4):
 PSYoungGen      total 233472K, used 60398K [0x00000000eaa80000, 0x0000000100000000, 0x0000000100000000)
  eden space 117248K, 0% used [0x00000000eaa80000,0x00000000eaa80000,0x00000000f1d00000)
  from space 116224K, 51% used [0x00000000f8e80000,0x00000000fc97bbc8,0x0000000100000000)
  to   space 116224K, 0% used [0x00000000f1d00000,0x00000000f1d00000,0x00000000f8e80000)
 ParOldGen       total 281088K, used 185400K [0x00000000c0000000, 0x00000000d1280000, 0x00000000eaa80000)
  object space 281088K, 65% used [0x00000000c0000000,0x00000000cb50e2e0,0x00000000d1280000)
 PSPermGen       total 21504K, used 6286K [0x00000000b5a00000, 0x00000000b6f00000, 0x00000000c0000000)
  object space 21504K, 29% used [0x00000000b5a00000,0x00000000b6023b48,0x00000000b6f00000)
}
Event: 24.812 GC heap before
{Heap before GC invocations=23 (full 4):
 PSYoungGen      total 233472K, used 177646K [0x00000000eaa80000, 0x0000000100000000, 0x0000000100000000)
  eden space 117248K, 100% used [0x00000000eaa80000,0x00000000f1d00000,0x00000000f1d00000)
  from space 116224K, 51% used [0x00000000f8e80000,0x00000000fc97bbc8,0x0000000100000000)
  to   space 116224K, 0% used [0x00000000f1d00000,0x00000000f1d00000,0x00000000f8e80000)
 ParOldGen       total 281088K, used 185400K [0x00000000c0000000, 0x00000000d1280000, 0x00000000eaa80000)
  object space 281088K, 65% used [0x00000000c0000000,0x00000000cb50e2e0,0x00000000d1280000)
 PSPermGen       total 21504K, used 6292K [0x00000000b5a00000, 0x00000000b6f00000, 0x00000000c0000000)
  object space 21504K, 29% used [0x00000000b5a00000,0x00000000b6025130,0x00000000b6f00000)
Event: 24.931 GC heap after
Heap after GC invocations=23 (full 4):
 PSYoungGen      total 233472K, used 64037K [0x00000000eaa80000, 0x0000000100000000, 0x0000000100000000)
  eden space 117248K, 0% used [0x00000000eaa80000,0x00000000eaa80000,0x00000000f1d00000)
  from space 116224K, 55% used [0x00000000f1d00000,0x00000000f5b894c0,0x00000000f8e80000)
  to   space 116224K, 0% used [0x00000000f8e80000,0x00000000f8e80000,0x0000000100000000)
 ParOldGen       total 281088K, used 243450K [0x00000000c0000000, 0x00000000d1280000, 0x00000000eaa80000)
  object space 281088K, 86% used [0x00000000c0000000,0x00000000cedbeb08,0x00000000d1280000)
 PSPermGen       total 21504K, used 6292K [0x00000000b5a00000, 0x00000000b6f00000, 0x00000000c0000000)
  object space 21504K, 29% used [0x00000000b5a00000,0x00000000b6025130,0x00000000b6f00000)
}
Event: 24.931 GC heap before
{Heap before GC invocations=24 (full 5):
 PSYoungGen      total 233472K, used 64037K [0x00000000eaa80000, 0x0000000100000000, 0x0000000100000000)
  eden space 117248K, 0% used [0x00000000eaa80000,0x00000000eaa80000,0x00000000f1d00000)
  from space 116224K, 55% used [0x00000000f1d00000,0x00000000f5b894c0,0x00000000f8e80000)
  to   space 116224K, 0% used [0x00000000f8e80000,0x00000000f8e80000,0x0000000100000000)
 ParOldGen       total 281088K, used 243450K [0x00000000c0000000, 0x00000000d1280000, 0x00000000eaa80000)
  object space 281088K, 86% used [0x00000000c0000000,0x00000000cedbeb08,0x00000000d1280000)
 PSPermGen       total 21504K, used 6292K [0x00000000b5a00000, 0x00000000b6f00000, 0x00000000c0000000)
  object space 21504K, 29% used [0x00000000b5a00000,0x00000000b6025130,0x00000000b6f00000)

Deoptimization events (10 events):
Event: 15.907 Thread 0x00007f112c00a800 Uncommon trap: reason=class_check action=maybe_recompile pc=0x00007f11291fb270 method=com.android.dx.cf.code.RopperMachine.run(Lcom/android/dx/cf/code/Frame;II)V @ 310
Event: 16.116 Thread 0x00007f112c00a800 Uncommon trap: reason=bimorphic action=maybe_recompile pc=0x00007f112917c1a8 method=com.android.dx.cf.code.BytecodeArray.parseInstruction(ILcom/android/dx/cf/code/BytecodeArray$Visitor;)I @ 2135
Event: 16.118 Thread 0x00007f112c00a800 Uncommon trap: reason=bimorphic action=maybe_recompile pc=0x00007f112917c1a8 method=com.android.dx.cf.code.BytecodeArray.parseInstruction(ILcom/android/dx/cf/code/BytecodeArray$Visitor;)I @ 2135
Event: 16.192 Thread 0x00007f112c00a800 Uncommon trap: reason=bimorphic action=maybe_recompile pc=0x00007f112917c1a8 method=com.android.dx.cf.code.BytecodeArray.parseInstruction(ILcom/android/dx/cf/code/BytecodeArray$Visitor;)I @ 2135
Event: 16.192 Thread 0x00007f112c00a800 Uncommon trap: reason=bimorphic action=maybe_recompile pc=0x00007f112917c1a8 method=com.android.dx.cf.code.BytecodeArray.parseInstruction(ILcom/android/dx/cf/code/BytecodeArray$Visitor;)I @ 2135
Event: 17.329 Thread 0x00007f112c00a800 Uncommon trap: reason=class_check action=maybe_recompile pc=0x00007f11290fb248 method=com.android.dx.ssa.SCCP.simulateBranch(Lcom/android/dx/ssa/SsaInsn;)V @ 145
Event: 19.222 Thread 0x00007f112c00a800 Uncommon trap: reason=unstable_if action=reinterpret pc=0x00007f1129194fa8 method=com.android.dx.ssa.SCCP.run()V @ 179
Event: 19.503 Thread 0x00007f112c00a800 Uncommon trap: reason=unstable_if action=reinterpret pc=0x00007f11291482b0 method=com.android.dx.ssa.SCCP.simulateStmt(Lcom/android/dx/ssa/SsaInsn;)V @ 59
Event: 23.203 Thread 0x00007f112c00a800 Uncommon trap: reason=unstable_if action=reinterpret pc=0x00007f1129163b50 method=com.android.dx.cf.code.Merger.mergeStack(Lcom/android/dx/cf/code/ExecutionStack;Lcom/android/dx/cf/code/ExecutionStack;)Lcom/android/dx/cf/code/ExecutionStack; @ 2
Event: 23.625 Thread 0x00007f112c19c800 Uncommon trap: reason=unstable_if action=reinterpret pc=0x00007f11291f9f50 method=com.android.dx.rop.code.DexTranslationAdvice.hasConstantOperation(Lcom/android/dx/rop/code/Rop;Lcom/android/dx/rop/code/RegisterSpec;Lcom/android/dx/rop/code/RegisterSpec;)Z

Internal exceptions (10 events):
Event: 1.223 Thread 0x00007f112c00a800 Threw 0x00000000eb5865d0 at /build/openjdk-7-zaTxYK/openjdk-7-7u91-2.6.3/build/openjdk/hotspot/src/share/vm/prims/jvm.cpp:1322
Event: 1.305 Thread 0x00007f112c191000 Implicit null exception at 0x00007f112908e215 to 0x00007f112908e3ed
Event: 1.318 Thread 0x00007f112c00a800 Threw 0x00000000eab215e0 at /build/openjdk-7-zaTxYK/openjdk-7-7u91-2.6.3/build/openjdk/hotspot/src/share/vm/prims/jvm.cpp:1322
Event: 2.616 Thread 0x00007f112c19c800 Threw 0x00000000ead748b8 at /build/openjdk-7-zaTxYK/openjdk-7-7u91-2.6.3/build/openjdk/hotspot/src/share/vm/prims/jvm.cpp:1322
Event: 3.113 Thread 0x00007f112c19c800 Threw 0x00000000ebdedeb8 at /build/openjdk-7-zaTxYK/openjdk-7-7u91-2.6.3/build/openjdk/hotspot/src/share/vm/prims/jvm.cpp:1322
Event: 3.464 Thread 0x00007f112c19b800 Threw 0x00000000eb3712c0 at /build/openjdk-7-zaTxYK/openjdk-7-7u91-2.6.3/build/openjdk/hotspot/src/share/vm/prims/jvm.cpp:1322
Event: 5.056 Thread 0x00007f112c00a800 Implicit null exception at 0x00007f112911a14b to 0x00007f112911a82d
Event: 6.053 Thread 0x00007f112c19b800 Implicit null exception at 0x00007f1129136edd to 0x00007f112913a6ad
Event: 9.727 Thread 0x00007f112c191000 Threw 0x00000000edf2dd38 at /build/openjdk-7-zaTxYK/openjdk-7-7u91-2.6.3/build/openjdk/hotspot/src/share/vm/prims/jvm.cpp:1322
Event: 10.558 Thread 0x00007f112c191000 Threw 0x00000000ead88948 at /build/openjdk-7-zaTxYK/openjdk-7-7u91-2.6.3/build/openjdk/hotspot/src/share/vm/prims/jvm.cpp:1322

Events (10 events):
Event: 23.041 Thread 0x00007f112c0ac800 flushing nmethod 0x00007f112918ee10
Event: 23.203 Thread 0x00007f112c00a800 Uncommon trap: trap_request=0xffffff75 fr.pc=0x00007f1129163b50
Event: 23.203 Thread 0x00007f112c00a800 DEOPT PACKING pc=0x00007f1129163b50 sp=0x00007f1134ec4970
Event: 23.203 Thread 0x00007f112c00a800 DEOPT UNPACKING pc=0x00007f1129039445 sp=0x00007f1134ec4828 mode 2
Event: 23.625 Thread 0x00007f112c19c800 Uncommon trap: trap_request=0xffffff75 fr.pc=0x00007f11291f9f50
Event: 23.625 Thread 0x00007f112c19c800 DEOPT PACKING pc=0x00007f11291f9f50 sp=0x00007f10f3cfafc0
Event: 23.625 Thread 0x00007f112c19c800 DEOPT UNPACKING pc=0x00007f1129039445 sp=0x00007f10f3cfaef0 mode 2
Event: 24.375 Executing VM operation: ParallelGCFailedAllocation
Event: 24.513 Executing VM operation: ParallelGCFailedAllocation done
Event: 24.799 Executing VM operation: ParallelGCFailedAllocation


Dynamic libraries:
00400000-00401000 r-xp 00000000 08:01 4204455                            /usr/lib/jvm/java-7-openjdk-amd64/jre/bin/java
00600000-00601000 r--p 00000000 08:01 4204455                            /usr/lib/jvm/java-7-openjdk-amd64/jre/bin/java
00601000-00602000 rw-p 00001000 08:01 4204455                            /usr/lib/jvm/java-7-openjdk-amd64/jre/bin/java
00bec000-00c0d000 rw-p 00000000 00:00 0                                  [heap]
b5a00000-b6f00000 rw-p 00000000 00:00 0 
b6f00000-c0000000 rw-p 00000000 00:00 0 
c0000000-d1280000 rw-p 00000000 00:00 0 
d6d00000-eaa80000 rw-p 00000000 00:00 0 
eaa80000-100000000 rw-p 00000000 00:00 0 
7f10dc000000-7f10dc021000 rw-p 00000000 00:00 0 
7f10dc021000-7f10e0000000 ---p 00000000 00:00 0 
7f10e0000000-7f10e0022000 rw-p 00000000 00:00 0 
7f10e0022000-7f10e4000000 ---p 00000000 00:00 0 
7f10e4000000-7f10e4021000 rw-p 00000000 00:00 0 
7f10e4021000-7f10e8000000 ---p 00000000 00:00 0 
7f10e8000000-7f10e8021000 rw-p 00000000 00:00 0 
7f10e8021000-7f10ec000000 ---p 00000000 00:00 0 
7f10ec000000-7f10ec039000 rw-p 00000000 00:00 0 
7f10ec039000-7f10f0000000 ---p 00000000 00:00 0 
7f10f3afb000-7f10f3afe000 ---p 00000000 00:00 0 
7f10f3afe000-7f10f3bfc000 rw-p 00000000 00:00 0                          [stack:73962]
7f10f3bfc000-7f10f3bff000 ---p 00000000 00:00 0 
7f10f3bff000-7f10f3cfd000 rw-p 00000000 00:00 0                          [stack:73959]
7f10f3cfd000-7f10f3d00000 ---p 00000000 00:00 0 
7f10f3d00000-7f10f3dfe000 rw-p 00000000 00:00 0                          [stack:73958]
7f10f3dfe000-7f10f3e01000 ---p 00000000 00:00 0 
7f10f3e01000-7f10f3eff000 rw-p 00000000 00:00 0                          [stack:73957]
7f10f3eff000-7f10f3f02000 ---p 00000000 00:00 0 
7f10f3f02000-7f10f4000000 rw-p 00000000 00:00 0                          [stack:73956]
7f10f4000000-7f10f4021000 rw-p 00000000 00:00 0 
7f10f4021000-7f10f8000000 ---p 00000000 00:00 0 
7f10f8000000-7f10f8021000 rw-p 00000000 00:00 0 
7f10f8021000-7f10fc000000 ---p 00000000 00:00 0 
7f10fc000000-7f10fda10000 rw-p 00000000 00:00 0 
7f10fda10000-7f1100000000 ---p 00000000 00:00 0 
7f1100000000-7f1101b6e000 rw-p 00000000 00:00 0 
7f1101b6e000-7f1104000000 ---p 00000000 00:00 0 
7f1104000000-7f1104021000 rw-p 00000000 00:00 0 
7f1104021000-7f1108000000 ---p 00000000 00:00 0 
7f1108000000-7f1108021000 rw-p 00000000 00:00 0 
7f1108021000-7f110c000000 ---p 00000000 00:00 0 
7f110c000000-7f110c242000 rw-p 00000000 00:00 0 
7f110c242000-7f1110000000 ---p 00000000 00:00 0 
7f1110000000-7f1110021000 rw-p 00000000 00:00 0 
7f1110021000-7f1114000000 ---p 00000000 00:00 0 
7f1114000000-7f1114021000 rw-p 00000000 00:00 0 
7f1114021000-7f1118000000 ---p 00000000 00:00 0 
7f1118000000-7f1118021000 rw-p 00000000 00:00 0 
7f1118021000-7f111c000000 ---p 00000000 00:00 0 
7f111c000000-7f111c021000 rw-p 00000000 00:00 0 
7f111c021000-7f1120000000 ---p 00000000 00:00 0 
7f112004f000-7f112008c000 r-xp 00000000 08:01 5116281                    /lib/x86_64-linux-gnu/libpcre.so.3.13.1
7f112008c000-7f112028b000 ---p 0003d000 08:01 5116281                    /lib/x86_64-linux-gnu/libpcre.so.3.13.1
7f112028b000-7f112028c000 r--p 0003c000 08:01 5116281                    /lib/x86_64-linux-gnu/libpcre.so.3.13.1
7f112028c000-7f112028d000 rw-p 0003d000 08:01 5116281                    /lib/x86_64-linux-gnu/libpcre.so.3.13.1
7f112028d000-7f1120294000 r-xp 00000000 08:01 4202859                    /usr/lib/x86_64-linux-gnu/libffi.so.6.0.1
7f1120294000-7f1120493000 ---p 00007000 08:01 4202859                    /usr/lib/x86_64-linux-gnu/libffi.so.6.0.1
7f1120493000-7f1120494000 r--p 00006000 08:01 4202859                    /usr/lib/x86_64-linux-gnu/libffi.so.6.0.1
7f1120494000-7f1120495000 rw-p 00007000 08:01 4202859                    /usr/lib/x86_64-linux-gnu/libffi.so.6.0.1
7f1120495000-7f11204ac000 r-xp 00000000 08:01 5116304                    /lib/x86_64-linux-gnu/libresolv-2.19.so
7f11204ac000-7f11206ac000 ---p 00017000 08:01 5116304                    /lib/x86_64-linux-gnu/libresolv-2.19.so
7f11206ac000-7f11206ad000 r--p 00017000 08:01 5116304                    /lib/x86_64-linux-gnu/libresolv-2.19.so
7f11206ad000-7f11206ae000 rw-p 00018000 08:01 5116304                    /lib/x86_64-linux-gnu/libresolv-2.19.so
7f11206ae000-7f11206b0000 rw-p 00000000 00:00 0 
7f11206b0000-7f11206d0000 r-xp 00000000 08:01 5116308                    /lib/x86_64-linux-gnu/libselinux.so.1
7f11206d0000-7f11208cf000 ---p 00020000 08:01 5116308                    /lib/x86_64-linux-gnu/libselinux.so.1
7f11208cf000-7f11208d0000 r--p 0001f000 08:01 5116308                    /lib/x86_64-linux-gnu/libselinux.so.1
7f11208d0000-7f11208d1000 rw-p 00020000 08:01 5116308                    /lib/x86_64-linux-gnu/libselinux.so.1
7f11208d1000-7f11208d3000 rw-p 00000000 00:00 0 
7f11208d3000-7f11208d6000 r-xp 00000000 08:01 4202972                    /usr/lib/x86_64-linux-gnu/libgmodule-2.0.so.0.4002.0
7f11208d6000-7f1120ad5000 ---p 00003000 08:01 4202972                    /usr/lib/x86_64-linux-gnu/libgmodule-2.0.so.0.4002.0
7f1120ad5000-7f1120ad6000 r--p 00002000 08:01 4202972                    /usr/lib/x86_64-linux-gnu/libgmodule-2.0.so.0.4002.0
7f1120ad6000-7f1120ad7000 rw-p 00003000 08:01 4202972                    /usr/lib/x86_64-linux-gnu/libgmodule-2.0.so.0.4002.0
7f1120ad7000-7f1120bdd000 r-xp 00000000 08:01 5116209                    /lib/x86_64-linux-gnu/libglib-2.0.so.0.4002.0
7f1120bdd000-7f1120ddc000 ---p 00106000 08:01 5116209                    /lib/x86_64-linux-gnu/libglib-2.0.so.0.4002.0
7f1120ddc000-7f1120ddd000 r--p 00105000 08:01 5116209                    /lib/x86_64-linux-gnu/libglib-2.0.so.0.4002.0
7f1120ddd000-7f1120dde000 rw-p 00106000 08:01 5116209                    /lib/x86_64-linux-gnu/libglib-2.0.so.0.4002.0
7f1120dde000-7f1120ddf000 rw-p 00000000 00:00 0 
7f1120ddf000-7f1120e2e000 r-xp 00000000 08:01 4202988                    /usr/lib/x86_64-linux-gnu/libgobject-2.0.so.0.4002.0
7f1120e2e000-7f112102e000 ---p 0004f000 08:01 4202988                    /usr/lib/x86_64-linux-gnu/libgobject-2.0.so.0.4002.0
7f112102e000-7f112102f000 r--p 0004f000 08:01 4202988                    /usr/lib/x86_64-linux-gnu/libgobject-2.0.so.0.4002.0
7f112102f000-7f1121030000 rw-p 00050000 08:01 4202988                    /usr/lib/x86_64-linux-gnu/libgobject-2.0.so.0.4002.0
7f1121030000-7f112119c000 r-xp 00000000 08:01 4202960                    /usr/lib/x86_64-linux-gnu/libgio-2.0.so.0.4002.0
7f112119c000-7f112139b000 ---p 0016c000 08:01 4202960                    /usr/lib/x86_64-linux-gnu/libgio-2.0.so.0.4002.0
7f112139b000-7f112139f000 r--p 0016b000 08:01 4202960                    /usr/lib/x86_64-linux-gnu/libgio-2.0.so.0.4002.0
7f112139f000-7f11213a1000 rw-p 0016f000 08:01 4202960                    /usr/lib/x86_64-linux-gnu/libgio-2.0.so.0.4002.0
7f11213a1000-7f11213a3000 rw-p 00000000 00:00 0 
7f11213a3000-7f11213ba000 r-xp 00000000 08:01 4204518                    /usr/lib/jvm/java-7-openjdk-amd64/jre/lib/amd64/libnet.so
7f11213ba000-7f11215b9000 ---p 00017000 08:01 4204518                    /usr/lib/jvm/java-7-openjdk-amd64/jre/lib/amd64/libnet.so
7f11215b9000-7f11215ba000 r--p 00016000 08:01 4204518                    /usr/lib/jvm/java-7-openjdk-amd64/jre/lib/amd64/libnet.so
7f11215ba000-7f11215bb000 rw-p 00017000 08:01 4204518                    /usr/lib/jvm/java-7-openjdk-amd64/jre/lib/amd64/libnet.so
7f11215bb000-7f11215cb000 r-xp 00000000 08:01 4204485                    /usr/lib/jvm/java-7-openjdk-amd64/jre/lib/amd64/libnio.so
7f11215cb000-7f11217cb000 ---p 00010000 08:01 4204485                    /usr/lib/jvm/java-7-openjdk-amd64/jre/lib/amd64/libnio.so
7f11217cb000-7f11217cc000 r--p 00010000 08:01 4204485                    /usr/lib/jvm/java-7-openjdk-amd64/jre/lib/amd64/libnio.so
7f11217cc000-7f11217cd000 rw-p 00011000 08:01 4204485                    /usr/lib/jvm/java-7-openjdk-amd64/jre/lib/amd64/libnio.so
7f11217cd000-7f11217ce000 ---p 00000000 00:00 0 
7f11217ce000-7f11218ce000 rw-p 00000000 00:00 0                          [stack:73935]
7f11218ce000-7f11218d1000 ---p 00000000 00:00 0 
7f11218d1000-7f11219cf000 rw-p 00000000 00:00 0                          [stack:73934]
7f11219cf000-7f11219d2000 ---p 00000000 00:00 0 
7f11219d2000-7f1124000000 rw-p 00000000 00:00 0                          [stack:73933]
7f1124000000-7f1124021000 rw-p 00000000 00:00 0 
7f1124021000-7f1128000000 ---p 00000000 00:00 0 
7f1128015000-7f1128018000 ---p 00000000 00:00 0 
7f1128018000-7f1128116000 rw-p 00000000 00:00 0                          [stack:73932]
7f1128116000-7f1128119000 ---p 00000000 00:00 0 
7f1128119000-7f1128217000 rw-p 00000000 00:00 0                          [stack:73931]
7f1128217000-7f11288f9000 r--p 00000000 08:01 4201489                    /usr/lib/locale/locale-archive
7f11288f9000-7f11288fc000 ---p 00000000 00:00 0 
7f11288fc000-7f11289fa000 rw-p 00000000 00:00 0                          [stack:73930]
7f11289fa000-7f11289fd000 ---p 00000000 00:00 0 
7f11289fd000-7f1128afb000 rw-p 00000000 00:00 0                          [stack:73929]
7f1128afb000-7f1128afc000 ---p 00000000 00:00 0 
7f1128afc000-7f1129000000 rw-p 00000000 00:00 0                          [stack:73928]
7f1129000000-7f11292c0000 rwxp 00000000 00:00 0 
7f11292c0000-7f112c1e0000 rw-p 00000000 00:00 0 
7f112c1e0000-7f1130000000 ---p 00000000 00:00 0 
7f1130092000-7f11300c3000 rw-p 00000000 00:00 0 
7f11300d9000-7f11300f1000 r--s 000e7000 08:01 2505570                    /home/joseph/sweepersd/app/SweeperSD/app/build/intermediates/exploded-aar/com.google.android.gms/play-services-ads/8.3.0/jars/classes.jar
7f11300f1000-7f1130100000 r--s 000df000 08:01 6029891                    /home/joseph/Android/Sdk/build-tools/23.0.2/lib/dx.jar
7f1130100000-7f1130cf9000 rw-p 00000000 00:00 0 
7f1130cf9000-7f1130eab000 r--s 01d2e000 08:01 4204478                    /usr/lib/jvm/java-7-openjdk-amd64/jre/lib/rt.jar
7f1130eab000-7f11311f7000 rw-p 00000000 00:00 0 
7f11311f7000-7f11311f8000 ---p 00000000 00:00 0 
7f11311f8000-7f11312f8000 rw-p 00000000 00:00 0                          [stack:73927]
7f11312f8000-7f11312f9000 ---p 00000000 00:00 0 
7f11312f9000-7f11313f9000 rw-p 00000000 00:00 0                          [stack:73926]
7f11313f9000-7f11313fa000 ---p 00000000 00:00 0 
7f11313fa000-7f11314fa000 rw-p 00000000 00:00 0                          [stack:73925]
7f11314fa000-7f11314fb000 ---p 00000000 00:00 0 
7f11314fb000-7f1131606000 rw-p 00000000 00:00 0                          [stack:73922]
7f1131606000-7f113164e000 rw-p 00000000 00:00 0 
7f113164e000-7f11316d8000 rw-p 00000000 00:00 0 
7f11316d8000-7f11316dc000 ---p 00000000 00:00 0 
7f11316dc000-7f11317a4000 rw-p 00000000 00:00 0 
7f11317a4000-7f11317af000 rw-p 00000000 00:00 0 
7f11317af000-7f11317f7000 rw-p 00000000 00:00 0 
7f11317f7000-7f1131881000 rw-p 00000000 00:00 0 
7f1131881000-7f1131885000 ---p 00000000 00:00 0 
7f1131885000-7f113194c000 rw-p 00000000 00:00 0 
7f113194c000-7f11319f7000 rw-p 00000000 00:00 0 
7f11319f7000-7f11319f8000 rw-p 00000000 00:00 0 
7f11319f8000-7f1131a00000 r-xp 00000000 08:01 4204489                    /usr/lib/jvm/java-7-openjdk-amd64/jre/lib/amd64/libzip.so
7f1131a00000-7f1131bff000 ---p 00008000 08:01 4204489                    /usr/lib/jvm/java-7-openjdk-amd64/jre/lib/amd64/libzip.so
7f1131bff000-7f1131c00000 r--p 00007000 08:01 4204489                    /usr/lib/jvm/java-7-openjdk-amd64/jre/lib/amd64/libzip.so
7f1131c00000-7f1131c01000 rw-p 00008000 08:01 4204489                    /usr/lib/jvm/java-7-openjdk-amd64/jre/lib/amd64/libzip.so
7f1131c01000-7f1131c0c000 r-xp 00000000 08:01 5116253                    /lib/x86_64-linux-gnu/libnss_files-2.19.so
7f1131c0c000-7f1131e0b000 ---p 0000b000 08:01 5116253                    /lib/x86_64-linux-gnu/libnss_files-2.19.so
7f1131e0b000-7f1131e0c000 r--p 0000a000 08:01 5116253                    /lib/x86_64-linux-gnu/libnss_files-2.19.so
7f1131e0c000-7f1131e0d000 rw-p 0000b000 08:01 5116253                    /lib/x86_64-linux-gnu/libnss_files-2.19.so
7f1131e0d000-7f1131e18000 r-xp 00000000 08:01 5116263                    /lib/x86_64-linux-gnu/libnss_nis-2.19.so
7f1131e18000-7f1132017000 ---p 0000b000 08:01 5116263                    /lib/x86_64-linux-gnu/libnss_nis-2.19.so
7f1132017000-7f1132018000 r--p 0000a000 08:01 5116263                    /lib/x86_64-linux-gnu/libnss_nis-2.19.so
7f1132018000-7f1132019000 rw-p 0000b000 08:01 5116263                    /lib/x86_64-linux-gnu/libnss_nis-2.19.so
7f1132019000-7f1132030000 r-xp 00000000 08:01 5116247                    /lib/x86_64-linux-gnu/libnsl-2.19.so
7f1132030000-7f113222f000 ---p 00017000 08:01 5116247                    /lib/x86_64-linux-gnu/libnsl-2.19.so
7f113222f000-7f1132230000 r--p 00016000 08:01 5116247                    /lib/x86_64-linux-gnu/libnsl-2.19.so
7f1132230000-7f1132231000 rw-p 00017000 08:01 5116247                    /lib/x86_64-linux-gnu/libnsl-2.19.so
7f1132231000-7f1132233000 rw-p 00000000 00:00 0 
7f1132233000-7f113223c000 r-xp 00000000 08:01 5116249                    /lib/x86_64-linux-gnu/libnss_compat-2.19.so
7f113223c000-7f113243b000 ---p 00009000 08:01 5116249                    /lib/x86_64-linux-gnu/libnss_compat-2.19.so
7f113243b000-7f113243c000 r--p 00008000 08:01 5116249                    /lib/x86_64-linux-gnu/libnss_compat-2.19.so
7f113243c000-7f113243d000 rw-p 00009000 08:01 5116249                    /lib/x86_64-linux-gnu/libnss_compat-2.19.so
7f113243d000-7f1132468000 r-xp 00000000 08:01 4204497                    /usr/lib/jvm/java-7-openjdk-amd64/jre/lib/amd64/libjava.so
7f1132468000-7f1132668000 ---p 0002b000 08:01 4204497                    /usr/lib/jvm/java-7-openjdk-amd64/jre/lib/amd64/libjava.so
7f1132668000-7f1132669000 r--p 0002b000 08:01 4204497                    /usr/lib/jvm/java-7-openjdk-amd64/jre/lib/amd64/libjava.so
7f1132669000-7f113266b000 rw-p 0002c000 08:01 4204497                    /usr/lib/jvm/java-7-openjdk-amd64/jre/lib/amd64/libjava.so
7f113266b000-7f113267b000 r-xp 00000000 08:01 4204513                    /usr/lib/jvm/java-7-openjdk-amd64/jre/lib/amd64/libverify.so
7f113267b000-7f113287a000 ---p 00010000 08:01 4204513                    /usr/lib/jvm/java-7-openjdk-amd64/jre/lib/amd64/libverify.so
7f113287a000-7f113287c000 r--p 0000f000 08:01 4204513                    /usr/lib/jvm/java-7-openjdk-amd64/jre/lib/amd64/libverify.so
7f113287c000-7f113287d000 rw-p 00011000 08:01 4204513                    /usr/lib/jvm/java-7-openjdk-amd64/jre/lib/amd64/libverify.so
7f113287d000-7f1132884000 r-xp 00000000 08:01 5116306                    /lib/x86_64-linux-gnu/librt-2.19.so
7f1132884000-7f1132a83000 ---p 00007000 08:01 5116306                    /lib/x86_64-linux-gnu/librt-2.19.so
7f1132a83000-7f1132a84000 r--p 00006000 08:01 5116306                    /lib/x86_64-linux-gnu/librt-2.19.so
7f1132a84000-7f1132a85000 rw-p 00007000 08:01 5116306                    /lib/x86_64-linux-gnu/librt-2.19.so
7f1132a85000-7f1132a9b000 r-xp 00000000 08:01 5116205                    /lib/x86_64-linux-gnu/libgcc_s.so.1
7f1132a9b000-7f1132c9a000 ---p 00016000 08:01 5116205                    /lib/x86_64-linux-gnu/libgcc_s.so.1
7f1132c9a000-7f1132c9b000 rw-p 00015000 08:01 5116205                    /lib/x86_64-linux-gnu/libgcc_s.so.1
7f1132c9b000-7f1132da0000 r-xp 00000000 08:01 5116228                    /lib/x86_64-linux-gnu/libm-2.19.so
7f1132da0000-7f1132f9f000 ---p 00105000 08:01 5116228                    /lib/x86_64-linux-gnu/libm-2.19.so
7f1132f9f000-7f1132fa0000 r--p 00104000 08:01 5116228                    /lib/x86_64-linux-gnu/libm-2.19.so
7f1132fa0000-7f1132fa1000 rw-p 00105000 08:01 5116228                    /lib/x86_64-linux-gnu/libm-2.19.so
7f1132fa1000-7f1133087000 r-xp 00000000 08:01 4194482                    /usr/lib/x86_64-linux-gnu/libstdc++.so.6.0.19
7f1133087000-7f1133286000 ---p 000e6000 08:01 4194482                    /usr/lib/x86_64-linux-gnu/libstdc++.so.6.0.19
7f1133286000-7f113328e000 r--p 000e5000 08:01 4194482                    /usr/lib/x86_64-linux-gnu/libstdc++.so.6.0.19
7f113328e000-7f1133290000 rw-p 000ed000 08:01 4194482                    /usr/lib/x86_64-linux-gnu/libstdc++.so.6.0.19
7f1133290000-7f11332a5000 rw-p 00000000 00:00 0 
7f11332a5000-7f1133dc9000 r-xp 00000000 08:01 4204504                    /usr/lib/jvm/java-7-openjdk-amd64/jre/lib/amd64/server/libjvm.so
7f1133dc9000-7f1133fc9000 ---p 00b24000 08:01 4204504                    /usr/lib/jvm/java-7-openjdk-amd64/jre/lib/amd64/server/libjvm.so
7f1133fc9000-7f1134063000 r--p 00b24000 08:01 4204504                    /usr/lib/jvm/java-7-openjdk-amd64/jre/lib/amd64/server/libjvm.so
7f1134063000-7f1134086000 rw-p 00bbe000 08:01 4204504                    /usr/lib/jvm/java-7-openjdk-amd64/jre/lib/amd64/server/libjvm.so
7f1134086000-7f11340b4000 rw-p 00000000 00:00 0 
7f11340b4000-7f11340cc000 r-xp 00000000 08:01 5116341                    /lib/x86_64-linux-gnu/libz.so.1.2.8
7f11340cc000-7f11342cb000 ---p 00018000 08:01 5116341                    /lib/x86_64-linux-gnu/libz.so.1.2.8
7f11342cb000-7f11342cc000 r--p 00017000 08:01 5116341                    /lib/x86_64-linux-gnu/libz.so.1.2.8
7f11342cc000-7f11342cd000 rw-p 00018000 08:01 5116341                    /lib/x86_64-linux-gnu/libz.so.1.2.8
7f11342cd000-7f11342e6000 r-xp 00000000 08:01 5116298                    /lib/x86_64-linux-gnu/libpthread-2.19.so
7f11342e6000-7f11344e5000 ---p 00019000 08:01 5116298                    /lib/x86_64-linux-gnu/libpthread-2.19.so
7f11344e5000-7f11344e6000 r--p 00018000 08:01 5116298                    /lib/x86_64-linux-gnu/libpthread-2.19.so
7f11344e6000-7f11344e7000 rw-p 00019000 08:01 5116298                    /lib/x86_64-linux-gnu/libpthread-2.19.so
7f11344e7000-7f11344eb000 rw-p 00000000 00:00 0 
7f11344eb000-7f11344ee000 r-xp 00000000 08:01 5116195                    /lib/x86_64-linux-gnu/libdl-2.19.so
7f11344ee000-7f11346ed000 ---p 00003000 08:01 5116195                    /lib/x86_64-linux-gnu/libdl-2.19.so
7f11346ed000-7f11346ee000 r--p 00002000 08:01 5116195                    /lib/x86_64-linux-gnu/libdl-2.19.so
7f11346ee000-7f11346ef000 rw-p 00003000 08:01 5116195                    /lib/x86_64-linux-gnu/libdl-2.19.so
7f11346ef000-7f11348aa000 r-xp 00000000 08:01 5116178                    /lib/x86_64-linux-gnu/libc-2.19.so
7f11348aa000-7f1134aa9000 ---p 001bb000 08:01 5116178                    /lib/x86_64-linux-gnu/libc-2.19.so
7f1134aa9000-7f1134aad000 r--p 001ba000 08:01 5116178                    /lib/x86_64-linux-gnu/libc-2.19.so
7f1134aad000-7f1134aaf000 rw-p 001be000 08:01 5116178                    /lib/x86_64-linux-gnu/libc-2.19.so
7f1134aaf000-7f1134ab4000 rw-p 00000000 00:00 0 
7f1134ab4000-7f1134ac1000 r-xp 00000000 08:01 4204515                    /usr/lib/jvm/java-7-openjdk-amd64/jre/lib/amd64/jli/libjli.so
7f1134ac1000-7f1134cc0000 ---p 0000d000 08:01 4204515                    /usr/lib/jvm/java-7-openjdk-amd64/jre/lib/amd64/jli/libjli.so
7f1134cc0000-7f1134cc1000 r--p 0000c000 08:01 4204515                    /usr/lib/jvm/java-7-openjdk-amd64/jre/lib/amd64/jli/libjli.so
7f1134cc1000-7f1134cc2000 rw-p 0000d000 08:01 4204515                    /usr/lib/jvm/java-7-openjdk-amd64/jre/lib/amd64/jli/libjli.so
7f1134cc2000-7f1134ce5000 r-xp 00000000 08:01 5116154                    /lib/x86_64-linux-gnu/ld-2.19.so
7f1134ce5000-7f1134ce6000 rw-p 00000000 00:00 0 
7f1134ce6000-7f1134ce8000 r--s 00006000 08:01 4595272                    /usr/share/java/java-atk-wrapper.jar
7f1134ce8000-7f1134cec000 r--s 00085000 08:01 4204470                    /usr/lib/jvm/java-7-openjdk-amd64/jre/lib/ext/localedata.jar
7f1134cec000-7f1134cee000 r--s 00012000 08:01 4204469                    /usr/lib/jvm/java-7-openjdk-amd64/jre/lib/ext/zipfs.jar
7f1134cee000-7f1134d11000 rw-p 00000000 00:00 0 
7f1134d11000-7f1134dc6000 rw-p 00000000 00:00 0 
7f1134dc6000-7f1134dc9000 ---p 00000000 00:00 0 
7f1134dc9000-7f1134ecc000 rw-p 00000000 00:00 0                          [stack:73921]
7f1134ecc000-7f1134ed0000 r--s 0003c000 08:01 4204473                    /usr/lib/jvm/java-7-openjdk-amd64/jre/lib/ext/sunpkcs11.jar
7f1134ed0000-7f1134ed1000 r--s 00002000 08:01 4204474                    /usr/lib/jvm/java-7-openjdk-amd64/jre/lib/ext/dnsns.jar
7f1134ed1000-7f1134ed5000 r--s 00034000 08:01 4204472                    /usr/lib/jvm/java-7-openjdk-amd64/jre/lib/ext/sunjce_provider.jar
7f1134ed5000-7f1134ed8000 r--s 0000f000 08:01 4204471                    /usr/lib/jvm/java-7-openjdk-amd64/jre/lib/ext/icedtea-sound.jar
7f1134ed8000-7f1134ee0000 rw-s 00000000 08:01 5909705                    /tmp/hsperfdata_joseph/73919
7f1134ee0000-7f1134ee1000 rw-p 00000000 00:00 0 
7f1134ee1000-7f1134ee2000 ---p 00000000 00:00 0 
7f1134ee2000-7f1134ee4000 rw-p 00000000 00:00 0 
7f1134ee4000-7f1134ee5000 r--p 00022000 08:01 5116154                    /lib/x86_64-linux-gnu/ld-2.19.so
7f1134ee5000-7f1134ee6000 rw-p 00023000 08:01 5116154                    /lib/x86_64-linux-gnu/ld-2.19.so
7f1134ee6000-7f1134ee7000 rw-p 00000000 00:00 0 
7ffdfb695000-7ffdfb6b6000 rw-p 00000000 00:00 0                          [stack]
7ffdfb757000-7ffdfb759000 r--p 00000000 00:00 0                          [vvar]
7ffdfb759000-7ffdfb75b000 r-xp 00000000 00:00 0                          [vdso]
ffffffffff600000-ffffffffff601000 r-xp 00000000 00:00 0                  [vsyscall]

VM Arguments:
jvm_args: -Djava.awt.headless=true -Xmx1024M -Dfile.encoding=UTF-8 -Duser.country=US -Duser.language=en -Duser.variant 
java_command: com.android.dx.command.Main --dex --force-jumbo --num-threads=4 --multi-dex --output /home/joseph/sweepersd/app/SweeperSD/app/build/intermediates/transforms/dex/debug/folders/1000/10/com.google.android.gms-play-services-ads-8.3.0_eebc5e6f420faf566ae6a2af6b5ddc47e9e5a3e4 /home/joseph/sweepersd/app/SweeperSD/app/build/intermediates/exploded-aar/com.google.android.gms/play-services-ads/8.3.0/jars/classes.jar
Launcher Type: SUN_STANDARD

Environment Variables:
PATH=/usr/local/sbin:/usr/local/bin:/usr/sbin:/usr/bin:/sbin:/bin:/usr/games:/usr/local/games
SHELL=/bin/bash
DISPLAY=:0

Signal Handlers:
SIGSEGV: [libjvm.so+0x9548f0], sa_mask[0]=0x7ffbfeff, sa_flags=0x10000004
SIGBUS: [libjvm.so+0x9548f0], sa_mask[0]=0x7ffbfeff, sa_flags=0x10000004
SIGFPE: [libjvm.so+0x7cb0b0], sa_mask[0]=0x7ffbfeff, sa_flags=0x10000004
SIGPIPE: [libjvm.so+0x7cb0b0], sa_mask[0]=0x7ffbfeff, sa_flags=0x10000004
SIGXFSZ: [libjvm.so+0x7cb0b0], sa_mask[0]=0x7ffbfeff, sa_flags=0x10000004
SIGILL: [libjvm.so+0x7cb0b0], sa_mask[0]=0x7ffbfeff, sa_flags=0x10000004
SIGUSR1: SIG_DFL, sa_mask[0]=0x00000000, sa_flags=0x00000000
SIGUSR2: [libjvm.so+0x7caf50], sa_mask[0]=0x00000004, sa_flags=0x10000004
SIGHUP: [libjvm.so+0x7cb130], sa_mask[0]=0x7ffbfeff, sa_flags=0x10000004
SIGINT: [libjvm.so+0x7cb130], sa_mask[0]=0x7ffbfeff, sa_flags=0x10000004
SIGTERM: [libjvm.so+0x7cb130], sa_mask[0]=0x7ffbfeff, sa_flags=0x10000004
SIGQUIT: [libjvm.so+0x7cb130], sa_mask[0]=0x7ffbfeff, sa_flags=0x10000004
SIGTRAP: SIG_DFL, sa_mask[0]=0x00000000, sa_flags=0x00000000


---------------  S Y S T E M  ---------------

OS:Ubuntu 14.04 (trusty)
uname:Linux 3.19.0-25-generic #26~14.04.1-Ubuntu SMP Fri Jul 24 21:16:20 UTC 2015 x86_64
libc:glibc 2.19 NPTL 2.19 
rlimit: STACK 8192k, CORE 0k, NPROC 11887, NOFILE 4096, AS infinity
load average:11.98 6.12 4.40

/proc/meminfo:
MemTotal:        3064604 kB
MemFree:           66156 kB
MemAvailable:      48304 kB
Buffers:            1776 kB
Cached:            44856 kB
SwapCached:        12748 kB
Active:          2029108 kB
Inactive:         511748 kB
Active(anon):    2009716 kB
Inactive(anon):   493020 kB
Active(file):      19392 kB
Inactive(file):    18728 kB
Unevictable:          32 kB
Mlocked:              32 kB
SwapTotal:       1045500 kB
SwapFree:              0 kB
Dirty:               104 kB
Writeback:             0 kB
AnonPages:       2481628 kB
Mapped:            33924 kB
Shmem:              8276 kB
Slab:              86256 kB
SReclaimable:      38796 kB
SUnreclaim:        47460 kB
KernelStack:       13424 kB
PageTables:        36716 kB
NFS_Unstable:          0 kB
Bounce:                0 kB
WritebackTmp:          0 kB
CommitLimit:     2577800 kB
Committed_AS:    7486232 kB
VmallocTotal:   34359738367 kB
VmallocUsed:      176684 kB
VmallocChunk:   34359484308 kB
HardwareCorrupted:     0 kB
AnonHugePages:   1247232 kB
CmaTotal:              0 kB
CmaFree:               0 kB
HugePages_Total:       0
HugePages_Free:        0
HugePages_Rsvd:        0
HugePages_Surp:        0
Hugepagesize:       2048 kB
DirectMap4k:      176000 kB
DirectMap2M:     2969600 kB


CPU:total 4 (1 cores per cpu, 1 threads per core) family 6 model 58 stepping 9, cmov, cx8, fxsr, mmx, sse, sse2, sse3, ssse3, sse4.1, sse4.2, popcnt, avx, aes, erms, tsc, tscinvbit, tscinv

/proc/cpuinfo:
processor	: 0
vendor_id	: GenuineIntel
cpu family	: 6
model		: 58
model name	: Intel(R) Core(TM) i5-3570K CPU @ 3.40GHz
stepping	: 9
microcode	: 0x1b
cpu MHz		: 3410.069
cache size	: 6144 KB
physical id	: 0
siblings	: 1
core id		: 0
cpu cores	: 1
apicid		: 0
initial apicid	: 0
fpu		: yes
fpu_exception	: yes
cpuid level	: 13
wp		: yes
flags		: fpu vme de pse tsc msr pae mce cx8 apic sep mtrr pge mca cmov pat pse36 clflush dts mmx fxsr sse sse2 ss syscall nx rdtscp lm constant_tsc arch_perfmon pebs bts nopl xtopology tsc_reliable nonstop_tsc aperfmperf pni pclmulqdq ssse3 cx16 pcid sse4_1 sse4_2 x2apic popcnt tsc_deadline_timer aes xsave avx f16c rdrand hypervisor lahf_lm ida arat epb pln pts dtherm fsgsbase tsc_adjust smep
bugs		:
bogomips	: 6820.13
clflush size	: 64
cache_alignment	: 64
address sizes	: 42 bits physical, 48 bits virtual
power management:

processor	: 1
vendor_id	: GenuineIntel
cpu family	: 6
model		: 58
model name	: Intel(R) Core(TM) i5-3570K CPU @ 3.40GHz
stepping	: 9
microcode	: 0x1b
cpu MHz		: 3410.069
cache size	: 6144 KB
physical id	: 2
siblings	: 1
core id		: 0
cpu cores	: 1
apicid		: 2
initial apicid	: 2
fpu		: yes
fpu_exception	: yes
cpuid level	: 13
wp		: yes
flags		: fpu vme de pse tsc msr pae mce cx8 apic sep mtrr pge mca cmov pat pse36 clflush dts mmx fxsr sse sse2 ss syscall nx rdtscp lm constant_tsc arch_perfmon pebs bts nopl xtopology tsc_reliable nonstop_tsc aperfmperf pni pclmulqdq ssse3 cx16 pcid sse4_1 sse4_2 x2apic popcnt tsc_deadline_timer aes xsave avx f16c rdrand hypervisor lahf_lm ida arat epb pln pts dtherm fsgsbase tsc_adjust smep
bugs		:
bogomips	: 6820.13
clflush size	: 64
cache_alignment	: 64
address sizes	: 42 bits physical, 48 bits virtual
power management:

processor	: 2
vendor_id	: GenuineIntel
cpu family	: 6
model		: 58
model name	: Intel(R) Core(TM) i5-3570K CPU @ 3.40GHz
stepping	: 9
microcode	: 0x1b
cpu MHz		: 3410.069
cache size	: 6144 KB
physical id	: 4
siblings	: 1
core id		: 0
cpu cores	: 1
apicid		: 4
initial apicid	: 4
fpu		: yes
fpu_exception	: yes
cpuid level	: 13
wp		: yes
flags		: fpu vme de pse tsc msr pae mce cx8 apic sep mtrr pge mca cmov pat pse36 clflush dts mmx fxsr sse sse2 ss syscall nx rdtscp lm constant_tsc arch_perfmon pebs bts nopl xtopology tsc_reliable nonstop_tsc aperfmperf pni pclmulqdq ssse3 cx16 pcid sse4_1 sse4_2 x2apic popcnt tsc_deadline_timer aes xsave avx f16c rdrand hypervisor lahf_lm ida arat epb pln pts dtherm fsgsbase tsc_adjust smep
bugs		:
bogomips	: 6820.13
clflush size	: 64
cache_alignment	: 64
address sizes	: 42 bits physical, 48 bits virtual
power management:

processor	: 3
vendor_id	: GenuineIntel
cpu family	: 6
model		: 58
model name	: Intel(R) Core(TM) i5-3570K CPU @ 3.40GHz
stepping	: 9
microcode	: 0x1b
cpu MHz		: 3410.069
cache size	: 6144 KB
physical id	: 6
siblings	: 1
core id		: 0
cpu cores	: 1
apicid		: 6
initial apicid	: 6
fpu		: yes
fpu_exception	: yes
cpuid level	: 13
wp		: yes
flags		: fpu vme de pse tsc msr pae mce cx8 apic sep mtrr pge mca cmov pat pse36 clflush dts mmx fxsr sse sse2 ss syscall nx rdtscp lm constant_tsc arch_perfmon pebs bts nopl xtopology tsc_reliable nonstop_tsc aperfmperf pni pclmulqdq ssse3 cx16 pcid sse4_1 sse4_2 x2apic popcnt tsc_deadline_timer aes xsave avx f16c rdrand hypervisor lahf_lm ida arat epb pln pts dtherm fsgsbase tsc_adjust smep
bugs		:
bogomips	: 6820.13
clflush size	: 64
cache_alignment	: 64
address sizes	: 42 bits physical, 48 bits virtual
power management:



Memory: 4k page, physical 3064604k(66156k free), swap 1045500k(0k free)

vm_info: OpenJDK 64-Bit Server VM (24.91-b01) for linux-amd64 JRE (1.7.0_91-b02), built on Nov 19 2015 06:14:37 by "buildd" with gcc 4.8.2

time: Tue Sep 13 16:52:40 2016
elapsed time: 26 seconds

