#
# There is insufficient memory for the Java Runtime Environment to continue.
# Native memory allocation (malloc) failed to allocate 56623104 bytes for committing reserved memory.
# Possible reasons:
#   The system is out of physical RAM or swap space
#   In 32 bit mode, the process size limit was hit
# Possible solutions:
#   Reduce memory load on the system
#   Increase physical memory or swap space
#   Check if swap backing store is full
#   Use 64 bit Java on a 64 bit OS
#   Decrease Java heap size (-Xmx/-Xms)
#   Decrease number of Java threads
#   Decrease Java thread stack sizes (-Xss)
#   Set larger code cache with -XX:ReservedCodeCacheSize=
# This output file may be truncated or incomplete.
#
#  Out of Memory Error (os_linux.cpp:2827), pid=84523, tid=140700514191104
#
# JRE version: OpenJDK Runtime Environment (7.0_91-b02) (build 1.7.0_91-b02)
# Java VM: OpenJDK 64-Bit Server VM (24.91-b01 mixed mode linux-amd64 compressed oops)
# Derivative: IcedTea 2.6.3
# Distribution: Ubuntu 14.04 LTS, package 7u91-2.6.3-0ubuntu0.14.04.1
# Failed to write core dump. Core dumps have been disabled. To enable core dumping, try "ulimit -c unlimited" before starting Java again
#

---------------  T H R E A D  ---------------

Current thread (0x00007ff768076000):  VMThread [stack: 0x00007ff7641b0000,0x00007ff7642b1000] [id=84541]

Stack: [0x00007ff7641b0000,0x00007ff7642b1000],  sp=0x00007ff7642af490,  free space=1021k
Native frames: (J=compiled Java code, j=interpreted, Vv=VM code, C=native code)
V  [libjvm.so+0x953e15]  VMError::report_and_die()+0x175
V  [libjvm.so+0x48fd94]  report_vm_out_of_memory(char const*, int, unsigned long, char const*)+0x74
V  [libjvm.so+0x7cf87b]  os::pd_commit_memory(char*, unsigned long, unsigned long, bool)+0xeb
V  [libjvm.so+0x7ca33f]  os::commit_memory(char*, unsigned long, unsigned long, bool)+0x1f
V  [libjvm.so+0x83dacb]  PSVirtualSpace::expand_by(unsigned long)+0x5b
V  [libjvm.so+0x83e930]  PSYoungGen::resize_generation(unsigned long, unsigned long)+0xb0
V  [libjvm.so+0x83f01b]  PSYoungGen::resize(unsigned long, unsigned long)+0x1b
V  [libjvm.so+0x83b258]  PSScavenge::invoke_no_policy()+0xd68
V  [libjvm.so+0x83bac8]  PSScavenge::invoke()+0x38
V  [libjvm.so+0x7f2083]  ParallelScavengeHeap::failed_mem_allocate(unsigned long)+0x63
V  [libjvm.so+0x955814]  VM_ParallelGCFailedAllocation::doit()+0x84
V  [libjvm.so+0x959917]  VM_Operation::evaluate()+0x47
V  [libjvm.so+0x9583d8]  VMThread::evaluate_operation(VM_Operation*)+0x318
V  [libjvm.so+0x958839]  VMThread::loop()+0x219
V  [libjvm.so+0x958c82]  VMThread::run()+0x72
V  [libjvm.so+0x7cc742]  java_start(Thread*)+0xf2

VM_Operation (0x00007ff733575e60): ParallelGCFailedAllocation, mode: safepoint, requested by thread 0x00007ff7681b1000


---------------  P R O C E S S  ---------------

Java Threads: ( => current thread )
  0x00007ff7681b7800 JavaThread "pool-1-thread-4" [_thread_blocked, id=84563, stack(0x00007ff733073000,0x00007ff733174000)]
  0x00007ff7681b6000 JavaThread "pool-1-thread-3" [_thread_blocked, id=84562, stack(0x00007ff733174000,0x00007ff733275000)]
  0x00007ff7681b4000 JavaThread "pool-1-thread-2" [_thread_blocked, id=84561, stack(0x00007ff733275000,0x00007ff733376000)]
  0x00007ff7681b3000 JavaThread "pool-2-thread-1" [_thread_blocked, id=84560, stack(0x00007ff733376000,0x00007ff733477000)]
  0x00007ff7681b1000 JavaThread "pool-1-thread-1" [_thread_blocked, id=84559, stack(0x00007ff733477000,0x00007ff733578000)]
  0x00007ff7680ae800 JavaThread "Service Thread" daemon [_thread_blocked, id=84552, stack(0x00007ff75cee9000,0x00007ff75cfea000)]
  0x00007ff7680ac800 JavaThread "C2 CompilerThread1" daemon [_thread_in_native, id=84551, stack(0x00007ff75cfea000,0x00007ff75d0eb000)]
  0x00007ff7680a9800 JavaThread "C2 CompilerThread0" daemon [_thread_blocked, id=84550, stack(0x00007ff75d0eb000,0x00007ff75d1ec000)]
  0x00007ff7680a7800 JavaThread "Signal Dispatcher" daemon [_thread_blocked, id=84549, stack(0x00007ff75d1ec000,0x00007ff75d2ed000)]
  0x00007ff76807c000 JavaThread "Finalizer" daemon [_thread_blocked, id=84548, stack(0x00007ff75d9cf000,0x00007ff75dad0000)]
  0x00007ff76807a000 JavaThread "Reference Handler" daemon [_thread_blocked, id=84547, stack(0x00007ff7640af000,0x00007ff7641b0000)]
  0x00007ff76800a800 JavaThread "main" [_thread_blocked, id=84533, stack(0x00007ff770392000,0x00007ff770493000)]

Other Threads:
=>0x00007ff768076000 VMThread [stack: 0x00007ff7641b0000,0x00007ff7642b1000] [id=84541]
  0x00007ff7680b9800 WatcherThread [stack: 0x00007ff75cde8000,0x00007ff75cee9000] [id=84553]

VM state:at safepoint (normal execution)

VM Mutex/Monitor currently owned by a thread:  ([mutex/lock_event])
[0x00007ff7680069b0] Threads_lock - owner thread: 0x00007ff768076000
[0x00007ff768006eb0] Heap_lock - owner thread: 0x00007ff7681b1000

Heap
 PSYoungGen      total 56832K, used 8694K [0x00000000eaa80000, 0x00000000eeb80000, 0x0000000100000000)
  eden space 48128K, 0% used [0x00000000eaa80000,0x00000000eaa80000,0x00000000ed980000)
  from space 8704K, 99% used [0x00000000ed980000,0x00000000ee1fdbf8,0x00000000ee200000)
  to   space 7680K, 0% used [0x00000000ee200000,0x00000000ee200000,0x00000000ee980000)
 ParOldGen       total 31744K, used 16550K [0x00000000c0000000, 0x00000000c1f00000, 0x00000000eaa80000)
  object space 31744K, 52% used [0x00000000c0000000,0x00000000c1029b68,0x00000000c1f00000)
 PSPermGen       total 21504K, used 6202K [0x00000000b5a00000, 0x00000000b6f00000, 0x00000000c0000000)
  object space 21504K, 28% used [0x00000000b5a00000,0x00000000b600eae8,0x00000000b6f00000)

Card table byte_map: [0x00007ff76cd70000,0x00007ff76cfc4000] byte_map_base: 0x00007ff76c7c3000

Polling page: 0x00007ff7704ad000

Code Cache  [0x00007ff765000000, 0x00007ff765270000, 0x00007ff768000000)
 total_blobs=477 nmethods=246 adapters=184 free_code_cache=48110Kb largest_free_block=49199744

Compilation events (10 events):
Event: 13.537 Thread 0x00007ff7680a9800 nmethod 243 0x00007ff7650d7ad0 code [0x00007ff7650d7c20, 0x00007ff7650d7cb8]
Event: 13.537 Thread 0x00007ff7680a9800  244   !         com.android.dx.rop.code.LocalVariableInfo::getStarts0 (18 bytes)
Event: 13.538 Thread 0x00007ff7680a9800 nmethod 244 0x00007ff7650da510 code [0x00007ff7650da660, 0x00007ff7650da6f8]
Event: 13.538 Thread 0x00007ff7680a9800  245             com.android.dx.util.IntList::contains (14 bytes)
Event: 13.540 Thread 0x00007ff7680a9800 nmethod 245 0x00007ff7650d7550 code [0x00007ff7650d76a0, 0x00007ff7650d7878]
Event: 13.540 Thread 0x00007ff7680a9800  246             com.android.dx.rop.cst.CstString::stringToUtf8Bytes (175 bytes)
Event: 13.564 Thread 0x00007ff7680a9800 nmethod 246 0x00007ff7650f2490 code [0x00007ff7650f2600, 0x00007ff7650f2a78]
Event: 13.564 Thread 0x00007ff7680a9800  247             com.android.dx.dex.code.OutputFinisher::hasLocalInfo (75 bytes)
Event: 13.567 Thread 0x00007ff7680a9800 nmethod 247 0x00007ff765081b10 code [0x00007ff765081c60, 0x00007ff765081e38]
Event: 13.567 Thread 0x00007ff7680a9800  248             com.android.dx.dex.file.AnnotationUtils::makeSignature (251 bytes)

GC Heap History (10 events):
Event: 2.899 GC heap after
Heap after GC invocations=2 (full 0):
 PSYoungGen      total 14336K, used 2016K [0x00000000eaa80000, 0x00000000ec680000, 0x0000000100000000)
  eden space 12288K, 0% used [0x00000000eaa80000,0x00000000eaa80000,0x00000000eb680000)
  from space 2048K, 98% used [0x00000000eb880000,0x00000000eba78018,0x00000000eba80000)
  to   space 2048K, 0% used [0x00000000eb680000,0x00000000eb680000,0x00000000eb880000)
 ParOldGen       total 31744K, used 1524K [0x00000000c0000000, 0x00000000c1f00000, 0x00000000eaa80000)
  object space 31744K, 4% used [0x00000000c0000000,0x00000000c017d258,0x00000000c1f00000)
 PSPermGen       total 21504K, used 5915K [0x00000000b5a00000, 0x00000000b6f00000, 0x00000000c0000000)
  object space 21504K, 27% used [0x00000000b5a00000,0x00000000b5fc6dc8,0x00000000b6f00000)
}
Event: 3.631 GC heap before
{Heap before GC invocations=3 (full 0):
 PSYoungGen      total 14336K, used 14304K [0x00000000eaa80000, 0x00000000ec680000, 0x0000000100000000)
  eden space 12288K, 100% used [0x00000000eaa80000,0x00000000eb680000,0x00000000eb680000)
  from space 2048K, 98% used [0x00000000eb880000,0x00000000eba78018,0x00000000eba80000)
  to   space 2048K, 0% used [0x00000000eb680000,0x00000000eb680000,0x00000000eb880000)
 ParOldGen       total 31744K, used 1524K [0x00000000c0000000, 0x00000000c1f00000, 0x00000000eaa80000)
  object space 31744K, 4% used [0x00000000c0000000,0x00000000c017d258,0x00000000c1f00000)
 PSPermGen       total 21504K, used 6060K [0x00000000b5a00000, 0x00000000b6f00000, 0x00000000c0000000)
  object space 21504K, 28% used [0x00000000b5a00000,0x00000000b5feb378,0x00000000b6f00000)
Event: 3.722 GC heap after
Heap after GC invocations=3 (full 0):
 PSYoungGen      total 14336K, used 2032K [0x00000000eaa80000, 0x00000000ec680000, 0x0000000100000000)
  eden space 12288K, 0% used [0x00000000eaa80000,0x00000000eaa80000,0x00000000eb680000)
  from space 2048K, 99% used [0x00000000eb680000,0x00000000eb87c028,0x00000000eb880000)
  to   space 2048K, 0% used [0x00000000ec480000,0x00000000ec480000,0x00000000ec680000)
 ParOldGen       total 31744K, used 3555K [0x00000000c0000000, 0x00000000c1f00000, 0x00000000eaa80000)
  object space 31744K, 11% used [0x00000000c0000000,0x00000000c0378fd8,0x00000000c1f00000)
 PSPermGen       total 21504K, used 6060K [0x00000000b5a00000, 0x00000000b6f00000, 0x00000000c0000000)
  object space 21504K, 28% used [0x00000000b5a00000,0x00000000b5feb378,0x00000000b6f00000)
}
Event: 4.282 GC heap before
{Heap before GC invocations=4 (full 0):
 PSYoungGen      total 14336K, used 14320K [0x00000000eaa80000, 0x00000000ec680000, 0x0000000100000000)
  eden space 12288K, 100% used [0x00000000eaa80000,0x00000000eb680000,0x00000000eb680000)
  from space 2048K, 99% used [0x00000000eb680000,0x00000000eb87c028,0x00000000eb880000)
  to   space 2048K, 0% used [0x00000000ec480000,0x00000000ec480000,0x00000000ec680000)
 ParOldGen       total 31744K, used 3555K [0x00000000c0000000, 0x00000000c1f00000, 0x00000000eaa80000)
  object space 31744K, 11% used [0x00000000c0000000,0x00000000c0378fd8,0x00000000c1f00000)
 PSPermGen       total 21504K, used 6091K [0x00000000b5a00000, 0x00000000b6f00000, 0x00000000c0000000)
  object space 21504K, 28% used [0x00000000b5a00000,0x00000000b5ff2e60,0x00000000b6f00000)
Event: 4.469 GC heap after
Heap after GC invocations=4 (full 0):
 PSYoungGen      total 26624K, used 2016K [0x00000000eaa80000, 0x00000000ec680000, 0x0000000100000000)
  eden space 24576K, 0% used [0x00000000eaa80000,0x00000000eaa80000,0x00000000ec280000)
  from space 2048K, 98% used [0x00000000ec480000,0x00000000ec678028,0x00000000ec680000)
  to   space 2048K, 0% used [0x00000000ec280000,0x00000000ec280000,0x00000000ec480000)
 ParOldGen       total 31744K, used 5803K [0x00000000c0000000, 0x00000000c1f00000, 0x00000000eaa80000)
  object space 31744K, 18% used [0x00000000c0000000,0x00000000c05aafd8,0x00000000c1f00000)
 PSPermGen       total 21504K, used 6091K [0x00000000b5a00000, 0x00000000b6f00000, 0x00000000c0000000)
  object space 21504K, 28% used [0x00000000b5a00000,0x00000000b5ff2e60,0x00000000b6f00000)
}
Event: 6.754 GC heap before
{Heap before GC invocations=5 (full 0):
 PSYoungGen      total 26624K, used 26592K [0x00000000eaa80000, 0x00000000ec680000, 0x0000000100000000)
  eden space 24576K, 100% used [0x00000000eaa80000,0x00000000ec280000,0x00000000ec280000)
  from space 2048K, 98% used [0x00000000ec480000,0x00000000ec678028,0x00000000ec680000)
  to   space 2048K, 0% used [0x00000000ec280000,0x00000000ec280000,0x00000000ec480000)
 ParOldGen       total 31744K, used 5803K [0x00000000c0000000, 0x00000000c1f00000, 0x00000000eaa80000)
  object space 31744K, 18% used [0x00000000c0000000,0x00000000c05aafd8,0x00000000c1f00000)
 PSPermGen       total 21504K, used 6144K [0x00000000b5a00000, 0x00000000b6f00000, 0x00000000c0000000)
  object space 21504K, 28% used [0x00000000b5a00000,0x00000000b60003b8,0x00000000b6f00000)
Event: 6.786 GC heap after
Heap after GC invocations=5 (full 0):
 PSYoungGen      total 26624K, used 2020K [0x00000000eaa80000, 0x00000000ee980000, 0x0000000100000000)
  eden space 24576K, 0% used [0x00000000eaa80000,0x00000000eaa80000,0x00000000ec280000)
  from space 2048K, 98% used [0x00000000ec280000,0x00000000ec479248,0x00000000ec480000)
  to   space 7680K, 0% used [0x00000000ee200000,0x00000000ee200000,0x00000000ee980000)
 ParOldGen       total 31744K, used 10974K [0x00000000c0000000, 0x00000000c1f00000, 0x00000000eaa80000)
  object space 31744K, 34% used [0x00000000c0000000,0x00000000c0ab7b98,0x00000000c1f00000)
 PSPermGen       total 21504K, used 6144K [0x00000000b5a00000, 0x00000000b6f00000, 0x00000000c0000000)
  object space 21504K, 28% used [0x00000000b5a00000,0x00000000b60003b8,0x00000000b6f00000)
}
Event: 8.509 GC heap before
{Heap before GC invocations=6 (full 0):
 PSYoungGen      total 26624K, used 26596K [0x00000000eaa80000, 0x00000000ee980000, 0x0000000100000000)
  eden space 24576K, 100% used [0x00000000eaa80000,0x00000000ec280000,0x00000000ec280000)
  from space 2048K, 98% used [0x00000000ec280000,0x00000000ec479248,0x00000000ec480000)
  to   space 7680K, 0% used [0x00000000ee200000,0x00000000ee200000,0x00000000ee980000)
 ParOldGen       total 31744K, used 10974K [0x00000000c0000000, 0x00000000c1f00000, 0x00000000eaa80000)
  object space 31744K, 34% used [0x00000000c0000000,0x00000000c0ab7b98,0x00000000c1f00000)
 PSPermGen       total 21504K, used 6161K [0x00000000b5a00000, 0x00000000b6f00000, 0x00000000c0000000)
  object space 21504K, 28% used [0x00000000b5a00000,0x00000000b60047f8,0x00000000b6f00000)
Event: 8.894 GC heap after
Heap after GC invocations=6 (full 0):
 PSYoungGen      total 55808K, used 6308K [0x00000000eaa80000, 0x00000000eeb80000, 0x0000000100000000)
  eden space 48128K, 0% used [0x00000000eaa80000,0x00000000eaa80000,0x00000000ed980000)
  from space 7680K, 82% used [0x00000000ee200000,0x00000000ee829248,0x00000000ee980000)
  to   space 8704K, 0% used [0x00000000ed980000,0x00000000ed980000,0x00000000ee200000)
 ParOldGen       total 31744K, used 10982K [0x00000000c0000000, 0x00000000c1f00000, 0x00000000eaa80000)
  object space 31744K, 34% used [0x00000000c0000000,0x00000000c0ab9b98,0x00000000c1f00000)
 PSPermGen       total 21504K, used 6161K [0x00000000b5a00000, 0x00000000b6f00000, 0x00000000c0000000)
  object space 21504K, 28% used [0x00000000b5a00000,0x00000000b60047f8,0x00000000b6f00000)
}
Event: 13.693 GC heap before
{Heap before GC invocations=7 (full 0):
 PSYoungGen      total 55808K, used 54436K [0x00000000eaa80000, 0x00000000eeb80000, 0x0000000100000000)
  eden space 48128K, 100% used [0x00000000eaa80000,0x00000000ed980000,0x00000000ed980000)
  from space 7680K, 82% used [0x00000000ee200000,0x00000000ee829248,0x00000000ee980000)
  to   space 8704K, 0% used [0x00000000ed980000,0x00000000ed980000,0x00000000ee200000)
 ParOldGen       total 31744K, used 10982K [0x00000000c0000000, 0x00000000c1f00000, 0x00000000eaa80000)
  object space 31744K, 34% used [0x00000000c0000000,0x00000000c0ab9b98,0x00000000c1f00000)
 PSPermGen       total 21504K, used 6202K [0x00000000b5a00000, 0x00000000b6f00000, 0x00000000c0000000)
  object space 21504K, 28% used [0x00000000b5a00000,0x00000000b600eae8,0x00000000b6f00000)

Deoptimization events (10 events):
Event: 11.043 Thread 0x00007ff7681b6000 Uncommon trap: reason=unstable_if action=reinterpret pc=0x00007ff765094404 method=com.android.dx.ssa.NormalSsaInsn.getLocalAssignment()Lcom/android/dx/rop/code/RegisterSpec; @ 12
Event: 11.043 Thread 0x00007ff7681b6000 Uncommon trap: reason=unstable_if action=reinterpret pc=0x00007ff7650a159c method=com.android.dx.ssa.NormalSsaInsn.getLocalAssignment()Lcom/android/dx/rop/code/RegisterSpec; @ 12
Event: 11.044 Thread 0x00007ff7681b6000 Uncommon trap: reason=unstable_if action=reinterpret pc=0x00007ff76509f8c4 method=com.android.dx.ssa.NormalSsaInsn.getLocalAssignment()Lcom/android/dx/rop/code/RegisterSpec; @ 12
Event: 11.044 Thread 0x00007ff7681b6000 Uncommon trap: reason=unstable_if action=reinterpret pc=0x00007ff765092bc0 method=com.android.dx.ssa.NormalSsaInsn.getLocalAssignment()Lcom/android/dx/rop/code/RegisterSpec; @ 12
Event: 11.045 Thread 0x00007ff7681b6000 Uncommon trap: reason=unstable_if action=reinterpret pc=0x00007ff7650ea550 method=com.android.dx.rop.code.Insn.getLocalAssignment()Lcom/android/dx/rop/code/RegisterSpec; @ 9
Event: 11.200 Thread 0x00007ff7681b4000 Uncommon trap: reason=unstable_if action=reinterpret pc=0x00007ff7650d1f18 method=com.android.dx.ssa.Dominators.run()V @ 346
Event: 13.102 Thread 0x00007ff7681b1000 Uncommon trap: reason=class_check action=maybe_recompile pc=0x00007ff7650de6d8 method=com.android.dx.ssa.SsaMethod.isRegALocal(Lcom/android/dx/rop/code/RegisterSpec;)Z @ 16
Event: 13.102 Thread 0x00007ff7681b1000 Uncommon trap: reason=class_check action=maybe_recompile pc=0x00007ff7650de6d8 method=com.android.dx.ssa.SsaMethod.isRegALocal(Lcom/android/dx/rop/code/RegisterSpec;)Z @ 16
Event: 13.102 Thread 0x00007ff7681b1000 Uncommon trap: reason=class_check action=maybe_recompile pc=0x00007ff7650de6d8 method=com.android.dx.ssa.SsaMethod.isRegALocal(Lcom/android/dx/rop/code/RegisterSpec;)Z @ 16
Event: 13.102 Thread 0x00007ff7681b1000 Uncommon trap: reason=class_check action=maybe_recompile pc=0x00007ff7650de6d8 method=com.android.dx.ssa.SsaMethod.isRegALocal(Lcom/android/dx/rop/code/RegisterSpec;)Z @ 16

Internal exceptions (10 events):
Event: 1.608 Thread 0x00007ff76800a800 Threw 0x00000000eaea6e28 at /build/openjdk-7-zaTxYK/openjdk-7-7u91-2.6.3/build/openjdk/hotspot/src/share/vm/prims/jvm.cpp:1322
Event: 1.622 Thread 0x00007ff7681b6000 Threw 0x00000000eaabb0b0 at /build/openjdk-7-zaTxYK/openjdk-7-7u91-2.6.3/build/openjdk/hotspot/src/share/vm/prims/jvm.cpp:1322
Event: 1.672 Thread 0x00007ff7681b1000 Threw 0x00000000eaef2250 at /build/openjdk-7-zaTxYK/openjdk-7-7u91-2.6.3/build/openjdk/hotspot/src/share/vm/prims/jvm.cpp:1322
Event: 2.102 Thread 0x00007ff76800a800 Threw 0x00000000eb2abb00 at /build/openjdk-7-zaTxYK/openjdk-7-7u91-2.6.3/build/openjdk/hotspot/src/share/vm/prims/jvm.cpp:1322
Event: 2.191 Thread 0x00007ff7681b1000 Threw 0x00000000eb1b7020 at /build/openjdk-7-zaTxYK/openjdk-7-7u91-2.6.3/build/openjdk/hotspot/src/share/vm/prims/jvm.cpp:1322
Event: 2.219 Thread 0x00007ff76800a800 Threw 0x00000000eb3fa9d0 at /build/openjdk-7-zaTxYK/openjdk-7-7u91-2.6.3/build/openjdk/hotspot/src/share/vm/prims/jvm.cpp:1322
Event: 2.928 Thread 0x00007ff76800a800 Implicit null exception at 0x00007ff765081d03 to 0x00007ff765081f29
Event: 2.983 Thread 0x00007ff76800a800 Threw 0x00000000ead34bc8 at /build/openjdk-7-zaTxYK/openjdk-7-7u91-2.6.3/build/openjdk/hotspot/src/share/vm/prims/jvm.cpp:1322
Event: 4.474 Thread 0x00007ff76800a800 Implicit null exception at 0x00007ff7650b1897 to 0x00007ff7650b1f79
Event: 5.253 Thread 0x00007ff76800a800 Threw 0x00000000eb731f58 at /build/openjdk-7-zaTxYK/openjdk-7-7u91-2.6.3/build/openjdk/hotspot/src/share/vm/prims/jvm.cpp:1322

Events (10 events):
Event: 13.102 Thread 0x00007ff7681b1000 Uncommon trap: trap_request=0xffffffde fr.pc=0x00007ff7650de6d8
Event: 13.102 Thread 0x00007ff7681b1000 DEOPT PACKING pc=0x00007ff7650de6d8 sp=0x00007ff733576120
Event: 13.102 Thread 0x00007ff7681b1000 DEOPT UNPACKING pc=0x00007ff765039445 sp=0x00007ff733576068 mode 2
Event: 13.102 Thread 0x00007ff7681b1000 Uncommon trap: trap_request=0xffffffde fr.pc=0x00007ff7650de6d8
Event: 13.102 Thread 0x00007ff7681b1000 DEOPT PACKING pc=0x00007ff7650de6d8 sp=0x00007ff733576120
Event: 13.102 Thread 0x00007ff7681b1000 DEOPT UNPACKING pc=0x00007ff765039445 sp=0x00007ff733576068 mode 2
Event: 13.102 Thread 0x00007ff7681b1000 Uncommon trap: trap_request=0xffffffde fr.pc=0x00007ff7650de6d8
Event: 13.102 Thread 0x00007ff7681b1000 DEOPT PACKING pc=0x00007ff7650de6d8 sp=0x00007ff733576120
Event: 13.102 Thread 0x00007ff7681b1000 DEOPT UNPACKING pc=0x00007ff765039445 sp=0x00007ff733576068 mode 2
Event: 13.583 Executing VM operation: ParallelGCFailedAllocation


Dynamic libraries:
00400000-00401000 r-xp 00000000 08:01 4204455                            /usr/lib/jvm/java-7-openjdk-amd64/jre/bin/java
00600000-00601000 r--p 00000000 08:01 4204455                            /usr/lib/jvm/java-7-openjdk-amd64/jre/bin/java
00601000-00602000 rw-p 00001000 08:01 4204455                            /usr/lib/jvm/java-7-openjdk-amd64/jre/bin/java
01fb4000-01fd5000 rw-p 00000000 00:00 0                                  [heap]
b5a00000-b6f00000 rw-p 00000000 00:00 0 
b6f00000-c0000000 rw-p 00000000 00:00 0 
c0000000-c1f00000 rw-p 00000000 00:00 0 
c1f00000-eaa80000 rw-p 00000000 00:00 0 
eaa80000-eeb80000 rw-p 00000000 00:00 0 
f2180000-100000000 rw-p 00000000 00:00 0 
7ff718000000-7ff718021000 rw-p 00000000 00:00 0 
7ff718021000-7ff71c000000 ---p 00000000 00:00 0 
7ff71c000000-7ff71c021000 rw-p 00000000 00:00 0 
7ff71c021000-7ff720000000 ---p 00000000 00:00 0 
7ff720000000-7ff720021000 rw-p 00000000 00:00 0 
7ff720021000-7ff724000000 ---p 00000000 00:00 0 
7ff724000000-7ff724021000 rw-p 00000000 00:00 0 
7ff724021000-7ff728000000 ---p 00000000 00:00 0 
7ff728000000-7ff728044000 rw-p 00000000 00:00 0 
7ff728044000-7ff72c000000 ---p 00000000 00:00 0 
7ff72c000000-7ff72c021000 rw-p 00000000 00:00 0 
7ff72c021000-7ff730000000 ---p 00000000 00:00 0 
7ff733073000-7ff733076000 ---p 00000000 00:00 0 
7ff733076000-7ff733174000 rw-p 00000000 00:00 0                          [stack:84563]
7ff733174000-7ff733177000 ---p 00000000 00:00 0 
7ff733177000-7ff733275000 rw-p 00000000 00:00 0                          [stack:84562]
7ff733275000-7ff733278000 ---p 00000000 00:00 0 
7ff733278000-7ff733376000 rw-p 00000000 00:00 0                          [stack:84561]
7ff733376000-7ff733379000 ---p 00000000 00:00 0 
7ff733379000-7ff733477000 rw-p 00000000 00:00 0                          [stack:84560]
7ff733477000-7ff73347a000 ---p 00000000 00:00 0 
7ff73347a000-7ff733578000 rw-p 00000000 00:00 0                          [stack:84559]
7ff733578000-7ff7335b5000 r-xp 00000000 08:01 5116281                    /lib/x86_64-linux-gnu/libpcre.so.3.13.1
7ff7335b5000-7ff7337b4000 ---p 0003d000 08:01 5116281                    /lib/x86_64-linux-gnu/libpcre.so.3.13.1
7ff7337b4000-7ff7337b5000 r--p 0003c000 08:01 5116281                    /lib/x86_64-linux-gnu/libpcre.so.3.13.1
7ff7337b5000-7ff7337b6000 rw-p 0003d000 08:01 5116281                    /lib/x86_64-linux-gnu/libpcre.so.3.13.1
7ff7337b6000-7ff7337bd000 r-xp 00000000 08:01 4202859                    /usr/lib/x86_64-linux-gnu/libffi.so.6.0.1
7ff7337bd000-7ff7339bc000 ---p 00007000 08:01 4202859                    /usr/lib/x86_64-linux-gnu/libffi.so.6.0.1
7ff7339bc000-7ff7339bd000 r--p 00006000 08:01 4202859                    /usr/lib/x86_64-linux-gnu/libffi.so.6.0.1
7ff7339bd000-7ff7339be000 rw-p 00007000 08:01 4202859                    /usr/lib/x86_64-linux-gnu/libffi.so.6.0.1
7ff7339be000-7ff7339d5000 r-xp 00000000 08:01 5116304                    /lib/x86_64-linux-gnu/libresolv-2.19.so
7ff7339d5000-7ff733bd5000 ---p 00017000 08:01 5116304                    /lib/x86_64-linux-gnu/libresolv-2.19.so
7ff733bd5000-7ff733bd6000 r--p 00017000 08:01 5116304                    /lib/x86_64-linux-gnu/libresolv-2.19.so
7ff733bd6000-7ff733bd7000 rw-p 00018000 08:01 5116304                    /lib/x86_64-linux-gnu/libresolv-2.19.so
7ff733bd7000-7ff733bd9000 rw-p 00000000 00:00 0 
7ff733bd9000-7ff733bf9000 r-xp 00000000 08:01 5116308                    /lib/x86_64-linux-gnu/libselinux.so.1
7ff733bf9000-7ff733df8000 ---p 00020000 08:01 5116308                    /lib/x86_64-linux-gnu/libselinux.so.1
7ff733df8000-7ff733df9000 r--p 0001f000 08:01 5116308                    /lib/x86_64-linux-gnu/libselinux.so.1
7ff733df9000-7ff733dfa000 rw-p 00020000 08:01 5116308                    /lib/x86_64-linux-gnu/libselinux.so.1
7ff733dfa000-7ff733dfc000 rw-p 00000000 00:00 0 
7ff733dfc000-7ff733dff000 r-xp 00000000 08:01 4202972                    /usr/lib/x86_64-linux-gnu/libgmodule-2.0.so.0.4002.0
7ff733dff000-7ff733ffe000 ---p 00003000 08:01 4202972                    /usr/lib/x86_64-linux-gnu/libgmodule-2.0.so.0.4002.0
7ff733ffe000-7ff733fff000 r--p 00002000 08:01 4202972                    /usr/lib/x86_64-linux-gnu/libgmodule-2.0.so.0.4002.0
7ff733fff000-7ff734000000 rw-p 00003000 08:01 4202972                    /usr/lib/x86_64-linux-gnu/libgmodule-2.0.so.0.4002.0
7ff734000000-7ff735235000 rw-p 00000000 00:00 0 
7ff735235000-7ff738000000 ---p 00000000 00:00 0 
7ff738000000-7ff738021000 rw-p 00000000 00:00 0 
7ff738021000-7ff73c000000 ---p 00000000 00:00 0 
7ff73c000000-7ff73c021000 rw-p 00000000 00:00 0 
7ff73c021000-7ff740000000 ---p 00000000 00:00 0 
7ff740000000-7ff740e31000 rw-p 00000000 00:00 0 
7ff740e31000-7ff744000000 ---p 00000000 00:00 0 
7ff744000000-7ff744021000 rw-p 00000000 00:00 0 
7ff744021000-7ff748000000 ---p 00000000 00:00 0 
7ff748000000-7ff748021000 rw-p 00000000 00:00 0 
7ff748021000-7ff74c000000 ---p 00000000 00:00 0 
7ff74c000000-7ff74c021000 rw-p 00000000 00:00 0 
7ff74c021000-7ff750000000 ---p 00000000 00:00 0 
7ff750000000-7ff750242000 rw-p 00000000 00:00 0 
7ff750242000-7ff754000000 ---p 00000000 00:00 0 
7ff754000000-7ff754021000 rw-p 00000000 00:00 0 
7ff754021000-7ff758000000 ---p 00000000 00:00 0 
7ff758000000-7ff758021000 rw-p 00000000 00:00 0 
7ff758021000-7ff75c000000 ---p 00000000 00:00 0 
7ff75c0f2000-7ff75c1f8000 r-xp 00000000 08:01 5116209                    /lib/x86_64-linux-gnu/libglib-2.0.so.0.4002.0
7ff75c1f8000-7ff75c3f7000 ---p 00106000 08:01 5116209                    /lib/x86_64-linux-gnu/libglib-2.0.so.0.4002.0
7ff75c3f7000-7ff75c3f8000 r--p 00105000 08:01 5116209                    /lib/x86_64-linux-gnu/libglib-2.0.so.0.4002.0
7ff75c3f8000-7ff75c3f9000 rw-p 00106000 08:01 5116209                    /lib/x86_64-linux-gnu/libglib-2.0.so.0.4002.0
7ff75c3f9000-7ff75c3fa000 rw-p 00000000 00:00 0 
7ff75c3fa000-7ff75c449000 r-xp 00000000 08:01 4202988                    /usr/lib/x86_64-linux-gnu/libgobject-2.0.so.0.4002.0
7ff75c449000-7ff75c649000 ---p 0004f000 08:01 4202988                    /usr/lib/x86_64-linux-gnu/libgobject-2.0.so.0.4002.0
7ff75c649000-7ff75c64a000 r--p 0004f000 08:01 4202988                    /usr/lib/x86_64-linux-gnu/libgobject-2.0.so.0.4002.0
7ff75c64a000-7ff75c64b000 rw-p 00050000 08:01 4202988                    /usr/lib/x86_64-linux-gnu/libgobject-2.0.so.0.4002.0
7ff75c64b000-7ff75c7b7000 r-xp 00000000 08:01 4202960                    /usr/lib/x86_64-linux-gnu/libgio-2.0.so.0.4002.0
7ff75c7b7000-7ff75c9b6000 ---p 0016c000 08:01 4202960                    /usr/lib/x86_64-linux-gnu/libgio-2.0.so.0.4002.0
7ff75c9b6000-7ff75c9ba000 r--p 0016b000 08:01 4202960                    /usr/lib/x86_64-linux-gnu/libgio-2.0.so.0.4002.0
7ff75c9ba000-7ff75c9bc000 rw-p 0016f000 08:01 4202960                    /usr/lib/x86_64-linux-gnu/libgio-2.0.so.0.4002.0
7ff75c9bc000-7ff75c9be000 rw-p 00000000 00:00 0 
7ff75c9be000-7ff75c9d5000 r-xp 00000000 08:01 4204518                    /usr/lib/jvm/java-7-openjdk-amd64/jre/lib/amd64/libnet.so
7ff75c9d5000-7ff75cbd4000 ---p 00017000 08:01 4204518                    /usr/lib/jvm/java-7-openjdk-amd64/jre/lib/amd64/libnet.so
7ff75cbd4000-7ff75cbd5000 r--p 00016000 08:01 4204518                    /usr/lib/jvm/java-7-openjdk-amd64/jre/lib/amd64/libnet.so
7ff75cbd5000-7ff75cbd6000 rw-p 00017000 08:01 4204518                    /usr/lib/jvm/java-7-openjdk-amd64/jre/lib/amd64/libnet.so
7ff75cbd6000-7ff75cbe6000 r-xp 00000000 08:01 4204485                    /usr/lib/jvm/java-7-openjdk-amd64/jre/lib/amd64/libnio.so
7ff75cbe6000-7ff75cde6000 ---p 00010000 08:01 4204485                    /usr/lib/jvm/java-7-openjdk-amd64/jre/lib/amd64/libnio.so
7ff75cde6000-7ff75cde7000 r--p 00010000 08:01 4204485                    /usr/lib/jvm/java-7-openjdk-amd64/jre/lib/amd64/libnio.so
7ff75cde7000-7ff75cde8000 rw-p 00011000 08:01 4204485                    /usr/lib/jvm/java-7-openjdk-amd64/jre/lib/amd64/libnio.so
7ff75cde8000-7ff75cde9000 ---p 00000000 00:00 0 
7ff75cde9000-7ff75cee9000 rw-p 00000000 00:00 0                          [stack:84553]
7ff75cee9000-7ff75ceec000 ---p 00000000 00:00 0 
7ff75ceec000-7ff75cfea000 rw-p 00000000 00:00 0                          [stack:84552]
7ff75cfea000-7ff75cfed000 ---p 00000000 00:00 0 
7ff75cfed000-7ff75d0eb000 rw-p 00000000 00:00 0                          [stack:84551]
7ff75d0eb000-7ff75d0ee000 ---p 00000000 00:00 0 
7ff75d0ee000-7ff75d1ec000 rw-p 00000000 00:00 0                          [stack:84550]
7ff75d1ec000-7ff75d1ef000 ---p 00000000 00:00 0 
7ff75d1ef000-7ff75d2ed000 rw-p 00000000 00:00 0                          [stack:84549]
7ff75d2ed000-7ff75d9cf000 r--p 00000000 08:01 4201489                    /usr/lib/locale/locale-archive
7ff75d9cf000-7ff75d9d2000 ---p 00000000 00:00 0 
7ff75d9d2000-7ff760000000 rw-p 00000000 00:00 0                          [stack:84548]
7ff760000000-7ff760021000 rw-p 00000000 00:00 0 
7ff760021000-7ff764000000 ---p 00000000 00:00 0 
7ff76405c000-7ff76408d000 rw-p 00000000 00:00 0 
7ff7640a3000-7ff7640af000 r--s 00062000 08:01 2628489                    /home/joseph/sweepersd/app/SweeperSD/app/build/intermediates/exploded-aar/com.google.android.gms/play-services-drive/8.3.0/jars/classes.jar
7ff7640af000-7ff7640b2000 ---p 00000000 00:00 0 
7ff7640b2000-7ff7641b0000 rw-p 00000000 00:00 0                          [stack:84547]
7ff7641b0000-7ff7641b1000 ---p 00000000 00:00 0 
7ff7641b1000-7ff765000000 rw-p 00000000 00:00 0                          [stack:84541]
7ff765000000-7ff765270000 rwxp 00000000 00:00 0 
7ff765270000-7ff7681f0000 rw-p 00000000 00:00 0 
7ff7681f0000-7ff76c000000 ---p 00000000 00:00 0 
7ff76c008000-7ff76c017000 r--s 000df000 08:01 6029891                    /home/joseph/Android/Sdk/build-tools/23.0.2/lib/dx.jar
7ff76c017000-7ff76c2c5000 rw-p 00000000 00:00 0 
7ff76c2c5000-7ff76c477000 r--s 01d2e000 08:01 4204478                    /usr/lib/jvm/java-7-openjdk-amd64/jre/lib/rt.jar
7ff76c477000-7ff76c7c3000 rw-p 00000000 00:00 0 
7ff76c7c3000-7ff76c7c4000 ---p 00000000 00:00 0 
7ff76c7c4000-7ff76c8c4000 rw-p 00000000 00:00 0                          [stack:84540]
7ff76c8c4000-7ff76c8c5000 ---p 00000000 00:00 0 
7ff76c8c5000-7ff76c9c5000 rw-p 00000000 00:00 0                          [stack:84537]
7ff76c9c5000-7ff76c9c6000 ---p 00000000 00:00 0 
7ff76c9c6000-7ff76cac6000 rw-p 00000000 00:00 0                          [stack:84536]
7ff76cac6000-7ff76cac7000 ---p 00000000 00:00 0 
7ff76cac7000-7ff76cbd2000 rw-p 00000000 00:00 0                          [stack:84535]
7ff76cbd2000-7ff76cc1a000 rw-p 00000000 00:00 0 
7ff76cc1a000-7ff76cc2a000 rw-p 00000000 00:00 0 
7ff76cc2a000-7ff76cd70000 rw-p 00000000 00:00 0 
7ff76cd70000-7ff76cd7b000 rw-p 00000000 00:00 0 
7ff76cd7b000-7ff76cdc3000 rw-p 00000000 00:00 0 
7ff76cdc3000-7ff76cdd3000 rw-p 00000000 00:00 0 
7ff76cdd3000-7ff76cf18000 rw-p 00000000 00:00 0 
7ff76cf18000-7ff76cf39000 rw-p 00000000 00:00 0 
7ff76cf39000-7ff76cfc3000 rw-p 00000000 00:00 0 
7ff76cfc3000-7ff76cfc4000 rw-p 00000000 00:00 0 
7ff76cfc4000-7ff76cfcc000 r-xp 00000000 08:01 4204489                    /usr/lib/jvm/java-7-openjdk-amd64/jre/lib/amd64/libzip.so
7ff76cfcc000-7ff76d1cb000 ---p 00008000 08:01 4204489                    /usr/lib/jvm/java-7-openjdk-amd64/jre/lib/amd64/libzip.so
7ff76d1cb000-7ff76d1cc000 r--p 00007000 08:01 4204489                    /usr/lib/jvm/java-7-openjdk-amd64/jre/lib/amd64/libzip.so
7ff76d1cc000-7ff76d1cd000 rw-p 00008000 08:01 4204489                    /usr/lib/jvm/java-7-openjdk-amd64/jre/lib/amd64/libzip.so
7ff76d1cd000-7ff76d1d8000 r-xp 00000000 08:01 5116253                    /lib/x86_64-linux-gnu/libnss_files-2.19.so
7ff76d1d8000-7ff76d3d7000 ---p 0000b000 08:01 5116253                    /lib/x86_64-linux-gnu/libnss_files-2.19.so
7ff76d3d7000-7ff76d3d8000 r--p 0000a000 08:01 5116253                    /lib/x86_64-linux-gnu/libnss_files-2.19.so
7ff76d3d8000-7ff76d3d9000 rw-p 0000b000 08:01 5116253                    /lib/x86_64-linux-gnu/libnss_files-2.19.so
7ff76d3d9000-7ff76d3e4000 r-xp 00000000 08:01 5116263                    /lib/x86_64-linux-gnu/libnss_nis-2.19.so
7ff76d3e4000-7ff76d5e3000 ---p 0000b000 08:01 5116263                    /lib/x86_64-linux-gnu/libnss_nis-2.19.so
7ff76d5e3000-7ff76d5e4000 r--p 0000a000 08:01 5116263                    /lib/x86_64-linux-gnu/libnss_nis-2.19.so
7ff76d5e4000-7ff76d5e5000 rw-p 0000b000 08:01 5116263                    /lib/x86_64-linux-gnu/libnss_nis-2.19.so
7ff76d5e5000-7ff76d5fc000 r-xp 00000000 08:01 5116247                    /lib/x86_64-linux-gnu/libnsl-2.19.so
7ff76d5fc000-7ff76d7fb000 ---p 00017000 08:01 5116247                    /lib/x86_64-linux-gnu/libnsl-2.19.so
7ff76d7fb000-7ff76d7fc000 r--p 00016000 08:01 5116247                    /lib/x86_64-linux-gnu/libnsl-2.19.so
7ff76d7fc000-7ff76d7fd000 rw-p 00017000 08:01 5116247                    /lib/x86_64-linux-gnu/libnsl-2.19.so
7ff76d7fd000-7ff76d7ff000 rw-p 00000000 00:00 0 
7ff76d7ff000-7ff76d808000 r-xp 00000000 08:01 5116249                    /lib/x86_64-linux-gnu/libnss_compat-2.19.so
7ff76d808000-7ff76da07000 ---p 00009000 08:01 5116249                    /lib/x86_64-linux-gnu/libnss_compat-2.19.so
7ff76da07000-7ff76da08000 r--p 00008000 08:01 5116249                    /lib/x86_64-linux-gnu/libnss_compat-2.19.so
7ff76da08000-7ff76da09000 rw-p 00009000 08:01 5116249                    /lib/x86_64-linux-gnu/libnss_compat-2.19.so
7ff76da09000-7ff76da34000 r-xp 00000000 08:01 4204497                    /usr/lib/jvm/java-7-openjdk-amd64/jre/lib/amd64/libjava.so
7ff76da34000-7ff76dc34000 ---p 0002b000 08:01 4204497                    /usr/lib/jvm/java-7-openjdk-amd64/jre/lib/amd64/libjava.so
7ff76dc34000-7ff76dc35000 r--p 0002b000 08:01 4204497                    /usr/lib/jvm/java-7-openjdk-amd64/jre/lib/amd64/libjava.so
7ff76dc35000-7ff76dc37000 rw-p 0002c000 08:01 4204497                    /usr/lib/jvm/java-7-openjdk-amd64/jre/lib/amd64/libjava.so
7ff76dc37000-7ff76dc47000 r-xp 00000000 08:01 4204513                    /usr/lib/jvm/java-7-openjdk-amd64/jre/lib/amd64/libverify.so
7ff76dc47000-7ff76de46000 ---p 00010000 08:01 4204513                    /usr/lib/jvm/java-7-openjdk-amd64/jre/lib/amd64/libverify.so
7ff76de46000-7ff76de48000 r--p 0000f000 08:01 4204513                    /usr/lib/jvm/java-7-openjdk-amd64/jre/lib/amd64/libverify.so
7ff76de48000-7ff76de49000 rw-p 00011000 08:01 4204513                    /usr/lib/jvm/java-7-openjdk-amd64/jre/lib/amd64/libverify.so
7ff76de49000-7ff76de50000 r-xp 00000000 08:01 5116306                    /lib/x86_64-linux-gnu/librt-2.19.so
7ff76de50000-7ff76e04f000 ---p 00007000 08:01 5116306                    /lib/x86_64-linux-gnu/librt-2.19.so
7ff76e04f000-7ff76e050000 r--p 00006000 08:01 5116306                    /lib/x86_64-linux-gnu/librt-2.19.so
7ff76e050000-7ff76e051000 rw-p 00007000 08:01 5116306                    /lib/x86_64-linux-gnu/librt-2.19.so
7ff76e051000-7ff76e067000 r-xp 00000000 08:01 5116205                    /lib/x86_64-linux-gnu/libgcc_s.so.1
7ff76e067000-7ff76e266000 ---p 00016000 08:01 5116205                    /lib/x86_64-linux-gnu/libgcc_s.so.1
7ff76e266000-7ff76e267000 rw-p 00015000 08:01 5116205                    /lib/x86_64-linux-gnu/libgcc_s.so.1
7ff76e267000-7ff76e36c000 r-xp 00000000 08:01 5116228                    /lib/x86_64-linux-gnu/libm-2.19.so
7ff76e36c000-7ff76e56b000 ---p 00105000 08:01 5116228                    /lib/x86_64-linux-gnu/libm-2.19.so
7ff76e56b000-7ff76e56c000 r--p 00104000 08:01 5116228                    /lib/x86_64-linux-gnu/libm-2.19.so
7ff76e56c000-7ff76e56d000 rw-p 00105000 08:01 5116228                    /lib/x86_64-linux-gnu/libm-2.19.so
7ff76e56d000-7ff76e653000 r-xp 00000000 08:01 4194482                    /usr/lib/x86_64-linux-gnu/libstdc++.so.6.0.19
7ff76e653000-7ff76e852000 ---p 000e6000 08:01 4194482                    /usr/lib/x86_64-linux-gnu/libstdc++.so.6.0.19
7ff76e852000-7ff76e85a000 r--p 000e5000 08:01 4194482                    /usr/lib/x86_64-linux-gnu/libstdc++.so.6.0.19
7ff76e85a000-7ff76e85c000 rw-p 000ed000 08:01 4194482                    /usr/lib/x86_64-linux-gnu/libstdc++.so.6.0.19
7ff76e85c000-7ff76e871000 rw-p 00000000 00:00 0 
7ff76e871000-7ff76f395000 r-xp 00000000 08:01 4204504                    /usr/lib/jvm/java-7-openjdk-amd64/jre/lib/amd64/server/libjvm.so
7ff76f395000-7ff76f595000 ---p 00b24000 08:01 4204504                    /usr/lib/jvm/java-7-openjdk-amd64/jre/lib/amd64/server/libjvm.so
7ff76f595000-7ff76f62f000 r--p 00b24000 08:01 4204504                    /usr/lib/jvm/java-7-openjdk-amd64/jre/lib/amd64/server/libjvm.so
7ff76f62f000-7ff76f652000 rw-p 00bbe000 08:01 4204504                    /usr/lib/jvm/java-7-openjdk-amd64/jre/lib/amd64/server/libjvm.so
7ff76f652000-7ff76f680000 rw-p 00000000 00:00 0 
7ff76f680000-7ff76f698000 r-xp 00000000 08:01 5116341                    /lib/x86_64-linux-gnu/libz.so.1.2.8
7ff76f698000-7ff76f897000 ---p 00018000 08:01 5116341                    /lib/x86_64-linux-gnu/libz.so.1.2.8
7ff76f897000-7ff76f898000 r--p 00017000 08:01 5116341                    /lib/x86_64-linux-gnu/libz.so.1.2.8
7ff76f898000-7ff76f899000 rw-p 00018000 08:01 5116341                    /lib/x86_64-linux-gnu/libz.so.1.2.8
7ff76f899000-7ff76f8b2000 r-xp 00000000 08:01 5116298                    /lib/x86_64-linux-gnu/libpthread-2.19.so
7ff76f8b2000-7ff76fab1000 ---p 00019000 08:01 5116298                    /lib/x86_64-linux-gnu/libpthread-2.19.so
7ff76fab1000-7ff76fab2000 r--p 00018000 08:01 5116298                    /lib/x86_64-linux-gnu/libpthread-2.19.so
7ff76fab2000-7ff76fab3000 rw-p 00019000 08:01 5116298                    /lib/x86_64-linux-gnu/libpthread-2.19.so
7ff76fab3000-7ff76fab7000 rw-p 00000000 00:00 0 
7ff76fab7000-7ff76faba000 r-xp 00000000 08:01 5116195                    /lib/x86_64-linux-gnu/libdl-2.19.so
7ff76faba000-7ff76fcb9000 ---p 00003000 08:01 5116195                    /lib/x86_64-linux-gnu/libdl-2.19.so
7ff76fcb9000-7ff76fcba000 r--p 00002000 08:01 5116195                    /lib/x86_64-linux-gnu/libdl-2.19.so
7ff76fcba000-7ff76fcbb000 rw-p 00003000 08:01 5116195                    /lib/x86_64-linux-gnu/libdl-2.19.so
7ff76fcbb000-7ff76fe76000 r-xp 00000000 08:01 5116178                    /lib/x86_64-linux-gnu/libc-2.19.so
7ff76fe76000-7ff770075000 ---p 001bb000 08:01 5116178                    /lib/x86_64-linux-gnu/libc-2.19.so
7ff770075000-7ff770079000 r--p 001ba000 08:01 5116178                    /lib/x86_64-linux-gnu/libc-2.19.so
7ff770079000-7ff77007b000 rw-p 001be000 08:01 5116178                    /lib/x86_64-linux-gnu/libc-2.19.so
7ff77007b000-7ff770080000 rw-p 00000000 00:00 0 
7ff770080000-7ff77008d000 r-xp 00000000 08:01 4204515                    /usr/lib/jvm/java-7-openjdk-amd64/jre/lib/amd64/jli/libjli.so
7ff77008d000-7ff77028c000 ---p 0000d000 08:01 4204515                    /usr/lib/jvm/java-7-openjdk-amd64/jre/lib/amd64/jli/libjli.so
7ff77028c000-7ff77028d000 r--p 0000c000 08:01 4204515                    /usr/lib/jvm/java-7-openjdk-amd64/jre/lib/amd64/jli/libjli.so
7ff77028d000-7ff77028e000 rw-p 0000d000 08:01 4204515                    /usr/lib/jvm/java-7-openjdk-amd64/jre/lib/amd64/jli/libjli.so
7ff77028e000-7ff7702b1000 r-xp 00000000 08:01 5116154                    /lib/x86_64-linux-gnu/ld-2.19.so
7ff7702b1000-7ff7702b2000 rw-p 00000000 00:00 0 
7ff7702b2000-7ff7702b4000 r--s 00006000 08:01 4595272                    /usr/share/java/java-atk-wrapper.jar
7ff7702b4000-7ff7702b8000 r--s 00085000 08:01 4204470                    /usr/lib/jvm/java-7-openjdk-amd64/jre/lib/ext/localedata.jar
7ff7702b8000-7ff7702ba000 r--s 00012000 08:01 4204469                    /usr/lib/jvm/java-7-openjdk-amd64/jre/lib/ext/zipfs.jar
7ff7702ba000-7ff7702dc000 rw-p 00000000 00:00 0 
7ff7702dc000-7ff770392000 rw-p 00000000 00:00 0 
7ff770392000-7ff770395000 ---p 00000000 00:00 0 
7ff770395000-7ff770498000 rw-p 00000000 00:00 0                          [stack:84533]
7ff770498000-7ff77049c000 r--s 0003c000 08:01 4204473                    /usr/lib/jvm/java-7-openjdk-amd64/jre/lib/ext/sunpkcs11.jar
7ff77049c000-7ff77049d000 r--s 00002000 08:01 4204474                    /usr/lib/jvm/java-7-openjdk-amd64/jre/lib/ext/dnsns.jar
7ff77049d000-7ff7704a1000 r--s 00034000 08:01 4204472                    /usr/lib/jvm/java-7-openjdk-amd64/jre/lib/ext/sunjce_provider.jar
7ff7704a1000-7ff7704a4000 r--s 0000f000 08:01 4204471                    /usr/lib/jvm/java-7-openjdk-amd64/jre/lib/ext/icedtea-sound.jar
7ff7704a4000-7ff7704ac000 rw-s 00000000 08:01 5909820                    /tmp/hsperfdata_joseph/84523
7ff7704ac000-7ff7704ad000 rw-p 00000000 00:00 0 
7ff7704ad000-7ff7704ae000 ---p 00000000 00:00 0 
7ff7704ae000-7ff7704b0000 rw-p 00000000 00:00 0 
7ff7704b0000-7ff7704b1000 r--p 00022000 08:01 5116154                    /lib/x86_64-linux-gnu/ld-2.19.so
7ff7704b1000-7ff7704b2000 rw-p 00023000 08:01 5116154                    /lib/x86_64-linux-gnu/ld-2.19.so
7ff7704b2000-7ff7704b3000 rw-p 00000000 00:00 0 
7ffd4f93c000-7ffd4f95d000 rw-p 00000000 00:00 0                          [stack]
7ffd4f960000-7ffd4f962000 r--p 00000000 00:00 0                          [vvar]
7ffd4f962000-7ffd4f964000 r-xp 00000000 00:00 0                          [vdso]
ffffffffff600000-ffffffffff601000 r-xp 00000000 00:00 0                  [vsyscall]

VM Arguments:
jvm_args: -Djava.awt.headless=true -Xmx1024M -Dfile.encoding=UTF-8 -Duser.country=US -Duser.language=en -Duser.variant 
java_command: com.android.dx.command.Main --dex --num-threads=4 --output /home/joseph/sweepersd/app/SweeperSD/app/build/intermediates/pre-dexed/debug/com.google.android.gms-play-services-drive-8.3.0_cbe45bd30b27c7f9def3310be47a28ed8a125b5d.jar /home/joseph/sweepersd/app/SweeperSD/app/build/intermediates/exploded-aar/com.google.android.gms/play-services-drive/8.3.0/jars/classes.jar
Launcher Type: SUN_STANDARD

Environment Variables:
PATH=/usr/local/sbin:/usr/local/bin:/usr/sbin:/usr/bin:/sbin:/bin:/usr/games:/usr/local/games
SHELL=/bin/bash
DISPLAY=:0

Signal Handlers:
SIGSEGV: [libjvm.so+0x9548f0], sa_mask[0]=0x7ffbfeff, sa_flags=0x10000004
SIGBUS: [libjvm.so+0x9548f0], sa_mask[0]=0x7ffbfeff, sa_flags=0x10000004
SIGFPE: [libjvm.so+0x7cb0b0], sa_mask[0]=0x7ffbfeff, sa_flags=0x10000004
SIGPIPE: [libjvm.so+0x7cb0b0], sa_mask[0]=0x7ffbfeff, sa_flags=0x10000004
SIGXFSZ: [libjvm.so+0x7cb0b0], sa_mask[0]=0x7ffbfeff, sa_flags=0x10000004
SIGILL: [libjvm.so+0x7cb0b0], sa_mask[0]=0x7ffbfeff, sa_flags=0x10000004
SIGUSR1: SIG_DFL, sa_mask[0]=0x00000000, sa_flags=0x00000000
SIGUSR2: [libjvm.so+0x7caf50], sa_mask[0]=0x00000004, sa_flags=0x10000004
SIGHUP: [libjvm.so+0x7cb130], sa_mask[0]=0x7ffbfeff, sa_flags=0x10000004
SIGINT: [libjvm.so+0x7cb130], sa_mask[0]=0x7ffbfeff, sa_flags=0x10000004
SIGTERM: [libjvm.so+0x7cb130], sa_mask[0]=0x7ffbfeff, sa_flags=0x10000004
SIGQUIT: [libjvm.so+0x7cb130], sa_mask[0]=0x7ffbfeff, sa_flags=0x10000004
SIGTRAP: SIG_DFL, sa_mask[0]=0x00000000, sa_flags=0x00000000


---------------  S Y S T E M  ---------------

OS:Ubuntu 14.04 (trusty)
uname:Linux 3.19.0-25-generic #26~14.04.1-Ubuntu SMP Fri Jul 24 21:16:20 UTC 2015 x86_64
libc:glibc 2.19 NPTL 2.19 
rlimit: STACK 8192k, CORE 0k, NPROC 11887, NOFILE 4096, AS infinity
load average:13.80 4.43 2.22

/proc/meminfo:
MemTotal:        3064604 kB
MemFree:          585496 kB
MemAvailable:     562888 kB
Buffers:             864 kB
Cached:            32916 kB
SwapCached:           40 kB
Active:          1568136 kB
Inactive:         355952 kB
Active(anon):    1558764 kB
Inactive(anon):   339924 kB
Active(file):       9372 kB
Inactive(file):    16028 kB
Unevictable:          32 kB
Mlocked:              32 kB
SwapTotal:       1045500 kB
SwapFree:            336 kB
Dirty:                20 kB
Writeback:             4 kB
AnonPages:       1890988 kB
Mapped:            18576 kB
Shmem:              7788 kB
Slab:              91592 kB
SReclaimable:      42008 kB
SUnreclaim:        49584 kB
KernelStack:       15248 kB
PageTables:        39152 kB
NFS_Unstable:          0 kB
Bounce:                0 kB
WritebackTmp:          0 kB
CommitLimit:     2577800 kB
Committed_AS:    7725636 kB
VmallocTotal:   34359738367 kB
VmallocUsed:      176984 kB
VmallocChunk:   34359475796 kB
HardwareCorrupted:     0 kB
AnonHugePages:    733184 kB
CmaTotal:              0 kB
CmaFree:               0 kB
HugePages_Total:       0
HugePages_Free:        0
HugePages_Rsvd:        0
HugePages_Surp:        0
Hugepagesize:       2048 kB
DirectMap4k:      282496 kB
DirectMap2M:     2863104 kB


CPU:total 4 (1 cores per cpu, 1 threads per core) family 6 model 58 stepping 9, cmov, cx8, fxsr, mmx, sse, sse2, sse3, ssse3, sse4.1, sse4.2, popcnt, avx, aes, erms, tsc, tscinvbit, tscinv

/proc/cpuinfo:
processor	: 0
vendor_id	: GenuineIntel
cpu family	: 6
model		: 58
model name	: Intel(R) Core(TM) i5-3570K CPU @ 3.40GHz
stepping	: 9
microcode	: 0x1b
cpu MHz		: 3410.059
cache size	: 6144 KB
physical id	: 0
siblings	: 1
core id		: 0
cpu cores	: 1
apicid		: 0
initial apicid	: 0
fpu		: yes
fpu_exception	: yes
cpuid level	: 13
wp		: yes
flags		: fpu vme de pse tsc msr pae mce cx8 apic sep mtrr pge mca cmov pat pse36 clflush dts mmx fxsr sse sse2 ss syscall nx rdtscp lm constant_tsc arch_perfmon pebs bts nopl xtopology tsc_reliable nonstop_tsc aperfmperf pni pclmulqdq ssse3 cx16 pcid sse4_1 sse4_2 x2apic popcnt tsc_deadline_timer aes xsave avx f16c rdrand hypervisor lahf_lm ida arat epb pln pts dtherm fsgsbase tsc_adjust smep
bugs		:
bogomips	: 6820.11
clflush size	: 64
cache_alignment	: 64
address sizes	: 42 bits physical, 48 bits virtual
power management:

processor	: 1
vendor_id	: GenuineIntel
cpu family	: 6
model		: 58
model name	: Intel(R) Core(TM) i5-3570K CPU @ 3.40GHz
stepping	: 9
microcode	: 0x1b
cpu MHz		: 3410.059
cache size	: 6144 KB
physical id	: 2
siblings	: 1
core id		: 0
cpu cores	: 1
apicid		: 2
initial apicid	: 2
fpu		: yes
fpu_exception	: yes
cpuid level	: 13
wp		: yes
flags		: fpu vme de pse tsc msr pae mce cx8 apic sep mtrr pge mca cmov pat pse36 clflush dts mmx fxsr sse sse2 ss syscall nx rdtscp lm constant_tsc arch_perfmon pebs bts nopl xtopology tsc_reliable nonstop_tsc aperfmperf pni pclmulqdq ssse3 cx16 pcid sse4_1 sse4_2 x2apic popcnt tsc_deadline_timer aes xsave avx f16c rdrand hypervisor lahf_lm ida arat epb pln pts dtherm fsgsbase tsc_adjust smep
bugs		:
bogomips	: 6820.11
clflush size	: 64
cache_alignment	: 64
address sizes	: 42 bits physical, 48 bits virtual
power management:

processor	: 2
vendor_id	: GenuineIntel
cpu family	: 6
model		: 58
model name	: Intel(R) Core(TM) i5-3570K CPU @ 3.40GHz
stepping	: 9
microcode	: 0x1b
cpu MHz		: 3410.059
cache size	: 6144 KB
physical id	: 4
siblings	: 1
core id		: 0
cpu cores	: 1
apicid		: 4
initial apicid	: 4
fpu		: yes
fpu_exception	: yes
cpuid level	: 13
wp		: yes
flags		: fpu vme de pse tsc msr pae mce cx8 apic sep mtrr pge mca cmov pat pse36 clflush dts mmx fxsr sse sse2 ss syscall nx rdtscp lm constant_tsc arch_perfmon pebs bts nopl xtopology tsc_reliable nonstop_tsc aperfmperf pni pclmulqdq ssse3 cx16 pcid sse4_1 sse4_2 x2apic popcnt tsc_deadline_timer aes xsave avx f16c rdrand hypervisor lahf_lm ida arat epb pln pts dtherm fsgsbase tsc_adjust smep
bugs		:
bogomips	: 6820.11
clflush size	: 64
cache_alignment	: 64
address sizes	: 42 bits physical, 48 bits virtual
power management:

processor	: 3
vendor_id	: GenuineIntel
cpu family	: 6
model		: 58
model name	: Intel(R) Core(TM) i5-3570K CPU @ 3.40GHz
stepping	: 9
microcode	: 0x1b
cpu MHz		: 3410.059
cache size	: 6144 KB
physical id	: 6
siblings	: 1
core id		: 0
cpu cores	: 1
apicid		: 6
initial apicid	: 6
fpu		: yes
fpu_exception	: yes
cpuid level	: 13
wp		: yes
flags		: fpu vme de pse tsc msr pae mce cx8 apic sep mtrr pge mca cmov pat pse36 clflush dts mmx fxsr sse sse2 ss syscall nx rdtscp lm constant_tsc arch_perfmon pebs bts nopl xtopology tsc_reliable nonstop_tsc aperfmperf pni pclmulqdq ssse3 cx16 pcid sse4_1 sse4_2 x2apic popcnt tsc_deadline_timer aes xsave avx f16c rdrand hypervisor lahf_lm ida arat epb pln pts dtherm fsgsbase tsc_adjust smep
bugs		:
bogomips	: 6820.11
clflush size	: 64
cache_alignment	: 64
address sizes	: 42 bits physical, 48 bits virtual
power management:



Memory: 4k page, physical 3064604k(585248k free), swap 1045500k(344k free)

vm_info: OpenJDK 64-Bit Server VM (24.91-b01) for linux-amd64 JRE (1.7.0_91-b02), built on Nov 19 2015 06:14:37 by "buildd" with gcc 4.8.2

time: Mon Sep  5 21:53:17 2016
elapsed time: 16 seconds

