#
# There is insufficient memory for the Java Runtime Environment to continue.
# Native memory allocation (malloc) failed to allocate 67108864 bytes for committing reserved memory.
# Possible reasons:
#   The system is out of physical RAM or swap space
#   In 32 bit mode, the process size limit was hit
# Possible solutions:
#   Reduce memory load on the system
#   Increase physical memory or swap space
#   Check if swap backing store is full
#   Use 64 bit Java on a 64 bit OS
#   Decrease Java heap size (-Xmx/-Xms)
#   Decrease number of Java threads
#   Decrease Java thread stack sizes (-Xss)
#   Set larger code cache with -XX:ReservedCodeCacheSize=
# This output file may be truncated or incomplete.
#
#  Out of Memory Error (os_linux.cpp:2827), pid=85338, tid=139653884618496
#
# JRE version: OpenJDK Runtime Environment (7.0_91-b02) (build 1.7.0_91-b02)
# Java VM: OpenJDK 64-Bit Server VM (24.91-b01 mixed mode linux-amd64 compressed oops)
# Derivative: IcedTea 2.6.3
# Distribution: Ubuntu 14.04 LTS, package 7u91-2.6.3-0ubuntu0.14.04.1
# Failed to write core dump. Core dumps have been disabled. To enable core dumping, try "ulimit -c unlimited" before starting Java again
#

---------------  T H R E A D  ---------------

Current thread (0x00007f03b8076000):  VMThread [stack: 0x00007f03b41f2000,0x00007f03b42f3000] [id=85349]

Stack: [0x00007f03b41f2000,0x00007f03b42f3000],  sp=0x00007f03b42f1490,  free space=1021k
Native frames: (J=compiled Java code, j=interpreted, Vv=VM code, C=native code)
V  [libjvm.so+0x953e15]  VMError::report_and_die()+0x175
V  [libjvm.so+0x48fd94]  report_vm_out_of_memory(char const*, int, unsigned long, char const*)+0x74
V  [libjvm.so+0x7cf87b]  os::pd_commit_memory(char*, unsigned long, unsigned long, bool)+0xeb
V  [libjvm.so+0x7ca33f]  os::commit_memory(char*, unsigned long, unsigned long, bool)+0x1f
V  [libjvm.so+0x83dacb]  PSVirtualSpace::expand_by(unsigned long)+0x5b
V  [libjvm.so+0x83e930]  PSYoungGen::resize_generation(unsigned long, unsigned long)+0xb0
V  [libjvm.so+0x83f01b]  PSYoungGen::resize(unsigned long, unsigned long)+0x1b
V  [libjvm.so+0x83b258]  PSScavenge::invoke_no_policy()+0xd68
V  [libjvm.so+0x83bac8]  PSScavenge::invoke()+0x38
V  [libjvm.so+0x7f2083]  ParallelScavengeHeap::failed_mem_allocate(unsigned long)+0x63
V  [libjvm.so+0x955814]  VM_ParallelGCFailedAllocation::doit()+0x84
V  [libjvm.so+0x959917]  VM_Operation::evaluate()+0x47
V  [libjvm.so+0x9583d8]  VMThread::evaluate_operation(VM_Operation*)+0x318
V  [libjvm.so+0x958839]  VMThread::loop()+0x219
V  [libjvm.so+0x958c82]  VMThread::run()+0x72
V  [libjvm.so+0x7cc742]  java_start(Thread*)+0xf2

VM_Operation (0x00007f037f5760c0): ParallelGCFailedAllocation, mode: safepoint, requested by thread 0x00007f03b818e800


---------------  P R O C E S S  ---------------

Java Threads: ( => current thread )
  0x00007f03b818e800 JavaThread "pool-1-thread-1" [_thread_blocked, id=85387, stack(0x00007f037f477000,0x00007f037f578000)]
  0x00007f03b80b1000 JavaThread "Service Thread" daemon [_thread_blocked, id=85355, stack(0x00007f03acee9000,0x00007f03acfea000)]
  0x00007f03b80ae800 JavaThread "C2 CompilerThread1" daemon [_thread_in_native, id=85354, stack(0x00007f03acfea000,0x00007f03ad0eb000)]
  0x00007f03b80ab800 JavaThread "C2 CompilerThread0" daemon [_thread_blocked, id=85353, stack(0x00007f03ad0eb000,0x00007f03ad1ec000)]
  0x00007f03b80a9800 JavaThread "Signal Dispatcher" daemon [_thread_blocked, id=85352, stack(0x00007f03ad1ec000,0x00007f03ad2ed000)]
  0x00007f03b807c000 JavaThread "Finalizer" daemon [_thread_blocked, id=85351, stack(0x00007f03ad9cf000,0x00007f03adad0000)]
  0x00007f03b807a000 JavaThread "Reference Handler" daemon [_thread_blocked, id=85350, stack(0x00007f03b40f1000,0x00007f03b41f2000)]
  0x00007f03b800a800 JavaThread "main" [_thread_blocked, id=85343, stack(0x00007f03c03db000,0x00007f03c04dc000)]

Other Threads:
=>0x00007f03b8076000 VMThread [stack: 0x00007f03b41f2000,0x00007f03b42f3000] [id=85349]
  0x00007f03b80bb800 WatcherThread [stack: 0x00007f03acde8000,0x00007f03acee9000] [id=85356]

VM state:at safepoint (normal execution)

VM Mutex/Monitor currently owned by a thread:  ([mutex/lock_event])
[0x00007f03b80069d0] Threads_lock - owner thread: 0x00007f03b8076000
[0x00007f03b8006ed0] Heap_lock - owner thread: 0x00007f03b818e800

Heap
 PSYoungGen      total 51200K, used 2038K [0x00000000eaa80000, 0x00000000ede80000, 0x0000000100000000)
  eden space 49152K, 0% used [0x00000000eaa80000,0x00000000eaa80000,0x00000000eda80000)
  from space 2048K, 99% used [0x00000000eda80000,0x00000000edc7da68,0x00000000edc80000)
  to   space 2048K, 0% used [0x00000000edc80000,0x00000000edc80000,0x00000000ede80000)
 ParOldGen       total 31744K, used 18715K [0x00000000c0000000, 0x00000000c1f00000, 0x00000000eaa80000)
  object space 31744K, 58% used [0x00000000c0000000,0x00000000c1246de8,0x00000000c1f00000)
 PSPermGen       total 21504K, used 6274K [0x00000000b5a00000, 0x00000000b6f00000, 0x00000000c0000000)
  object space 21504K, 29% used [0x00000000b5a00000,0x00000000b6020928,0x00000000b6f00000)

Card table byte_map: [0x00007f03bcdb9000,0x00007f03bd00d000] byte_map_base: 0x00007f03bc80c000

Polling page: 0x00007f03c04f6000

Code Cache  [0x00007f03b5000000, 0x00007f03b5270000, 0x00007f03b8000000)
 total_blobs=540 nmethods=309 adapters=184 free_code_cache=47796Kb largest_free_block=48912000

Compilation events (10 events):
Event: 13.703 Thread 0x00007f03b80ab800 nmethod 311 0x00007f03b5111710 code [0x00007f03b5111880, 0x00007f03b5111a58]
Event: 13.703 Thread 0x00007f03b80ab800  312             java.lang.StringBuilder::append (8 bytes)
Event: 13.706 Thread 0x00007f03b80ab800 nmethod 312 0x00007f03b5146a10 code [0x00007f03b5146b80, 0x00007f03b5146f98]
Event: 13.706 Thread 0x00007f03b80ab800  313             com.android.dx.rop.code.LocalItem::compareTo (32 bytes)
Event: 13.707 Thread 0x00007f03b80ab800 nmethod 313 0x00007f03b5146310 code [0x00007f03b5146460, 0x00007f03b5146758]
Event: 13.707 Thread 0x00007f03b80ab800  314             com.android.dx.rop.cst.Constant::<init> (5 bytes)
Event: 13.708 Thread 0x00007f03b80ab800 nmethod 314 0x00007f03b5111510 code [0x00007f03b5111640, 0x00007f03b5111698]
Event: 13.708 Thread 0x00007f03b80ab800  315             com.android.dx.ssa.SsaConverter::edgeSplitSuccessors (98 bytes)
Event: 14.008 Thread 0x00007f03b80ab800 nmethod 315 0x00007f03b51585d0 code [0x00007f03b51588a0, 0x00007f03b5159648]
Event: 14.017 Thread 0x00007f03b80ab800  316             java.util.TreeMap::put (247 bytes)

GC Heap History (9 events):
Event: 2.285 GC heap before
{Heap before GC invocations=1 (full 0):
 PSYoungGen      total 14336K, used 12288K [0x00000000eaa80000, 0x00000000eba80000, 0x0000000100000000)
  eden space 12288K, 100% used [0x00000000eaa80000,0x00000000eb680000,0x00000000eb680000)
  from space 2048K, 0% used [0x00000000eb880000,0x00000000eb880000,0x00000000eba80000)
  to   space 2048K, 0% used [0x00000000eb680000,0x00000000eb680000,0x00000000eb880000)
 ParOldGen       total 31744K, used 0K [0x00000000c0000000, 0x00000000c1f00000, 0x00000000eaa80000)
  object space 31744K, 0% used [0x00000000c0000000,0x00000000c0000000,0x00000000c1f00000)
 PSPermGen       total 21504K, used 5752K [0x00000000b5a00000, 0x00000000b6f00000, 0x00000000c0000000)
  object space 21504K, 26% used [0x00000000b5a00000,0x00000000b5f9e1c0,0x00000000b6f00000)
Event: 2.334 GC heap after
Heap after GC invocations=1 (full 0):
 PSYoungGen      total 14336K, used 2016K [0x00000000eaa80000, 0x00000000ec680000, 0x0000000100000000)
  eden space 12288K, 0% used [0x00000000eaa80000,0x00000000eaa80000,0x00000000eb680000)
  from space 2048K, 98% used [0x00000000eb680000,0x00000000eb8783a0,0x00000000eb880000)
  to   space 2048K, 0% used [0x00000000ec480000,0x00000000ec480000,0x00000000ec680000)
 ParOldGen       total 31744K, used 1131K [0x00000000c0000000, 0x00000000c1f00000, 0x00000000eaa80000)
  object space 31744K, 3% used [0x00000000c0000000,0x00000000c011af40,0x00000000c1f00000)
 PSPermGen       total 21504K, used 5752K [0x00000000b5a00000, 0x00000000b6f00000, 0x00000000c0000000)
  object space 21504K, 26% used [0x00000000b5a00000,0x00000000b5f9e1c0,0x00000000b6f00000)
}
Event: 3.265 GC heap before
{Heap before GC invocations=2 (full 0):
 PSYoungGen      total 14336K, used 14304K [0x00000000eaa80000, 0x00000000ec680000, 0x0000000100000000)
  eden space 12288K, 100% used [0x00000000eaa80000,0x00000000eb680000,0x00000000eb680000)
  from space 2048K, 98% used [0x00000000eb680000,0x00000000eb8783a0,0x00000000eb880000)
  to   space 2048K, 0% used [0x00000000ec480000,0x00000000ec480000,0x00000000ec680000)
 ParOldGen       total 31744K, used 1131K [0x00000000c0000000, 0x00000000c1f00000, 0x00000000eaa80000)
  object space 31744K, 3% used [0x00000000c0000000,0x00000000c011af40,0x00000000c1f00000)
 PSPermGen       total 21504K, used 6001K [0x00000000b5a00000, 0x00000000b6f00000, 0x00000000c0000000)
  object space 21504K, 27% used [0x00000000b5a00000,0x00000000b5fdc6b8,0x00000000b6f00000)
Event: 3.385 GC heap after
Heap after GC invocations=2 (full 0):
 PSYoungGen      total 26624K, used 2032K [0x00000000eaa80000, 0x00000000ec680000, 0x0000000100000000)
  eden space 24576K, 0% used [0x00000000eaa80000,0x00000000eaa80000,0x00000000ec280000)
  from space 2048K, 99% used [0x00000000ec480000,0x00000000ec67c048,0x00000000ec680000)
  to   space 2048K, 0% used [0x00000000ec280000,0x00000000ec280000,0x00000000ec480000)
 ParOldGen       total 31744K, used 2715K [0x00000000c0000000, 0x00000000c1f00000, 0x00000000eaa80000)
  object space 31744K, 8% used [0x00000000c0000000,0x00000000c02a6f98,0x00000000c1f00000)
 PSPermGen       total 21504K, used 6001K [0x00000000b5a00000, 0x00000000b6f00000, 0x00000000c0000000)
  object space 21504K, 27% used [0x00000000b5a00000,0x00000000b5fdc6b8,0x00000000b6f00000)
}
Event: 4.778 GC heap before
{Heap before GC invocations=3 (full 0):
 PSYoungGen      total 26624K, used 26608K [0x00000000eaa80000, 0x00000000ec680000, 0x0000000100000000)
  eden space 24576K, 100% used [0x00000000eaa80000,0x00000000ec280000,0x00000000ec280000)
  from space 2048K, 99% used [0x00000000ec480000,0x00000000ec67c048,0x00000000ec680000)
  to   space 2048K, 0% used [0x00000000ec280000,0x00000000ec280000,0x00000000ec480000)
 ParOldGen       total 31744K, used 2715K [0x00000000c0000000, 0x00000000c1f00000, 0x00000000eaa80000)
  object space 31744K, 8% used [0x00000000c0000000,0x00000000c02a6f98,0x00000000c1f00000)
 PSPermGen       total 21504K, used 6142K [0x00000000b5a00000, 0x00000000b6f00000, 0x00000000c0000000)
  object space 21504K, 28% used [0x00000000b5a00000,0x00000000b5fff968,0x00000000b6f00000)
Event: 4.824 GC heap after
Heap after GC invocations=3 (full 0):
 PSYoungGen      total 26624K, used 2022K [0x00000000eaa80000, 0x00000000ede80000, 0x0000000100000000)
  eden space 24576K, 0% used [0x00000000eaa80000,0x00000000eaa80000,0x00000000ec280000)
  from space 2048K, 98% used [0x00000000ec280000,0x00000000ec479a58,0x00000000ec480000)
  to   space 2048K, 0% used [0x00000000edc80000,0x00000000edc80000,0x00000000ede80000)
 ParOldGen       total 31744K, used 7228K [0x00000000c0000000, 0x00000000c1f00000, 0x00000000eaa80000)
  object space 31744K, 22% used [0x00000000c0000000,0x00000000c070f0e0,0x00000000c1f00000)
 PSPermGen       total 21504K, used 6142K [0x00000000b5a00000, 0x00000000b6f00000, 0x00000000c0000000)
  object space 21504K, 28% used [0x00000000b5a00000,0x00000000b5fff968,0x00000000b6f00000)
}
Event: 5.893 GC heap before
{Heap before GC invocations=4 (full 0):
 PSYoungGen      total 26624K, used 26598K [0x00000000eaa80000, 0x00000000ede80000, 0x0000000100000000)
  eden space 24576K, 100% used [0x00000000eaa80000,0x00000000ec280000,0x00000000ec280000)
  from space 2048K, 98% used [0x00000000ec280000,0x00000000ec479a58,0x00000000ec480000)
  to   space 2048K, 0% used [0x00000000edc80000,0x00000000edc80000,0x00000000ede80000)
 ParOldGen       total 31744K, used 7228K [0x00000000c0000000, 0x00000000c1f00000, 0x00000000eaa80000)
  object space 31744K, 22% used [0x00000000c0000000,0x00000000c070f0e0,0x00000000c1f00000)
 PSPermGen       total 21504K, used 6183K [0x00000000b5a00000, 0x00000000b6f00000, 0x00000000c0000000)
  object space 21504K, 28% used [0x00000000b5a00000,0x00000000b6009fe0,0x00000000b6f00000)
Event: 6.086 GC heap after
Heap after GC invocations=4 (full 0):
 PSYoungGen      total 51200K, used 2022K [0x00000000eaa80000, 0x00000000ede80000, 0x0000000100000000)
  eden space 49152K, 0% used [0x00000000eaa80000,0x00000000eaa80000,0x00000000eda80000)
  from space 2048K, 98% used [0x00000000edc80000,0x00000000ede79a58,0x00000000ede80000)
  to   space 2048K, 0% used [0x00000000eda80000,0x00000000eda80000,0x00000000edc80000)
 ParOldGen       total 31744K, used 11265K [0x00000000c0000000, 0x00000000c1f00000, 0x00000000eaa80000)
  object space 31744K, 35% used [0x00000000c0000000,0x00000000c0b00648,0x00000000c1f00000)
 PSPermGen       total 21504K, used 6183K [0x00000000b5a00000, 0x00000000b6f00000, 0x00000000c0000000)
  object space 21504K, 28% used [0x00000000b5a00000,0x00000000b6009fe0,0x00000000b6f00000)
}
Event: 14.092 GC heap before
{Heap before GC invocations=5 (full 0):
 PSYoungGen      total 51200K, used 51174K [0x00000000eaa80000, 0x00000000ede80000, 0x0000000100000000)
  eden space 49152K, 100% used [0x00000000eaa80000,0x00000000eda80000,0x00000000eda80000)
  from space 2048K, 98% used [0x00000000edc80000,0x00000000ede79a58,0x00000000ede80000)
  to   space 2048K, 0% used [0x00000000eda80000,0x00000000eda80000,0x00000000edc80000)
 ParOldGen       total 31744K, used 11265K [0x00000000c0000000, 0x00000000c1f00000, 0x00000000eaa80000)
  object space 31744K, 35% used [0x00000000c0000000,0x00000000c0b00648,0x00000000c1f00000)
 PSPermGen       total 21504K, used 6274K [0x00000000b5a00000, 0x00000000b6f00000, 0x00000000c0000000)
  object space 21504K, 29% used [0x00000000b5a00000,0x00000000b6020928,0x00000000b6f00000)

Deoptimization events (8 events):
Event: 1.577 Thread 0x00007f03b800a800 Uncommon trap: reason=unstable_if action=reinterpret pc=0x00007f03b5060c34 method=java.lang.String.indexOf(II)I @ 49
Event: 2.531 Thread 0x00007f03b8199800 Uncommon trap: reason=null_check action=make_not_entrant pc=0x00007f03b507cdf8 method=com.android.dx.rop.code.LocalItem.equals(Ljava/lang/Object;)Z @ 1
Event: 2.538 Thread 0x00007f03b818e800 Uncommon trap: reason=unstable_if action=reinterpret pc=0x00007f03b50743dc method=java.util.BitSet.nextSetBit(I)I @ 87
Event: 3.496 Thread 0x00007f03b800a800 Uncommon trap: reason=null_check action=make_not_entrant pc=0x00007f03b5091e90 method=com.android.dx.rop.type.Type.equals(Ljava/lang/Object;)Z @ 8
Event: 3.763 Thread 0x00007f03b818e800 Uncommon trap: reason=unstable_if action=reinterpret pc=0x00007f03b508a3c4 method=com.android.dx.rop.cst.Constant.compareTo(Lcom/android/dx/rop/cst/Constant;)I @ 12
Event: 3.872 Thread 0x00007f03b8195000 Uncommon trap: reason=unstable_if action=reinterpret pc=0x00007f03b508e0e0 method=com.android.dx.rop.code.RegisterSpec.equals(ILcom/android/dx/rop/type/TypeBearer;Lcom/android/dx/rop/code/LocalItem;)Z @ 42
Event: 3.970 Thread 0x00007f03b818e800 Uncommon trap: reason=unstable_if action=reinterpret pc=0x00007f03b5086798 method=com.android.dx.cf.code.Ropper.labelToResultIndex(I)I @ 34
Event: 5.573 Thread 0x00007f03b8199800 Uncommon trap: reason=null_check action=make_not_entrant pc=0x00007f03b50bc28c method=com.android.dx.ssa.SsaRenamer.getLocalForNewReg(I)Lcom/android/dx/rop/code/LocalItem; @ 19

Internal exceptions (10 events):
Event: 2.679 Thread 0x00007f03b8199800 Threw 0x00000000eb0661f0 at /build/openjdk-7-zaTxYK/openjdk-7-7u91-2.6.3/build/openjdk/hotspot/src/share/vm/prims/jvm.cpp:1322
Event: 2.683 Thread 0x00007f03b800a800 Threw 0x00000000eb07d340 at /build/openjdk-7-zaTxYK/openjdk-7-7u91-2.6.3/build/openjdk/hotspot/src/share/vm/prims/jvm.cpp:1322
Event: 2.824 Thread 0x00007f03b8199800 Threw 0x00000000eb2bba10 at /build/openjdk-7-zaTxYK/openjdk-7-7u91-2.6.3/build/openjdk/hotspot/src/share/vm/prims/jvm.cpp:1322
Event: 3.496 Thread 0x00007f03b800a800 Implicit null exception at 0x00007f03b5091d92 to 0x00007f03b5091e83
Event: 3.956 Thread 0x00007f03b818e800 Threw 0x00000000eb6e9580 at /build/openjdk-7-zaTxYK/openjdk-7-7u91-2.6.3/build/openjdk/hotspot/src/share/vm/prims/jvm.cpp:1322
Event: 5.573 Thread 0x00007f03b8199800 Implicit null exception at 0x00007f03b50ba5dc to 0x00007f03b50bc269
Event: 6.817 Thread 0x00007f03b8199800 Threw 0x00000000eb8628d8 at /build/openjdk-7-zaTxYK/openjdk-7-7u91-2.6.3/build/openjdk/hotspot/src/share/vm/prims/jvm.cpp:1322
Event: 12.582 Thread 0x00007f03b800a800 Threw 0x00000000ed6fe220 at /build/openjdk-7-zaTxYK/openjdk-7-7u91-2.6.3/build/openjdk/hotspot/src/share/vm/prims/jvm.cpp:1322
Event: 12.607 Thread 0x00007f03b818e800 Threw 0x00000000ed99cb98 at /build/openjdk-7-zaTxYK/openjdk-7-7u91-2.6.3/build/openjdk/hotspot/src/share/vm/prims/jvm.cpp:1322
Event: 12.839 Thread 0x00007f03b818e800 Threw 0x00000000eda0c068 at /build/openjdk-7-zaTxYK/openjdk-7-7u91-2.6.3/build/openjdk/hotspot/src/share/vm/prims/jvm.cpp:1322

Events (10 events):
Event: 12.604 loading class 0x00007f03b810bd60 done
Event: 12.607 loading class 0x00007f0378003440
Event: 12.607 loading class 0x00007f0378003440 done
Event: 12.721 Thread 0x00007f03b80ae800 flushing nmethod 0x00007f03b5086410
Event: 12.737 Thread 0x00007f03b80ae800 flushing nmethod 0x00007f03b508a210
Event: 12.737 Thread 0x00007f03b80ae800 flushing nmethod 0x00007f03b508dbd0
Event: 12.737 Thread 0x00007f03b80ae800 flushing nmethod 0x00007f03b5091c10
Event: 12.839 loading class 0x00007f0368008e30
Event: 12.839 loading class 0x00007f0368008e30 done
Event: 13.981 Executing VM operation: ParallelGCFailedAllocation


Dynamic libraries:
00400000-00401000 r-xp 00000000 08:01 4204455                            /usr/lib/jvm/java-7-openjdk-amd64/jre/bin/java
00600000-00601000 r--p 00000000 08:01 4204455                            /usr/lib/jvm/java-7-openjdk-amd64/jre/bin/java
00601000-00602000 rw-p 00001000 08:01 4204455                            /usr/lib/jvm/java-7-openjdk-amd64/jre/bin/java
00e69000-00e8a000 rw-p 00000000 00:00 0                                  [heap]
b5a00000-b6f00000 rw-p 00000000 00:00 0 
b6f00000-c0000000 rw-p 00000000 00:00 0 
c0000000-c1f00000 rw-p 00000000 00:00 0 
c1f00000-eaa80000 rw-p 00000000 00:00 0 
eaa80000-ede80000 rw-p 00000000 00:00 0 
f1e80000-100000000 rw-p 00000000 00:00 0 
7f0368000000-7f0368021000 rw-p 00000000 00:00 0 
7f0368021000-7f036c000000 ---p 00000000 00:00 0 
7f036c000000-7f036c021000 rw-p 00000000 00:00 0 
7f036c021000-7f0370000000 ---p 00000000 00:00 0 
7f0370000000-7f0370021000 rw-p 00000000 00:00 0 
7f0370021000-7f0374000000 ---p 00000000 00:00 0 
7f0374000000-7f0374021000 rw-p 00000000 00:00 0 
7f0374021000-7f0378000000 ---p 00000000 00:00 0 
7f0378000000-7f0378063000 rw-p 00000000 00:00 0 
7f0378063000-7f037c000000 ---p 00000000 00:00 0 
7f037f073000-7f037f076000 ---p 00000000 00:00 0 
7f037f076000-7f037f174000 rw-p 00000000 00:00 0 
7f037f174000-7f037f177000 ---p 00000000 00:00 0 
7f037f177000-7f037f275000 rw-p 00000000 00:00 0 
7f037f275000-7f037f278000 ---p 00000000 00:00 0 
7f037f278000-7f037f376000 rw-p 00000000 00:00 0 
7f037f376000-7f037f379000 ---p 00000000 00:00 0 
7f037f379000-7f037f477000 rw-p 00000000 00:00 0 
7f037f477000-7f037f47a000 ---p 00000000 00:00 0 
7f037f47a000-7f037f578000 rw-p 00000000 00:00 0                          [stack:85387]
7f037f578000-7f037f5b5000 r-xp 00000000 08:01 5116281                    /lib/x86_64-linux-gnu/libpcre.so.3.13.1
7f037f5b5000-7f037f7b4000 ---p 0003d000 08:01 5116281                    /lib/x86_64-linux-gnu/libpcre.so.3.13.1
7f037f7b4000-7f037f7b5000 r--p 0003c000 08:01 5116281                    /lib/x86_64-linux-gnu/libpcre.so.3.13.1
7f037f7b5000-7f037f7b6000 rw-p 0003d000 08:01 5116281                    /lib/x86_64-linux-gnu/libpcre.so.3.13.1
7f037f7b6000-7f037f7bd000 r-xp 00000000 08:01 4202859                    /usr/lib/x86_64-linux-gnu/libffi.so.6.0.1
7f037f7bd000-7f037f9bc000 ---p 00007000 08:01 4202859                    /usr/lib/x86_64-linux-gnu/libffi.so.6.0.1
7f037f9bc000-7f037f9bd000 r--p 00006000 08:01 4202859                    /usr/lib/x86_64-linux-gnu/libffi.so.6.0.1
7f037f9bd000-7f037f9be000 rw-p 00007000 08:01 4202859                    /usr/lib/x86_64-linux-gnu/libffi.so.6.0.1
7f037f9be000-7f037f9d5000 r-xp 00000000 08:01 5116304                    /lib/x86_64-linux-gnu/libresolv-2.19.so
7f037f9d5000-7f037fbd5000 ---p 00017000 08:01 5116304                    /lib/x86_64-linux-gnu/libresolv-2.19.so
7f037fbd5000-7f037fbd6000 r--p 00017000 08:01 5116304                    /lib/x86_64-linux-gnu/libresolv-2.19.so
7f037fbd6000-7f037fbd7000 rw-p 00018000 08:01 5116304                    /lib/x86_64-linux-gnu/libresolv-2.19.so
7f037fbd7000-7f037fbd9000 rw-p 00000000 00:00 0 
7f037fbd9000-7f037fbf9000 r-xp 00000000 08:01 5116308                    /lib/x86_64-linux-gnu/libselinux.so.1
7f037fbf9000-7f037fdf8000 ---p 00020000 08:01 5116308                    /lib/x86_64-linux-gnu/libselinux.so.1
7f037fdf8000-7f037fdf9000 r--p 0001f000 08:01 5116308                    /lib/x86_64-linux-gnu/libselinux.so.1
7f037fdf9000-7f037fdfa000 rw-p 00020000 08:01 5116308                    /lib/x86_64-linux-gnu/libselinux.so.1
7f037fdfa000-7f037fdfc000 rw-p 00000000 00:00 0 
7f037fdfc000-7f037fdff000 r-xp 00000000 08:01 4202972                    /usr/lib/x86_64-linux-gnu/libgmodule-2.0.so.0.4002.0
7f037fdff000-7f037fffe000 ---p 00003000 08:01 4202972                    /usr/lib/x86_64-linux-gnu/libgmodule-2.0.so.0.4002.0
7f037fffe000-7f037ffff000 r--p 00002000 08:01 4202972                    /usr/lib/x86_64-linux-gnu/libgmodule-2.0.so.0.4002.0
7f037ffff000-7f0380000000 rw-p 00003000 08:01 4202972                    /usr/lib/x86_64-linux-gnu/libgmodule-2.0.so.0.4002.0
7f0380000000-7f0380021000 rw-p 00000000 00:00 0 
7f0380021000-7f0384000000 ---p 00000000 00:00 0 
7f0384000000-7f0384021000 rw-p 00000000 00:00 0 
7f0384021000-7f0388000000 ---p 00000000 00:00 0 
7f0388000000-7f0389728000 rw-p 00000000 00:00 0 
7f0389728000-7f038c000000 ---p 00000000 00:00 0 
7f038c000000-7f038d01d000 rw-p 00000000 00:00 0 
7f038d01d000-7f0390000000 ---p 00000000 00:00 0 
7f0390000000-7f0390021000 rw-p 00000000 00:00 0 
7f0390021000-7f0394000000 ---p 00000000 00:00 0 
7f0394000000-7f0394021000 rw-p 00000000 00:00 0 
7f0394021000-7f0398000000 ---p 00000000 00:00 0 
7f0398000000-7f0398242000 rw-p 00000000 00:00 0 
7f0398242000-7f039c000000 ---p 00000000 00:00 0 
7f039c000000-7f039c021000 rw-p 00000000 00:00 0 
7f039c021000-7f03a0000000 ---p 00000000 00:00 0 
7f03a0000000-7f03a0021000 rw-p 00000000 00:00 0 
7f03a0021000-7f03a4000000 ---p 00000000 00:00 0 
7f03a4000000-7f03a4021000 rw-p 00000000 00:00 0 
7f03a4021000-7f03a8000000 ---p 00000000 00:00 0 
7f03a8000000-7f03a8021000 rw-p 00000000 00:00 0 
7f03a8021000-7f03ac000000 ---p 00000000 00:00 0 
7f03ac0f2000-7f03ac1f8000 r-xp 00000000 08:01 5116209                    /lib/x86_64-linux-gnu/libglib-2.0.so.0.4002.0
7f03ac1f8000-7f03ac3f7000 ---p 00106000 08:01 5116209                    /lib/x86_64-linux-gnu/libglib-2.0.so.0.4002.0
7f03ac3f7000-7f03ac3f8000 r--p 00105000 08:01 5116209                    /lib/x86_64-linux-gnu/libglib-2.0.so.0.4002.0
7f03ac3f8000-7f03ac3f9000 rw-p 00106000 08:01 5116209                    /lib/x86_64-linux-gnu/libglib-2.0.so.0.4002.0
7f03ac3f9000-7f03ac3fa000 rw-p 00000000 00:00 0 
7f03ac3fa000-7f03ac449000 r-xp 00000000 08:01 4202988                    /usr/lib/x86_64-linux-gnu/libgobject-2.0.so.0.4002.0
7f03ac449000-7f03ac649000 ---p 0004f000 08:01 4202988                    /usr/lib/x86_64-linux-gnu/libgobject-2.0.so.0.4002.0
7f03ac649000-7f03ac64a000 r--p 0004f000 08:01 4202988                    /usr/lib/x86_64-linux-gnu/libgobject-2.0.so.0.4002.0
7f03ac64a000-7f03ac64b000 rw-p 00050000 08:01 4202988                    /usr/lib/x86_64-linux-gnu/libgobject-2.0.so.0.4002.0
7f03ac64b000-7f03ac7b7000 r-xp 00000000 08:01 4202960                    /usr/lib/x86_64-linux-gnu/libgio-2.0.so.0.4002.0
7f03ac7b7000-7f03ac9b6000 ---p 0016c000 08:01 4202960                    /usr/lib/x86_64-linux-gnu/libgio-2.0.so.0.4002.0
7f03ac9b6000-7f03ac9ba000 r--p 0016b000 08:01 4202960                    /usr/lib/x86_64-linux-gnu/libgio-2.0.so.0.4002.0
7f03ac9ba000-7f03ac9bc000 rw-p 0016f000 08:01 4202960                    /usr/lib/x86_64-linux-gnu/libgio-2.0.so.0.4002.0
7f03ac9bc000-7f03ac9be000 rw-p 00000000 00:00 0 
7f03ac9be000-7f03ac9d5000 r-xp 00000000 08:01 4204518                    /usr/lib/jvm/java-7-openjdk-amd64/jre/lib/amd64/libnet.so
7f03ac9d5000-7f03acbd4000 ---p 00017000 08:01 4204518                    /usr/lib/jvm/java-7-openjdk-amd64/jre/lib/amd64/libnet.so
7f03acbd4000-7f03acbd5000 r--p 00016000 08:01 4204518                    /usr/lib/jvm/java-7-openjdk-amd64/jre/lib/amd64/libnet.so
7f03acbd5000-7f03acbd6000 rw-p 00017000 08:01 4204518                    /usr/lib/jvm/java-7-openjdk-amd64/jre/lib/amd64/libnet.so
7f03acbd6000-7f03acbe6000 r-xp 00000000 08:01 4204485                    /usr/lib/jvm/java-7-openjdk-amd64/jre/lib/amd64/libnio.so
7f03acbe6000-7f03acde6000 ---p 00010000 08:01 4204485                    /usr/lib/jvm/java-7-openjdk-amd64/jre/lib/amd64/libnio.so
7f03acde6000-7f03acde7000 r--p 00010000 08:01 4204485                    /usr/lib/jvm/java-7-openjdk-amd64/jre/lib/amd64/libnio.so
7f03acde7000-7f03acde8000 rw-p 00011000 08:01 4204485                    /usr/lib/jvm/java-7-openjdk-amd64/jre/lib/amd64/libnio.so
7f03acde8000-7f03acde9000 ---p 00000000 00:00 0 
7f03acde9000-7f03acee9000 rw-p 00000000 00:00 0                          [stack:85356]
7f03acee9000-7f03aceec000 ---p 00000000 00:00 0 
7f03aceec000-7f03acfea000 rw-p 00000000 00:00 0                          [stack:85355]
7f03acfea000-7f03acfed000 ---p 00000000 00:00 0 
7f03acfed000-7f03ad0eb000 rw-p 00000000 00:00 0                          [stack:85354]
7f03ad0eb000-7f03ad0ee000 ---p 00000000 00:00 0 
7f03ad0ee000-7f03ad1ec000 rw-p 00000000 00:00 0                          [stack:85353]
7f03ad1ec000-7f03ad1ef000 ---p 00000000 00:00 0 
7f03ad1ef000-7f03ad2ed000 rw-p 00000000 00:00 0                          [stack:85352]
7f03ad2ed000-7f03ad9cf000 r--p 00000000 08:01 4201489                    /usr/lib/locale/locale-archive
7f03ad9cf000-7f03ad9d2000 ---p 00000000 00:00 0 
7f03ad9d2000-7f03b0000000 rw-p 00000000 00:00 0                          [stack:85351]
7f03b0000000-7f03b0021000 rw-p 00000000 00:00 0 
7f03b0021000-7f03b4000000 ---p 00000000 00:00 0 
7f03b40aa000-7f03b40db000 rw-p 00000000 00:00 0 
7f03b40f1000-7f03b40f4000 ---p 00000000 00:00 0 
7f03b40f4000-7f03b41f2000 rw-p 00000000 00:00 0                          [stack:85350]
7f03b41f2000-7f03b41f3000 ---p 00000000 00:00 0 
7f03b41f3000-7f03b5000000 rw-p 00000000 00:00 0                          [stack:85349]
7f03b5000000-7f03b5270000 rwxp 00000000 00:00 0 
7f03b5270000-7f03b81c5000 rw-p 00000000 00:00 0 
7f03b81c5000-7f03bc000000 ---p 00000000 00:00 0 
7f03bc00f000-7f03bc01e000 r--s 000df000 08:01 6029891                    /home/joseph/Android/Sdk/build-tools/23.0.2/lib/dx.jar
7f03bc01e000-7f03bc30e000 rw-p 00000000 00:00 0 
7f03bc30e000-7f03bc4c0000 r--s 01d2e000 08:01 4204478                    /usr/lib/jvm/java-7-openjdk-amd64/jre/lib/rt.jar
7f03bc4c0000-7f03bc80c000 rw-p 00000000 00:00 0 
7f03bc80c000-7f03bc80d000 ---p 00000000 00:00 0 
7f03bc80d000-7f03bc90d000 rw-p 00000000 00:00 0                          [stack:85347]
7f03bc90d000-7f03bc90e000 ---p 00000000 00:00 0 
7f03bc90e000-7f03bca0e000 rw-p 00000000 00:00 0                          [stack:85346]
7f03bca0e000-7f03bca0f000 ---p 00000000 00:00 0 
7f03bca0f000-7f03bcb0f000 rw-p 00000000 00:00 0                          [stack:85345]
7f03bcb0f000-7f03bcb10000 ---p 00000000 00:00 0 
7f03bcb10000-7f03bcc1b000 rw-p 00000000 00:00 0                          [stack:85344]
7f03bcc1b000-7f03bcc63000 rw-p 00000000 00:00 0 
7f03bcc63000-7f03bcc73000 rw-p 00000000 00:00 0 
7f03bcc73000-7f03bcdb9000 rw-p 00000000 00:00 0 
7f03bcdb9000-7f03bcdc4000 rw-p 00000000 00:00 0 
7f03bcdc4000-7f03bce0c000 rw-p 00000000 00:00 0 
7f03bce0c000-7f03bce1c000 rw-p 00000000 00:00 0 
7f03bce1c000-7f03bcf61000 rw-p 00000000 00:00 0 
7f03bcf61000-7f03bcf7c000 rw-p 00000000 00:00 0 
7f03bcf7c000-7f03bd00c000 rw-p 00000000 00:00 0 
7f03bd00c000-7f03bd00d000 rw-p 00000000 00:00 0 
7f03bd00d000-7f03bd015000 r-xp 00000000 08:01 4204489                    /usr/lib/jvm/java-7-openjdk-amd64/jre/lib/amd64/libzip.so
7f03bd015000-7f03bd214000 ---p 00008000 08:01 4204489                    /usr/lib/jvm/java-7-openjdk-amd64/jre/lib/amd64/libzip.so
7f03bd214000-7f03bd215000 r--p 00007000 08:01 4204489                    /usr/lib/jvm/java-7-openjdk-amd64/jre/lib/amd64/libzip.so
7f03bd215000-7f03bd216000 rw-p 00008000 08:01 4204489                    /usr/lib/jvm/java-7-openjdk-amd64/jre/lib/amd64/libzip.so
7f03bd216000-7f03bd221000 r-xp 00000000 08:01 5116253                    /lib/x86_64-linux-gnu/libnss_files-2.19.so
7f03bd221000-7f03bd420000 ---p 0000b000 08:01 5116253                    /lib/x86_64-linux-gnu/libnss_files-2.19.so
7f03bd420000-7f03bd421000 r--p 0000a000 08:01 5116253                    /lib/x86_64-linux-gnu/libnss_files-2.19.so
7f03bd421000-7f03bd422000 rw-p 0000b000 08:01 5116253                    /lib/x86_64-linux-gnu/libnss_files-2.19.so
7f03bd422000-7f03bd42d000 r-xp 00000000 08:01 5116263                    /lib/x86_64-linux-gnu/libnss_nis-2.19.so
7f03bd42d000-7f03bd62c000 ---p 0000b000 08:01 5116263                    /lib/x86_64-linux-gnu/libnss_nis-2.19.so
7f03bd62c000-7f03bd62d000 r--p 0000a000 08:01 5116263                    /lib/x86_64-linux-gnu/libnss_nis-2.19.so
7f03bd62d000-7f03bd62e000 rw-p 0000b000 08:01 5116263                    /lib/x86_64-linux-gnu/libnss_nis-2.19.so
7f03bd62e000-7f03bd645000 r-xp 00000000 08:01 5116247                    /lib/x86_64-linux-gnu/libnsl-2.19.so
7f03bd645000-7f03bd844000 ---p 00017000 08:01 5116247                    /lib/x86_64-linux-gnu/libnsl-2.19.so
7f03bd844000-7f03bd845000 r--p 00016000 08:01 5116247                    /lib/x86_64-linux-gnu/libnsl-2.19.so
7f03bd845000-7f03bd846000 rw-p 00017000 08:01 5116247                    /lib/x86_64-linux-gnu/libnsl-2.19.so
7f03bd846000-7f03bd848000 rw-p 00000000 00:00 0 
7f03bd848000-7f03bd851000 r-xp 00000000 08:01 5116249                    /lib/x86_64-linux-gnu/libnss_compat-2.19.so
7f03bd851000-7f03bda50000 ---p 00009000 08:01 5116249                    /lib/x86_64-linux-gnu/libnss_compat-2.19.so
7f03bda50000-7f03bda51000 r--p 00008000 08:01 5116249                    /lib/x86_64-linux-gnu/libnss_compat-2.19.so
7f03bda51000-7f03bda52000 rw-p 00009000 08:01 5116249                    /lib/x86_64-linux-gnu/libnss_compat-2.19.so
7f03bda52000-7f03bda7d000 r-xp 00000000 08:01 4204497                    /usr/lib/jvm/java-7-openjdk-amd64/jre/lib/amd64/libjava.so
7f03bda7d000-7f03bdc7d000 ---p 0002b000 08:01 4204497                    /usr/lib/jvm/java-7-openjdk-amd64/jre/lib/amd64/libjava.so
7f03bdc7d000-7f03bdc7e000 r--p 0002b000 08:01 4204497                    /usr/lib/jvm/java-7-openjdk-amd64/jre/lib/amd64/libjava.so
7f03bdc7e000-7f03bdc80000 rw-p 0002c000 08:01 4204497                    /usr/lib/jvm/java-7-openjdk-amd64/jre/lib/amd64/libjava.so
7f03bdc80000-7f03bdc90000 r-xp 00000000 08:01 4204513                    /usr/lib/jvm/java-7-openjdk-amd64/jre/lib/amd64/libverify.so
7f03bdc90000-7f03bde8f000 ---p 00010000 08:01 4204513                    /usr/lib/jvm/java-7-openjdk-amd64/jre/lib/amd64/libverify.so
7f03bde8f000-7f03bde91000 r--p 0000f000 08:01 4204513                    /usr/lib/jvm/java-7-openjdk-amd64/jre/lib/amd64/libverify.so
7f03bde91000-7f03bde92000 rw-p 00011000 08:01 4204513                    /usr/lib/jvm/java-7-openjdk-amd64/jre/lib/amd64/libverify.so
7f03bde92000-7f03bde99000 r-xp 00000000 08:01 5116306                    /lib/x86_64-linux-gnu/librt-2.19.so
7f03bde99000-7f03be098000 ---p 00007000 08:01 5116306                    /lib/x86_64-linux-gnu/librt-2.19.so
7f03be098000-7f03be099000 r--p 00006000 08:01 5116306                    /lib/x86_64-linux-gnu/librt-2.19.so
7f03be099000-7f03be09a000 rw-p 00007000 08:01 5116306                    /lib/x86_64-linux-gnu/librt-2.19.so
7f03be09a000-7f03be0b0000 r-xp 00000000 08:01 5116205                    /lib/x86_64-linux-gnu/libgcc_s.so.1
7f03be0b0000-7f03be2af000 ---p 00016000 08:01 5116205                    /lib/x86_64-linux-gnu/libgcc_s.so.1
7f03be2af000-7f03be2b0000 rw-p 00015000 08:01 5116205                    /lib/x86_64-linux-gnu/libgcc_s.so.1
7f03be2b0000-7f03be3b5000 r-xp 00000000 08:01 5116228                    /lib/x86_64-linux-gnu/libm-2.19.so
7f03be3b5000-7f03be5b4000 ---p 00105000 08:01 5116228                    /lib/x86_64-linux-gnu/libm-2.19.so
7f03be5b4000-7f03be5b5000 r--p 00104000 08:01 5116228                    /lib/x86_64-linux-gnu/libm-2.19.so
7f03be5b5000-7f03be5b6000 rw-p 00105000 08:01 5116228                    /lib/x86_64-linux-gnu/libm-2.19.so
7f03be5b6000-7f03be69c000 r-xp 00000000 08:01 4194482                    /usr/lib/x86_64-linux-gnu/libstdc++.so.6.0.19
7f03be69c000-7f03be89b000 ---p 000e6000 08:01 4194482                    /usr/lib/x86_64-linux-gnu/libstdc++.so.6.0.19
7f03be89b000-7f03be8a3000 r--p 000e5000 08:01 4194482                    /usr/lib/x86_64-linux-gnu/libstdc++.so.6.0.19
7f03be8a3000-7f03be8a5000 rw-p 000ed000 08:01 4194482                    /usr/lib/x86_64-linux-gnu/libstdc++.so.6.0.19
7f03be8a5000-7f03be8ba000 rw-p 00000000 00:00 0 
7f03be8ba000-7f03bf3de000 r-xp 00000000 08:01 4204504                    /usr/lib/jvm/java-7-openjdk-amd64/jre/lib/amd64/server/libjvm.so
7f03bf3de000-7f03bf5de000 ---p 00b24000 08:01 4204504                    /usr/lib/jvm/java-7-openjdk-amd64/jre/lib/amd64/server/libjvm.so
7f03bf5de000-7f03bf678000 r--p 00b24000 08:01 4204504                    /usr/lib/jvm/java-7-openjdk-amd64/jre/lib/amd64/server/libjvm.so
7f03bf678000-7f03bf69b000 rw-p 00bbe000 08:01 4204504                    /usr/lib/jvm/java-7-openjdk-amd64/jre/lib/amd64/server/libjvm.so
7f03bf69b000-7f03bf6c9000 rw-p 00000000 00:00 0 
7f03bf6c9000-7f03bf6e1000 r-xp 00000000 08:01 5116341                    /lib/x86_64-linux-gnu/libz.so.1.2.8
7f03bf6e1000-7f03bf8e0000 ---p 00018000 08:01 5116341                    /lib/x86_64-linux-gnu/libz.so.1.2.8
7f03bf8e0000-7f03bf8e1000 r--p 00017000 08:01 5116341                    /lib/x86_64-linux-gnu/libz.so.1.2.8
7f03bf8e1000-7f03bf8e2000 rw-p 00018000 08:01 5116341                    /lib/x86_64-linux-gnu/libz.so.1.2.8
7f03bf8e2000-7f03bf8fb000 r-xp 00000000 08:01 5116298                    /lib/x86_64-linux-gnu/libpthread-2.19.so
7f03bf8fb000-7f03bfafa000 ---p 00019000 08:01 5116298                    /lib/x86_64-linux-gnu/libpthread-2.19.so
7f03bfafa000-7f03bfafb000 r--p 00018000 08:01 5116298                    /lib/x86_64-linux-gnu/libpthread-2.19.so
7f03bfafb000-7f03bfafc000 rw-p 00019000 08:01 5116298                    /lib/x86_64-linux-gnu/libpthread-2.19.so
7f03bfafc000-7f03bfb00000 rw-p 00000000 00:00 0 
7f03bfb00000-7f03bfb03000 r-xp 00000000 08:01 5116195                    /lib/x86_64-linux-gnu/libdl-2.19.so
7f03bfb03000-7f03bfd02000 ---p 00003000 08:01 5116195                    /lib/x86_64-linux-gnu/libdl-2.19.so
7f03bfd02000-7f03bfd03000 r--p 00002000 08:01 5116195                    /lib/x86_64-linux-gnu/libdl-2.19.so
7f03bfd03000-7f03bfd04000 rw-p 00003000 08:01 5116195                    /lib/x86_64-linux-gnu/libdl-2.19.so
7f03bfd04000-7f03bfebf000 r-xp 00000000 08:01 5116178                    /lib/x86_64-linux-gnu/libc-2.19.so
7f03bfebf000-7f03c00be000 ---p 001bb000 08:01 5116178                    /lib/x86_64-linux-gnu/libc-2.19.so
7f03c00be000-7f03c00c2000 r--p 001ba000 08:01 5116178                    /lib/x86_64-linux-gnu/libc-2.19.so
7f03c00c2000-7f03c00c4000 rw-p 001be000 08:01 5116178                    /lib/x86_64-linux-gnu/libc-2.19.so
7f03c00c4000-7f03c00c9000 rw-p 00000000 00:00 0 
7f03c00c9000-7f03c00d6000 r-xp 00000000 08:01 4204515                    /usr/lib/jvm/java-7-openjdk-amd64/jre/lib/amd64/jli/libjli.so
7f03c00d6000-7f03c02d5000 ---p 0000d000 08:01 4204515                    /usr/lib/jvm/java-7-openjdk-amd64/jre/lib/amd64/jli/libjli.so
7f03c02d5000-7f03c02d6000 r--p 0000c000 08:01 4204515                    /usr/lib/jvm/java-7-openjdk-amd64/jre/lib/amd64/jli/libjli.so
7f03c02d6000-7f03c02d7000 rw-p 0000d000 08:01 4204515                    /usr/lib/jvm/java-7-openjdk-amd64/jre/lib/amd64/jli/libjli.so
7f03c02d7000-7f03c02fa000 r-xp 00000000 08:01 5116154                    /lib/x86_64-linux-gnu/ld-2.19.so
7f03c02fa000-7f03c02fb000 rw-p 00000000 00:00 0 
7f03c02fb000-7f03c02fd000 r--s 00006000 08:01 4595272                    /usr/share/java/java-atk-wrapper.jar
7f03c02fd000-7f03c0301000 r--s 00085000 08:01 4204470                    /usr/lib/jvm/java-7-openjdk-amd64/jre/lib/ext/localedata.jar
7f03c0301000-7f03c0303000 r--s 00012000 08:01 4204469                    /usr/lib/jvm/java-7-openjdk-amd64/jre/lib/ext/zipfs.jar
7f03c0303000-7f03c0325000 rw-p 00000000 00:00 0 
7f03c0325000-7f03c03db000 rw-p 00000000 00:00 0 
7f03c03db000-7f03c03de000 ---p 00000000 00:00 0 
7f03c03de000-7f03c04e1000 rw-p 00000000 00:00 0                          [stack:85343]
7f03c04e1000-7f03c04e5000 r--s 0003c000 08:01 4204473                    /usr/lib/jvm/java-7-openjdk-amd64/jre/lib/ext/sunpkcs11.jar
7f03c04e5000-7f03c04e6000 r--s 00002000 08:01 4204474                    /usr/lib/jvm/java-7-openjdk-amd64/jre/lib/ext/dnsns.jar
7f03c04e6000-7f03c04ea000 r--s 00034000 08:01 4204472                    /usr/lib/jvm/java-7-openjdk-amd64/jre/lib/ext/sunjce_provider.jar
7f03c04ea000-7f03c04ed000 r--s 0000f000 08:01 4204471                    /usr/lib/jvm/java-7-openjdk-amd64/jre/lib/ext/icedtea-sound.jar
7f03c04ed000-7f03c04f5000 rw-s 00000000 08:01 5909822                    /tmp/hsperfdata_joseph/85338
7f03c04f5000-7f03c04f6000 rw-p 00000000 00:00 0 
7f03c04f6000-7f03c04f7000 ---p 00000000 00:00 0 
7f03c04f7000-7f03c04f9000 rw-p 00000000 00:00 0 
7f03c04f9000-7f03c04fa000 r--p 00022000 08:01 5116154                    /lib/x86_64-linux-gnu/ld-2.19.so
7f03c04fa000-7f03c04fb000 rw-p 00023000 08:01 5116154                    /lib/x86_64-linux-gnu/ld-2.19.so
7f03c04fb000-7f03c04fc000 rw-p 00000000 00:00 0 
7ffd0efcc000-7ffd0efed000 rw-p 00000000 00:00 0                          [stack]
7ffd0effb000-7ffd0effd000 r--p 00000000 00:00 0                          [vvar]
7ffd0effd000-7ffd0efff000 r-xp 00000000 00:00 0                          [vdso]
ffffffffff600000-ffffffffff601000 r-xp 00000000 00:00 0                  [vsyscall]

VM Arguments:
jvm_args: -Djava.awt.headless=true -Xmx1024M -Dfile.encoding=UTF-8 -Duser.country=US -Duser.language=en -Duser.variant 
java_command: com.android.dx.command.Main --dex --force-jumbo --num-threads=4 --multi-dex --output /home/joseph/sweepersd/app/SweeperSD/app/build/intermediates/transforms/dex/debug/folders/1000/10/com.android.support-design-23.1.1_639c5ffb04e0e1ce46d3a83635a5fe40300d5b5e /home/joseph/sweepersd/app/SweeperSD/app/build/intermediates/exploded-aar/com.android.support/design/23.1.1/jars/classes.jar
Launcher Type: SUN_STANDARD

Environment Variables:
PATH=/usr/local/sbin:/usr/local/bin:/usr/sbin:/usr/bin:/sbin:/bin:/usr/games:/usr/local/games
SHELL=/bin/bash
DISPLAY=:0

Signal Handlers:
SIGSEGV: [libjvm.so+0x9548f0], sa_mask[0]=0x7ffbfeff, sa_flags=0x10000004
SIGBUS: [libjvm.so+0x9548f0], sa_mask[0]=0x7ffbfeff, sa_flags=0x10000004
SIGFPE: [libjvm.so+0x7cb0b0], sa_mask[0]=0x7ffbfeff, sa_flags=0x10000004
SIGPIPE: [libjvm.so+0x7cb0b0], sa_mask[0]=0x7ffbfeff, sa_flags=0x10000004
SIGXFSZ: [libjvm.so+0x7cb0b0], sa_mask[0]=0x7ffbfeff, sa_flags=0x10000004
SIGILL: [libjvm.so+0x7cb0b0], sa_mask[0]=0x7ffbfeff, sa_flags=0x10000004
SIGUSR1: SIG_DFL, sa_mask[0]=0x00000000, sa_flags=0x00000000
SIGUSR2: [libjvm.so+0x7caf50], sa_mask[0]=0x00000004, sa_flags=0x10000004
SIGHUP: [libjvm.so+0x7cb130], sa_mask[0]=0x7ffbfeff, sa_flags=0x10000004
SIGINT: [libjvm.so+0x7cb130], sa_mask[0]=0x7ffbfeff, sa_flags=0x10000004
SIGTERM: [libjvm.so+0x7cb130], sa_mask[0]=0x7ffbfeff, sa_flags=0x10000004
SIGQUIT: [libjvm.so+0x7cb130], sa_mask[0]=0x7ffbfeff, sa_flags=0x10000004
SIGTRAP: SIG_DFL, sa_mask[0]=0x00000000, sa_flags=0x00000000


---------------  S Y S T E M  ---------------

OS:Ubuntu 14.04 (trusty)
uname:Linux 3.19.0-25-generic #26~14.04.1-Ubuntu SMP Fri Jul 24 21:16:20 UTC 2015 x86_64
libc:glibc 2.19 NPTL 2.19 
rlimit: STACK 8192k, CORE 0k, NPROC 11887, NOFILE 4096, AS infinity
load average:15.45 7.32 3.53

/proc/meminfo:
MemTotal:        3064604 kB
MemFree:           56768 kB
MemAvailable:      28440 kB
Buffers:            1028 kB
Cached:            21952 kB
SwapCached:          212 kB
Active:          2022216 kB
Inactive:         428172 kB
Active(anon):    2010440 kB
Inactive(anon):   425168 kB
Active(file):      11776 kB
Inactive(file):     3004 kB
Unevictable:          32 kB
Mlocked:              32 kB
SwapTotal:       1045500 kB
SwapFree:              0 kB
Dirty:                40 kB
Writeback:             0 kB
AnonPages:       2427392 kB
Mapped:            11604 kB
Shmem:              7768 kB
Slab:              91052 kB
SReclaimable:      41180 kB
SUnreclaim:        49872 kB
KernelStack:       15184 kB
PageTables:        40712 kB
NFS_Unstable:          0 kB
Bounce:                0 kB
WritebackTmp:          0 kB
CommitLimit:     2577800 kB
Committed_AS:    8408252 kB
VmallocTotal:   34359738367 kB
VmallocUsed:      176984 kB
VmallocChunk:   34359475796 kB
HardwareCorrupted:     0 kB
AnonHugePages:   1228800 kB
CmaTotal:              0 kB
CmaFree:               0 kB
HugePages_Total:       0
HugePages_Free:        0
HugePages_Rsvd:        0
HugePages_Surp:        0
Hugepagesize:       2048 kB
DirectMap4k:      282496 kB
DirectMap2M:     2863104 kB


CPU:total 4 (1 cores per cpu, 1 threads per core) family 6 model 58 stepping 9, cmov, cx8, fxsr, mmx, sse, sse2, sse3, ssse3, sse4.1, sse4.2, popcnt, avx, aes, erms, tsc, tscinvbit, tscinv

/proc/cpuinfo:
processor	: 0
vendor_id	: GenuineIntel
cpu family	: 6
model		: 58
model name	: Intel(R) Core(TM) i5-3570K CPU @ 3.40GHz
stepping	: 9
microcode	: 0x1b
cpu MHz		: 3410.059
cache size	: 6144 KB
physical id	: 0
siblings	: 1
core id		: 0
cpu cores	: 1
apicid		: 0
initial apicid	: 0
fpu		: yes
fpu_exception	: yes
cpuid level	: 13
wp		: yes
flags		: fpu vme de pse tsc msr pae mce cx8 apic sep mtrr pge mca cmov pat pse36 clflush dts mmx fxsr sse sse2 ss syscall nx rdtscp lm constant_tsc arch_perfmon pebs bts nopl xtopology tsc_reliable nonstop_tsc aperfmperf pni pclmulqdq ssse3 cx16 pcid sse4_1 sse4_2 x2apic popcnt tsc_deadline_timer aes xsave avx f16c rdrand hypervisor lahf_lm ida arat epb pln pts dtherm fsgsbase tsc_adjust smep
bugs		:
bogomips	: 6820.11
clflush size	: 64
cache_alignment	: 64
address sizes	: 42 bits physical, 48 bits virtual
power management:

processor	: 1
vendor_id	: GenuineIntel
cpu family	: 6
model		: 58
model name	: Intel(R) Core(TM) i5-3570K CPU @ 3.40GHz
stepping	: 9
microcode	: 0x1b
cpu MHz		: 3410.059
cache size	: 6144 KB
physical id	: 2
siblings	: 1
core id		: 0
cpu cores	: 1
apicid		: 2
initial apicid	: 2
fpu		: yes
fpu_exception	: yes
cpuid level	: 13
wp		: yes
flags		: fpu vme de pse tsc msr pae mce cx8 apic sep mtrr pge mca cmov pat pse36 clflush dts mmx fxsr sse sse2 ss syscall nx rdtscp lm constant_tsc arch_perfmon pebs bts nopl xtopology tsc_reliable nonstop_tsc aperfmperf pni pclmulqdq ssse3 cx16 pcid sse4_1 sse4_2 x2apic popcnt tsc_deadline_timer aes xsave avx f16c rdrand hypervisor lahf_lm ida arat epb pln pts dtherm fsgsbase tsc_adjust smep
bugs		:
bogomips	: 6820.11
clflush size	: 64
cache_alignment	: 64
address sizes	: 42 bits physical, 48 bits virtual
power management:

processor	: 2
vendor_id	: GenuineIntel
cpu family	: 6
model		: 58
model name	: Intel(R) Core(TM) i5-3570K CPU @ 3.40GHz
stepping	: 9
microcode	: 0x1b
cpu MHz		: 3410.059
cache size	: 6144 KB
physical id	: 4
siblings	: 1
core id		: 0
cpu cores	: 1
apicid		: 4
initial apicid	: 4
fpu		: yes
fpu_exception	: yes
cpuid level	: 13
wp		: yes
flags		: fpu vme de pse tsc msr pae mce cx8 apic sep mtrr pge mca cmov pat pse36 clflush dts mmx fxsr sse sse2 ss syscall nx rdtscp lm constant_tsc arch_perfmon pebs bts nopl xtopology tsc_reliable nonstop_tsc aperfmperf pni pclmulqdq ssse3 cx16 pcid sse4_1 sse4_2 x2apic popcnt tsc_deadline_timer aes xsave avx f16c rdrand hypervisor lahf_lm ida arat epb pln pts dtherm fsgsbase tsc_adjust smep
bugs		:
bogomips	: 6820.11
clflush size	: 64
cache_alignment	: 64
address sizes	: 42 bits physical, 48 bits virtual
power management:

processor	: 3
vendor_id	: GenuineIntel
cpu family	: 6
model		: 58
model name	: Intel(R) Core(TM) i5-3570K CPU @ 3.40GHz
stepping	: 9
microcode	: 0x1b
cpu MHz		: 3410.059
cache size	: 6144 KB
physical id	: 6
siblings	: 1
core id		: 0
cpu cores	: 1
apicid		: 6
initial apicid	: 6
fpu		: yes
fpu_exception	: yes
cpuid level	: 13
wp		: yes
flags		: fpu vme de pse tsc msr pae mce cx8 apic sep mtrr pge mca cmov pat pse36 clflush dts mmx fxsr sse sse2 ss syscall nx rdtscp lm constant_tsc arch_perfmon pebs bts nopl xtopology tsc_reliable nonstop_tsc aperfmperf pni pclmulqdq ssse3 cx16 pcid sse4_1 sse4_2 x2apic popcnt tsc_deadline_timer aes xsave avx f16c rdrand hypervisor lahf_lm ida arat epb pln pts dtherm fsgsbase tsc_adjust smep
bugs		:
bogomips	: 6820.11
clflush size	: 64
cache_alignment	: 64
address sizes	: 42 bits physical, 48 bits virtual
power management:



Memory: 4k page, physical 3064604k(57064k free), swap 1045500k(0k free)

vm_info: OpenJDK 64-Bit Server VM (24.91-b01) for linux-amd64 JRE (1.7.0_91-b02), built on Nov 19 2015 06:14:37 by "buildd" with gcc 4.8.2

time: Mon Sep  5 21:55:52 2016
elapsed time: 15 seconds

