#
# There is insufficient memory for the Java Runtime Environment to continue.
# Native memory allocation (malloc) failed to allocate 25165824 bytes for committing reserved memory.
# Possible reasons:
#   The system is out of physical RAM or swap space
#   In 32 bit mode, the process size limit was hit
# Possible solutions:
#   Reduce memory load on the system
#   Increase physical memory or swap space
#   Check if swap backing store is full
#   Use 64 bit Java on a 64 bit OS
#   Decrease Java heap size (-Xmx/-Xms)
#   Decrease number of Java threads
#   Decrease Java thread stack sizes (-Xss)
#   Set larger code cache with -XX:ReservedCodeCacheSize=
# This output file may be truncated or incomplete.
#
#  Out of Memory Error (os_linux.cpp:2827), pid=126914, tid=140361832220416
#
# JRE version: OpenJDK Runtime Environment (7.0_91-b02) (build 1.7.0_91-b02)
# Java VM: OpenJDK 64-Bit Server VM (24.91-b01 mixed mode linux-amd64 compressed oops)
# Derivative: IcedTea 2.6.3
# Distribution: Ubuntu 14.04 LTS, package 7u91-2.6.3-0ubuntu0.14.04.1
# Failed to write core dump. Core dumps have been disabled. To enable core dumping, try "ulimit -c unlimited" before starting Java again
#

---------------  T H R E A D  ---------------

Current thread (0x00007fa89c076000):  VMThread [stack: 0x00007fa889164000,0x00007fa889265000] [id=126923]

Stack: [0x00007fa889164000,0x00007fa889265000],  sp=0x00007fa889263490,  free space=1021k
Native frames: (J=compiled Java code, j=interpreted, Vv=VM code, C=native code)
V  [libjvm.so+0x953e15]  VMError::report_and_die()+0x175
V  [libjvm.so+0x48fd94]  report_vm_out_of_memory(char const*, int, unsigned long, char const*)+0x74
V  [libjvm.so+0x7cf87b]  os::pd_commit_memory(char*, unsigned long, unsigned long, bool)+0xeb
V  [libjvm.so+0x7ca33f]  os::commit_memory(char*, unsigned long, unsigned long, bool)+0x1f
V  [libjvm.so+0x83dacb]  PSVirtualSpace::expand_by(unsigned long)+0x5b
V  [libjvm.so+0x83e930]  PSYoungGen::resize_generation(unsigned long, unsigned long)+0xb0
V  [libjvm.so+0x83f01b]  PSYoungGen::resize(unsigned long, unsigned long)+0x1b
V  [libjvm.so+0x83b258]  PSScavenge::invoke_no_policy()+0xd68
V  [libjvm.so+0x83bac8]  PSScavenge::invoke()+0x38
V  [libjvm.so+0x7f2083]  ParallelScavengeHeap::failed_mem_allocate(unsigned long)+0x63
V  [libjvm.so+0x955814]  VM_ParallelGCFailedAllocation::doit()+0x84
V  [libjvm.so+0x959917]  VM_Operation::evaluate()+0x47
V  [libjvm.so+0x9583d8]  VMThread::evaluate_operation(VM_Operation*)+0x318
V  [libjvm.so+0x958839]  VMThread::loop()+0x219
V  [libjvm.so+0x958c82]  VMThread::run()+0x72
V  [libjvm.so+0x7cc742]  java_start(Thread*)+0xf2

VM_Operation (0x00007fa8a397ece0): ParallelGCFailedAllocation, mode: safepoint, requested by thread 0x00007fa89c00a800


---------------  P R O C E S S  ---------------

Java Threads: ( => current thread )
  0x00007fa89c0b0800 JavaThread "Service Thread" daemon [_thread_blocked, id=126935, stack(0x00007fa88847c000,0x00007fa88857d000)]
  0x00007fa89c0ae800 JavaThread "C2 CompilerThread1" daemon [_thread_blocked, id=126934, stack(0x00007fa88857d000,0x00007fa88867e000)]
  0x00007fa89c0ab800 JavaThread "C2 CompilerThread0" daemon [_thread_blocked, id=126933, stack(0x00007fa88867e000,0x00007fa88877f000)]
  0x00007fa89c0a9800 JavaThread "Signal Dispatcher" daemon [_thread_blocked, id=126932, stack(0x00007fa88877f000,0x00007fa888880000)]
  0x00007fa89c07c000 JavaThread "Finalizer" daemon [_thread_blocked, id=126925, stack(0x00007fa888f62000,0x00007fa889063000)]
  0x00007fa89c07a000 JavaThread "Reference Handler" daemon [_thread_blocked, id=126924, stack(0x00007fa889063000,0x00007fa889164000)]
  0x00007fa89c00a800 JavaThread "main" [_thread_blocked, id=126918, stack(0x00007fa8a3880000,0x00007fa8a3981000)]

Other Threads:
=>0x00007fa89c076000 VMThread [stack: 0x00007fa889164000,0x00007fa889265000] [id=126923]
  0x00007fa89c0bb000 WatcherThread [stack: 0x00007fa88837b000,0x00007fa88847c000] [id=126937]

VM state:at safepoint (normal execution)

VM Mutex/Monitor currently owned by a thread:  ([mutex/lock_event])
[0x00007fa89c006990] Threads_lock - owner thread: 0x00007fa89c076000
[0x00007fa89c006e90] Heap_lock - owner thread: 0x00007fa89c00a800

Heap
 PSYoungGen      total 26624K, used 2032K [0x00000000eaa80000, 0x00000000ec680000, 0x0000000100000000)
  eden space 24576K, 0% used [0x00000000eaa80000,0x00000000eaa80000,0x00000000ec280000)
  from space 2048K, 99% used [0x00000000ec280000,0x00000000ec47c028,0x00000000ec480000)
  to   space 2048K, 0% used [0x00000000ec480000,0x00000000ec480000,0x00000000ec680000)
 ParOldGen       total 31744K, used 7066K [0x00000000c0000000, 0x00000000c1f00000, 0x00000000eaa80000)
  object space 31744K, 22% used [0x00000000c0000000,0x00000000c06e6808,0x00000000c1f00000)
 PSPermGen       total 21504K, used 5668K [0x00000000b5a00000, 0x00000000b6f00000, 0x00000000c0000000)
  object space 21504K, 26% used [0x00000000b5a00000,0x00000000b5f89288,0x00000000b6f00000)

Card table byte_map: [0x00007fa8a025e000,0x00007fa8a04b2000] byte_map_base: 0x00007fa89fcb1000

Polling page: 0x00007fa8a399b000

Code Cache  [0x00007fa899000000, 0x00007fa899270000, 0x00007fa89c000000)
 total_blobs=482 nmethods=255 adapters=180 free_code_cache=48077Kb largest_free_block=49187136

Compilation events (10 events):
Event: 7.579 Thread 0x00007fa89c0ae800 nmethod 254 0x00007fa8990fe890 code [0x00007fa8990feae0, 0x00007fa8990ff738]
Event: 7.583 Thread 0x00007fa89c0ae800  257             java.lang.AbstractStringBuilder::append (48 bytes)
Event: 7.601 Thread 0x00007fa89c0ae800 nmethod 257 0x00007fa899100d50 code [0x00007fa899100ec0, 0x00007fa899101278]
Event: 7.601 Thread 0x00007fa89c0ae800  258             java.lang.String::getChars (62 bytes)
Event: 7.628 Thread 0x00007fa89c0ae800 nmethod 258 0x00007fa8990fbcd0 code [0x00007fa8990fbe20, 0x00007fa8990fbf98]
Event: 7.628 Thread 0x00007fa89c0ae800  259   !         com.android.dx.cf.code.BytecodeArray::parseInstruction (2764 bytes)
Event: 7.629 Thread 0x00007fa89c0ab800 nmethod 256 0x00007fa8990f9e90 code [0x00007fa8990fa0a0, 0x00007fa8990fb0b8]
Event: 7.629 Thread 0x00007fa89c0ab800  260             com.android.dx.cf.code.ByteOps::opInfo (6 bytes)
Event: 7.629 Thread 0x00007fa89c0ab800 nmethod 260 0x00007fa899102ed0 code [0x00007fa899103000, 0x00007fa899103078]
Event: 7.629 Thread 0x00007fa89c0ab800  261             com.android.dx.ssa.SsaConverter::edgeSplitSuccessors (98 bytes)

GC Heap History (5 events):
Event: 2.725 GC heap before
{Heap before GC invocations=1 (full 0):
 PSYoungGen      total 14336K, used 12288K [0x00000000eaa80000, 0x00000000eba80000, 0x0000000100000000)
  eden space 12288K, 100% used [0x00000000eaa80000,0x00000000eb680000,0x00000000eb680000)
  from space 2048K, 0% used [0x00000000eb880000,0x00000000eb880000,0x00000000eba80000)
  to   space 2048K, 0% used [0x00000000eb680000,0x00000000eb680000,0x00000000eb880000)
 ParOldGen       total 31744K, used 0K [0x00000000c0000000, 0x00000000c1f00000, 0x00000000eaa80000)
  object space 31744K, 0% used [0x00000000c0000000,0x00000000c0000000,0x00000000c1f00000)
 PSPermGen       total 21504K, used 5411K [0x00000000b5a00000, 0x00000000b6f00000, 0x00000000c0000000)
  object space 21504K, 25% used [0x00000000b5a00000,0x00000000b5f48c88,0x00000000b6f00000)
Event: 2.880 GC heap after
Heap after GC invocations=1 (full 0):
 PSYoungGen      total 14336K, used 2039K [0x00000000eaa80000, 0x00000000ec680000, 0x0000000100000000)
  eden space 12288K, 0% used [0x00000000eaa80000,0x00000000eaa80000,0x00000000eb680000)
  from space 2048K, 99% used [0x00000000eb680000,0x00000000eb87dc78,0x00000000eb880000)
  to   space 2048K, 0% used [0x00000000ec480000,0x00000000ec480000,0x00000000ec680000)
 ParOldGen       total 31744K, used 1353K [0x00000000c0000000, 0x00000000c1f00000, 0x00000000eaa80000)
  object space 31744K, 4% used [0x00000000c0000000,0x00000000c0152538,0x00000000c1f00000)
 PSPermGen       total 21504K, used 5411K [0x00000000b5a00000, 0x00000000b6f00000, 0x00000000c0000000)
  object space 21504K, 25% used [0x00000000b5a00000,0x00000000b5f48c88,0x00000000b6f00000)
}
Event: 3.991 GC heap before
{Heap before GC invocations=2 (full 0):
 PSYoungGen      total 14336K, used 14327K [0x00000000eaa80000, 0x00000000ec680000, 0x0000000100000000)
  eden space 12288K, 100% used [0x00000000eaa80000,0x00000000eb680000,0x00000000eb680000)
  from space 2048K, 99% used [0x00000000eb680000,0x00000000eb87dc78,0x00000000eb880000)
  to   space 2048K, 0% used [0x00000000ec480000,0x00000000ec480000,0x00000000ec680000)
 ParOldGen       total 31744K, used 1353K [0x00000000c0000000, 0x00000000c1f00000, 0x00000000eaa80000)
  object space 31744K, 4% used [0x00000000c0000000,0x00000000c0152538,0x00000000c1f00000)
 PSPermGen       total 21504K, used 5577K [0x00000000b5a00000, 0x00000000b6f00000, 0x00000000c0000000)
  object space 21504K, 25% used [0x00000000b5a00000,0x00000000b5f72760,0x00000000b6f00000)
Event: 4.024 GC heap after
Heap after GC invocations=2 (full 0):
 PSYoungGen      total 26624K, used 2032K [0x00000000eaa80000, 0x00000000ec680000, 0x0000000100000000)
  eden space 24576K, 0% used [0x00000000eaa80000,0x00000000eaa80000,0x00000000ec280000)
  from space 2048K, 99% used [0x00000000ec480000,0x00000000ec67c028,0x00000000ec680000)
  to   space 2048K, 0% used [0x00000000ec280000,0x00000000ec280000,0x00000000ec480000)
 ParOldGen       total 31744K, used 2929K [0x00000000c0000000, 0x00000000c1f00000, 0x00000000eaa80000)
  object space 31744K, 9% used [0x00000000c0000000,0x00000000c02dc498,0x00000000c1f00000)
 PSPermGen       total 21504K, used 5577K [0x00000000b5a00000, 0x00000000b6f00000, 0x00000000c0000000)
  object space 21504K, 25% used [0x00000000b5a00000,0x00000000b5f72760,0x00000000b6f00000)
}
Event: 7.695 GC heap before
{Heap before GC invocations=3 (full 0):
 PSYoungGen      total 26624K, used 26608K [0x00000000eaa80000, 0x00000000ec680000, 0x0000000100000000)
  eden space 24576K, 100% used [0x00000000eaa80000,0x00000000ec280000,0x00000000ec280000)
  from space 2048K, 99% used [0x00000000ec480000,0x00000000ec67c028,0x00000000ec680000)
  to   space 2048K, 0% used [0x00000000ec280000,0x00000000ec280000,0x00000000ec480000)
 ParOldGen       total 31744K, used 2929K [0x00000000c0000000, 0x00000000c1f00000, 0x00000000eaa80000)
  object space 31744K, 9% used [0x00000000c0000000,0x00000000c02dc498,0x00000000c1f00000)
 PSPermGen       total 21504K, used 5668K [0x00000000b5a00000, 0x00000000b6f00000, 0x00000000c0000000)
  object space 21504K, 26% used [0x00000000b5a00000,0x00000000b5f89288,0x00000000b6f00000)

Deoptimization events (5 events):
Event: 1.548 Thread 0x00007fa89c00a800 Uncommon trap: reason=unstable_if action=reinterpret pc=0x00007fa899060774 method=java.lang.String.indexOf(II)I @ 49
Event: 2.318 Thread 0x00007fa89c00a800 Uncommon trap: reason=unstable_if action=reinterpret pc=0x00007fa89906d49c method=java.util.BitSet.nextSetBit(I)I @ 87
Event: 2.387 Thread 0x00007fa89c00a800 Uncommon trap: reason=null_check action=make_not_entrant pc=0x00007fa899076f78 method=com.android.dx.rop.code.LocalItem.equals(Ljava/lang/Object;)Z @ 1
Event: 2.560 Thread 0x00007fa89c00a800 Uncommon trap: reason=unstable_if action=reinterpret pc=0x00007fa899074698 method=com.android.dx.cf.code.Ropper.labelToResultIndex(I)I @ 34
Event: 4.405 Thread 0x00007fa89c00a800 Uncommon trap: reason=unstable_if action=reinterpret pc=0x00007fa8990babe0 method=com.android.dx.ssa.SCCP.simulateBranch(Lcom/android/dx/ssa/SsaInsn;)V @ 53

Internal exceptions (10 events):
Event: 2.012 Thread 0x00007fa89c00a800 Threw 0x00000000eb1f2650 at /build/openjdk-7-zaTxYK/openjdk-7-7u91-2.6.3/build/openjdk/hotspot/src/share/vm/prims/jvm.cpp:1322
Event: 2.013 Thread 0x00007fa89c00a800 Threw 0x00000000eb1fa160 at /build/openjdk-7-zaTxYK/openjdk-7-7u91-2.6.3/build/openjdk/hotspot/src/share/vm/prims/jvm.cpp:1322
Event: 2.014 Thread 0x00007fa89c00a800 Threw 0x00000000eb1fe9d0 at /build/openjdk-7-zaTxYK/openjdk-7-7u91-2.6.3/build/openjdk/hotspot/src/share/vm/prims/jvm.cpp:1322
Event: 2.015 Thread 0x00007fa89c00a800 Threw 0x00000000eb201e08 at /build/openjdk-7-zaTxYK/openjdk-7-7u91-2.6.3/build/openjdk/hotspot/src/share/vm/prims/jvm.cpp:1322
Event: 2.049 Thread 0x00007fa89c00a800 Threw 0x00000000eb251cd8 at /build/openjdk-7-zaTxYK/openjdk-7-7u91-2.6.3/build/openjdk/hotspot/src/share/vm/prims/jvm.cpp:1322
Event: 2.050 Thread 0x00007fa89c00a800 Threw 0x00000000eb258380 at /build/openjdk-7-zaTxYK/openjdk-7-7u91-2.6.3/build/openjdk/hotspot/src/share/vm/prims/jvm.cpp:1322
Event: 2.387 Thread 0x00007fa89c00a800 Implicit null exception at 0x00007fa899076d74 to 0x00007fa899076f51
Event: 4.503 Thread 0x00007fa89c00a800 Threw 0x00000000eb040ea8 at /build/openjdk-7-zaTxYK/openjdk-7-7u91-2.6.3/build/openjdk/hotspot/src/share/vm/prims/jvm.cpp:1322
Event: 4.548 Thread 0x00007fa89c00a800 Threw 0x00000000eb04b318 at /build/openjdk-7-zaTxYK/openjdk-7-7u91-2.6.3/build/openjdk/hotspot/src/share/vm/prims/jvm.cpp:1322
Event: 4.556 Thread 0x00007fa89c00a800 Threw 0x00000000eb04dda8 at /build/openjdk-7-zaTxYK/openjdk-7-7u91-2.6.3/build/openjdk/hotspot/src/share/vm/prims/jvm.cpp:1322

Events (10 events):
Event: 4.547 loading class 0x00007fa89c1426a0 done
Event: 4.556 loading class 0x00007fa89c1c6d40
Event: 4.556 loading class 0x00007fa89c1c6d40 done
Event: 5.119 Executing VM operation: EnableBiasedLocking
Event: 5.154 Executing VM operation: EnableBiasedLocking done
Event: 5.651 Thread 0x00007fa89c0ae800 flushing nmethod 0x00007fa899060510
Event: 5.652 Thread 0x00007fa89c0ae800 flushing nmethod 0x00007fa89906d2d0
Event: 6.706 Thread 0x00007fa89c0ae800 flushing nmethod 0x00007fa899074310
Event: 6.707 Thread 0x00007fa89c0ae800 flushing nmethod 0x00007fa899076950
Event: 7.662 Executing VM operation: ParallelGCFailedAllocation


Dynamic libraries:
00400000-00401000 r-xp 00000000 08:01 4204455                            /usr/lib/jvm/java-7-openjdk-amd64/jre/bin/java
00600000-00601000 r--p 00000000 08:01 4204455                            /usr/lib/jvm/java-7-openjdk-amd64/jre/bin/java
00601000-00602000 rw-p 00001000 08:01 4204455                            /usr/lib/jvm/java-7-openjdk-amd64/jre/bin/java
006a7000-006c8000 rw-p 00000000 00:00 0                                  [heap]
b5a00000-b6f00000 rw-p 00000000 00:00 0 
b6f00000-c0000000 rw-p 00000000 00:00 0 
c0000000-c1f00000 rw-p 00000000 00:00 0 
c1f00000-eaa80000 rw-p 00000000 00:00 0 
eaa80000-ec680000 rw-p 00000000 00:00 0 
ede80000-100000000 rw-p 00000000 00:00 0 
7fa862a94000-7fa862ad1000 r-xp 00000000 08:01 5116281                    /lib/x86_64-linux-gnu/libpcre.so.3.13.1
7fa862ad1000-7fa862cd0000 ---p 0003d000 08:01 5116281                    /lib/x86_64-linux-gnu/libpcre.so.3.13.1
7fa862cd0000-7fa862cd1000 r--p 0003c000 08:01 5116281                    /lib/x86_64-linux-gnu/libpcre.so.3.13.1
7fa862cd1000-7fa862cd2000 rw-p 0003d000 08:01 5116281                    /lib/x86_64-linux-gnu/libpcre.so.3.13.1
7fa862cd2000-7fa862cd9000 r-xp 00000000 08:01 4202859                    /usr/lib/x86_64-linux-gnu/libffi.so.6.0.1
7fa862cd9000-7fa862ed8000 ---p 00007000 08:01 4202859                    /usr/lib/x86_64-linux-gnu/libffi.so.6.0.1
7fa862ed8000-7fa862ed9000 r--p 00006000 08:01 4202859                    /usr/lib/x86_64-linux-gnu/libffi.so.6.0.1
7fa862ed9000-7fa862eda000 rw-p 00007000 08:01 4202859                    /usr/lib/x86_64-linux-gnu/libffi.so.6.0.1
7fa862eda000-7fa862ef1000 r-xp 00000000 08:01 5116304                    /lib/x86_64-linux-gnu/libresolv-2.19.so
7fa862ef1000-7fa8630f1000 ---p 00017000 08:01 5116304                    /lib/x86_64-linux-gnu/libresolv-2.19.so
7fa8630f1000-7fa8630f2000 r--p 00017000 08:01 5116304                    /lib/x86_64-linux-gnu/libresolv-2.19.so
7fa8630f2000-7fa8630f3000 rw-p 00018000 08:01 5116304                    /lib/x86_64-linux-gnu/libresolv-2.19.so
7fa8630f3000-7fa8630f5000 rw-p 00000000 00:00 0 
7fa8630f5000-7fa863115000 r-xp 00000000 08:01 5116308                    /lib/x86_64-linux-gnu/libselinux.so.1
7fa863115000-7fa863314000 ---p 00020000 08:01 5116308                    /lib/x86_64-linux-gnu/libselinux.so.1
7fa863314000-7fa863315000 r--p 0001f000 08:01 5116308                    /lib/x86_64-linux-gnu/libselinux.so.1
7fa863315000-7fa863316000 rw-p 00020000 08:01 5116308                    /lib/x86_64-linux-gnu/libselinux.so.1
7fa863316000-7fa863318000 rw-p 00000000 00:00 0 
7fa863318000-7fa86331b000 r-xp 00000000 08:01 4202972                    /usr/lib/x86_64-linux-gnu/libgmodule-2.0.so.0.4002.0
7fa86331b000-7fa86351a000 ---p 00003000 08:01 4202972                    /usr/lib/x86_64-linux-gnu/libgmodule-2.0.so.0.4002.0
7fa86351a000-7fa86351b000 r--p 00002000 08:01 4202972                    /usr/lib/x86_64-linux-gnu/libgmodule-2.0.so.0.4002.0
7fa86351b000-7fa86351c000 rw-p 00003000 08:01 4202972                    /usr/lib/x86_64-linux-gnu/libgmodule-2.0.so.0.4002.0
7fa86351c000-7fa863622000 r-xp 00000000 08:01 5116209                    /lib/x86_64-linux-gnu/libglib-2.0.so.0.4002.0
7fa863622000-7fa863821000 ---p 00106000 08:01 5116209                    /lib/x86_64-linux-gnu/libglib-2.0.so.0.4002.0
7fa863821000-7fa863822000 r--p 00105000 08:01 5116209                    /lib/x86_64-linux-gnu/libglib-2.0.so.0.4002.0
7fa863822000-7fa863823000 rw-p 00106000 08:01 5116209                    /lib/x86_64-linux-gnu/libglib-2.0.so.0.4002.0
7fa863823000-7fa863824000 rw-p 00000000 00:00 0 
7fa863824000-7fa863873000 r-xp 00000000 08:01 4202988                    /usr/lib/x86_64-linux-gnu/libgobject-2.0.so.0.4002.0
7fa863873000-7fa863a73000 ---p 0004f000 08:01 4202988                    /usr/lib/x86_64-linux-gnu/libgobject-2.0.so.0.4002.0
7fa863a73000-7fa863a74000 r--p 0004f000 08:01 4202988                    /usr/lib/x86_64-linux-gnu/libgobject-2.0.so.0.4002.0
7fa863a74000-7fa863a75000 rw-p 00050000 08:01 4202988                    /usr/lib/x86_64-linux-gnu/libgobject-2.0.so.0.4002.0
7fa863a75000-7fa863be1000 r-xp 00000000 08:01 4202960                    /usr/lib/x86_64-linux-gnu/libgio-2.0.so.0.4002.0
7fa863be1000-7fa863de0000 ---p 0016c000 08:01 4202960                    /usr/lib/x86_64-linux-gnu/libgio-2.0.so.0.4002.0
7fa863de0000-7fa863de4000 r--p 0016b000 08:01 4202960                    /usr/lib/x86_64-linux-gnu/libgio-2.0.so.0.4002.0
7fa863de4000-7fa863de6000 rw-p 0016f000 08:01 4202960                    /usr/lib/x86_64-linux-gnu/libgio-2.0.so.0.4002.0
7fa863de6000-7fa863de8000 rw-p 00000000 00:00 0 
7fa863de8000-7fa863dff000 r-xp 00000000 08:01 4204518                    /usr/lib/jvm/java-7-openjdk-amd64/jre/lib/amd64/libnet.so
7fa863dff000-7fa863ffe000 ---p 00017000 08:01 4204518                    /usr/lib/jvm/java-7-openjdk-amd64/jre/lib/amd64/libnet.so
7fa863ffe000-7fa863fff000 r--p 00016000 08:01 4204518                    /usr/lib/jvm/java-7-openjdk-amd64/jre/lib/amd64/libnet.so
7fa863fff000-7fa864000000 rw-p 00017000 08:01 4204518                    /usr/lib/jvm/java-7-openjdk-amd64/jre/lib/amd64/libnet.so
7fa864000000-7fa864021000 rw-p 00000000 00:00 0 
7fa864021000-7fa868000000 ---p 00000000 00:00 0 
7fa868000000-7fa868021000 rw-p 00000000 00:00 0 
7fa868021000-7fa86c000000 ---p 00000000 00:00 0 
7fa86c000000-7fa86d1c0000 rw-p 00000000 00:00 0 
7fa86d1c0000-7fa870000000 ---p 00000000 00:00 0 
7fa870000000-7fa870d85000 rw-p 00000000 00:00 0 
7fa870d85000-7fa874000000 ---p 00000000 00:00 0 
7fa874000000-7fa874021000 rw-p 00000000 00:00 0 
7fa874021000-7fa878000000 ---p 00000000 00:00 0 
7fa878000000-7fa878021000 rw-p 00000000 00:00 0 
7fa878021000-7fa87c000000 ---p 00000000 00:00 0 
7fa87c000000-7fa87c242000 rw-p 00000000 00:00 0 
7fa87c242000-7fa880000000 ---p 00000000 00:00 0 
7fa880000000-7fa880021000 rw-p 00000000 00:00 0 
7fa880021000-7fa884000000 ---p 00000000 00:00 0 
7fa884000000-7fa884021000 rw-p 00000000 00:00 0 
7fa884021000-7fa888000000 ---p 00000000 00:00 0 
7fa888122000-7fa888153000 rw-p 00000000 00:00 0 
7fa888169000-7fa888179000 r-xp 00000000 08:01 4204485                    /usr/lib/jvm/java-7-openjdk-amd64/jre/lib/amd64/libnio.so
7fa888179000-7fa888379000 ---p 00010000 08:01 4204485                    /usr/lib/jvm/java-7-openjdk-amd64/jre/lib/amd64/libnio.so
7fa888379000-7fa88837a000 r--p 00010000 08:01 4204485                    /usr/lib/jvm/java-7-openjdk-amd64/jre/lib/amd64/libnio.so
7fa88837a000-7fa88837b000 rw-p 00011000 08:01 4204485                    /usr/lib/jvm/java-7-openjdk-amd64/jre/lib/amd64/libnio.so
7fa88837b000-7fa88837c000 ---p 00000000 00:00 0 
7fa88837c000-7fa88847c000 rw-p 00000000 00:00 0                          [stack:126937]
7fa88847c000-7fa88847f000 ---p 00000000 00:00 0 
7fa88847f000-7fa88857d000 rw-p 00000000 00:00 0                          [stack:126935]
7fa88857d000-7fa888580000 ---p 00000000 00:00 0 
7fa888580000-7fa88867e000 rw-p 00000000 00:00 0                          [stack:126934]
7fa88867e000-7fa888681000 ---p 00000000 00:00 0 
7fa888681000-7fa88877f000 rw-p 00000000 00:00 0                          [stack:126933]
7fa88877f000-7fa888782000 ---p 00000000 00:00 0 
7fa888782000-7fa888880000 rw-p 00000000 00:00 0                          [stack:126932]
7fa888880000-7fa888f62000 r--p 00000000 08:01 4201489                    /usr/lib/locale/locale-archive
7fa888f62000-7fa888f65000 ---p 00000000 00:00 0 
7fa888f65000-7fa889063000 rw-p 00000000 00:00 0                          [stack:126925]
7fa889063000-7fa889066000 ---p 00000000 00:00 0 
7fa889066000-7fa889164000 rw-p 00000000 00:00 0                          [stack:126924]
7fa889164000-7fa889165000 ---p 00000000 00:00 0 
7fa889165000-7fa88c000000 rw-p 00000000 00:00 0                          [stack:126923]
7fa88c000000-7fa88c021000 rw-p 00000000 00:00 0 
7fa88c021000-7fa890000000 ---p 00000000 00:00 0 
7fa890000000-7fa890021000 rw-p 00000000 00:00 0 
7fa890021000-7fa894000000 ---p 00000000 00:00 0 
7fa894000000-7fa894021000 rw-p 00000000 00:00 0 
7fa894021000-7fa898000000 ---p 00000000 00:00 0 
7fa89800a000-7fa898010000 r--s 0002a000 08:01 2753668                    /home/joseph/sweepersd/app/SweeperSD/app/build/intermediates/exploded-aar/com.google.android.gms/play-services-nearby/8.3.0/jars/classes.jar
7fa898010000-7fa898781000 rw-p 00000000 00:00 0 
7fa898781000-7fa898933000 r--s 01d2e000 08:01 4204478                    /usr/lib/jvm/java-7-openjdk-amd64/jre/lib/rt.jar
7fa898933000-7fa898bfc000 rw-p 00000000 00:00 0 
7fa898bfc000-7fa898bfd000 ---p 00000000 00:00 0 
7fa898bfd000-7fa898cfd000 rw-p 00000000 00:00 0                          [stack:126922]
7fa898cfd000-7fa898cfe000 ---p 00000000 00:00 0 
7fa898cfe000-7fa898dfe000 rw-p 00000000 00:00 0                          [stack:126921]
7fa898dfe000-7fa898dff000 ---p 00000000 00:00 0 
7fa898dff000-7fa898eff000 rw-p 00000000 00:00 0                          [stack:126920]
7fa898eff000-7fa898f00000 ---p 00000000 00:00 0 
7fa898f00000-7fa899000000 rw-p 00000000 00:00 0                          [stack:126919]
7fa899000000-7fa899270000 rwxp 00000000 00:00 0 
7fa899270000-7fa89c1f8000 rw-p 00000000 00:00 0 
7fa89c1f8000-7fa8a0000000 ---p 00000000 00:00 0 
7fa8a0003000-7fa8a0011000 r--s 000cf000 08:01 6029994                    /home/joseph/Android/Sdk/build-tools/19.1.0/lib/dx.jar
7fa8a0011000-7fa8a00c0000 rw-p 00000000 00:00 0 
7fa8a00c0000-7fa8a0108000 rw-p 00000000 00:00 0 
7fa8a0108000-7fa8a0118000 rw-p 00000000 00:00 0 
7fa8a0118000-7fa8a025e000 rw-p 00000000 00:00 0 
7fa8a025e000-7fa8a0269000 rw-p 00000000 00:00 0 
7fa8a0269000-7fa8a02b1000 rw-p 00000000 00:00 0 
7fa8a02b1000-7fa8a02c1000 rw-p 00000000 00:00 0 
7fa8a02c1000-7fa8a0406000 rw-p 00000000 00:00 0 
7fa8a0406000-7fa8a0415000 rw-p 00000000 00:00 0 
7fa8a0415000-7fa8a04b1000 rw-p 00000000 00:00 0 
7fa8a04b1000-7fa8a04b2000 rw-p 00000000 00:00 0 
7fa8a04b2000-7fa8a04ba000 r-xp 00000000 08:01 4204489                    /usr/lib/jvm/java-7-openjdk-amd64/jre/lib/amd64/libzip.so
7fa8a04ba000-7fa8a06b9000 ---p 00008000 08:01 4204489                    /usr/lib/jvm/java-7-openjdk-amd64/jre/lib/amd64/libzip.so
7fa8a06b9000-7fa8a06ba000 r--p 00007000 08:01 4204489                    /usr/lib/jvm/java-7-openjdk-amd64/jre/lib/amd64/libzip.so
7fa8a06ba000-7fa8a06bb000 rw-p 00008000 08:01 4204489                    /usr/lib/jvm/java-7-openjdk-amd64/jre/lib/amd64/libzip.so
7fa8a06bb000-7fa8a06c6000 r-xp 00000000 08:01 5116253                    /lib/x86_64-linux-gnu/libnss_files-2.19.so
7fa8a06c6000-7fa8a08c5000 ---p 0000b000 08:01 5116253                    /lib/x86_64-linux-gnu/libnss_files-2.19.so
7fa8a08c5000-7fa8a08c6000 r--p 0000a000 08:01 5116253                    /lib/x86_64-linux-gnu/libnss_files-2.19.so
7fa8a08c6000-7fa8a08c7000 rw-p 0000b000 08:01 5116253                    /lib/x86_64-linux-gnu/libnss_files-2.19.so
7fa8a08c7000-7fa8a08d2000 r-xp 00000000 08:01 5116263                    /lib/x86_64-linux-gnu/libnss_nis-2.19.so
7fa8a08d2000-7fa8a0ad1000 ---p 0000b000 08:01 5116263                    /lib/x86_64-linux-gnu/libnss_nis-2.19.so
7fa8a0ad1000-7fa8a0ad2000 r--p 0000a000 08:01 5116263                    /lib/x86_64-linux-gnu/libnss_nis-2.19.so
7fa8a0ad2000-7fa8a0ad3000 rw-p 0000b000 08:01 5116263                    /lib/x86_64-linux-gnu/libnss_nis-2.19.so
7fa8a0ad3000-7fa8a0aea000 r-xp 00000000 08:01 5116247                    /lib/x86_64-linux-gnu/libnsl-2.19.so
7fa8a0aea000-7fa8a0ce9000 ---p 00017000 08:01 5116247                    /lib/x86_64-linux-gnu/libnsl-2.19.so
7fa8a0ce9000-7fa8a0cea000 r--p 00016000 08:01 5116247                    /lib/x86_64-linux-gnu/libnsl-2.19.so
7fa8a0cea000-7fa8a0ceb000 rw-p 00017000 08:01 5116247                    /lib/x86_64-linux-gnu/libnsl-2.19.so
7fa8a0ceb000-7fa8a0ced000 rw-p 00000000 00:00 0 
7fa8a0ced000-7fa8a0cf6000 r-xp 00000000 08:01 5116249                    /lib/x86_64-linux-gnu/libnss_compat-2.19.so
7fa8a0cf6000-7fa8a0ef5000 ---p 00009000 08:01 5116249                    /lib/x86_64-linux-gnu/libnss_compat-2.19.so
7fa8a0ef5000-7fa8a0ef6000 r--p 00008000 08:01 5116249                    /lib/x86_64-linux-gnu/libnss_compat-2.19.so
7fa8a0ef6000-7fa8a0ef7000 rw-p 00009000 08:01 5116249                    /lib/x86_64-linux-gnu/libnss_compat-2.19.so
7fa8a0ef7000-7fa8a0f22000 r-xp 00000000 08:01 4204497                    /usr/lib/jvm/java-7-openjdk-amd64/jre/lib/amd64/libjava.so
7fa8a0f22000-7fa8a1122000 ---p 0002b000 08:01 4204497                    /usr/lib/jvm/java-7-openjdk-amd64/jre/lib/amd64/libjava.so
7fa8a1122000-7fa8a1123000 r--p 0002b000 08:01 4204497                    /usr/lib/jvm/java-7-openjdk-amd64/jre/lib/amd64/libjava.so
7fa8a1123000-7fa8a1125000 rw-p 0002c000 08:01 4204497                    /usr/lib/jvm/java-7-openjdk-amd64/jre/lib/amd64/libjava.so
7fa8a1125000-7fa8a1135000 r-xp 00000000 08:01 4204513                    /usr/lib/jvm/java-7-openjdk-amd64/jre/lib/amd64/libverify.so
7fa8a1135000-7fa8a1334000 ---p 00010000 08:01 4204513                    /usr/lib/jvm/java-7-openjdk-amd64/jre/lib/amd64/libverify.so
7fa8a1334000-7fa8a1336000 r--p 0000f000 08:01 4204513                    /usr/lib/jvm/java-7-openjdk-amd64/jre/lib/amd64/libverify.so
7fa8a1336000-7fa8a1337000 rw-p 00011000 08:01 4204513                    /usr/lib/jvm/java-7-openjdk-amd64/jre/lib/amd64/libverify.so
7fa8a1337000-7fa8a133e000 r-xp 00000000 08:01 5116306                    /lib/x86_64-linux-gnu/librt-2.19.so
7fa8a133e000-7fa8a153d000 ---p 00007000 08:01 5116306                    /lib/x86_64-linux-gnu/librt-2.19.so
7fa8a153d000-7fa8a153e000 r--p 00006000 08:01 5116306                    /lib/x86_64-linux-gnu/librt-2.19.so
7fa8a153e000-7fa8a153f000 rw-p 00007000 08:01 5116306                    /lib/x86_64-linux-gnu/librt-2.19.so
7fa8a153f000-7fa8a1555000 r-xp 00000000 08:01 5116205                    /lib/x86_64-linux-gnu/libgcc_s.so.1
7fa8a1555000-7fa8a1754000 ---p 00016000 08:01 5116205                    /lib/x86_64-linux-gnu/libgcc_s.so.1
7fa8a1754000-7fa8a1755000 rw-p 00015000 08:01 5116205                    /lib/x86_64-linux-gnu/libgcc_s.so.1
7fa8a1755000-7fa8a185a000 r-xp 00000000 08:01 5116228                    /lib/x86_64-linux-gnu/libm-2.19.so
7fa8a185a000-7fa8a1a59000 ---p 00105000 08:01 5116228                    /lib/x86_64-linux-gnu/libm-2.19.so
7fa8a1a59000-7fa8a1a5a000 r--p 00104000 08:01 5116228                    /lib/x86_64-linux-gnu/libm-2.19.so
7fa8a1a5a000-7fa8a1a5b000 rw-p 00105000 08:01 5116228                    /lib/x86_64-linux-gnu/libm-2.19.so
7fa8a1a5b000-7fa8a1b41000 r-xp 00000000 08:01 4194482                    /usr/lib/x86_64-linux-gnu/libstdc++.so.6.0.19
7fa8a1b41000-7fa8a1d40000 ---p 000e6000 08:01 4194482                    /usr/lib/x86_64-linux-gnu/libstdc++.so.6.0.19
7fa8a1d40000-7fa8a1d48000 r--p 000e5000 08:01 4194482                    /usr/lib/x86_64-linux-gnu/libstdc++.so.6.0.19
7fa8a1d48000-7fa8a1d4a000 rw-p 000ed000 08:01 4194482                    /usr/lib/x86_64-linux-gnu/libstdc++.so.6.0.19
7fa8a1d4a000-7fa8a1d5f000 rw-p 00000000 00:00 0 
7fa8a1d5f000-7fa8a2883000 r-xp 00000000 08:01 4204504                    /usr/lib/jvm/java-7-openjdk-amd64/jre/lib/amd64/server/libjvm.so
7fa8a2883000-7fa8a2a83000 ---p 00b24000 08:01 4204504                    /usr/lib/jvm/java-7-openjdk-amd64/jre/lib/amd64/server/libjvm.so
7fa8a2a83000-7fa8a2b1d000 r--p 00b24000 08:01 4204504                    /usr/lib/jvm/java-7-openjdk-amd64/jre/lib/amd64/server/libjvm.so
7fa8a2b1d000-7fa8a2b40000 rw-p 00bbe000 08:01 4204504                    /usr/lib/jvm/java-7-openjdk-amd64/jre/lib/amd64/server/libjvm.so
7fa8a2b40000-7fa8a2b6e000 rw-p 00000000 00:00 0 
7fa8a2b6e000-7fa8a2b86000 r-xp 00000000 08:01 5116341                    /lib/x86_64-linux-gnu/libz.so.1.2.8
7fa8a2b86000-7fa8a2d85000 ---p 00018000 08:01 5116341                    /lib/x86_64-linux-gnu/libz.so.1.2.8
7fa8a2d85000-7fa8a2d86000 r--p 00017000 08:01 5116341                    /lib/x86_64-linux-gnu/libz.so.1.2.8
7fa8a2d86000-7fa8a2d87000 rw-p 00018000 08:01 5116341                    /lib/x86_64-linux-gnu/libz.so.1.2.8
7fa8a2d87000-7fa8a2da0000 r-xp 00000000 08:01 5116298                    /lib/x86_64-linux-gnu/libpthread-2.19.so
7fa8a2da0000-7fa8a2f9f000 ---p 00019000 08:01 5116298                    /lib/x86_64-linux-gnu/libpthread-2.19.so
7fa8a2f9f000-7fa8a2fa0000 r--p 00018000 08:01 5116298                    /lib/x86_64-linux-gnu/libpthread-2.19.so
7fa8a2fa0000-7fa8a2fa1000 rw-p 00019000 08:01 5116298                    /lib/x86_64-linux-gnu/libpthread-2.19.so
7fa8a2fa1000-7fa8a2fa5000 rw-p 00000000 00:00 0 
7fa8a2fa5000-7fa8a2fa8000 r-xp 00000000 08:01 5116195                    /lib/x86_64-linux-gnu/libdl-2.19.so
7fa8a2fa8000-7fa8a31a7000 ---p 00003000 08:01 5116195                    /lib/x86_64-linux-gnu/libdl-2.19.so
7fa8a31a7000-7fa8a31a8000 r--p 00002000 08:01 5116195                    /lib/x86_64-linux-gnu/libdl-2.19.so
7fa8a31a8000-7fa8a31a9000 rw-p 00003000 08:01 5116195                    /lib/x86_64-linux-gnu/libdl-2.19.so
7fa8a31a9000-7fa8a3364000 r-xp 00000000 08:01 5116178                    /lib/x86_64-linux-gnu/libc-2.19.so
7fa8a3364000-7fa8a3563000 ---p 001bb000 08:01 5116178                    /lib/x86_64-linux-gnu/libc-2.19.so
7fa8a3563000-7fa8a3567000 r--p 001ba000 08:01 5116178                    /lib/x86_64-linux-gnu/libc-2.19.so
7fa8a3567000-7fa8a3569000 rw-p 001be000 08:01 5116178                    /lib/x86_64-linux-gnu/libc-2.19.so
7fa8a3569000-7fa8a356e000 rw-p 00000000 00:00 0 
7fa8a356e000-7fa8a357b000 r-xp 00000000 08:01 4204515                    /usr/lib/jvm/java-7-openjdk-amd64/jre/lib/amd64/jli/libjli.so
7fa8a357b000-7fa8a377a000 ---p 0000d000 08:01 4204515                    /usr/lib/jvm/java-7-openjdk-amd64/jre/lib/amd64/jli/libjli.so
7fa8a377a000-7fa8a377b000 r--p 0000c000 08:01 4204515                    /usr/lib/jvm/java-7-openjdk-amd64/jre/lib/amd64/jli/libjli.so
7fa8a377b000-7fa8a377c000 rw-p 0000d000 08:01 4204515                    /usr/lib/jvm/java-7-openjdk-amd64/jre/lib/amd64/jli/libjli.so
7fa8a377c000-7fa8a379f000 r-xp 00000000 08:01 5116154                    /lib/x86_64-linux-gnu/ld-2.19.so
7fa8a379f000-7fa8a37a0000 rw-p 00000000 00:00 0 
7fa8a37a0000-7fa8a37a2000 r--s 00006000 08:01 4595272                    /usr/share/java/java-atk-wrapper.jar
7fa8a37a2000-7fa8a37a6000 r--s 00085000 08:01 4204470                    /usr/lib/jvm/java-7-openjdk-amd64/jre/lib/ext/localedata.jar
7fa8a37a6000-7fa8a37a8000 r--s 00012000 08:01 4204469                    /usr/lib/jvm/java-7-openjdk-amd64/jre/lib/ext/zipfs.jar
7fa8a37a8000-7fa8a37ca000 rw-p 00000000 00:00 0 
7fa8a37ca000-7fa8a3880000 rw-p 00000000 00:00 0 
7fa8a3880000-7fa8a3883000 ---p 00000000 00:00 0 
7fa8a3883000-7fa8a3986000 rw-p 00000000 00:00 0                          [stack:126918]
7fa8a3986000-7fa8a398a000 r--s 0003c000 08:01 4204473                    /usr/lib/jvm/java-7-openjdk-amd64/jre/lib/ext/sunpkcs11.jar
7fa8a398a000-7fa8a398b000 r--s 00002000 08:01 4204474                    /usr/lib/jvm/java-7-openjdk-amd64/jre/lib/ext/dnsns.jar
7fa8a398b000-7fa8a398f000 r--s 00034000 08:01 4204472                    /usr/lib/jvm/java-7-openjdk-amd64/jre/lib/ext/sunjce_provider.jar
7fa8a398f000-7fa8a3992000 r--s 0000f000 08:01 4204471                    /usr/lib/jvm/java-7-openjdk-amd64/jre/lib/ext/icedtea-sound.jar
7fa8a3992000-7fa8a399a000 rw-s 00000000 08:01 5911490                    /tmp/hsperfdata_joseph/126914
7fa8a399a000-7fa8a399b000 rw-p 00000000 00:00 0 
7fa8a399b000-7fa8a399c000 ---p 00000000 00:00 0 
7fa8a399c000-7fa8a399e000 rw-p 00000000 00:00 0 
7fa8a399e000-7fa8a399f000 r--p 00022000 08:01 5116154                    /lib/x86_64-linux-gnu/ld-2.19.so
7fa8a399f000-7fa8a39a0000 rw-p 00023000 08:01 5116154                    /lib/x86_64-linux-gnu/ld-2.19.so
7fa8a39a0000-7fa8a39a1000 rw-p 00000000 00:00 0 
7ffe67d82000-7ffe67da3000 rw-p 00000000 00:00 0                          [stack]
7ffe67da7000-7ffe67da9000 r--p 00000000 00:00 0                          [vvar]
7ffe67da9000-7ffe67dab000 r-xp 00000000 00:00 0                          [vdso]
ffffffffff600000-ffffffffff601000 r-xp 00000000 00:00 0                  [vsyscall]

VM Arguments:
jvm_args: -Djava.awt.headless=true -Xmx1024M -Dfile.encoding=UTF-8 -Duser.country=US -Duser.language=en -Duser.variant 
java_command: com.android.dx.command.Main --dex --output /home/joseph/sweepersd/app/SweeperSD/app/build/intermediates/pre-dexed/debug/com.google.android.gms-play-services-nearby-8.3.0_5d122f95cf88fc7fc05ac80393325efe237bf240.jar /home/joseph/sweepersd/app/SweeperSD/app/build/intermediates/exploded-aar/com.google.android.gms/play-services-nearby/8.3.0/jars/classes.jar
Launcher Type: SUN_STANDARD

Environment Variables:
PATH=/usr/local/sbin:/usr/local/bin:/usr/sbin:/usr/bin:/sbin:/bin:/usr/games:/usr/local/games
SHELL=/bin/bash
DISPLAY=:0

Signal Handlers:
SIGSEGV: [libjvm.so+0x9548f0], sa_mask[0]=0x7ffbfeff, sa_flags=0x10000004
SIGBUS: [libjvm.so+0x9548f0], sa_mask[0]=0x7ffbfeff, sa_flags=0x10000004
SIGFPE: [libjvm.so+0x7cb0b0], sa_mask[0]=0x7ffbfeff, sa_flags=0x10000004
SIGPIPE: [libjvm.so+0x7cb0b0], sa_mask[0]=0x7ffbfeff, sa_flags=0x10000004
SIGXFSZ: [libjvm.so+0x7cb0b0], sa_mask[0]=0x7ffbfeff, sa_flags=0x10000004
SIGILL: [libjvm.so+0x7cb0b0], sa_mask[0]=0x7ffbfeff, sa_flags=0x10000004
SIGUSR1: SIG_DFL, sa_mask[0]=0x00000000, sa_flags=0x00000000
SIGUSR2: [libjvm.so+0x7caf50], sa_mask[0]=0x00000004, sa_flags=0x10000004
SIGHUP: [libjvm.so+0x7cb130], sa_mask[0]=0x7ffbfeff, sa_flags=0x10000004
SIGINT: [libjvm.so+0x7cb130], sa_mask[0]=0x7ffbfeff, sa_flags=0x10000004
SIGTERM: [libjvm.so+0x7cb130], sa_mask[0]=0x7ffbfeff, sa_flags=0x10000004
SIGQUIT: [libjvm.so+0x7cb130], sa_mask[0]=0x7ffbfeff, sa_flags=0x10000004
SIGTRAP: SIG_DFL, sa_mask[0]=0x00000000, sa_flags=0x00000000


---------------  S Y S T E M  ---------------

OS:Ubuntu 14.04 (trusty)
uname:Linux 3.19.0-25-generic #26~14.04.1-Ubuntu SMP Fri Jul 24 21:16:20 UTC 2015 x86_64
libc:glibc 2.19 NPTL 2.19 
rlimit: STACK 8192k, CORE 0k, NPROC 11887, NOFILE 4096, AS infinity
load average:5.62 2.35 1.17

/proc/meminfo:
MemTotal:        3064604 kB
MemFree:          402044 kB
MemAvailable:     370096 kB
Buffers:             636 kB
Cached:            33224 kB
SwapCached:          188 kB
Active:          1802860 kB
Inactive:         336056 kB
Active(anon):    1795192 kB
Inactive(anon):   327720 kB
Active(file):       7668 kB
Inactive(file):     8336 kB
Unevictable:          32 kB
Mlocked:              32 kB
SwapTotal:       1045500 kB
SwapFree:             28 kB
Dirty:                 0 kB
Writeback:             0 kB
AnonPages:       2085964 kB
Mapped:            12436 kB
Shmem:             17304 kB
Slab:              81520 kB
SReclaimable:      32720 kB
SUnreclaim:        48800 kB
KernelStack:       12208 kB
PageTables:        36032 kB
NFS_Unstable:          0 kB
Bounce:                0 kB
WritebackTmp:          0 kB
CommitLimit:     2577800 kB
Committed_AS:    7043276 kB
VmallocTotal:   34359738367 kB
VmallocUsed:      178600 kB
VmallocChunk:   34359511768 kB
HardwareCorrupted:     0 kB
AnonHugePages:    909312 kB
CmaTotal:              0 kB
CmaFree:               0 kB
HugePages_Total:       0
HugePages_Free:        0
HugePages_Rsvd:        0
HugePages_Surp:        0
Hugepagesize:       2048 kB
DirectMap4k:      384896 kB
DirectMap2M:     2760704 kB


CPU:total 4 (1 cores per cpu, 1 threads per core) family 6 model 58 stepping 9, cmov, cx8, fxsr, mmx, sse, sse2, sse3, ssse3, sse4.1, sse4.2, popcnt, avx, aes, erms, tsc, tscinvbit, tscinv

/proc/cpuinfo:
processor	: 0
vendor_id	: GenuineIntel
cpu family	: 6
model		: 58
model name	: Intel(R) Core(TM) i5-3570K CPU @ 3.40GHz
stepping	: 9
microcode	: 0x1b
cpu MHz		: 3410.059
cache size	: 6144 KB
physical id	: 0
siblings	: 1
core id		: 0
cpu cores	: 1
apicid		: 0
initial apicid	: 0
fpu		: yes
fpu_exception	: yes
cpuid level	: 13
wp		: yes
flags		: fpu vme de pse tsc msr pae mce cx8 apic sep mtrr pge mca cmov pat pse36 clflush dts mmx fxsr sse sse2 ss syscall nx rdtscp lm constant_tsc arch_perfmon pebs bts nopl xtopology tsc_reliable nonstop_tsc aperfmperf pni pclmulqdq ssse3 cx16 pcid sse4_1 sse4_2 x2apic popcnt tsc_deadline_timer aes xsave avx f16c rdrand hypervisor lahf_lm ida arat epb pln pts dtherm fsgsbase tsc_adjust smep
bugs		:
bogomips	: 6820.11
clflush size	: 64
cache_alignment	: 64
address sizes	: 42 bits physical, 48 bits virtual
power management:

processor	: 1
vendor_id	: GenuineIntel
cpu family	: 6
model		: 58
model name	: Intel(R) Core(TM) i5-3570K CPU @ 3.40GHz
stepping	: 9
microcode	: 0x1b
cpu MHz		: 3410.059
cache size	: 6144 KB
physical id	: 2
siblings	: 1
core id		: 0
cpu cores	: 1
apicid		: 2
initial apicid	: 2
fpu		: yes
fpu_exception	: yes
cpuid level	: 13
wp		: yes
flags		: fpu vme de pse tsc msr pae mce cx8 apic sep mtrr pge mca cmov pat pse36 clflush dts mmx fxsr sse sse2 ss syscall nx rdtscp lm constant_tsc arch_perfmon pebs bts nopl xtopology tsc_reliable nonstop_tsc aperfmperf pni pclmulqdq ssse3 cx16 pcid sse4_1 sse4_2 x2apic popcnt tsc_deadline_timer aes xsave avx f16c rdrand hypervisor lahf_lm ida arat epb pln pts dtherm fsgsbase tsc_adjust smep
bugs		:
bogomips	: 6820.11
clflush size	: 64
cache_alignment	: 64
address sizes	: 42 bits physical, 48 bits virtual
power management:

processor	: 2
vendor_id	: GenuineIntel
cpu family	: 6
model		: 58
model name	: Intel(R) Core(TM) i5-3570K CPU @ 3.40GHz
stepping	: 9
microcode	: 0x1b
cpu MHz		: 3410.059
cache size	: 6144 KB
physical id	: 4
siblings	: 1
core id		: 0
cpu cores	: 1
apicid		: 4
initial apicid	: 4
fpu		: yes
fpu_exception	: yes
cpuid level	: 13
wp		: yes
flags		: fpu vme de pse tsc msr pae mce cx8 apic sep mtrr pge mca cmov pat pse36 clflush dts mmx fxsr sse sse2 ss syscall nx rdtscp lm constant_tsc arch_perfmon pebs bts nopl xtopology tsc_reliable nonstop_tsc aperfmperf pni pclmulqdq ssse3 cx16 pcid sse4_1 sse4_2 x2apic popcnt tsc_deadline_timer aes xsave avx f16c rdrand hypervisor lahf_lm ida arat epb pln pts dtherm fsgsbase tsc_adjust smep
bugs		:
bogomips	: 6820.11
clflush size	: 64
cache_alignment	: 64
address sizes	: 42 bits physical, 48 bits virtual
power management:

processor	: 3
vendor_id	: GenuineIntel
cpu family	: 6
model		: 58
model name	: Intel(R) Core(TM) i5-3570K CPU @ 3.40GHz
stepping	: 9
microcode	: 0x1b
cpu MHz		: 3410.059
cache size	: 6144 KB
physical id	: 6
siblings	: 1
core id		: 0
cpu cores	: 1
apicid		: 6
initial apicid	: 6
fpu		: yes
fpu_exception	: yes
cpuid level	: 13
wp		: yes
flags		: fpu vme de pse tsc msr pae mce cx8 apic sep mtrr pge mca cmov pat pse36 clflush dts mmx fxsr sse sse2 ss syscall nx rdtscp lm constant_tsc arch_perfmon pebs bts nopl xtopology tsc_reliable nonstop_tsc aperfmperf pni pclmulqdq ssse3 cx16 pcid sse4_1 sse4_2 x2apic popcnt tsc_deadline_timer aes xsave avx f16c rdrand hypervisor lahf_lm ida arat epb pln pts dtherm fsgsbase tsc_adjust smep
bugs		:
bogomips	: 6820.11
clflush size	: 64
cache_alignment	: 64
address sizes	: 42 bits physical, 48 bits virtual
power management:



Memory: 4k page, physical 3064604k(401796k free), swap 1045500k(32k free)

vm_info: OpenJDK 64-Bit Server VM (24.91-b01) for linux-amd64 JRE (1.7.0_91-b02), built on Nov 19 2015 06:14:37 by "buildd" with gcc 4.8.2

time: Tue Jun  7 18:57:11 2016
elapsed time: 11 seconds

