#
# There is insufficient memory for the Java Runtime Environment to continue.
# Native memory allocation (malloc) failed to allocate 40894464 bytes for committing reserved memory.
# Possible reasons:
#   The system is out of physical RAM or swap space
#   In 32 bit mode, the process size limit was hit
# Possible solutions:
#   Reduce memory load on the system
#   Increase physical memory or swap space
#   Check if swap backing store is full
#   Use 64 bit Java on a 64 bit OS
#   Decrease Java heap size (-Xmx/-Xms)
#   Decrease number of Java threads
#   Decrease Java thread stack sizes (-Xss)
#   Set larger code cache with -XX:ReservedCodeCacheSize=
# This output file may be truncated or incomplete.
#
#  Out of Memory Error (os_linux.cpp:2827), pid=24713, tid=140378193204992
#
# JRE version: OpenJDK Runtime Environment (7.0_91-b02) (build 1.7.0_91-b02)
# Java VM: OpenJDK 64-Bit Server VM (24.91-b01 mixed mode linux-amd64 compressed oops)
# Derivative: IcedTea 2.6.3
# Distribution: Ubuntu 14.04 LTS, package 7u91-2.6.3-0ubuntu0.14.04.1
# Failed to write core dump. Core dumps have been disabled. To enable core dumping, try "ulimit -c unlimited" before starting Java again
#

---------------  T H R E A D  ---------------

Current thread (0x00007fac5c076000):  VMThread [stack: 0x00007fac58471000,0x00007fac58572000] [id=24722]

Stack: [0x00007fac58471000,0x00007fac58572000],  sp=0x00007fac58570490,  free space=1021k
Native frames: (J=compiled Java code, j=interpreted, Vv=VM code, C=native code)
V  [libjvm.so+0x953e15]  VMError::report_and_die()+0x175
V  [libjvm.so+0x48fd94]  report_vm_out_of_memory(char const*, int, unsigned long, char const*)+0x74
V  [libjvm.so+0x7cf87b]  os::pd_commit_memory(char*, unsigned long, unsigned long, bool)+0xeb
V  [libjvm.so+0x7ca33f]  os::commit_memory(char*, unsigned long, unsigned long, bool)+0x1f
V  [libjvm.so+0x83dacb]  PSVirtualSpace::expand_by(unsigned long)+0x5b
V  [libjvm.so+0x82d86b]  PSOldGen::expand_by(unsigned long) [clone .part.79]+0x1b
V  [libjvm.so+0x82da2b]  PSOldGen::expand(unsigned long) [clone .part.80]+0xdb
V  [libjvm.so+0x82e958]  PSOldGen::resize(unsigned long)+0x188
V  [libjvm.so+0x8355b4]  PSParallelCompact::invoke_no_policy(bool)+0x9c4
V  [libjvm.so+0x83bc0d]  PSScavenge::invoke()+0x17d
V  [libjvm.so+0x7f2083]  ParallelScavengeHeap::failed_mem_allocate(unsigned long)+0x63
V  [libjvm.so+0x955814]  VM_ParallelGCFailedAllocation::doit()+0x84
V  [libjvm.so+0x959917]  VM_Operation::evaluate()+0x47
V  [libjvm.so+0x9583d8]  VMThread::evaluate_operation(VM_Operation*)+0x318
V  [libjvm.so+0x958839]  VMThread::loop()+0x219
V  [libjvm.so+0x958c82]  VMThread::run()+0x72
V  [libjvm.so+0x7cc742]  java_start(Thread*)+0xf2

VM_Operation (0x00007fac501bdf70): ParallelGCFailedAllocation, mode: safepoint, requested by thread 0x00007fac5c193000


---------------  P R O C E S S  ---------------

Java Threads: ( => current thread )
  0x00007fac5c19c800 JavaThread "pool-1-thread-4" [_thread_blocked, id=24735, stack(0x00007fac23378000,0x00007fac23479000)]
  0x00007fac5c19a800 JavaThread "pool-1-thread-3" [_thread_blocked, id=24734, stack(0x00007fac23479000,0x00007fac2357a000)]
  0x00007fac5c199800 JavaThread "pool-1-thread-2" [_thread_blocked, id=24733, stack(0x00007fac2357a000,0x00007fac2367b000)]
  0x00007fac5c195000 JavaThread "pool-2-thread-1" [_thread_blocked, id=24732, stack(0x00007fac2367b000,0x00007fac2377c000)]
  0x00007fac5c193000 JavaThread "pool-1-thread-1" [_thread_blocked, id=24731, stack(0x00007fac500bf000,0x00007fac501c0000)]
  0x00007fac5c0b1000 JavaThread "Service Thread" daemon [_thread_blocked, id=24728, stack(0x00007fac511ec000,0x00007fac512ed000)]
  0x00007fac5c0ae800 JavaThread "C2 CompilerThread1" daemon [_thread_blocked, id=24727, stack(0x00007fac512ed000,0x00007fac513ee000)]
  0x00007fac5c0ab800 JavaThread "C2 CompilerThread0" daemon [_thread_blocked, id=24726, stack(0x00007fac5806d000,0x00007fac5816e000)]
  0x00007fac5c0a9800 JavaThread "Signal Dispatcher" daemon [_thread_blocked, id=24725, stack(0x00007fac5816e000,0x00007fac5826f000)]
  0x00007fac5c07c000 JavaThread "Finalizer" daemon [_thread_blocked, id=24724, stack(0x00007fac5826f000,0x00007fac58370000)]
  0x00007fac5c07a000 JavaThread "Reference Handler" daemon [_thread_blocked, id=24723, stack(0x00007fac58370000,0x00007fac58471000)]
  0x00007fac5c00a800 JavaThread "main" [_thread_blocked, id=24715, stack(0x00007fac64641000,0x00007fac64742000)]

Other Threads:
=>0x00007fac5c076000 VMThread [stack: 0x00007fac58471000,0x00007fac58572000] [id=24722]
  0x00007fac5c0bb800 WatcherThread [stack: 0x00007fac510eb000,0x00007fac511ec000] [id=24729]

VM state:at safepoint (normal execution)

VM Mutex/Monitor currently owned by a thread:  ([mutex/lock_event])
[0x00007fac5c006330] ExpandHeap_lock - owner thread: 0x00007fac5c076000
[0x00007fac5c0069b0] Threads_lock - owner thread: 0x00007fac5c076000
[0x00007fac5c006eb0] Heap_lock - owner thread: 0x00007fac5c193000

Heap
 PSYoungGen      total 204288K, used 0K [0x00000000eaa80000, 0x0000000100000000, 0x0000000100000000)
  eden space 130560K, 0% used [0x00000000eaa80000,0x00000000eaa80000,0x00000000f2a00000)
  from space 73728K, 0% used [0x00000000fa800000,0x00000000fa800000,0x00000000ff000000)
  to   space 109568K, 0% used [0x00000000f2a00000,0x00000000f2a00000,0x00000000f9500000)
 ParOldGen       total 223232K, used 162916K [0x00000000c0000000, 0x00000000cda00000, 0x00000000eaa80000)
  object space 223232K, 72% used [0x00000000c0000000,0x00000000c9f191a8,0x00000000cda00000)
 PSPermGen       total 21504K, used 6282K [0x00000000b5a00000, 0x00000000b6f00000, 0x00000000c0000000)
  object space 21504K, 29% used [0x00000000b5a00000,0x00000000b6022bd8,0x00000000b6f00000)

Card table byte_map: [0x00007fac6101f000,0x00007fac61273000] byte_map_base: 0x00007fac60a72000

Polling page: 0x00007fac6475c000

Code Cache  [0x00007fac59000000, 0x00007fac59270000, 0x00007fac5c000000)
 total_blobs=721 nmethods=490 adapters=184 free_code_cache=46922Kb largest_free_block=48002240

Compilation events (10 events):
Event: 37.550 Thread 0x00007fac5c0ab800 nmethod 495 0x00007fac59227d90 code [0x00007fac59227f00, 0x00007fac592282a8]
Event: 37.550 Thread 0x00007fac5c0ab800  496             com.android.dx.rop.type.StdTypeList::get (9 bytes)
Event: 37.550 Thread 0x00007fac5c0ab800 nmethod 496 0x00007fac59227a50 code [0x00007fac59227ba0, 0x00007fac59227c78]
Event: 37.550 Thread 0x00007fac5c0ab800  497             com.android.dx.cf.code.Ropper::getRopMethod (64 bytes)
Event: 37.792 Thread 0x00007fac5c0ab800 nmethod 497 0x00007fac590c3110 code [0x00007fac590c3300, 0x00007fac590c3ad8]
Event: 37.792 Thread 0x00007fac5c0ab800  498             com.android.dx.cf.code.LocalVariableList::pcAndIndexToLocal (51 bytes)
Event: 37.794 Thread 0x00007fac5c0ab800 nmethod 498 0x00007fac59227590 code [0x00007fac592276e0, 0x00007fac59227878]
Event: 37.795 Thread 0x00007fac5c0ab800  499             com.android.dx.util.LabeledList::rebuildLabelToIndex (46 bytes)
Event: 37.814 Thread 0x00007fac5c0ab800 nmethod 499 0x00007fac59229810 code [0x00007fac59229980, 0x00007fac59229bd8]
Event: 37.814 Thread 0x00007fac5c0ab800  500             com.android.dx.dex.cf.CfTranslator::translate0 (259 bytes)

GC Heap History (10 events):
Event: 24.109 GC heap after
Heap after GC invocations=13 (full 2):
 PSYoungGen      total 180224K, used 44388K [0x00000000eaa80000, 0x00000000fc100000, 0x0000000100000000)
  eden space 127488K, 0% used [0x00000000eaa80000,0x00000000eaa80000,0x00000000f2700000)
  from space 52736K, 84% used [0x00000000f2700000,0x00000000f52592b0,0x00000000f5a80000)
  to   space 59392K, 0% used [0x00000000f8700000,0x00000000f8700000,0x00000000fc100000)
 ParOldGen       total 144896K, used 119649K [0x00000000c0000000, 0x00000000c8d80000, 0x00000000eaa80000)
  object space 144896K, 82% used [0x00000000c0000000,0x00000000c74d87b0,0x00000000c8d80000)
 PSPermGen       total 21504K, used 6272K [0x00000000b5a00000, 0x00000000b6f00000, 0x00000000c0000000)
  object space 21504K, 29% used [0x00000000b5a00000,0x00000000b6020340,0x00000000b6f00000)
}
Event: 24.109 GC heap before
{Heap before GC invocations=14 (full 3):
 PSYoungGen      total 180224K, used 44388K [0x00000000eaa80000, 0x00000000fc100000, 0x0000000100000000)
  eden space 127488K, 0% used [0x00000000eaa80000,0x00000000eaa80000,0x00000000f2700000)
  from space 52736K, 84% used [0x00000000f2700000,0x00000000f52592b0,0x00000000f5a80000)
  to   space 59392K, 0% used [0x00000000f8700000,0x00000000f8700000,0x00000000fc100000)
 ParOldGen       total 144896K, used 119649K [0x00000000c0000000, 0x00000000c8d80000, 0x00000000eaa80000)
  object space 144896K, 82% used [0x00000000c0000000,0x00000000c74d87b0,0x00000000c8d80000)
 PSPermGen       total 21504K, used 6272K [0x00000000b5a00000, 0x00000000b6f00000, 0x00000000c0000000)
  object space 21504K, 29% used [0x00000000b5a00000,0x00000000b6020340,0x00000000b6f00000)
Event: 30.619 GC heap after
Heap after GC invocations=14 (full 3):
 PSYoungGen      total 180224K, used 14087K [0x00000000eaa80000, 0x00000000fc100000, 0x0000000100000000)
  eden space 127488K, 0% used [0x00000000eaa80000,0x00000000eaa80000,0x00000000f2700000)
  from space 52736K, 26% used [0x00000000f2700000,0x00000000f34c1c48,0x00000000f5a80000)
  to   space 59392K, 0% used [0x00000000f8700000,0x00000000f8700000,0x00000000fc100000)
 ParOldGen       total 218624K, used 144622K [0x00000000c0000000, 0x00000000cd580000, 0x00000000eaa80000)
  object space 218624K, 66% used [0x00000000c0000000,0x00000000c8d3b948,0x00000000cd580000)
 PSPermGen       total 21504K, used 6272K [0x00000000b5a00000, 0x00000000b6f00000, 0x00000000c0000000)
  object space 21504K, 29% used [0x00000000b5a00000,0x00000000b6020140,0x00000000b6f00000)
}
Event: 31.729 GC heap before
{Heap before GC invocations=15 (full 3):
 PSYoungGen      total 180224K, used 141575K [0x00000000eaa80000, 0x00000000fc100000, 0x0000000100000000)
  eden space 127488K, 100% used [0x00000000eaa80000,0x00000000f2700000,0x00000000f2700000)
  from space 52736K, 26% used [0x00000000f2700000,0x00000000f34c1c48,0x00000000f5a80000)
  to   space 59392K, 0% used [0x00000000f8700000,0x00000000f8700000,0x00000000fc100000)
 ParOldGen       total 218624K, used 144622K [0x00000000c0000000, 0x00000000cd580000, 0x00000000eaa80000)
  object space 218624K, 66% used [0x00000000c0000000,0x00000000c8d3b948,0x00000000cd580000)
 PSPermGen       total 21504K, used 6272K [0x00000000b5a00000, 0x00000000b6f00000, 0x00000000c0000000)
  object space 21504K, 29% used [0x00000000b5a00000,0x00000000b6020200,0x00000000b6f00000)
Event: 33.184 GC heap after
Heap after GC invocations=15 (full 3):
 PSYoungGen      total 214528K, used 45604K [0x00000000eaa80000, 0x00000000fc100000, 0x0000000100000000)
  eden space 155136K, 0% used [0x00000000eaa80000,0x00000000eaa80000,0x00000000f4200000)
  from space 59392K, 76% used [0x00000000f8700000,0x00000000fb389210,0x00000000fc100000)
  to   space 65024K, 0% used [0x00000000f4200000,0x00000000f4200000,0x00000000f8180000)
 ParOldGen       total 218624K, used 159430K [0x00000000c0000000, 0x00000000cd580000, 0x00000000eaa80000)
  object space 218624K, 72% used [0x00000000c0000000,0x00000000c9bb1948,0x00000000cd580000)
 PSPermGen       total 21504K, used 6272K [0x00000000b5a00000, 0x00000000b6f00000, 0x00000000c0000000)
  object space 21504K, 29% used [0x00000000b5a00000,0x00000000b6020200,0x00000000b6f00000)
}
Event: 38.724 GC heap before
{Heap before GC invocations=16 (full 3):
 PSYoungGen      total 214528K, used 200740K [0x00000000eaa80000, 0x00000000fc100000, 0x0000000100000000)
  eden space 155136K, 100% used [0x00000000eaa80000,0x00000000f4200000,0x00000000f4200000)
  from space 59392K, 76% used [0x00000000f8700000,0x00000000fb389210,0x00000000fc100000)
  to   space 65024K, 0% used [0x00000000f4200000,0x00000000f4200000,0x00000000f8180000)
 ParOldGen       total 218624K, used 159430K [0x00000000c0000000, 0x00000000cd580000, 0x00000000eaa80000)
  object space 218624K, 72% used [0x00000000c0000000,0x00000000c9bb1948,0x00000000cd580000)
 PSPermGen       total 21504K, used 6281K [0x00000000b5a00000, 0x00000000b6f00000, 0x00000000c0000000)
  object space 21504K, 29% used [0x00000000b5a00000,0x00000000b6022508,0x00000000b6f00000)
Event: 39.313 GC heap after
Heap after GC invocations=16 (full 3):
 PSYoungGen      total 220160K, used 57526K [0x00000000eaa80000, 0x00000000ff000000, 0x0000000100000000)
  eden space 155136K, 0% used [0x00000000eaa80000,0x00000000eaa80000,0x00000000f4200000)
  from space 65024K, 88% used [0x00000000f4200000,0x00000000f7a2d868,0x00000000f8180000)
  to   space 73728K, 0% used [0x00000000fa800000,0x00000000fa800000,0x00000000ff000000)
 ParOldGen       total 218624K, used 159430K [0x00000000c0000000, 0x00000000cd580000, 0x00000000eaa80000)
  object space 218624K, 72% used [0x00000000c0000000,0x00000000c9bb1948,0x00000000cd580000)
 PSPermGen       total 21504K, used 6281K [0x00000000b5a00000, 0x00000000b6f00000, 0x00000000c0000000)
  object space 21504K, 29% used [0x00000000b5a00000,0x00000000b6022508,0x00000000b6f00000)
}
Event: 40.224 GC heap before
{Heap before GC invocations=17 (full 3):
 PSYoungGen      total 220160K, used 212662K [0x00000000eaa80000, 0x00000000ff000000, 0x0000000100000000)
  eden space 155136K, 100% used [0x00000000eaa80000,0x00000000f4200000,0x00000000f4200000)
  from space 65024K, 88% used [0x00000000f4200000,0x00000000f7a2d868,0x00000000f8180000)
  to   space 73728K, 0% used [0x00000000fa800000,0x00000000fa800000,0x00000000ff000000)
 ParOldGen       total 218624K, used 159430K [0x00000000c0000000, 0x00000000cd580000, 0x00000000eaa80000)
  object space 218624K, 72% used [0x00000000c0000000,0x00000000c9bb1948,0x00000000cd580000)
 PSPermGen       total 21504K, used 6283K [0x00000000b5a00000, 0x00000000b6f00000, 0x00000000c0000000)
  object space 21504K, 29% used [0x00000000b5a00000,0x00000000b6022db8,0x00000000b6f00000)
Event: 47.904 GC heap after
Heap after GC invocations=17 (full 3):
 PSYoungGen      total 204288K, used 73717K [0x00000000eaa80000, 0x0000000100000000, 0x0000000100000000)
  eden space 130560K, 0% used [0x00000000eaa80000,0x00000000eaa80000,0x00000000f2a00000)
  from space 73728K, 99% used [0x00000000fa800000,0x00000000feffd5e0,0x00000000ff000000)
  to   space 109568K, 0% used [0x00000000f2a00000,0x00000000f2a00000,0x00000000f9500000)
 ParOldGen       total 223232K, used 222107K [0x00000000c0000000, 0x00000000cda00000, 0x00000000eaa80000)
  object space 223232K, 99% used [0x00000000c0000000,0x00000000cd8e6cb8,0x00000000cda00000)
 PSPermGen       total 21504K, used 6283K [0x00000000b5a00000, 0x00000000b6f00000, 0x00000000c0000000)
  object space 21504K, 29% used [0x00000000b5a00000,0x00000000b6022db8,0x00000000b6f00000)
}
Event: 47.904 GC heap before
{Heap before GC invocations=18 (full 4):
 PSYoungGen      total 204288K, used 73717K [0x00000000eaa80000, 0x0000000100000000, 0x0000000100000000)
  eden space 130560K, 0% used [0x00000000eaa80000,0x00000000eaa80000,0x00000000f2a00000)
  from space 73728K, 99% used [0x00000000fa800000,0x00000000feffd5e0,0x00000000ff000000)
  to   space 109568K, 0% used [0x00000000f2a00000,0x00000000f2a00000,0x00000000f9500000)
 ParOldGen       total 223232K, used 222107K [0x00000000c0000000, 0x00000000cda00000, 0x00000000eaa80000)
  object space 223232K, 99% used [0x00000000c0000000,0x00000000cd8e6cb8,0x00000000cda00000)
 PSPermGen       total 21504K, used 6283K [0x00000000b5a00000, 0x00000000b6f00000, 0x00000000c0000000)
  object space 21504K, 29% used [0x00000000b5a00000,0x00000000b6022db8,0x00000000b6f00000)

Deoptimization events (10 events):
Event: 21.540 Thread 0x00007fac5c19c800 Uncommon trap: reason=predicate action=maybe_recompile pc=0x00007fac590c24f8 method=com.android.dx.ssa.DomFront.run()[Lcom/android/dx/ssa/DomFront$DomInfo; @ 175
Event: 21.683 Thread 0x00007fac5c00a800 Uncommon trap: reason=bimorphic action=maybe_recompile pc=0x00007fac5916c48c method=com.android.dx.ssa.SCCP.simulatePhi(Lcom/android/dx/ssa/PhiInsn;)V @ 124
Event: 22.231 Thread 0x00007fac5c193000 Uncommon trap: reason=unloaded action=reinterpret pc=0x00007fac59088148 method=com.android.dx.ssa.SetFactory.makeLivenessSet(I)Lcom/android/dx/util/IntSet; @ 18
Event: 33.437 Thread 0x00007fac5c193000 Uncommon trap: reason=class_check action=maybe_recompile pc=0x00007fac591d3488 method=com.android.dx.ssa.back.InterferenceGraph.mergeInterferenceSet(ILcom/android/dx/util/IntSet;)V @ 20
Event: 33.479 Thread 0x00007fac5c199800 Uncommon trap: reason=class_check action=maybe_recompile pc=0x00007fac591d3488 method=com.android.dx.ssa.back.InterferenceGraph.mergeInterferenceSet(ILcom/android/dx/util/IntSet;)V @ 20
Event: 34.069 Thread 0x00007fac5c19c800 Uncommon trap: reason=class_check action=maybe_recompile pc=0x00007fac591d3488 method=com.android.dx.ssa.back.InterferenceGraph.mergeInterferenceSet(ILcom/android/dx/util/IntSet;)V @ 20
Event: 34.642 Thread 0x00007fac5c00a800 Uncommon trap: reason=class_check action=maybe_recompile pc=0x00007fac590f6414 method=com.android.dx.ssa.SCCP.simulateBranch(Lcom/android/dx/ssa/SsaInsn;)V @ 145
Event: 34.779 Thread 0x00007fac5c00a800 Uncommon trap: reason=unstable_if action=reinterpret pc=0x00007fac5916bc5c method=com.android.dx.ssa.SCCP.run()V @ 179
Event: 35.213 Thread 0x00007fac5c00a800 Uncommon trap: reason=unstable_if action=reinterpret pc=0x00007fac5915056c method=com.android.dx.ssa.SCCP.simulateStmt(Lcom/android/dx/ssa/SsaInsn;)V @ 59
Event: 36.628 Thread 0x00007fac5c19a800 Uncommon trap: reason=class_check action=maybe_recompile pc=0x00007fac591d3488 method=com.android.dx.ssa.back.InterferenceGraph.mergeInterferenceSet(ILcom/android/dx/util/IntSet;)V @ 20

Internal exceptions (10 events):
Event: 2.495 Thread 0x00007fac5c00a800 Threw 0x00000000eb25a098 at /build/openjdk-7-zaTxYK/openjdk-7-7u91-2.6.3/build/openjdk/hotspot/src/share/vm/prims/jvm.cpp:1322
Event: 3.123 Thread 0x00007fac5c00a800 Implicit null exception at 0x00007fac5908a515 to 0x00007fac5908a6ed
Event: 3.634 Thread 0x00007fac5c00a800 Threw 0x00000000eaf08ab0 at /build/openjdk-7-zaTxYK/openjdk-7-7u91-2.6.3/build/openjdk/hotspot/src/share/vm/prims/jvm.cpp:1322
Event: 5.802 Thread 0x00007fac5c00a800 Threw 0x00000000ebe5a818 at /build/openjdk-7-zaTxYK/openjdk-7-7u91-2.6.3/build/openjdk/hotspot/src/share/vm/prims/jvm.cpp:1322
Event: 8.171 Thread 0x00007fac5c193000 Threw 0x00000000ec183fc0 at /build/openjdk-7-zaTxYK/openjdk-7-7u91-2.6.3/build/openjdk/hotspot/src/share/vm/prims/jvm.cpp:1322
Event: 10.171 Thread 0x00007fac5c19c800 Threw 0x00000000ed6a9d70 at /build/openjdk-7-zaTxYK/openjdk-7-7u91-2.6.3/build/openjdk/hotspot/src/share/vm/prims/jvm.cpp:1322
Event: 11.333 Thread 0x00007fac5c00a800 Implicit null exception at 0x00007fac5910414b to 0x00007fac5910482d
Event: 13.926 Thread 0x00007fac5c00a800 Implicit null exception at 0x00007fac591377b9 to 0x00007fac5913b3e5
Event: 21.541 Thread 0x00007fac5c19c800 Threw 0x00000000ebb80a58 at /build/openjdk-7-zaTxYK/openjdk-7-7u91-2.6.3/build/openjdk/hotspot/src/share/vm/prims/jvm.cpp:1322
Event: 21.611 Thread 0x00007fac5c19c800 Threw 0x00000000ecd642e0 at /build/openjdk-7-zaTxYK/openjdk-7-7u91-2.6.3/build/openjdk/hotspot/src/share/vm/prims/jvm.cpp:1322

Events (10 events):
Event: 35.213 Thread 0x00007fac5c00a800 DEOPT PACKING pc=0x00007fac5915056c sp=0x00007fac6473f970
Event: 35.213 Thread 0x00007fac5c00a800 DEOPT UNPACKING pc=0x00007fac59039445 sp=0x00007fac6473f908 mode 2
Event: 36.622 Thread 0x00007fac5c0ae800 flushing nmethod 0x00007fac59087850
Event: 36.628 Thread 0x00007fac5c19a800 Uncommon trap: trap_request=0xffffffde fr.pc=0x00007fac591d3488
Event: 36.628 Thread 0x00007fac5c19a800 DEOPT PACKING pc=0x00007fac591d3488 sp=0x00007fac235781a0
Event: 36.628 Thread 0x00007fac5c19a800 DEOPT UNPACKING pc=0x00007fac59039445 sp=0x00007fac23577ff0 mode 2
Event: 37.264 Thread 0x00007fac5c0ab800 flushing nmethod 0x00007fac590bf290
Event: 38.658 Executing VM operation: ParallelGCFailedAllocation
Event: 39.313 Executing VM operation: ParallelGCFailedAllocation done
Event: 40.210 Executing VM operation: ParallelGCFailedAllocation


Dynamic libraries:
00400000-00401000 r-xp 00000000 08:01 4204455                            /usr/lib/jvm/java-7-openjdk-amd64/jre/bin/java
00600000-00601000 r--p 00000000 08:01 4204455                            /usr/lib/jvm/java-7-openjdk-amd64/jre/bin/java
00601000-00602000 rw-p 00001000 08:01 4204455                            /usr/lib/jvm/java-7-openjdk-amd64/jre/bin/java
01d3f000-01d60000 rw-p 00000000 00:00 0                                  [heap]
b5a00000-b6f00000 rw-p 00000000 00:00 0 
b6f00000-c0000000 rw-p 00000000 00:00 0 
c0000000-cda00000 rw-p 00000000 00:00 0 
d0100000-eaa80000 rw-p 00000000 00:00 0 
eaa80000-100000000 rw-p 00000000 00:00 0 
7fac0c000000-7fac0c021000 rw-p 00000000 00:00 0 
7fac0c021000-7fac10000000 ---p 00000000 00:00 0 
7fac10000000-7fac10021000 rw-p 00000000 00:00 0 
7fac10021000-7fac14000000 ---p 00000000 00:00 0 
7fac14000000-7fac14021000 rw-p 00000000 00:00 0 
7fac14021000-7fac18000000 ---p 00000000 00:00 0 
7fac18000000-7fac18029000 rw-p 00000000 00:00 0 
7fac18029000-7fac1c000000 ---p 00000000 00:00 0 
7fac1c000000-7fac1c044000 rw-p 00000000 00:00 0 
7fac1c044000-7fac20000000 ---p 00000000 00:00 0 
7fac23378000-7fac2337b000 ---p 00000000 00:00 0 
7fac2337b000-7fac23479000 rw-p 00000000 00:00 0                          [stack:24735]
7fac23479000-7fac2347c000 ---p 00000000 00:00 0 
7fac2347c000-7fac2357a000 rw-p 00000000 00:00 0                          [stack:24734]
7fac2357a000-7fac2357d000 ---p 00000000 00:00 0 
7fac2357d000-7fac2367b000 rw-p 00000000 00:00 0                          [stack:24733]
7fac2367b000-7fac2367e000 ---p 00000000 00:00 0 
7fac2367e000-7fac2377c000 rw-p 00000000 00:00 0                          [stack:24732]
7fac2377c000-7fac237b9000 r-xp 00000000 08:01 5116281                    /lib/x86_64-linux-gnu/libpcre.so.3.13.1
7fac237b9000-7fac239b8000 ---p 0003d000 08:01 5116281                    /lib/x86_64-linux-gnu/libpcre.so.3.13.1
7fac239b8000-7fac239b9000 r--p 0003c000 08:01 5116281                    /lib/x86_64-linux-gnu/libpcre.so.3.13.1
7fac239b9000-7fac239ba000 rw-p 0003d000 08:01 5116281                    /lib/x86_64-linux-gnu/libpcre.so.3.13.1
7fac239ba000-7fac239c1000 r-xp 00000000 08:01 4202859                    /usr/lib/x86_64-linux-gnu/libffi.so.6.0.1
7fac239c1000-7fac23bc0000 ---p 00007000 08:01 4202859                    /usr/lib/x86_64-linux-gnu/libffi.so.6.0.1
7fac23bc0000-7fac23bc1000 r--p 00006000 08:01 4202859                    /usr/lib/x86_64-linux-gnu/libffi.so.6.0.1
7fac23bc1000-7fac23bc2000 rw-p 00007000 08:01 4202859                    /usr/lib/x86_64-linux-gnu/libffi.so.6.0.1
7fac23bc2000-7fac23bd9000 r-xp 00000000 08:01 5116304                    /lib/x86_64-linux-gnu/libresolv-2.19.so
7fac23bd9000-7fac23dd9000 ---p 00017000 08:01 5116304                    /lib/x86_64-linux-gnu/libresolv-2.19.so
7fac23dd9000-7fac23dda000 r--p 00017000 08:01 5116304                    /lib/x86_64-linux-gnu/libresolv-2.19.so
7fac23dda000-7fac23ddb000 rw-p 00018000 08:01 5116304                    /lib/x86_64-linux-gnu/libresolv-2.19.so
7fac23ddb000-7fac23ddd000 rw-p 00000000 00:00 0 
7fac23ddd000-7fac23dfd000 r-xp 00000000 08:01 5116308                    /lib/x86_64-linux-gnu/libselinux.so.1
7fac23dfd000-7fac23ffc000 ---p 00020000 08:01 5116308                    /lib/x86_64-linux-gnu/libselinux.so.1
7fac23ffc000-7fac23ffd000 r--p 0001f000 08:01 5116308                    /lib/x86_64-linux-gnu/libselinux.so.1
7fac23ffd000-7fac23ffe000 rw-p 00020000 08:01 5116308                    /lib/x86_64-linux-gnu/libselinux.so.1
7fac23ffe000-7fac24000000 rw-p 00000000 00:00 0 
7fac24000000-7fac24021000 rw-p 00000000 00:00 0 
7fac24021000-7fac28000000 ---p 00000000 00:00 0 
7fac28000000-7fac28021000 rw-p 00000000 00:00 0 
7fac28021000-7fac2c000000 ---p 00000000 00:00 0 
7fac2c000000-7fac2dc1d000 rw-p 00000000 00:00 0 
7fac2dc1d000-7fac30000000 ---p 00000000 00:00 0 
7fac30000000-7fac315c2000 rw-p 00000000 00:00 0 
7fac315c2000-7fac34000000 ---p 00000000 00:00 0 
7fac34000000-7fac34021000 rw-p 00000000 00:00 0 
7fac34021000-7fac38000000 ---p 00000000 00:00 0 
7fac38000000-7fac38021000 rw-p 00000000 00:00 0 
7fac38021000-7fac3c000000 ---p 00000000 00:00 0 
7fac3c000000-7fac3c021000 rw-p 00000000 00:00 0 
7fac3c021000-7fac40000000 ---p 00000000 00:00 0 
7fac40000000-7fac40021000 rw-p 00000000 00:00 0 
7fac40021000-7fac44000000 ---p 00000000 00:00 0 
7fac44000000-7fac44021000 rw-p 00000000 00:00 0 
7fac44021000-7fac48000000 ---p 00000000 00:00 0 
7fac48000000-7fac4824a000 rw-p 00000000 00:00 0 
7fac4824a000-7fac4c000000 ---p 00000000 00:00 0 
7fac4c000000-7fac4c021000 rw-p 00000000 00:00 0 
7fac4c021000-7fac50000000 ---p 00000000 00:00 0 
7fac500bf000-7fac500c2000 ---p 00000000 00:00 0 
7fac500c2000-7fac501f1000 rw-p 00000000 00:00 0                          [stack:24731]
7fac501f1000-7fac501f4000 r-xp 00000000 08:01 4202972                    /usr/lib/x86_64-linux-gnu/libgmodule-2.0.so.0.4002.0
7fac501f4000-7fac503f3000 ---p 00003000 08:01 4202972                    /usr/lib/x86_64-linux-gnu/libgmodule-2.0.so.0.4002.0
7fac503f3000-7fac503f4000 r--p 00002000 08:01 4202972                    /usr/lib/x86_64-linux-gnu/libgmodule-2.0.so.0.4002.0
7fac503f4000-7fac503f5000 rw-p 00003000 08:01 4202972                    /usr/lib/x86_64-linux-gnu/libgmodule-2.0.so.0.4002.0
7fac503f5000-7fac504fb000 r-xp 00000000 08:01 5116209                    /lib/x86_64-linux-gnu/libglib-2.0.so.0.4002.0
7fac504fb000-7fac506fa000 ---p 00106000 08:01 5116209                    /lib/x86_64-linux-gnu/libglib-2.0.so.0.4002.0
7fac506fa000-7fac506fb000 r--p 00105000 08:01 5116209                    /lib/x86_64-linux-gnu/libglib-2.0.so.0.4002.0
7fac506fb000-7fac506fc000 rw-p 00106000 08:01 5116209                    /lib/x86_64-linux-gnu/libglib-2.0.so.0.4002.0
7fac506fc000-7fac506fd000 rw-p 00000000 00:00 0 
7fac506fd000-7fac5074c000 r-xp 00000000 08:01 4202988                    /usr/lib/x86_64-linux-gnu/libgobject-2.0.so.0.4002.0
7fac5074c000-7fac5094c000 ---p 0004f000 08:01 4202988                    /usr/lib/x86_64-linux-gnu/libgobject-2.0.so.0.4002.0
7fac5094c000-7fac5094d000 r--p 0004f000 08:01 4202988                    /usr/lib/x86_64-linux-gnu/libgobject-2.0.so.0.4002.0
7fac5094d000-7fac5094e000 rw-p 00050000 08:01 4202988                    /usr/lib/x86_64-linux-gnu/libgobject-2.0.so.0.4002.0
7fac5094e000-7fac50aba000 r-xp 00000000 08:01 4202960                    /usr/lib/x86_64-linux-gnu/libgio-2.0.so.0.4002.0
7fac50aba000-7fac50cb9000 ---p 0016c000 08:01 4202960                    /usr/lib/x86_64-linux-gnu/libgio-2.0.so.0.4002.0
7fac50cb9000-7fac50cbd000 r--p 0016b000 08:01 4202960                    /usr/lib/x86_64-linux-gnu/libgio-2.0.so.0.4002.0
7fac50cbd000-7fac50cbf000 rw-p 0016f000 08:01 4202960                    /usr/lib/x86_64-linux-gnu/libgio-2.0.so.0.4002.0
7fac50cbf000-7fac50cc1000 rw-p 00000000 00:00 0 
7fac50cc1000-7fac50cd8000 r-xp 00000000 08:01 4204518                    /usr/lib/jvm/java-7-openjdk-amd64/jre/lib/amd64/libnet.so
7fac50cd8000-7fac50ed7000 ---p 00017000 08:01 4204518                    /usr/lib/jvm/java-7-openjdk-amd64/jre/lib/amd64/libnet.so
7fac50ed7000-7fac50ed8000 r--p 00016000 08:01 4204518                    /usr/lib/jvm/java-7-openjdk-amd64/jre/lib/amd64/libnet.so
7fac50ed8000-7fac50ed9000 rw-p 00017000 08:01 4204518                    /usr/lib/jvm/java-7-openjdk-amd64/jre/lib/amd64/libnet.so
7fac50ed9000-7fac50ee9000 r-xp 00000000 08:01 4204485                    /usr/lib/jvm/java-7-openjdk-amd64/jre/lib/amd64/libnio.so
7fac50ee9000-7fac510e9000 ---p 00010000 08:01 4204485                    /usr/lib/jvm/java-7-openjdk-amd64/jre/lib/amd64/libnio.so
7fac510e9000-7fac510ea000 r--p 00010000 08:01 4204485                    /usr/lib/jvm/java-7-openjdk-amd64/jre/lib/amd64/libnio.so
7fac510ea000-7fac510eb000 rw-p 00011000 08:01 4204485                    /usr/lib/jvm/java-7-openjdk-amd64/jre/lib/amd64/libnio.so
7fac510eb000-7fac510ec000 ---p 00000000 00:00 0 
7fac510ec000-7fac511ec000 rw-p 00000000 00:00 0                          [stack:24729]
7fac511ec000-7fac511ef000 ---p 00000000 00:00 0 
7fac511ef000-7fac512ed000 rw-p 00000000 00:00 0                          [stack:24728]
7fac512ed000-7fac512f0000 ---p 00000000 00:00 0 
7fac512f0000-7fac513ee000 rw-p 00000000 00:00 0                          [stack:24727]
7fac513ee000-7fac51ad0000 r--p 00000000 08:01 4201489                    /usr/lib/locale/locale-archive
7fac51ad0000-7fac54000000 rw-p 00000000 00:00 0 
7fac54000000-7fac54021000 rw-p 00000000 00:00 0 
7fac54021000-7fac58000000 ---p 00000000 00:00 0 
7fac58046000-7fac5805e000 r--s 000e7000 08:01 2505409                    /home/joseph/sweepersd/app/SweeperSD/app/build/intermediates/exploded-aar/com.google.android.gms/play-services-ads/8.3.0/jars/classes.jar
7fac5805e000-7fac5806d000 r--s 000df000 08:01 6029891                    /home/joseph/Android/Sdk/build-tools/23.0.2/lib/dx.jar
7fac5806d000-7fac58070000 ---p 00000000 00:00 0 
7fac58070000-7fac5816e000 rw-p 00000000 00:00 0                          [stack:24726]
7fac5816e000-7fac58171000 ---p 00000000 00:00 0 
7fac58171000-7fac5826f000 rw-p 00000000 00:00 0                          [stack:24725]
7fac5826f000-7fac58272000 ---p 00000000 00:00 0 
7fac58272000-7fac58370000 rw-p 00000000 00:00 0                          [stack:24724]
7fac58370000-7fac58373000 ---p 00000000 00:00 0 
7fac58373000-7fac58471000 rw-p 00000000 00:00 0                          [stack:24723]
7fac58471000-7fac58472000 ---p 00000000 00:00 0 
7fac58472000-7fac59000000 rw-p 00000000 00:00 0                          [stack:24722]
7fac59000000-7fac59270000 rwxp 00000000 00:00 0 
7fac59270000-7fac5c1bc000 rw-p 00000000 00:00 0 
7fac5c1bc000-7fac60000000 ---p 00000000 00:00 0 
7fac60005000-7fac60574000 rw-p 00000000 00:00 0 
7fac60574000-7fac60726000 r--s 01d2e000 08:01 4204478                    /usr/lib/jvm/java-7-openjdk-amd64/jre/lib/rt.jar
7fac60726000-7fac60a72000 rw-p 00000000 00:00 0 
7fac60a72000-7fac60a73000 ---p 00000000 00:00 0 
7fac60a73000-7fac60b73000 rw-p 00000000 00:00 0                          [stack:24721]
7fac60b73000-7fac60b74000 ---p 00000000 00:00 0 
7fac60b74000-7fac60c74000 rw-p 00000000 00:00 0                          [stack:24720]
7fac60c74000-7fac60c75000 ---p 00000000 00:00 0 
7fac60c75000-7fac60d75000 rw-p 00000000 00:00 0                          [stack:24719]
7fac60d75000-7fac60d76000 ---p 00000000 00:00 0 
7fac60d76000-7fac60e81000 rw-p 00000000 00:00 0                          [stack:24718]
7fac60e81000-7fac60ec9000 rw-p 00000000 00:00 0 
7fac60ec9000-7fac60f36000 rw-p 00000000 00:00 0 
7fac60f36000-7fac6101f000 rw-p 00000000 00:00 0 
7fac6101f000-7fac6102a000 rw-p 00000000 00:00 0 
7fac6102a000-7fac61072000 rw-p 00000000 00:00 0 
7fac61072000-7fac610df000 rw-p 00000000 00:00 0 
7fac610df000-7fac611c7000 rw-p 00000000 00:00 0 
7fac611c7000-7fac61272000 rw-p 00000000 00:00 0 
7fac61272000-7fac61273000 rw-p 00000000 00:00 0 
7fac61273000-7fac6127b000 r-xp 00000000 08:01 4204489                    /usr/lib/jvm/java-7-openjdk-amd64/jre/lib/amd64/libzip.so
7fac6127b000-7fac6147a000 ---p 00008000 08:01 4204489                    /usr/lib/jvm/java-7-openjdk-amd64/jre/lib/amd64/libzip.so
7fac6147a000-7fac6147b000 r--p 00007000 08:01 4204489                    /usr/lib/jvm/java-7-openjdk-amd64/jre/lib/amd64/libzip.so
7fac6147b000-7fac6147c000 rw-p 00008000 08:01 4204489                    /usr/lib/jvm/java-7-openjdk-amd64/jre/lib/amd64/libzip.so
7fac6147c000-7fac61487000 r-xp 00000000 08:01 5116253                    /lib/x86_64-linux-gnu/libnss_files-2.19.so
7fac61487000-7fac61686000 ---p 0000b000 08:01 5116253                    /lib/x86_64-linux-gnu/libnss_files-2.19.so
7fac61686000-7fac61687000 r--p 0000a000 08:01 5116253                    /lib/x86_64-linux-gnu/libnss_files-2.19.so
7fac61687000-7fac61688000 rw-p 0000b000 08:01 5116253                    /lib/x86_64-linux-gnu/libnss_files-2.19.so
7fac61688000-7fac61693000 r-xp 00000000 08:01 5116263                    /lib/x86_64-linux-gnu/libnss_nis-2.19.so
7fac61693000-7fac61892000 ---p 0000b000 08:01 5116263                    /lib/x86_64-linux-gnu/libnss_nis-2.19.so
7fac61892000-7fac61893000 r--p 0000a000 08:01 5116263                    /lib/x86_64-linux-gnu/libnss_nis-2.19.so
7fac61893000-7fac61894000 rw-p 0000b000 08:01 5116263                    /lib/x86_64-linux-gnu/libnss_nis-2.19.so
7fac61894000-7fac618ab000 r-xp 00000000 08:01 5116247                    /lib/x86_64-linux-gnu/libnsl-2.19.so
7fac618ab000-7fac61aaa000 ---p 00017000 08:01 5116247                    /lib/x86_64-linux-gnu/libnsl-2.19.so
7fac61aaa000-7fac61aab000 r--p 00016000 08:01 5116247                    /lib/x86_64-linux-gnu/libnsl-2.19.so
7fac61aab000-7fac61aac000 rw-p 00017000 08:01 5116247                    /lib/x86_64-linux-gnu/libnsl-2.19.so
7fac61aac000-7fac61aae000 rw-p 00000000 00:00 0 
7fac61aae000-7fac61ab7000 r-xp 00000000 08:01 5116249                    /lib/x86_64-linux-gnu/libnss_compat-2.19.so
7fac61ab7000-7fac61cb6000 ---p 00009000 08:01 5116249                    /lib/x86_64-linux-gnu/libnss_compat-2.19.so
7fac61cb6000-7fac61cb7000 r--p 00008000 08:01 5116249                    /lib/x86_64-linux-gnu/libnss_compat-2.19.so
7fac61cb7000-7fac61cb8000 rw-p 00009000 08:01 5116249                    /lib/x86_64-linux-gnu/libnss_compat-2.19.so
7fac61cb8000-7fac61ce3000 r-xp 00000000 08:01 4204497                    /usr/lib/jvm/java-7-openjdk-amd64/jre/lib/amd64/libjava.so
7fac61ce3000-7fac61ee3000 ---p 0002b000 08:01 4204497                    /usr/lib/jvm/java-7-openjdk-amd64/jre/lib/amd64/libjava.so
7fac61ee3000-7fac61ee4000 r--p 0002b000 08:01 4204497                    /usr/lib/jvm/java-7-openjdk-amd64/jre/lib/amd64/libjava.so
7fac61ee4000-7fac61ee6000 rw-p 0002c000 08:01 4204497                    /usr/lib/jvm/java-7-openjdk-amd64/jre/lib/amd64/libjava.so
7fac61ee6000-7fac61ef6000 r-xp 00000000 08:01 4204513                    /usr/lib/jvm/java-7-openjdk-amd64/jre/lib/amd64/libverify.so
7fac61ef6000-7fac620f5000 ---p 00010000 08:01 4204513                    /usr/lib/jvm/java-7-openjdk-amd64/jre/lib/amd64/libverify.so
7fac620f5000-7fac620f7000 r--p 0000f000 08:01 4204513                    /usr/lib/jvm/java-7-openjdk-amd64/jre/lib/amd64/libverify.so
7fac620f7000-7fac620f8000 rw-p 00011000 08:01 4204513                    /usr/lib/jvm/java-7-openjdk-amd64/jre/lib/amd64/libverify.so
7fac620f8000-7fac620ff000 r-xp 00000000 08:01 5116306                    /lib/x86_64-linux-gnu/librt-2.19.so
7fac620ff000-7fac622fe000 ---p 00007000 08:01 5116306                    /lib/x86_64-linux-gnu/librt-2.19.so
7fac622fe000-7fac622ff000 r--p 00006000 08:01 5116306                    /lib/x86_64-linux-gnu/librt-2.19.so
7fac622ff000-7fac62300000 rw-p 00007000 08:01 5116306                    /lib/x86_64-linux-gnu/librt-2.19.so
7fac62300000-7fac62316000 r-xp 00000000 08:01 5116205                    /lib/x86_64-linux-gnu/libgcc_s.so.1
7fac62316000-7fac62515000 ---p 00016000 08:01 5116205                    /lib/x86_64-linux-gnu/libgcc_s.so.1
7fac62515000-7fac62516000 rw-p 00015000 08:01 5116205                    /lib/x86_64-linux-gnu/libgcc_s.so.1
7fac62516000-7fac6261b000 r-xp 00000000 08:01 5116228                    /lib/x86_64-linux-gnu/libm-2.19.so
7fac6261b000-7fac6281a000 ---p 00105000 08:01 5116228                    /lib/x86_64-linux-gnu/libm-2.19.so
7fac6281a000-7fac6281b000 r--p 00104000 08:01 5116228                    /lib/x86_64-linux-gnu/libm-2.19.so
7fac6281b000-7fac6281c000 rw-p 00105000 08:01 5116228                    /lib/x86_64-linux-gnu/libm-2.19.so
7fac6281c000-7fac62902000 r-xp 00000000 08:01 4194482                    /usr/lib/x86_64-linux-gnu/libstdc++.so.6.0.19
7fac62902000-7fac62b01000 ---p 000e6000 08:01 4194482                    /usr/lib/x86_64-linux-gnu/libstdc++.so.6.0.19
7fac62b01000-7fac62b09000 r--p 000e5000 08:01 4194482                    /usr/lib/x86_64-linux-gnu/libstdc++.so.6.0.19
7fac62b09000-7fac62b0b000 rw-p 000ed000 08:01 4194482                    /usr/lib/x86_64-linux-gnu/libstdc++.so.6.0.19
7fac62b0b000-7fac62b20000 rw-p 00000000 00:00 0 
7fac62b20000-7fac63644000 r-xp 00000000 08:01 4204504                    /usr/lib/jvm/java-7-openjdk-amd64/jre/lib/amd64/server/libjvm.so
7fac63644000-7fac63844000 ---p 00b24000 08:01 4204504                    /usr/lib/jvm/java-7-openjdk-amd64/jre/lib/amd64/server/libjvm.so
7fac63844000-7fac638de000 r--p 00b24000 08:01 4204504                    /usr/lib/jvm/java-7-openjdk-amd64/jre/lib/amd64/server/libjvm.so
7fac638de000-7fac63901000 rw-p 00bbe000 08:01 4204504                    /usr/lib/jvm/java-7-openjdk-amd64/jre/lib/amd64/server/libjvm.so
7fac63901000-7fac6392f000 rw-p 00000000 00:00 0 
7fac6392f000-7fac63947000 r-xp 00000000 08:01 5116341                    /lib/x86_64-linux-gnu/libz.so.1.2.8
7fac63947000-7fac63b46000 ---p 00018000 08:01 5116341                    /lib/x86_64-linux-gnu/libz.so.1.2.8
7fac63b46000-7fac63b47000 r--p 00017000 08:01 5116341                    /lib/x86_64-linux-gnu/libz.so.1.2.8
7fac63b47000-7fac63b48000 rw-p 00018000 08:01 5116341                    /lib/x86_64-linux-gnu/libz.so.1.2.8
7fac63b48000-7fac63b61000 r-xp 00000000 08:01 5116298                    /lib/x86_64-linux-gnu/libpthread-2.19.so
7fac63b61000-7fac63d60000 ---p 00019000 08:01 5116298                    /lib/x86_64-linux-gnu/libpthread-2.19.so
7fac63d60000-7fac63d61000 r--p 00018000 08:01 5116298                    /lib/x86_64-linux-gnu/libpthread-2.19.so
7fac63d61000-7fac63d62000 rw-p 00019000 08:01 5116298                    /lib/x86_64-linux-gnu/libpthread-2.19.so
7fac63d62000-7fac63d66000 rw-p 00000000 00:00 0 
7fac63d66000-7fac63d69000 r-xp 00000000 08:01 5116195                    /lib/x86_64-linux-gnu/libdl-2.19.so
7fac63d69000-7fac63f68000 ---p 00003000 08:01 5116195                    /lib/x86_64-linux-gnu/libdl-2.19.so
7fac63f68000-7fac63f69000 r--p 00002000 08:01 5116195                    /lib/x86_64-linux-gnu/libdl-2.19.so
7fac63f69000-7fac63f6a000 rw-p 00003000 08:01 5116195                    /lib/x86_64-linux-gnu/libdl-2.19.so
7fac63f6a000-7fac64125000 r-xp 00000000 08:01 5116178                    /lib/x86_64-linux-gnu/libc-2.19.so
7fac64125000-7fac64324000 ---p 001bb000 08:01 5116178                    /lib/x86_64-linux-gnu/libc-2.19.so
7fac64324000-7fac64328000 r--p 001ba000 08:01 5116178                    /lib/x86_64-linux-gnu/libc-2.19.so
7fac64328000-7fac6432a000 rw-p 001be000 08:01 5116178                    /lib/x86_64-linux-gnu/libc-2.19.so
7fac6432a000-7fac6432f000 rw-p 00000000 00:00 0 
7fac6432f000-7fac6433c000 r-xp 00000000 08:01 4204515                    /usr/lib/jvm/java-7-openjdk-amd64/jre/lib/amd64/jli/libjli.so
7fac6433c000-7fac6453b000 ---p 0000d000 08:01 4204515                    /usr/lib/jvm/java-7-openjdk-amd64/jre/lib/amd64/jli/libjli.so
7fac6453b000-7fac6453c000 r--p 0000c000 08:01 4204515                    /usr/lib/jvm/java-7-openjdk-amd64/jre/lib/amd64/jli/libjli.so
7fac6453c000-7fac6453d000 rw-p 0000d000 08:01 4204515                    /usr/lib/jvm/java-7-openjdk-amd64/jre/lib/amd64/jli/libjli.so
7fac6453d000-7fac64560000 r-xp 00000000 08:01 5116154                    /lib/x86_64-linux-gnu/ld-2.19.so
7fac64560000-7fac64561000 rw-p 00000000 00:00 0 
7fac64561000-7fac64563000 r--s 00006000 08:01 4595272                    /usr/share/java/java-atk-wrapper.jar
7fac64563000-7fac64567000 r--s 00085000 08:01 4204470                    /usr/lib/jvm/java-7-openjdk-amd64/jre/lib/ext/localedata.jar
7fac64567000-7fac64569000 r--s 00012000 08:01 4204469                    /usr/lib/jvm/java-7-openjdk-amd64/jre/lib/ext/zipfs.jar
7fac64569000-7fac6458b000 rw-p 00000000 00:00 0 
7fac6458b000-7fac64641000 rw-p 00000000 00:00 0 
7fac64641000-7fac64644000 ---p 00000000 00:00 0 
7fac64644000-7fac64747000 rw-p 00000000 00:00 0                          [stack:24715]
7fac64747000-7fac6474b000 r--s 0003c000 08:01 4204473                    /usr/lib/jvm/java-7-openjdk-amd64/jre/lib/ext/sunpkcs11.jar
7fac6474b000-7fac6474c000 r--s 00002000 08:01 4204474                    /usr/lib/jvm/java-7-openjdk-amd64/jre/lib/ext/dnsns.jar
7fac6474c000-7fac64750000 r--s 00034000 08:01 4204472                    /usr/lib/jvm/java-7-openjdk-amd64/jre/lib/ext/sunjce_provider.jar
7fac64750000-7fac64753000 r--s 0000f000 08:01 4204471                    /usr/lib/jvm/java-7-openjdk-amd64/jre/lib/ext/icedtea-sound.jar
7fac64753000-7fac6475b000 rw-s 00000000 08:01 5911659                    /tmp/hsperfdata_joseph/24713
7fac6475b000-7fac6475c000 rw-p 00000000 00:00 0 
7fac6475c000-7fac6475d000 ---p 00000000 00:00 0 
7fac6475d000-7fac6475f000 rw-p 00000000 00:00 0 
7fac6475f000-7fac64760000 r--p 00022000 08:01 5116154                    /lib/x86_64-linux-gnu/ld-2.19.so
7fac64760000-7fac64761000 rw-p 00023000 08:01 5116154                    /lib/x86_64-linux-gnu/ld-2.19.so
7fac64761000-7fac64762000 rw-p 00000000 00:00 0 
7fff98579000-7fff9859a000 rw-p 00000000 00:00 0                          [stack]
7fff9859b000-7fff9859d000 r--p 00000000 00:00 0                          [vvar]
7fff9859d000-7fff9859f000 r-xp 00000000 00:00 0                          [vdso]
ffffffffff600000-ffffffffff601000 r-xp 00000000 00:00 0                  [vsyscall]

VM Arguments:
jvm_args: -Djava.awt.headless=true -Xmx1024M -Dfile.encoding=UTF-8 -Duser.country=US -Duser.language=en -Duser.variant 
java_command: com.android.dx.command.Main --dex --num-threads=4 --output /home/joseph/sweepersd/app/SweeperSD/app/build/intermediates/pre-dexed/debug/com.google.android.gms-play-services-ads-8.3.0_eebc5e6f420faf566ae6a2af6b5ddc47e9e5a3e4.jar /home/joseph/sweepersd/app/SweeperSD/app/build/intermediates/exploded-aar/com.google.android.gms/play-services-ads/8.3.0/jars/classes.jar
Launcher Type: SUN_STANDARD

Environment Variables:
PATH=/usr/local/sbin:/usr/local/bin:/usr/sbin:/usr/bin:/sbin:/bin:/usr/games:/usr/local/games
SHELL=/bin/bash
DISPLAY=:0

Signal Handlers:
SIGSEGV: [libjvm.so+0x9548f0], sa_mask[0]=0x7ffbfeff, sa_flags=0x10000004
SIGBUS: [libjvm.so+0x9548f0], sa_mask[0]=0x7ffbfeff, sa_flags=0x10000004
SIGFPE: [libjvm.so+0x7cb0b0], sa_mask[0]=0x7ffbfeff, sa_flags=0x10000004
SIGPIPE: [libjvm.so+0x7cb0b0], sa_mask[0]=0x7ffbfeff, sa_flags=0x10000004
SIGXFSZ: [libjvm.so+0x7cb0b0], sa_mask[0]=0x7ffbfeff, sa_flags=0x10000004
SIGILL: [libjvm.so+0x7cb0b0], sa_mask[0]=0x7ffbfeff, sa_flags=0x10000004
SIGUSR1: SIG_DFL, sa_mask[0]=0x00000000, sa_flags=0x00000000
SIGUSR2: [libjvm.so+0x7caf50], sa_mask[0]=0x00000004, sa_flags=0x10000004
SIGHUP: [libjvm.so+0x7cb130], sa_mask[0]=0x7ffbfeff, sa_flags=0x10000004
SIGINT: [libjvm.so+0x7cb130], sa_mask[0]=0x7ffbfeff, sa_flags=0x10000004
SIGTERM: [libjvm.so+0x7cb130], sa_mask[0]=0x7ffbfeff, sa_flags=0x10000004
SIGQUIT: [libjvm.so+0x7cb130], sa_mask[0]=0x7ffbfeff, sa_flags=0x10000004
SIGTRAP: SIG_DFL, sa_mask[0]=0x00000000, sa_flags=0x00000000


---------------  S Y S T E M  ---------------

OS:Ubuntu 14.04 (trusty)
uname:Linux 3.19.0-25-generic #26~14.04.1-Ubuntu SMP Fri Jul 24 21:16:20 UTC 2015 x86_64
libc:glibc 2.19 NPTL 2.19 
rlimit: STACK 8192k, CORE 0k, NPROC 11887, NOFILE 4096, AS infinity
load average:14.64 4.98 1.94

/proc/meminfo:
MemTotal:        3064604 kB
MemFree:          387876 kB
MemAvailable:     369788 kB
Buffers:            1432 kB
Cached:            45040 kB
SwapCached:         8776 kB
Active:          1688988 kB
Inactive:         488220 kB
Active(anon):    1685368 kB
Inactive(anon):   457964 kB
Active(file):       3620 kB
Inactive(file):    30256 kB
Unevictable:          32 kB
Mlocked:              32 kB
SwapTotal:       1045500 kB
SwapFree:          57988 kB
Dirty:               136 kB
Writeback:          1096 kB
AnonPages:       2123208 kB
Mapped:            22988 kB
Shmem:             11900 kB
Slab:              88336 kB
SReclaimable:      42564 kB
SUnreclaim:        45772 kB
KernelStack:       12368 kB
PageTables:        37268 kB
NFS_Unstable:          0 kB
Bounce:                0 kB
WritebackTmp:          0 kB
CommitLimit:     2577800 kB
Committed_AS:    6879924 kB
VmallocTotal:   34359738367 kB
VmallocUsed:      176896 kB
VmallocChunk:   34359475796 kB
HardwareCorrupted:     0 kB
AnonHugePages:    886784 kB
CmaTotal:              0 kB
CmaFree:               0 kB
HugePages_Total:       0
HugePages_Free:        0
HugePages_Rsvd:        0
HugePages_Surp:        0
Hugepagesize:       2048 kB
DirectMap4k:      120704 kB
DirectMap2M:     3024896 kB


CPU:total 4 (1 cores per cpu, 1 threads per core) family 6 model 58 stepping 9, cmov, cx8, fxsr, mmx, sse, sse2, sse3, ssse3, sse4.1, sse4.2, popcnt, avx, aes, erms, tsc, tscinvbit, tscinv

/proc/cpuinfo:
processor	: 0
vendor_id	: GenuineIntel
cpu family	: 6
model		: 58
model name	: Intel(R) Core(TM) i5-3570K CPU @ 3.40GHz
stepping	: 9
microcode	: 0x1b
cpu MHz		: 3410.059
cache size	: 6144 KB
physical id	: 0
siblings	: 1
core id		: 0
cpu cores	: 1
apicid		: 0
initial apicid	: 0
fpu		: yes
fpu_exception	: yes
cpuid level	: 13
wp		: yes
flags		: fpu vme de pse tsc msr pae mce cx8 apic sep mtrr pge mca cmov pat pse36 clflush dts mmx fxsr sse sse2 ss syscall nx rdtscp lm constant_tsc arch_perfmon pebs bts nopl xtopology tsc_reliable nonstop_tsc aperfmperf pni pclmulqdq ssse3 cx16 pcid sse4_1 sse4_2 x2apic popcnt tsc_deadline_timer aes xsave avx f16c rdrand hypervisor lahf_lm ida arat epb pln pts dtherm fsgsbase tsc_adjust smep
bugs		:
bogomips	: 6820.11
clflush size	: 64
cache_alignment	: 64
address sizes	: 42 bits physical, 48 bits virtual
power management:

processor	: 1
vendor_id	: GenuineIntel
cpu family	: 6
model		: 58
model name	: Intel(R) Core(TM) i5-3570K CPU @ 3.40GHz
stepping	: 9
microcode	: 0x1b
cpu MHz		: 3410.059
cache size	: 6144 KB
physical id	: 2
siblings	: 1
core id		: 0
cpu cores	: 1
apicid		: 2
initial apicid	: 2
fpu		: yes
fpu_exception	: yes
cpuid level	: 13
wp		: yes
flags		: fpu vme de pse tsc msr pae mce cx8 apic sep mtrr pge mca cmov pat pse36 clflush dts mmx fxsr sse sse2 ss syscall nx rdtscp lm constant_tsc arch_perfmon pebs bts nopl xtopology tsc_reliable nonstop_tsc aperfmperf pni pclmulqdq ssse3 cx16 pcid sse4_1 sse4_2 x2apic popcnt tsc_deadline_timer aes xsave avx f16c rdrand hypervisor lahf_lm ida arat epb pln pts dtherm fsgsbase tsc_adjust smep
bugs		:
bogomips	: 6820.11
clflush size	: 64
cache_alignment	: 64
address sizes	: 42 bits physical, 48 bits virtual
power management:

processor	: 2
vendor_id	: GenuineIntel
cpu family	: 6
model		: 58
model name	: Intel(R) Core(TM) i5-3570K CPU @ 3.40GHz
stepping	: 9
microcode	: 0x1b
cpu MHz		: 3410.059
cache size	: 6144 KB
physical id	: 4
siblings	: 1
core id		: 0
cpu cores	: 1
apicid		: 4
initial apicid	: 4
fpu		: yes
fpu_exception	: yes
cpuid level	: 13
wp		: yes
flags		: fpu vme de pse tsc msr pae mce cx8 apic sep mtrr pge mca cmov pat pse36 clflush dts mmx fxsr sse sse2 ss syscall nx rdtscp lm constant_tsc arch_perfmon pebs bts nopl xtopology tsc_reliable nonstop_tsc aperfmperf pni pclmulqdq ssse3 cx16 pcid sse4_1 sse4_2 x2apic popcnt tsc_deadline_timer aes xsave avx f16c rdrand hypervisor lahf_lm ida arat epb pln pts dtherm fsgsbase tsc_adjust smep
bugs		:
bogomips	: 6820.11
clflush size	: 64
cache_alignment	: 64
address sizes	: 42 bits physical, 48 bits virtual
power management:

processor	: 3
vendor_id	: GenuineIntel
cpu family	: 6
model		: 58
model name	: Intel(R) Core(TM) i5-3570K CPU @ 3.40GHz
stepping	: 9
microcode	: 0x1b
cpu MHz		: 3410.059
cache size	: 6144 KB
physical id	: 6
siblings	: 1
core id		: 0
cpu cores	: 1
apicid		: 6
initial apicid	: 6
fpu		: yes
fpu_exception	: yes
cpuid level	: 13
wp		: yes
flags		: fpu vme de pse tsc msr pae mce cx8 apic sep mtrr pge mca cmov pat pse36 clflush dts mmx fxsr sse sse2 ss syscall nx rdtscp lm constant_tsc arch_perfmon pebs bts nopl xtopology tsc_reliable nonstop_tsc aperfmperf pni pclmulqdq ssse3 cx16 pcid sse4_1 sse4_2 x2apic popcnt tsc_deadline_timer aes xsave avx f16c rdrand hypervisor lahf_lm ida arat epb pln pts dtherm fsgsbase tsc_adjust smep
bugs		:
bogomips	: 6820.11
clflush size	: 64
cache_alignment	: 64
address sizes	: 42 bits physical, 48 bits virtual
power management:



Memory: 4k page, physical 3064604k(387876k free), swap 1045500k(57988k free)

vm_info: OpenJDK 64-Bit Server VM (24.91-b01) for linux-amd64 JRE (1.7.0_91-b02), built on Nov 19 2015 06:14:37 by "buildd" with gcc 4.8.2

time: Sun Aug 28 18:15:25 2016
elapsed time: 54 seconds

