#
# There is insufficient memory for the Java Runtime Environment to continue.
# Native memory allocation (malloc) failed to allocate 83361792 bytes for committing reserved memory.
# Possible reasons:
#   The system is out of physical RAM or swap space
#   In 32 bit mode, the process size limit was hit
# Possible solutions:
#   Reduce memory load on the system
#   Increase physical memory or swap space
#   Check if swap backing store is full
#   Use 64 bit Java on a 64 bit OS
#   Decrease Java heap size (-Xmx/-Xms)
#   Decrease number of Java threads
#   Decrease Java thread stack sizes (-Xss)
#   Set larger code cache with -XX:ReservedCodeCacheSize=
# This output file may be truncated or incomplete.
#
#  Out of Memory Error (os_linux.cpp:2827), pid=85167, tid=140305987929856
#
# JRE version: OpenJDK Runtime Environment (7.0_91-b02) (build 1.7.0_91-b02)
# Java VM: OpenJDK 64-Bit Server VM (24.91-b01 mixed mode linux-amd64 compressed oops)
# Derivative: IcedTea 2.6.3
# Distribution: Ubuntu 14.04 LTS, package 7u91-2.6.3-0ubuntu0.14.04.1
# Failed to write core dump. Core dumps have been disabled. To enable core dumping, try "ulimit -c unlimited" before starting Java again
#

---------------  T H R E A D  ---------------

Current thread (0x00007f9b94076000):  VMThread [stack: 0x00007f9b88820000,0x00007f9b88921000] [id=85176]

Stack: [0x00007f9b88820000,0x00007f9b88921000],  sp=0x00007f9b8891f490,  free space=1021k
Native frames: (J=compiled Java code, j=interpreted, Vv=VM code, C=native code)
V  [libjvm.so+0x953e15]  VMError::report_and_die()+0x175
V  [libjvm.so+0x48fd94]  report_vm_out_of_memory(char const*, int, unsigned long, char const*)+0x74
V  [libjvm.so+0x7cf87b]  os::pd_commit_memory(char*, unsigned long, unsigned long, bool)+0xeb
V  [libjvm.so+0x7ca33f]  os::commit_memory(char*, unsigned long, unsigned long, bool)+0x1f
V  [libjvm.so+0x83dacb]  PSVirtualSpace::expand_by(unsigned long)+0x5b
V  [libjvm.so+0x82d86b]  PSOldGen::expand_by(unsigned long) [clone .part.79]+0x1b
V  [libjvm.so+0x82da2b]  PSOldGen::expand(unsigned long) [clone .part.80]+0xdb
V  [libjvm.so+0x82e958]  PSOldGen::resize(unsigned long)+0x188
V  [libjvm.so+0x8355b4]  PSParallelCompact::invoke_no_policy(bool)+0x9c4
V  [libjvm.so+0x83bc0d]  PSScavenge::invoke()+0x17d
V  [libjvm.so+0x7f2083]  ParallelScavengeHeap::failed_mem_allocate(unsigned long)+0x63
V  [libjvm.so+0x955814]  VM_ParallelGCFailedAllocation::doit()+0x84
V  [libjvm.so+0x959917]  VM_Operation::evaluate()+0x47
V  [libjvm.so+0x9583d8]  VMThread::evaluate_operation(VM_Operation*)+0x318
V  [libjvm.so+0x958839]  VMThread::loop()+0x219
V  [libjvm.so+0x958c82]  VMThread::run()+0x72
V  [libjvm.so+0x7cc742]  java_start(Thread*)+0xf2

VM_Operation (0x00007f9b7219e020): ParallelGCFailedAllocation, mode: safepoint, requested by thread 0x00007f9b941a9000


---------------  P R O C E S S  ---------------

Java Threads: ( => current thread )
  0x00007f9b941be800 JavaThread "pool-2-thread-4" [_thread_blocked, id=85189, stack(0x00007f9b71c9b000,0x00007f9b71d9c000)]
  0x00007f9b941b2800 JavaThread "pool-2-thread-3" [_thread_blocked, id=85188, stack(0x00007f9b71d9c000,0x00007f9b71e9d000)]
  0x00007f9b941b1800 JavaThread "pool-2-thread-2" [_thread_blocked, id=85187, stack(0x00007f9b71e9d000,0x00007f9b71f9e000)]
  0x00007f9b941ac800 JavaThread "pool-3-thread-1" [_thread_blocked, id=85186, stack(0x00007f9b71f9e000,0x00007f9b7209f000)]
  0x00007f9b941a9000 JavaThread "pool-2-thread-1" [_thread_blocked, id=85185, stack(0x00007f9b7209f000,0x00007f9b721a0000)]
  0x00007f9b940af000 JavaThread "Service Thread" daemon [_thread_blocked, id=85182, stack(0x00007f9b8821a000,0x00007f9b8831b000)]
  0x00007f9b940ac800 JavaThread "C2 CompilerThread1" daemon [_thread_blocked, id=85181, stack(0x00007f9b8831b000,0x00007f9b8841c000)]
  0x00007f9b940a9800 JavaThread "C2 CompilerThread0" daemon [_thread_blocked, id=85180, stack(0x00007f9b8841c000,0x00007f9b8851d000)]
  0x00007f9b940a7800 JavaThread "Signal Dispatcher" daemon [_thread_blocked, id=85179, stack(0x00007f9b8851d000,0x00007f9b8861e000)]
  0x00007f9b9407c000 JavaThread "Finalizer" daemon [_thread_blocked, id=85178, stack(0x00007f9b8861e000,0x00007f9b8871f000)]
  0x00007f9b9407a000 JavaThread "Reference Handler" daemon [_thread_blocked, id=85177, stack(0x00007f9b8871f000,0x00007f9b88820000)]
  0x00007f9b9400a800 JavaThread "main" [_thread_blocked, id=85169, stack(0x00007f9b9af31000,0x00007f9b9b032000)]

Other Threads:
=>0x00007f9b94076000 VMThread [stack: 0x00007f9b88820000,0x00007f9b88921000] [id=85176]
  0x00007f9b940b9800 WatcherThread [stack: 0x00007f9b88119000,0x00007f9b8821a000] [id=85183]

VM state:at safepoint (normal execution)

VM Mutex/Monitor currently owned by a thread:  ([mutex/lock_event])
[0x00007f9b94006390] ExpandHeap_lock - owner thread: 0x00007f9b94076000
[0x00007f9b94006a10] Threads_lock - owner thread: 0x00007f9b94076000
[0x00007f9b94006f10] Heap_lock - owner thread: 0x00007f9b941a9000

Heap
 PSYoungGen      total 212992K, used 0K [0x00000000eaa80000, 0x0000000100000000, 0x0000000100000000)
  eden space 134656K, 0% used [0x00000000eaa80000,0x00000000eaa80000,0x00000000f2e00000)
  from space 78336K, 0% used [0x00000000f2e00000,0x00000000f2e00000,0x00000000f7a80000)
  to   space 114688K, 0% used [0x00000000f9000000,0x00000000f9000000,0x0000000100000000)
 ParOldGen       total 281088K, used 235884K [0x00000000c0000000, 0x00000000d1280000, 0x00000000eaa80000)
  object space 281088K, 83% used [0x00000000c0000000,0x00000000ce65b258,0x00000000d1280000)
 PSPermGen       total 21504K, used 6293K [0x00000000b5a00000, 0x00000000b6f00000, 0x00000000c0000000)
  object space 21504K, 29% used [0x00000000b5a00000,0x00000000b6025668,0x00000000b6f00000)

Card table byte_map: [0x00007f9b9078b000,0x00007f9b909df000] byte_map_base: 0x00007f9b901de000

Polling page: 0x00007f9b9b04c000

Code Cache  [0x00007f9b909df000, 0x00007f9b90cef000, 0x00007f9b939df000)
 total_blobs=1019 nmethods=788 adapters=184 free_code_cache=46078Kb largest_free_block=47127616

Compilation events (10 events):
Event: 33.071 Thread 0x00007f9b940ac800 nmethod 799 0x00007f9b90cd6ed0 code [0x00007f9b90cd7100, 0x00007f9b90cd7ab0]
Event: 33.071 Thread 0x00007f9b940ac800  800 % !         com.android.dx.cf.code.Ropper::doit @ 21 (126 bytes)
Event: 33.324 Thread 0x00007f9b940a9800 nmethod 797 0x00007f9b90cc0d10 code [0x00007f9b90cc0fa0, 0x00007f9b90cc1fc0]
Event: 33.324 Thread 0x00007f9b940a9800  801             com.android.dx.util.ByteArray::size (5 bytes)
Event: 33.324 Thread 0x00007f9b940a9800 nmethod 801 0x00007f9b90cd53d0 code [0x00007f9b90cd5500, 0x00007f9b90cd5558]
Event: 33.324 Thread 0x00007f9b940a9800  802             com.android.dx.dex.cf.CfTranslator::translate0 (259 bytes)
Event: 33.531 Thread 0x00007f9b940ac800 nmethod 800% 0x00007f9b90ce8250 code [0x00007f9b90ce8740, 0x00007f9b90cea4f8]
Event: 33.531 Thread 0x00007f9b940ac800  803             com.android.dx.cf.code.ExecutionStack::clear (40 bytes)
Event: 33.553 Thread 0x00007f9b940ac800 nmethod 803 0x00007f9b90cc4110 code [0x00007f9b90cc4260, 0x00007f9b90cc4338]
Event: 33.553 Thread 0x00007f9b940ac800  804             com.android.dx.rop.code.Rops::pickBinaryOp (158 bytes)

GC Heap History (10 events):
Event: 29.532 GC heap after
Heap after GC invocations=17 (full 3):
 PSYoungGen      total 232448K, used 84903K [0x00000000eaa80000, 0x0000000100000000, 0x0000000100000000)
  eden space 143872K, 0% used [0x00000000eaa80000,0x00000000eaa80000,0x00000000f3700000)
  from space 88576K, 95% used [0x00000000fa980000,0x00000000ffc69d80,0x0000000100000000)
  to   space 102912K, 0% used [0x00000000f3700000,0x00000000f3700000,0x00000000f9b80000)
 ParOldGen       total 222720K, used 146951K [0x00000000c0000000, 0x00000000cd980000, 0x00000000eaa80000)
  object space 222720K, 65% used [0x00000000c0000000,0x00000000c8f81e98,0x00000000cd980000)
 PSPermGen       total 21504K, used 6279K [0x00000000b5a00000, 0x00000000b6f00000, 0x00000000c0000000)
  object space 21504K, 29% used [0x00000000b5a00000,0x00000000b6021fd8,0x00000000b6f00000)
}
Event: 30.628 GC heap before
{Heap before GC invocations=18 (full 3):
 PSYoungGen      total 232448K, used 228775K [0x00000000eaa80000, 0x0000000100000000, 0x0000000100000000)
  eden space 143872K, 100% used [0x00000000eaa80000,0x00000000f3700000,0x00000000f3700000)
  from space 88576K, 95% used [0x00000000fa980000,0x00000000ffc69d80,0x0000000100000000)
  to   space 102912K, 0% used [0x00000000f3700000,0x00000000f3700000,0x00000000f9b80000)
 ParOldGen       total 222720K, used 146951K [0x00000000c0000000, 0x00000000cd980000, 0x00000000eaa80000)
  object space 222720K, 65% used [0x00000000c0000000,0x00000000c8f81e98,0x00000000cd980000)
 PSPermGen       total 21504K, used 6281K [0x00000000b5a00000, 0x00000000b6f00000, 0x00000000c0000000)
  object space 21504K, 29% used [0x00000000b5a00000,0x00000000b6022480,0x00000000b6f00000)
Event: 31.155 GC heap after
Heap after GC invocations=18 (full 3):
 PSYoungGen      total 246784K, used 32828K [0x00000000eaa80000, 0x0000000100000000, 0x0000000100000000)
  eden space 143872K, 0% used [0x00000000eaa80000,0x00000000eaa80000,0x00000000f3700000)
  from space 102912K, 31% used [0x00000000f3700000,0x00000000f570f098,0x00000000f9b80000)
  to   space 96768K, 0% used [0x00000000fa180000,0x00000000fa180000,0x0000000100000000)
 ParOldGen       total 232448K, used 231294K [0x00000000c0000000, 0x00000000ce300000, 0x00000000eaa80000)
  object space 232448K, 99% used [0x00000000c0000000,0x00000000ce1dfa60,0x00000000ce300000)
 PSPermGen       total 21504K, used 6281K [0x00000000b5a00000, 0x00000000b6f00000, 0x00000000c0000000)
  object space 21504K, 29% used [0x00000000b5a00000,0x00000000b6022480,0x00000000b6f00000)
}
Event: 31.155 GC heap before
{Heap before GC invocations=19 (full 4):
 PSYoungGen      total 246784K, used 32828K [0x00000000eaa80000, 0x0000000100000000, 0x0000000100000000)
  eden space 143872K, 0% used [0x00000000eaa80000,0x00000000eaa80000,0x00000000f3700000)
  from space 102912K, 31% used [0x00000000f3700000,0x00000000f570f098,0x00000000f9b80000)
  to   space 96768K, 0% used [0x00000000fa180000,0x00000000fa180000,0x0000000100000000)
 ParOldGen       total 232448K, used 231294K [0x00000000c0000000, 0x00000000ce300000, 0x00000000eaa80000)
  object space 232448K, 99% used [0x00000000c0000000,0x00000000ce1dfa60,0x00000000ce300000)
 PSPermGen       total 21504K, used 6281K [0x00000000b5a00000, 0x00000000b6f00000, 0x00000000c0000000)
  object space 21504K, 29% used [0x00000000b5a00000,0x00000000b6022480,0x00000000b6f00000)
Event: 32.115 GC heap after
Heap after GC invocations=19 (full 4):
 PSYoungGen      total 246784K, used 0K [0x00000000eaa80000, 0x0000000100000000, 0x0000000100000000)
  eden space 143872K, 0% used [0x00000000eaa80000,0x00000000eaa80000,0x00000000f3700000)
  from space 102912K, 0% used [0x00000000f3700000,0x00000000f3700000,0x00000000f9b80000)
  to   space 96768K, 0% used [0x00000000fa180000,0x00000000fa180000,0x0000000100000000)
 ParOldGen       total 281088K, used 174342K [0x00000000c0000000, 0x00000000d1280000, 0x00000000eaa80000)
  object space 281088K, 62% used [0x00000000c0000000,0x00000000caa41b88,0x00000000d1280000)
 PSPermGen       total 21504K, used 6280K [0x00000000b5a00000, 0x00000000b6f00000, 0x00000000c0000000)
  object space 21504K, 29% used [0x00000000b5a00000,0x00000000b60223e0,0x00000000b6f00000)
}
Event: 33.131 GC heap before
{Heap before GC invocations=20 (full 4):
 PSYoungGen      total 246784K, used 143872K [0x00000000eaa80000, 0x0000000100000000, 0x0000000100000000)
  eden space 143872K, 100% used [0x00000000eaa80000,0x00000000f3700000,0x00000000f3700000)
  from space 102912K, 0% used [0x00000000f3700000,0x00000000f3700000,0x00000000f9b80000)
  to   space 96768K, 0% used [0x00000000fa180000,0x00000000fa180000,0x0000000100000000)
 ParOldGen       total 281088K, used 174342K [0x00000000c0000000, 0x00000000d1280000, 0x00000000eaa80000)
  object space 281088K, 62% used [0x00000000c0000000,0x00000000caa41b88,0x00000000d1280000)
 PSPermGen       total 21504K, used 6293K [0x00000000b5a00000, 0x00000000b6f00000, 0x00000000c0000000)
  object space 21504K, 29% used [0x00000000b5a00000,0x00000000b6025510,0x00000000b6f00000)
Event: 33.285 GC heap after
Heap after GC invocations=20 (full 4):
 PSYoungGen      total 231424K, used 80811K [0x00000000eaa80000, 0x0000000100000000, 0x0000000100000000)
  eden space 134656K, 0% used [0x00000000eaa80000,0x00000000eaa80000,0x00000000f2e00000)
  from space 96768K, 83% used [0x00000000fa180000,0x00000000ff06adc0,0x0000000100000000)
  to   space 107520K, 0% used [0x00000000f2e00000,0x00000000f2e00000,0x00000000f9700000)
 ParOldGen       total 281088K, used 174342K [0x00000000c0000000, 0x00000000d1280000, 0x00000000eaa80000)
  object space 281088K, 62% used [0x00000000c0000000,0x00000000caa41b88,0x00000000d1280000)
 PSPermGen       total 21504K, used 6293K [0x00000000b5a00000, 0x00000000b6f00000, 0x00000000c0000000)
  object space 21504K, 29% used [0x00000000b5a00000,0x00000000b6025510,0x00000000b6f00000)
}
Event: 33.564 GC heap before
{Heap before GC invocations=21 (full 4):
 PSYoungGen      total 231424K, used 215467K [0x00000000eaa80000, 0x0000000100000000, 0x0000000100000000)
  eden space 134656K, 100% used [0x00000000eaa80000,0x00000000f2e00000,0x00000000f2e00000)
  from space 96768K, 83% used [0x00000000fa180000,0x00000000ff06adc0,0x0000000100000000)
  to   space 107520K, 0% used [0x00000000f2e00000,0x00000000f2e00000,0x00000000f9700000)
 ParOldGen       total 281088K, used 174342K [0x00000000c0000000, 0x00000000d1280000, 0x00000000eaa80000)
  object space 281088K, 62% used [0x00000000c0000000,0x00000000caa41b88,0x00000000d1280000)
 PSPermGen       total 21504K, used 6293K [0x00000000b5a00000, 0x00000000b6f00000, 0x00000000c0000000)
  object space 21504K, 29% used [0x00000000b5a00000,0x00000000b60256a8,0x00000000b6f00000)
Event: 37.353 GC heap after
Heap after GC invocations=21 (full 4):
 PSYoungGen      total 212992K, used 78331K [0x00000000eaa80000, 0x0000000100000000, 0x0000000100000000)
  eden space 134656K, 0% used [0x00000000eaa80000,0x00000000eaa80000,0x00000000f2e00000)
  from space 78336K, 99% used [0x00000000f2e00000,0x00000000f7a7ef18,0x00000000f7a80000)
  to   space 114688K, 0% used [0x00000000f9000000,0x00000000f9000000,0x0000000100000000)
 ParOldGen       total 281088K, used 249807K [0x00000000c0000000, 0x00000000d1280000, 0x00000000eaa80000)
  object space 281088K, 88% used [0x00000000c0000000,0x00000000cf3f3ee0,0x00000000d1280000)
 PSPermGen       total 21504K, used 6293K [0x00000000b5a00000, 0x00000000b6f00000, 0x00000000c0000000)
  object space 21504K, 29% used [0x00000000b5a00000,0x00000000b60256a8,0x00000000b6f00000)
}
Event: 37.353 GC heap before
{Heap before GC invocations=22 (full 5):
 PSYoungGen      total 212992K, used 78331K [0x00000000eaa80000, 0x0000000100000000, 0x0000000100000000)
  eden space 134656K, 0% used [0x00000000eaa80000,0x00000000eaa80000,0x00000000f2e00000)
  from space 78336K, 99% used [0x00000000f2e00000,0x00000000f7a7ef18,0x00000000f7a80000)
  to   space 114688K, 0% used [0x00000000f9000000,0x00000000f9000000,0x0000000100000000)
 ParOldGen       total 281088K, used 249807K [0x00000000c0000000, 0x00000000d1280000, 0x00000000eaa80000)
  object space 281088K, 88% used [0x00000000c0000000,0x00000000cf3f3ee0,0x00000000d1280000)
 PSPermGen       total 21504K, used 6293K [0x00000000b5a00000, 0x00000000b6f00000, 0x00000000c0000000)
  object space 21504K, 29% used [0x00000000b5a00000,0x00000000b60256a8,0x00000000b6f00000)

Deoptimization events (10 events):
Event: 21.748 Thread 0x00007f9b9400a800 Uncommon trap: reason=unstable_if action=reinterpret pc=0x00007f9b90bceb00 method=com.android.dx.rop.code.DexTranslationAdvice.hasConstantOperation(Lcom/android/dx/rop/code/Rop;Lcom/android/dx/rop/code/RegisterSpec;Lcom/android/dx/rop/code/RegisterSpec;)Z
Event: 21.748 Thread 0x00007f9b9400a800 Uncommon trap: reason=bimorphic action=maybe_recompile pc=0x00007f9b90b80640 method=com.android.dx.cf.code.BytecodeArray.parseInstruction(ILcom/android/dx/cf/code/BytecodeArray$Visitor;)I @ 2135
Event: 21.797 Thread 0x00007f9b9400a800 Uncommon trap: reason=bimorphic action=maybe_recompile pc=0x00007f9b90b8192c method=com.android.dx.cf.code.BytecodeArray.parseInstruction(ILcom/android/dx/cf/code/BytecodeArray$Visitor;)I @ 1161
Event: 22.004 Thread 0x00007f9b941be800 Uncommon trap: reason=class_check action=maybe_recompile pc=0x00007f9b90b9ab80 method=com.android.dx.ssa.back.InterferenceGraph.mergeInterferenceSet(ILcom/android/dx/util/IntSet;)V @ 20
Event: 24.809 Thread 0x00007f9b941a9000 Uncommon trap: reason=class_check action=maybe_recompile pc=0x00007f9b90b9ab80 method=com.android.dx.ssa.back.InterferenceGraph.mergeInterferenceSet(ILcom/android/dx/util/IntSet;)V @ 20
Event: 24.847 Thread 0x00007f9b9400a800 Uncommon trap: reason=null_check action=make_not_entrant pc=0x00007f9b90c394a4 method=com.android.dx.dex.file.FieldIdsSection.intern(Lcom/android/dx/rop/cst/CstFieldRef;)Lcom/android/dx/dex/file/FieldIdItem; @ 26
Event: 25.061 Thread 0x00007f9b9400a800 Uncommon trap: reason=unstable_if action=reinterpret pc=0x00007f9b90b3f788 method=com.android.dx.ssa.SCCP.run()V @ 257
Event: 25.105 Thread 0x00007f9b9400a800 Uncommon trap: reason=unstable_if action=reinterpret pc=0x00007f9b90b22670 method=com.android.dx.ssa.SCCP.simulateStmt(Lcom/android/dx/ssa/SsaInsn;)V @ 59
Event: 29.845 Thread 0x00007f9b941b1800 Uncommon trap: reason=class_check action=maybe_recompile pc=0x00007f9b90b9ab80 method=com.android.dx.ssa.back.InterferenceGraph.mergeInterferenceSet(ILcom/android/dx/util/IntSet;)V @ 20
Event: 29.953 Thread 0x00007f9b9400a800 Uncommon trap: reason=unstable_if action=reinterpret pc=0x00007f9b90c59f10 method=com.android.dx.cf.code.Merger.mergeStack(Lcom/android/dx/cf/code/ExecutionStack;Lcom/android/dx/cf/code/ExecutionStack;)Lcom/android/dx/cf/code/ExecutionStack; @ 2

Internal exceptions (10 events):
Event: 1.876 Thread 0x00007f9b9400a800 Threw 0x00000000eb165248 at /build/openjdk-7-zaTxYK/openjdk-7-7u91-2.6.3/build/openjdk/hotspot/src/share/vm/prims/jvm.cpp:1322
Event: 2.076 Thread 0x00007f9b941a9000 Implicit null exception at 0x00007f9b90a65d61 to 0x00007f9b90a65f49
Event: 2.381 Thread 0x00007f9b9400a800 Threw 0x00000000eae8d2f8 at /build/openjdk-7-zaTxYK/openjdk-7-7u91-2.6.3/build/openjdk/hotspot/src/share/vm/prims/jvm.cpp:1322
Event: 3.528 Thread 0x00007f9b9400a800 Threw 0x00000000ebe38e58 at /build/openjdk-7-zaTxYK/openjdk-7-7u91-2.6.3/build/openjdk/hotspot/src/share/vm/prims/jvm.cpp:1322
Event: 4.806 Thread 0x00007f9b941a9000 Threw 0x00000000ebcb54f0 at /build/openjdk-7-zaTxYK/openjdk-7-7u91-2.6.3/build/openjdk/hotspot/src/share/vm/prims/jvm.cpp:1322
Event: 5.832 Thread 0x00007f9b941b1800 Threw 0x00000000eb53e1e0 at /build/openjdk-7-zaTxYK/openjdk-7-7u91-2.6.3/build/openjdk/hotspot/src/share/vm/prims/jvm.cpp:1322
Event: 7.825 Thread 0x00007f9b9400a800 Implicit null exception at 0x00007f9b90af46cb to 0x00007f9b90af4dad
Event: 8.730 Thread 0x00007f9b941a9000 Implicit null exception at 0x00007f9b90b0f37d to 0x00007f9b90b12b21
Event: 13.241 Thread 0x00007f9b941be800 Threw 0x00000000ec0f1bc8 at /build/openjdk-7-zaTxYK/openjdk-7-7u91-2.6.3/build/openjdk/hotspot/src/share/vm/prims/jvm.cpp:1322
Event: 13.489 Thread 0x00007f9b941be800 Threw 0x00000000f027f0c0 at /build/openjdk-7-zaTxYK/openjdk-7-7u91-2.6.3/build/openjdk/hotspot/src/share/vm/prims/jvm.cpp:1322

Events (10 events):
Event: 29.845 Thread 0x00007f9b941b1800 DEOPT PACKING pc=0x00007f9b90b9ab80 sp=0x00007f9b71f9c1a0
Event: 29.845 Thread 0x00007f9b941b1800 DEOPT UNPACKING pc=0x00007f9b90a18445 sp=0x00007f9b71f9bff0 mode 2
Event: 29.953 Thread 0x00007f9b9400a800 Uncommon trap: trap_request=0xffffff75 fr.pc=0x00007f9b90c59f10
Event: 29.953 Thread 0x00007f9b9400a800 DEOPT PACKING pc=0x00007f9b90c59f10 sp=0x00007f9b9b02f990
Event: 29.953 Thread 0x00007f9b9400a800 DEOPT UNPACKING pc=0x00007f9b90a18445 sp=0x00007f9b9b02f848 mode 2
Event: 30.485 Executing VM operation: ParallelGCFailedAllocation
Event: 32.115 Executing VM operation: ParallelGCFailedAllocation done
Event: 33.074 Executing VM operation: ParallelGCFailedAllocation
Event: 33.285 Executing VM operation: ParallelGCFailedAllocation done
Event: 33.561 Executing VM operation: ParallelGCFailedAllocation


Dynamic libraries:
00400000-00401000 r-xp 00000000 08:01 4204455                            /usr/lib/jvm/java-7-openjdk-amd64/jre/bin/java
00600000-00601000 r--p 00000000 08:01 4204455                            /usr/lib/jvm/java-7-openjdk-amd64/jre/bin/java
00601000-00602000 rw-p 00001000 08:01 4204455                            /usr/lib/jvm/java-7-openjdk-amd64/jre/bin/java
0173b000-0175c000 rw-p 00000000 00:00 0                                  [heap]
b5a00000-b6f00000 rw-p 00000000 00:00 0 
b6f00000-c0000000 rw-p 00000000 00:00 0 
c0000000-d1280000 rw-p 00000000 00:00 0 
d6200000-eaa80000 rw-p 00000000 00:00 0 
eaa80000-100000000 rw-p 00000000 00:00 0 
7f9b44000000-7f9b4402b000 rw-p 00000000 00:00 0 
7f9b4402b000-7f9b48000000 ---p 00000000 00:00 0 
7f9b48000000-7f9b48021000 rw-p 00000000 00:00 0 
7f9b48021000-7f9b4c000000 ---p 00000000 00:00 0 
7f9b4c000000-7f9b4c021000 rw-p 00000000 00:00 0 
7f9b4c021000-7f9b50000000 ---p 00000000 00:00 0 
7f9b50000000-7f9b50021000 rw-p 00000000 00:00 0 
7f9b50021000-7f9b54000000 ---p 00000000 00:00 0 
7f9b54000000-7f9b54021000 rw-p 00000000 00:00 0 
7f9b54021000-7f9b58000000 ---p 00000000 00:00 0 
7f9b58000000-7f9b58028000 rw-p 00000000 00:00 0 
7f9b58028000-7f9b5c000000 ---p 00000000 00:00 0 
7f9b5c000000-7f9b5d567000 rw-p 00000000 00:00 0 
7f9b5d567000-7f9b60000000 ---p 00000000 00:00 0 
7f9b60000000-7f9b60021000 rw-p 00000000 00:00 0 
7f9b60021000-7f9b64000000 ---p 00000000 00:00 0 
7f9b64000000-7f9b64021000 rw-p 00000000 00:00 0 
7f9b64021000-7f9b68000000 ---p 00000000 00:00 0 
7f9b68000000-7f9b697bb000 rw-p 00000000 00:00 0 
7f9b697bb000-7f9b6c000000 ---p 00000000 00:00 0 
7f9b6c000000-7f9b6c021000 rw-p 00000000 00:00 0 
7f9b6c021000-7f9b70000000 ---p 00000000 00:00 0 
7f9b71c9b000-7f9b71c9e000 ---p 00000000 00:00 0 
7f9b71c9e000-7f9b71d9c000 rw-p 00000000 00:00 0                          [stack:85189]
7f9b71d9c000-7f9b71d9f000 ---p 00000000 00:00 0 
7f9b71d9f000-7f9b71e9d000 rw-p 00000000 00:00 0                          [stack:85188]
7f9b71e9d000-7f9b71ea0000 ---p 00000000 00:00 0 
7f9b71ea0000-7f9b71f9e000 rw-p 00000000 00:00 0                          [stack:85187]
7f9b71f9e000-7f9b71fa1000 ---p 00000000 00:00 0 
7f9b71fa1000-7f9b7209f000 rw-p 00000000 00:00 0                          [stack:85186]
7f9b7209f000-7f9b720a2000 ---p 00000000 00:00 0 
7f9b720a2000-7f9b721a0000 rw-p 00000000 00:00 0                          [stack:85185]
7f9b721a0000-7f9b721dd000 r-xp 00000000 08:01 5116281                    /lib/x86_64-linux-gnu/libpcre.so.3.13.1
7f9b721dd000-7f9b723dc000 ---p 0003d000 08:01 5116281                    /lib/x86_64-linux-gnu/libpcre.so.3.13.1
7f9b723dc000-7f9b723dd000 r--p 0003c000 08:01 5116281                    /lib/x86_64-linux-gnu/libpcre.so.3.13.1
7f9b723dd000-7f9b723de000 rw-p 0003d000 08:01 5116281                    /lib/x86_64-linux-gnu/libpcre.so.3.13.1
7f9b723de000-7f9b723e5000 r-xp 00000000 08:01 4202859                    /usr/lib/x86_64-linux-gnu/libffi.so.6.0.1
7f9b723e5000-7f9b725e4000 ---p 00007000 08:01 4202859                    /usr/lib/x86_64-linux-gnu/libffi.so.6.0.1
7f9b725e4000-7f9b725e5000 r--p 00006000 08:01 4202859                    /usr/lib/x86_64-linux-gnu/libffi.so.6.0.1
7f9b725e5000-7f9b725e6000 rw-p 00007000 08:01 4202859                    /usr/lib/x86_64-linux-gnu/libffi.so.6.0.1
7f9b725e6000-7f9b725fd000 r-xp 00000000 08:01 5116304                    /lib/x86_64-linux-gnu/libresolv-2.19.so
7f9b725fd000-7f9b727fd000 ---p 00017000 08:01 5116304                    /lib/x86_64-linux-gnu/libresolv-2.19.so
7f9b727fd000-7f9b727fe000 r--p 00017000 08:01 5116304                    /lib/x86_64-linux-gnu/libresolv-2.19.so
7f9b727fe000-7f9b727ff000 rw-p 00018000 08:01 5116304                    /lib/x86_64-linux-gnu/libresolv-2.19.so
7f9b727ff000-7f9b72801000 rw-p 00000000 00:00 0 
7f9b72801000-7f9b72821000 r-xp 00000000 08:01 5116308                    /lib/x86_64-linux-gnu/libselinux.so.1
7f9b72821000-7f9b72a20000 ---p 00020000 08:01 5116308                    /lib/x86_64-linux-gnu/libselinux.so.1
7f9b72a20000-7f9b72a21000 r--p 0001f000 08:01 5116308                    /lib/x86_64-linux-gnu/libselinux.so.1
7f9b72a21000-7f9b72a22000 rw-p 00020000 08:01 5116308                    /lib/x86_64-linux-gnu/libselinux.so.1
7f9b72a22000-7f9b72a24000 rw-p 00000000 00:00 0 
7f9b72a24000-7f9b72a27000 r-xp 00000000 08:01 4202972                    /usr/lib/x86_64-linux-gnu/libgmodule-2.0.so.0.4002.0
7f9b72a27000-7f9b72c26000 ---p 00003000 08:01 4202972                    /usr/lib/x86_64-linux-gnu/libgmodule-2.0.so.0.4002.0
7f9b72c26000-7f9b72c27000 r--p 00002000 08:01 4202972                    /usr/lib/x86_64-linux-gnu/libgmodule-2.0.so.0.4002.0
7f9b72c27000-7f9b72c28000 rw-p 00003000 08:01 4202972                    /usr/lib/x86_64-linux-gnu/libgmodule-2.0.so.0.4002.0
7f9b72c28000-7f9b72d2e000 r-xp 00000000 08:01 5116209                    /lib/x86_64-linux-gnu/libglib-2.0.so.0.4002.0
7f9b72d2e000-7f9b72f2d000 ---p 00106000 08:01 5116209                    /lib/x86_64-linux-gnu/libglib-2.0.so.0.4002.0
7f9b72f2d000-7f9b72f2e000 r--p 00105000 08:01 5116209                    /lib/x86_64-linux-gnu/libglib-2.0.so.0.4002.0
7f9b72f2e000-7f9b72f2f000 rw-p 00106000 08:01 5116209                    /lib/x86_64-linux-gnu/libglib-2.0.so.0.4002.0
7f9b72f2f000-7f9b72f30000 rw-p 00000000 00:00 0 
7f9b72f30000-7f9b72f7f000 r-xp 00000000 08:01 4202988                    /usr/lib/x86_64-linux-gnu/libgobject-2.0.so.0.4002.0
7f9b72f7f000-7f9b7317f000 ---p 0004f000 08:01 4202988                    /usr/lib/x86_64-linux-gnu/libgobject-2.0.so.0.4002.0
7f9b7317f000-7f9b73180000 r--p 0004f000 08:01 4202988                    /usr/lib/x86_64-linux-gnu/libgobject-2.0.so.0.4002.0
7f9b73180000-7f9b73181000 rw-p 00050000 08:01 4202988                    /usr/lib/x86_64-linux-gnu/libgobject-2.0.so.0.4002.0
7f9b73181000-7f9b732ed000 r-xp 00000000 08:01 4202960                    /usr/lib/x86_64-linux-gnu/libgio-2.0.so.0.4002.0
7f9b732ed000-7f9b734ec000 ---p 0016c000 08:01 4202960                    /usr/lib/x86_64-linux-gnu/libgio-2.0.so.0.4002.0
7f9b734ec000-7f9b734f0000 r--p 0016b000 08:01 4202960                    /usr/lib/x86_64-linux-gnu/libgio-2.0.so.0.4002.0
7f9b734f0000-7f9b734f2000 rw-p 0016f000 08:01 4202960                    /usr/lib/x86_64-linux-gnu/libgio-2.0.so.0.4002.0
7f9b734f2000-7f9b734f4000 rw-p 00000000 00:00 0 
7f9b734f4000-7f9b7350b000 r-xp 00000000 08:01 4204518                    /usr/lib/jvm/java-7-openjdk-amd64/jre/lib/amd64/libnet.so
7f9b7350b000-7f9b7370a000 ---p 00017000 08:01 4204518                    /usr/lib/jvm/java-7-openjdk-amd64/jre/lib/amd64/libnet.so
7f9b7370a000-7f9b7370b000 r--p 00016000 08:01 4204518                    /usr/lib/jvm/java-7-openjdk-amd64/jre/lib/amd64/libnet.so
7f9b7370b000-7f9b7370c000 rw-p 00017000 08:01 4204518                    /usr/lib/jvm/java-7-openjdk-amd64/jre/lib/amd64/libnet.so
7f9b7370c000-7f9b7371c000 r-xp 00000000 08:01 4204485                    /usr/lib/jvm/java-7-openjdk-amd64/jre/lib/amd64/libnio.so
7f9b7371c000-7f9b7391c000 ---p 00010000 08:01 4204485                    /usr/lib/jvm/java-7-openjdk-amd64/jre/lib/amd64/libnio.so
7f9b7391c000-7f9b7391d000 r--p 00010000 08:01 4204485                    /usr/lib/jvm/java-7-openjdk-amd64/jre/lib/amd64/libnio.so
7f9b7391d000-7f9b7391e000 rw-p 00011000 08:01 4204485                    /usr/lib/jvm/java-7-openjdk-amd64/jre/lib/amd64/libnio.so
7f9b7391e000-7f9b74000000 r--p 00000000 08:01 4201489                    /usr/lib/locale/locale-archive
7f9b74000000-7f9b74242000 rw-p 00000000 00:00 0 
7f9b74242000-7f9b78000000 ---p 00000000 00:00 0 
7f9b78000000-7f9b78021000 rw-p 00000000 00:00 0 
7f9b78021000-7f9b7c000000 ---p 00000000 00:00 0 
7f9b7c000000-7f9b7c021000 rw-p 00000000 00:00 0 
7f9b7c021000-7f9b80000000 ---p 00000000 00:00 0 
7f9b80000000-7f9b80021000 rw-p 00000000 00:00 0 
7f9b80021000-7f9b84000000 ---p 00000000 00:00 0 
7f9b84000000-7f9b84021000 rw-p 00000000 00:00 0 
7f9b84021000-7f9b88000000 ---p 00000000 00:00 0 
7f9b880ba000-7f9b880eb000 rw-p 00000000 00:00 0 
7f9b88101000-7f9b88119000 r--s 000e7000 08:01 2505545                    /home/joseph/sweepersd/app/SweeperSD/app/build/intermediates/exploded-aar/com.google.android.gms/play-services-ads/8.3.0/jars/classes.jar
7f9b88119000-7f9b8811a000 ---p 00000000 00:00 0 
7f9b8811a000-7f9b8821a000 rw-p 00000000 00:00 0                          [stack:85183]
7f9b8821a000-7f9b8821d000 ---p 00000000 00:00 0 
7f9b8821d000-7f9b8831b000 rw-p 00000000 00:00 0                          [stack:85182]
7f9b8831b000-7f9b8831e000 ---p 00000000 00:00 0 
7f9b8831e000-7f9b8841c000 rw-p 00000000 00:00 0                          [stack:85181]
7f9b8841c000-7f9b8841f000 ---p 00000000 00:00 0 
7f9b8841f000-7f9b8851d000 rw-p 00000000 00:00 0                          [stack:85180]
7f9b8851d000-7f9b88520000 ---p 00000000 00:00 0 
7f9b88520000-7f9b8861e000 rw-p 00000000 00:00 0                          [stack:85179]
7f9b8861e000-7f9b88621000 ---p 00000000 00:00 0 
7f9b88621000-7f9b8871f000 rw-p 00000000 00:00 0                          [stack:85178]
7f9b8871f000-7f9b88722000 ---p 00000000 00:00 0 
7f9b88722000-7f9b88820000 rw-p 00000000 00:00 0                          [stack:85177]
7f9b88820000-7f9b88821000 ---p 00000000 00:00 0 
7f9b88821000-7f9b8991e000 rw-p 00000000 00:00 0                          [stack:85176]
7f9b8991e000-7f9b89ad0000 r--s 01d2e000 08:01 4204478                    /usr/lib/jvm/java-7-openjdk-amd64/jre/lib/rt.jar
7f9b89ad0000-7f9b8c000000 rw-p 00000000 00:00 0 
7f9b8c000000-7f9b8c025000 rw-p 00000000 00:00 0 
7f9b8c025000-7f9b90000000 ---p 00000000 00:00 0 
7f9b90001000-7f9b90010000 r--s 000df000 08:01 6029891                    /home/joseph/Android/Sdk/build-tools/23.0.2/lib/dx.jar
7f9b90010000-7f9b90334000 rw-p 00000000 00:00 0 
7f9b90334000-7f9b90335000 ---p 00000000 00:00 0 
7f9b90335000-7f9b90435000 rw-p 00000000 00:00 0                          [stack:85175]
7f9b90435000-7f9b90436000 ---p 00000000 00:00 0 
7f9b90436000-7f9b90536000 rw-p 00000000 00:00 0                          [stack:85174]
7f9b90536000-7f9b90537000 ---p 00000000 00:00 0 
7f9b90537000-7f9b90637000 rw-p 00000000 00:00 0                          [stack:85172]
7f9b90637000-7f9b90638000 ---p 00000000 00:00 0 
7f9b90638000-7f9b90743000 rw-p 00000000 00:00 0                          [stack:85171]
7f9b90743000-7f9b9078b000 rw-p 00000000 00:00 0 
7f9b9078b000-7f9b90796000 rw-p 00000000 00:00 0 
7f9b90796000-7f9b907de000 rw-p 00000000 00:00 0 
7f9b907de000-7f9b90868000 rw-p 00000000 00:00 0 
7f9b90868000-7f9b90933000 rw-p 00000000 00:00 0 
7f9b90933000-7f9b909de000 rw-p 00000000 00:00 0 
7f9b909de000-7f9b909df000 rw-p 00000000 00:00 0 
7f9b909df000-7f9b90cef000 rwxp 00000000 00:00 0 
7f9b90cef000-7f9b939df000 rw-p 00000000 00:00 0 
7f9b939df000-7f9b939e7000 r-xp 00000000 08:01 4204489                    /usr/lib/jvm/java-7-openjdk-amd64/jre/lib/amd64/libzip.so
7f9b939e7000-7f9b93be6000 ---p 00008000 08:01 4204489                    /usr/lib/jvm/java-7-openjdk-amd64/jre/lib/amd64/libzip.so
7f9b93be6000-7f9b93be7000 r--p 00007000 08:01 4204489                    /usr/lib/jvm/java-7-openjdk-amd64/jre/lib/amd64/libzip.so
7f9b93be7000-7f9b93be8000 rw-p 00008000 08:01 4204489                    /usr/lib/jvm/java-7-openjdk-amd64/jre/lib/amd64/libzip.so
7f9b93be8000-7f9b93bf3000 r-xp 00000000 08:01 5116253                    /lib/x86_64-linux-gnu/libnss_files-2.19.so
7f9b93bf3000-7f9b93df2000 ---p 0000b000 08:01 5116253                    /lib/x86_64-linux-gnu/libnss_files-2.19.so
7f9b93df2000-7f9b93df3000 r--p 0000a000 08:01 5116253                    /lib/x86_64-linux-gnu/libnss_files-2.19.so
7f9b93df3000-7f9b93df4000 rw-p 0000b000 08:01 5116253                    /lib/x86_64-linux-gnu/libnss_files-2.19.so
7f9b93df4000-7f9b93dff000 r-xp 00000000 08:01 5116263                    /lib/x86_64-linux-gnu/libnss_nis-2.19.so
7f9b93dff000-7f9b93ffe000 ---p 0000b000 08:01 5116263                    /lib/x86_64-linux-gnu/libnss_nis-2.19.so
7f9b93ffe000-7f9b93fff000 r--p 0000a000 08:01 5116263                    /lib/x86_64-linux-gnu/libnss_nis-2.19.so
7f9b93fff000-7f9b94000000 rw-p 0000b000 08:01 5116263                    /lib/x86_64-linux-gnu/libnss_nis-2.19.so
7f9b94000000-7f9b941de000 rw-p 00000000 00:00 0 
7f9b941de000-7f9b98000000 ---p 00000000 00:00 0 
7f9b98006000-7f9b980b8000 rw-p 00000000 00:00 0 
7f9b980b8000-7f9b98184000 rw-p 00000000 00:00 0 
7f9b98184000-7f9b9819b000 r-xp 00000000 08:01 5116247                    /lib/x86_64-linux-gnu/libnsl-2.19.so
7f9b9819b000-7f9b9839a000 ---p 00017000 08:01 5116247                    /lib/x86_64-linux-gnu/libnsl-2.19.so
7f9b9839a000-7f9b9839b000 r--p 00016000 08:01 5116247                    /lib/x86_64-linux-gnu/libnsl-2.19.so
7f9b9839b000-7f9b9839c000 rw-p 00017000 08:01 5116247                    /lib/x86_64-linux-gnu/libnsl-2.19.so
7f9b9839c000-7f9b9839e000 rw-p 00000000 00:00 0 
7f9b9839e000-7f9b983a7000 r-xp 00000000 08:01 5116249                    /lib/x86_64-linux-gnu/libnss_compat-2.19.so
7f9b983a7000-7f9b985a6000 ---p 00009000 08:01 5116249                    /lib/x86_64-linux-gnu/libnss_compat-2.19.so
7f9b985a6000-7f9b985a7000 r--p 00008000 08:01 5116249                    /lib/x86_64-linux-gnu/libnss_compat-2.19.so
7f9b985a7000-7f9b985a8000 rw-p 00009000 08:01 5116249                    /lib/x86_64-linux-gnu/libnss_compat-2.19.so
7f9b985a8000-7f9b985d3000 r-xp 00000000 08:01 4204497                    /usr/lib/jvm/java-7-openjdk-amd64/jre/lib/amd64/libjava.so
7f9b985d3000-7f9b987d3000 ---p 0002b000 08:01 4204497                    /usr/lib/jvm/java-7-openjdk-amd64/jre/lib/amd64/libjava.so
7f9b987d3000-7f9b987d4000 r--p 0002b000 08:01 4204497                    /usr/lib/jvm/java-7-openjdk-amd64/jre/lib/amd64/libjava.so
7f9b987d4000-7f9b987d6000 rw-p 0002c000 08:01 4204497                    /usr/lib/jvm/java-7-openjdk-amd64/jre/lib/amd64/libjava.so
7f9b987d6000-7f9b987e6000 r-xp 00000000 08:01 4204513                    /usr/lib/jvm/java-7-openjdk-amd64/jre/lib/amd64/libverify.so
7f9b987e6000-7f9b989e5000 ---p 00010000 08:01 4204513                    /usr/lib/jvm/java-7-openjdk-amd64/jre/lib/amd64/libverify.so
7f9b989e5000-7f9b989e7000 r--p 0000f000 08:01 4204513                    /usr/lib/jvm/java-7-openjdk-amd64/jre/lib/amd64/libverify.so
7f9b989e7000-7f9b989e8000 rw-p 00011000 08:01 4204513                    /usr/lib/jvm/java-7-openjdk-amd64/jre/lib/amd64/libverify.so
7f9b989e8000-7f9b989ef000 r-xp 00000000 08:01 5116306                    /lib/x86_64-linux-gnu/librt-2.19.so
7f9b989ef000-7f9b98bee000 ---p 00007000 08:01 5116306                    /lib/x86_64-linux-gnu/librt-2.19.so
7f9b98bee000-7f9b98bef000 r--p 00006000 08:01 5116306                    /lib/x86_64-linux-gnu/librt-2.19.so
7f9b98bef000-7f9b98bf0000 rw-p 00007000 08:01 5116306                    /lib/x86_64-linux-gnu/librt-2.19.so
7f9b98bf0000-7f9b98c06000 r-xp 00000000 08:01 5116205                    /lib/x86_64-linux-gnu/libgcc_s.so.1
7f9b98c06000-7f9b98e05000 ---p 00016000 08:01 5116205                    /lib/x86_64-linux-gnu/libgcc_s.so.1
7f9b98e05000-7f9b98e06000 rw-p 00015000 08:01 5116205                    /lib/x86_64-linux-gnu/libgcc_s.so.1
7f9b98e06000-7f9b98f0b000 r-xp 00000000 08:01 5116228                    /lib/x86_64-linux-gnu/libm-2.19.so
7f9b98f0b000-7f9b9910a000 ---p 00105000 08:01 5116228                    /lib/x86_64-linux-gnu/libm-2.19.so
7f9b9910a000-7f9b9910b000 r--p 00104000 08:01 5116228                    /lib/x86_64-linux-gnu/libm-2.19.so
7f9b9910b000-7f9b9910c000 rw-p 00105000 08:01 5116228                    /lib/x86_64-linux-gnu/libm-2.19.so
7f9b9910c000-7f9b991f2000 r-xp 00000000 08:01 4194482                    /usr/lib/x86_64-linux-gnu/libstdc++.so.6.0.19
7f9b991f2000-7f9b993f1000 ---p 000e6000 08:01 4194482                    /usr/lib/x86_64-linux-gnu/libstdc++.so.6.0.19
7f9b993f1000-7f9b993f9000 r--p 000e5000 08:01 4194482                    /usr/lib/x86_64-linux-gnu/libstdc++.so.6.0.19
7f9b993f9000-7f9b993fb000 rw-p 000ed000 08:01 4194482                    /usr/lib/x86_64-linux-gnu/libstdc++.so.6.0.19
7f9b993fb000-7f9b99410000 rw-p 00000000 00:00 0 
7f9b99410000-7f9b99f34000 r-xp 00000000 08:01 4204504                    /usr/lib/jvm/java-7-openjdk-amd64/jre/lib/amd64/server/libjvm.so
7f9b99f34000-7f9b9a134000 ---p 00b24000 08:01 4204504                    /usr/lib/jvm/java-7-openjdk-amd64/jre/lib/amd64/server/libjvm.so
7f9b9a134000-7f9b9a1ce000 r--p 00b24000 08:01 4204504                    /usr/lib/jvm/java-7-openjdk-amd64/jre/lib/amd64/server/libjvm.so
7f9b9a1ce000-7f9b9a1f1000 rw-p 00bbe000 08:01 4204504                    /usr/lib/jvm/java-7-openjdk-amd64/jre/lib/amd64/server/libjvm.so
7f9b9a1f1000-7f9b9a21f000 rw-p 00000000 00:00 0 
7f9b9a21f000-7f9b9a237000 r-xp 00000000 08:01 5116341                    /lib/x86_64-linux-gnu/libz.so.1.2.8
7f9b9a237000-7f9b9a436000 ---p 00018000 08:01 5116341                    /lib/x86_64-linux-gnu/libz.so.1.2.8
7f9b9a436000-7f9b9a437000 r--p 00017000 08:01 5116341                    /lib/x86_64-linux-gnu/libz.so.1.2.8
7f9b9a437000-7f9b9a438000 rw-p 00018000 08:01 5116341                    /lib/x86_64-linux-gnu/libz.so.1.2.8
7f9b9a438000-7f9b9a451000 r-xp 00000000 08:01 5116298                    /lib/x86_64-linux-gnu/libpthread-2.19.so
7f9b9a451000-7f9b9a650000 ---p 00019000 08:01 5116298                    /lib/x86_64-linux-gnu/libpthread-2.19.so
7f9b9a650000-7f9b9a651000 r--p 00018000 08:01 5116298                    /lib/x86_64-linux-gnu/libpthread-2.19.so
7f9b9a651000-7f9b9a652000 rw-p 00019000 08:01 5116298                    /lib/x86_64-linux-gnu/libpthread-2.19.so
7f9b9a652000-7f9b9a656000 rw-p 00000000 00:00 0 
7f9b9a656000-7f9b9a659000 r-xp 00000000 08:01 5116195                    /lib/x86_64-linux-gnu/libdl-2.19.so
7f9b9a659000-7f9b9a858000 ---p 00003000 08:01 5116195                    /lib/x86_64-linux-gnu/libdl-2.19.so
7f9b9a858000-7f9b9a859000 r--p 00002000 08:01 5116195                    /lib/x86_64-linux-gnu/libdl-2.19.so
7f9b9a859000-7f9b9a85a000 rw-p 00003000 08:01 5116195                    /lib/x86_64-linux-gnu/libdl-2.19.so
7f9b9a85a000-7f9b9aa15000 r-xp 00000000 08:01 5116178                    /lib/x86_64-linux-gnu/libc-2.19.so
7f9b9aa15000-7f9b9ac14000 ---p 001bb000 08:01 5116178                    /lib/x86_64-linux-gnu/libc-2.19.so
7f9b9ac14000-7f9b9ac18000 r--p 001ba000 08:01 5116178                    /lib/x86_64-linux-gnu/libc-2.19.so
7f9b9ac18000-7f9b9ac1a000 rw-p 001be000 08:01 5116178                    /lib/x86_64-linux-gnu/libc-2.19.so
7f9b9ac1a000-7f9b9ac1f000 rw-p 00000000 00:00 0 
7f9b9ac1f000-7f9b9ac2c000 r-xp 00000000 08:01 4204515                    /usr/lib/jvm/java-7-openjdk-amd64/jre/lib/amd64/jli/libjli.so
7f9b9ac2c000-7f9b9ae2b000 ---p 0000d000 08:01 4204515                    /usr/lib/jvm/java-7-openjdk-amd64/jre/lib/amd64/jli/libjli.so
7f9b9ae2b000-7f9b9ae2c000 r--p 0000c000 08:01 4204515                    /usr/lib/jvm/java-7-openjdk-amd64/jre/lib/amd64/jli/libjli.so
7f9b9ae2c000-7f9b9ae2d000 rw-p 0000d000 08:01 4204515                    /usr/lib/jvm/java-7-openjdk-amd64/jre/lib/amd64/jli/libjli.so
7f9b9ae2d000-7f9b9ae50000 r-xp 00000000 08:01 5116154                    /lib/x86_64-linux-gnu/ld-2.19.so
7f9b9ae50000-7f9b9ae51000 rw-p 00000000 00:00 0 
7f9b9ae51000-7f9b9ae53000 r--s 00006000 08:01 4595272                    /usr/share/java/java-atk-wrapper.jar
7f9b9ae53000-7f9b9ae57000 r--s 00085000 08:01 4204470                    /usr/lib/jvm/java-7-openjdk-amd64/jre/lib/ext/localedata.jar
7f9b9ae57000-7f9b9ae59000 r--s 00012000 08:01 4204469                    /usr/lib/jvm/java-7-openjdk-amd64/jre/lib/ext/zipfs.jar
7f9b9ae59000-7f9b9ae7e000 rw-p 00000000 00:00 0 
7f9b9ae7e000-7f9b9af31000 rw-p 00000000 00:00 0 
7f9b9af31000-7f9b9af34000 ---p 00000000 00:00 0 
7f9b9af34000-7f9b9b037000 rw-p 00000000 00:00 0                          [stack:85169]
7f9b9b037000-7f9b9b03b000 r--s 0003c000 08:01 4204473                    /usr/lib/jvm/java-7-openjdk-amd64/jre/lib/ext/sunpkcs11.jar
7f9b9b03b000-7f9b9b03c000 r--s 00002000 08:01 4204474                    /usr/lib/jvm/java-7-openjdk-amd64/jre/lib/ext/dnsns.jar
7f9b9b03c000-7f9b9b040000 r--s 00034000 08:01 4204472                    /usr/lib/jvm/java-7-openjdk-amd64/jre/lib/ext/sunjce_provider.jar
7f9b9b040000-7f9b9b043000 r--s 0000f000 08:01 4204471                    /usr/lib/jvm/java-7-openjdk-amd64/jre/lib/ext/icedtea-sound.jar
7f9b9b043000-7f9b9b04b000 rw-s 00000000 08:01 5909824                    /tmp/hsperfdata_joseph/85167
7f9b9b04b000-7f9b9b04c000 rw-p 00000000 00:00 0 
7f9b9b04c000-7f9b9b04d000 ---p 00000000 00:00 0 
7f9b9b04d000-7f9b9b04f000 rw-p 00000000 00:00 0 
7f9b9b04f000-7f9b9b050000 r--p 00022000 08:01 5116154                    /lib/x86_64-linux-gnu/ld-2.19.so
7f9b9b050000-7f9b9b051000 rw-p 00023000 08:01 5116154                    /lib/x86_64-linux-gnu/ld-2.19.so
7f9b9b051000-7f9b9b052000 rw-p 00000000 00:00 0 
7ffcc8bc6000-7ffcc8be7000 rw-p 00000000 00:00 0                          [stack]
7ffcc8be9000-7ffcc8beb000 r--p 00000000 00:00 0                          [vvar]
7ffcc8beb000-7ffcc8bed000 r-xp 00000000 00:00 0                          [vdso]
ffffffffff600000-ffffffffff601000 r-xp 00000000 00:00 0                  [vsyscall]

VM Arguments:
jvm_args: -Djava.awt.headless=true -Xmx1024M -Dfile.encoding=UTF-8 -Duser.country=US -Duser.language=en -Duser.variant 
java_command: com.android.dx.command.Main --dex --force-jumbo --num-threads=4 --multi-dex --output /home/joseph/sweepersd/app/SweeperSD/app/build/intermediates/transforms/dex/debug/folders/1000/10/com.google.android.gms-play-services-ads-8.3.0_eebc5e6f420faf566ae6a2af6b5ddc47e9e5a3e4 /home/joseph/sweepersd/app/SweeperSD/app/build/intermediates/exploded-aar/com.google.android.gms/play-services-ads/8.3.0/jars/classes.jar
Launcher Type: SUN_STANDARD

Environment Variables:
PATH=/usr/local/sbin:/usr/local/bin:/usr/sbin:/usr/bin:/sbin:/bin:/usr/games:/usr/local/games
SHELL=/bin/bash
DISPLAY=:0

Signal Handlers:
SIGSEGV: [libjvm.so+0x9548f0], sa_mask[0]=0x7ffbfeff, sa_flags=0x10000004
SIGBUS: [libjvm.so+0x9548f0], sa_mask[0]=0x7ffbfeff, sa_flags=0x10000004
SIGFPE: [libjvm.so+0x7cb0b0], sa_mask[0]=0x7ffbfeff, sa_flags=0x10000004
SIGPIPE: [libjvm.so+0x7cb0b0], sa_mask[0]=0x7ffbfeff, sa_flags=0x10000004
SIGXFSZ: [libjvm.so+0x7cb0b0], sa_mask[0]=0x7ffbfeff, sa_flags=0x10000004
SIGILL: [libjvm.so+0x7cb0b0], sa_mask[0]=0x7ffbfeff, sa_flags=0x10000004
SIGUSR1: SIG_DFL, sa_mask[0]=0x00000000, sa_flags=0x00000000
SIGUSR2: [libjvm.so+0x7caf50], sa_mask[0]=0x00000004, sa_flags=0x10000004
SIGHUP: [libjvm.so+0x7cb130], sa_mask[0]=0x7ffbfeff, sa_flags=0x10000004
SIGINT: [libjvm.so+0x7cb130], sa_mask[0]=0x7ffbfeff, sa_flags=0x10000004
SIGTERM: [libjvm.so+0x7cb130], sa_mask[0]=0x7ffbfeff, sa_flags=0x10000004
SIGQUIT: [libjvm.so+0x7cb130], sa_mask[0]=0x7ffbfeff, sa_flags=0x10000004
SIGTRAP: SIG_DFL, sa_mask[0]=0x00000000, sa_flags=0x00000000


---------------  S Y S T E M  ---------------

OS:Ubuntu 14.04 (trusty)
uname:Linux 3.19.0-25-generic #26~14.04.1-Ubuntu SMP Fri Jul 24 21:16:20 UTC 2015 x86_64
libc:glibc 2.19 NPTL 2.19 
rlimit: STACK 8192k, CORE 0k, NPROC 11887, NOFILE 4096, AS infinity
load average:15.45 7.32 3.53

/proc/meminfo:
MemTotal:        3064604 kB
MemFree:           57396 kB
MemAvailable:      29540 kB
Buffers:            1032 kB
Cached:            23048 kB
SwapCached:          212 kB
Active:          2024032 kB
Inactive:         425020 kB
Active(anon):    2011740 kB
Inactive(anon):   421584 kB
Active(file):      12292 kB
Inactive(file):     3436 kB
Unevictable:          32 kB
Mlocked:              32 kB
SwapTotal:       1045500 kB
SwapFree:              0 kB
Dirty:                40 kB
Writeback:             0 kB
AnonPages:       2425468 kB
Mapped:            11604 kB
Shmem:              7768 kB
Slab:              91052 kB
SReclaimable:      41180 kB
SUnreclaim:        49872 kB
KernelStack:       15184 kB
PageTables:        40712 kB
NFS_Unstable:          0 kB
Bounce:                0 kB
WritebackTmp:          0 kB
CommitLimit:     2577800 kB
Committed_AS:    8408252 kB
VmallocTotal:   34359738367 kB
VmallocUsed:      176984 kB
VmallocChunk:   34359475796 kB
HardwareCorrupted:     0 kB
AnonHugePages:   1228800 kB
CmaTotal:              0 kB
CmaFree:               0 kB
HugePages_Total:       0
HugePages_Free:        0
HugePages_Rsvd:        0
HugePages_Surp:        0
Hugepagesize:       2048 kB
DirectMap4k:      282496 kB
DirectMap2M:     2863104 kB


CPU:total 4 (1 cores per cpu, 1 threads per core) family 6 model 58 stepping 9, cmov, cx8, fxsr, mmx, sse, sse2, sse3, ssse3, sse4.1, sse4.2, popcnt, avx, aes, erms, tsc, tscinvbit, tscinv

/proc/cpuinfo:
processor	: 0
vendor_id	: GenuineIntel
cpu family	: 6
model		: 58
model name	: Intel(R) Core(TM) i5-3570K CPU @ 3.40GHz
stepping	: 9
microcode	: 0x1b
cpu MHz		: 3410.059
cache size	: 6144 KB
physical id	: 0
siblings	: 1
core id		: 0
cpu cores	: 1
apicid		: 0
initial apicid	: 0
fpu		: yes
fpu_exception	: yes
cpuid level	: 13
wp		: yes
flags		: fpu vme de pse tsc msr pae mce cx8 apic sep mtrr pge mca cmov pat pse36 clflush dts mmx fxsr sse sse2 ss syscall nx rdtscp lm constant_tsc arch_perfmon pebs bts nopl xtopology tsc_reliable nonstop_tsc aperfmperf pni pclmulqdq ssse3 cx16 pcid sse4_1 sse4_2 x2apic popcnt tsc_deadline_timer aes xsave avx f16c rdrand hypervisor lahf_lm ida arat epb pln pts dtherm fsgsbase tsc_adjust smep
bugs		:
bogomips	: 6820.11
clflush size	: 64
cache_alignment	: 64
address sizes	: 42 bits physical, 48 bits virtual
power management:

processor	: 1
vendor_id	: GenuineIntel
cpu family	: 6
model		: 58
model name	: Intel(R) Core(TM) i5-3570K CPU @ 3.40GHz
stepping	: 9
microcode	: 0x1b
cpu MHz		: 3410.059
cache size	: 6144 KB
physical id	: 2
siblings	: 1
core id		: 0
cpu cores	: 1
apicid		: 2
initial apicid	: 2
fpu		: yes
fpu_exception	: yes
cpuid level	: 13
wp		: yes
flags		: fpu vme de pse tsc msr pae mce cx8 apic sep mtrr pge mca cmov pat pse36 clflush dts mmx fxsr sse sse2 ss syscall nx rdtscp lm constant_tsc arch_perfmon pebs bts nopl xtopology tsc_reliable nonstop_tsc aperfmperf pni pclmulqdq ssse3 cx16 pcid sse4_1 sse4_2 x2apic popcnt tsc_deadline_timer aes xsave avx f16c rdrand hypervisor lahf_lm ida arat epb pln pts dtherm fsgsbase tsc_adjust smep
bugs		:
bogomips	: 6820.11
clflush size	: 64
cache_alignment	: 64
address sizes	: 42 bits physical, 48 bits virtual
power management:

processor	: 2
vendor_id	: GenuineIntel
cpu family	: 6
model		: 58
model name	: Intel(R) Core(TM) i5-3570K CPU @ 3.40GHz
stepping	: 9
microcode	: 0x1b
cpu MHz		: 3410.059
cache size	: 6144 KB
physical id	: 4
siblings	: 1
core id		: 0
cpu cores	: 1
apicid		: 4
initial apicid	: 4
fpu		: yes
fpu_exception	: yes
cpuid level	: 13
wp		: yes
flags		: fpu vme de pse tsc msr pae mce cx8 apic sep mtrr pge mca cmov pat pse36 clflush dts mmx fxsr sse sse2 ss syscall nx rdtscp lm constant_tsc arch_perfmon pebs bts nopl xtopology tsc_reliable nonstop_tsc aperfmperf pni pclmulqdq ssse3 cx16 pcid sse4_1 sse4_2 x2apic popcnt tsc_deadline_timer aes xsave avx f16c rdrand hypervisor lahf_lm ida arat epb pln pts dtherm fsgsbase tsc_adjust smep
bugs		:
bogomips	: 6820.11
clflush size	: 64
cache_alignment	: 64
address sizes	: 42 bits physical, 48 bits virtual
power management:

processor	: 3
vendor_id	: GenuineIntel
cpu family	: 6
model		: 58
model name	: Intel(R) Core(TM) i5-3570K CPU @ 3.40GHz
stepping	: 9
microcode	: 0x1b
cpu MHz		: 3410.059
cache size	: 6144 KB
physical id	: 6
siblings	: 1
core id		: 0
cpu cores	: 1
apicid		: 6
initial apicid	: 6
fpu		: yes
fpu_exception	: yes
cpuid level	: 13
wp		: yes
flags		: fpu vme de pse tsc msr pae mce cx8 apic sep mtrr pge mca cmov pat pse36 clflush dts mmx fxsr sse sse2 ss syscall nx rdtscp lm constant_tsc arch_perfmon pebs bts nopl xtopology tsc_reliable nonstop_tsc aperfmperf pni pclmulqdq ssse3 cx16 pcid sse4_1 sse4_2 x2apic popcnt tsc_deadline_timer aes xsave avx f16c rdrand hypervisor lahf_lm ida arat epb pln pts dtherm fsgsbase tsc_adjust smep
bugs		:
bogomips	: 6820.11
clflush size	: 64
cache_alignment	: 64
address sizes	: 42 bits physical, 48 bits virtual
power management:



Memory: 4k page, physical 3064604k(57740k free), swap 1045500k(0k free)

vm_info: OpenJDK 64-Bit Server VM (24.91-b01) for linux-amd64 JRE (1.7.0_91-b02), built on Nov 19 2015 06:14:37 by "buildd" with gcc 4.8.2

time: Mon Sep  5 21:55:52 2016
elapsed time: 42 seconds

